[2023-10-18T16:30:18.319+0000] {processor.py:157} INFO - Started process (PID=48) to work on /home/airflow/.local/lib/python3.8/site-packages/airflow/example_dags/example_xcomargs.py
[2023-10-18T16:30:18.321+0000] {processor.py:829} INFO - Processing file /home/airflow/.local/lib/python3.8/site-packages/airflow/example_dags/example_xcomargs.py for tasks to queue
[2023-10-18T16:30:18.326+0000] {logging_mixin.py:151} INFO - [2023-10-18T16:30:18.326+0000] {dagbag.py:536} INFO - Filling up the DagBag from /home/airflow/.local/lib/python3.8/site-packages/airflow/example_dags/example_xcomargs.py
[2023-10-18T16:30:18.340+0000] {processor.py:839} INFO - DAG(s) dict_keys(['example_xcom_args', 'example_xcom_args_with_operators']) retrieved from /home/airflow/.local/lib/python3.8/site-packages/airflow/example_dags/example_xcomargs.py
[2023-10-18T16:30:18.364+0000] {logging_mixin.py:151} INFO - [2023-10-18T16:30:18.364+0000] {dag.py:2941} INFO - Sync 2 DAGs
[2023-10-18T16:30:18.376+0000] {logging_mixin.py:151} INFO - [2023-10-18T16:30:18.376+0000] {dag.py:3722} INFO - Setting next_dagrun for example_xcom_args to None, run_after=None
[2023-10-18T16:30:18.379+0000] {logging_mixin.py:151} INFO - [2023-10-18T16:30:18.379+0000] {dag.py:3722} INFO - Setting next_dagrun for example_xcom_args_with_operators to None, run_after=None
[2023-10-18T16:30:18.396+0000] {processor.py:179} INFO - Processing /home/airflow/.local/lib/python3.8/site-packages/airflow/example_dags/example_xcomargs.py took 0.090 seconds
[2023-10-18T16:30:48.650+0000] {processor.py:157} INFO - Started process (PID=102) to work on /home/airflow/.local/lib/python3.8/site-packages/airflow/example_dags/example_xcomargs.py
[2023-10-18T16:30:48.651+0000] {processor.py:829} INFO - Processing file /home/airflow/.local/lib/python3.8/site-packages/airflow/example_dags/example_xcomargs.py for tasks to queue
[2023-10-18T16:30:48.653+0000] {logging_mixin.py:151} INFO - [2023-10-18T16:30:48.653+0000] {dagbag.py:536} INFO - Filling up the DagBag from /home/airflow/.local/lib/python3.8/site-packages/airflow/example_dags/example_xcomargs.py
[2023-10-18T16:30:48.659+0000] {processor.py:839} INFO - DAG(s) dict_keys(['example_xcom_args', 'example_xcom_args_with_operators']) retrieved from /home/airflow/.local/lib/python3.8/site-packages/airflow/example_dags/example_xcomargs.py
[2023-10-18T16:30:48.678+0000] {logging_mixin.py:151} INFO - [2023-10-18T16:30:48.678+0000] {dag.py:2941} INFO - Sync 2 DAGs
[2023-10-18T16:30:48.686+0000] {logging_mixin.py:151} INFO - [2023-10-18T16:30:48.686+0000] {dag.py:3722} INFO - Setting next_dagrun for example_xcom_args to None, run_after=None
[2023-10-18T16:30:48.688+0000] {logging_mixin.py:151} INFO - [2023-10-18T16:30:48.688+0000] {dag.py:3722} INFO - Setting next_dagrun for example_xcom_args_with_operators to None, run_after=None
[2023-10-18T16:30:48.697+0000] {processor.py:179} INFO - Processing /home/airflow/.local/lib/python3.8/site-packages/airflow/example_dags/example_xcomargs.py took 0.051 seconds
[2023-10-18T16:31:18.801+0000] {processor.py:157} INFO - Started process (PID=156) to work on /home/airflow/.local/lib/python3.8/site-packages/airflow/example_dags/example_xcomargs.py
[2023-10-18T16:31:18.802+0000] {processor.py:829} INFO - Processing file /home/airflow/.local/lib/python3.8/site-packages/airflow/example_dags/example_xcomargs.py for tasks to queue
[2023-10-18T16:31:18.804+0000] {logging_mixin.py:151} INFO - [2023-10-18T16:31:18.804+0000] {dagbag.py:536} INFO - Filling up the DagBag from /home/airflow/.local/lib/python3.8/site-packages/airflow/example_dags/example_xcomargs.py
[2023-10-18T16:31:18.811+0000] {processor.py:839} INFO - DAG(s) dict_keys(['example_xcom_args', 'example_xcom_args_with_operators']) retrieved from /home/airflow/.local/lib/python3.8/site-packages/airflow/example_dags/example_xcomargs.py
[2023-10-18T16:31:18.829+0000] {logging_mixin.py:151} INFO - [2023-10-18T16:31:18.829+0000] {dag.py:2941} INFO - Sync 2 DAGs
[2023-10-18T16:31:18.837+0000] {logging_mixin.py:151} INFO - [2023-10-18T16:31:18.837+0000] {dag.py:3722} INFO - Setting next_dagrun for example_xcom_args to None, run_after=None
[2023-10-18T16:31:18.840+0000] {logging_mixin.py:151} INFO - [2023-10-18T16:31:18.840+0000] {dag.py:3722} INFO - Setting next_dagrun for example_xcom_args_with_operators to None, run_after=None
[2023-10-18T16:31:18.849+0000] {processor.py:179} INFO - Processing /home/airflow/.local/lib/python3.8/site-packages/airflow/example_dags/example_xcomargs.py took 0.051 seconds
[2023-10-18T16:31:49.279+0000] {processor.py:157} INFO - Started process (PID=210) to work on /home/airflow/.local/lib/python3.8/site-packages/airflow/example_dags/example_xcomargs.py
[2023-10-18T16:31:49.281+0000] {processor.py:829} INFO - Processing file /home/airflow/.local/lib/python3.8/site-packages/airflow/example_dags/example_xcomargs.py for tasks to queue
[2023-10-18T16:31:49.283+0000] {logging_mixin.py:151} INFO - [2023-10-18T16:31:49.282+0000] {dagbag.py:536} INFO - Filling up the DagBag from /home/airflow/.local/lib/python3.8/site-packages/airflow/example_dags/example_xcomargs.py
[2023-10-18T16:31:49.294+0000] {processor.py:839} INFO - DAG(s) dict_keys(['example_xcom_args', 'example_xcom_args_with_operators']) retrieved from /home/airflow/.local/lib/python3.8/site-packages/airflow/example_dags/example_xcomargs.py
[2023-10-18T16:31:49.321+0000] {logging_mixin.py:151} INFO - [2023-10-18T16:31:49.321+0000] {dag.py:2941} INFO - Sync 2 DAGs
[2023-10-18T16:31:49.331+0000] {logging_mixin.py:151} INFO - [2023-10-18T16:31:49.331+0000] {dag.py:3722} INFO - Setting next_dagrun for example_xcom_args to None, run_after=None
[2023-10-18T16:31:49.334+0000] {logging_mixin.py:151} INFO - [2023-10-18T16:31:49.334+0000] {dag.py:3722} INFO - Setting next_dagrun for example_xcom_args_with_operators to None, run_after=None
[2023-10-18T16:31:49.344+0000] {processor.py:179} INFO - Processing /home/airflow/.local/lib/python3.8/site-packages/airflow/example_dags/example_xcomargs.py took 0.067 seconds
[2023-10-18T16:32:19.628+0000] {processor.py:157} INFO - Started process (PID=264) to work on /home/airflow/.local/lib/python3.8/site-packages/airflow/example_dags/example_xcomargs.py
[2023-10-18T16:32:19.629+0000] {processor.py:829} INFO - Processing file /home/airflow/.local/lib/python3.8/site-packages/airflow/example_dags/example_xcomargs.py for tasks to queue
[2023-10-18T16:32:19.632+0000] {logging_mixin.py:151} INFO - [2023-10-18T16:32:19.632+0000] {dagbag.py:536} INFO - Filling up the DagBag from /home/airflow/.local/lib/python3.8/site-packages/airflow/example_dags/example_xcomargs.py
[2023-10-18T16:32:19.642+0000] {processor.py:839} INFO - DAG(s) dict_keys(['example_xcom_args_with_operators', 'example_xcom_args']) retrieved from /home/airflow/.local/lib/python3.8/site-packages/airflow/example_dags/example_xcomargs.py
[2023-10-18T16:32:19.669+0000] {logging_mixin.py:151} INFO - [2023-10-18T16:32:19.669+0000] {dag.py:2941} INFO - Sync 2 DAGs
[2023-10-18T16:32:19.680+0000] {logging_mixin.py:151} INFO - [2023-10-18T16:32:19.680+0000] {dag.py:3722} INFO - Setting next_dagrun for example_xcom_args to None, run_after=None
[2023-10-18T16:32:19.683+0000] {logging_mixin.py:151} INFO - [2023-10-18T16:32:19.683+0000] {dag.py:3722} INFO - Setting next_dagrun for example_xcom_args_with_operators to None, run_after=None
[2023-10-18T16:32:19.695+0000] {processor.py:179} INFO - Processing /home/airflow/.local/lib/python3.8/site-packages/airflow/example_dags/example_xcomargs.py took 0.070 seconds
[2023-10-18T16:32:49.781+0000] {processor.py:157} INFO - Started process (PID=317) to work on /home/airflow/.local/lib/python3.8/site-packages/airflow/example_dags/example_xcomargs.py
[2023-10-18T16:32:49.782+0000] {processor.py:829} INFO - Processing file /home/airflow/.local/lib/python3.8/site-packages/airflow/example_dags/example_xcomargs.py for tasks to queue
[2023-10-18T16:32:49.785+0000] {logging_mixin.py:151} INFO - [2023-10-18T16:32:49.784+0000] {dagbag.py:536} INFO - Filling up the DagBag from /home/airflow/.local/lib/python3.8/site-packages/airflow/example_dags/example_xcomargs.py
[2023-10-18T16:32:49.791+0000] {processor.py:839} INFO - DAG(s) dict_keys(['example_xcom_args_with_operators', 'example_xcom_args']) retrieved from /home/airflow/.local/lib/python3.8/site-packages/airflow/example_dags/example_xcomargs.py
[2023-10-18T16:32:49.809+0000] {logging_mixin.py:151} INFO - [2023-10-18T16:32:49.809+0000] {dag.py:2941} INFO - Sync 2 DAGs
[2023-10-18T16:32:49.817+0000] {logging_mixin.py:151} INFO - [2023-10-18T16:32:49.817+0000] {dag.py:3722} INFO - Setting next_dagrun for example_xcom_args to None, run_after=None
[2023-10-18T16:32:49.819+0000] {logging_mixin.py:151} INFO - [2023-10-18T16:32:49.819+0000] {dag.py:3722} INFO - Setting next_dagrun for example_xcom_args_with_operators to None, run_after=None
[2023-10-18T16:32:49.828+0000] {processor.py:179} INFO - Processing /home/airflow/.local/lib/python3.8/site-packages/airflow/example_dags/example_xcomargs.py took 0.050 seconds
[2023-10-18T16:33:20.624+0000] {processor.py:157} INFO - Started process (PID=372) to work on /home/airflow/.local/lib/python3.8/site-packages/airflow/example_dags/example_xcomargs.py
[2023-10-18T16:33:20.625+0000] {processor.py:829} INFO - Processing file /home/airflow/.local/lib/python3.8/site-packages/airflow/example_dags/example_xcomargs.py for tasks to queue
[2023-10-18T16:33:20.627+0000] {logging_mixin.py:151} INFO - [2023-10-18T16:33:20.627+0000] {dagbag.py:536} INFO - Filling up the DagBag from /home/airflow/.local/lib/python3.8/site-packages/airflow/example_dags/example_xcomargs.py
[2023-10-18T16:33:20.633+0000] {processor.py:839} INFO - DAG(s) dict_keys(['example_xcom_args_with_operators', 'example_xcom_args']) retrieved from /home/airflow/.local/lib/python3.8/site-packages/airflow/example_dags/example_xcomargs.py
[2023-10-18T16:33:20.657+0000] {logging_mixin.py:151} INFO - [2023-10-18T16:33:20.657+0000] {dag.py:2941} INFO - Sync 2 DAGs
[2023-10-18T16:33:20.668+0000] {logging_mixin.py:151} INFO - [2023-10-18T16:33:20.668+0000] {dag.py:3722} INFO - Setting next_dagrun for example_xcom_args to None, run_after=None
[2023-10-18T16:33:20.671+0000] {logging_mixin.py:151} INFO - [2023-10-18T16:33:20.671+0000] {dag.py:3722} INFO - Setting next_dagrun for example_xcom_args_with_operators to None, run_after=None
[2023-10-18T16:33:20.683+0000] {processor.py:179} INFO - Processing /home/airflow/.local/lib/python3.8/site-packages/airflow/example_dags/example_xcomargs.py took 0.062 seconds
[2023-10-18T16:33:50.784+0000] {processor.py:157} INFO - Started process (PID=426) to work on /home/airflow/.local/lib/python3.8/site-packages/airflow/example_dags/example_xcomargs.py
[2023-10-18T16:33:50.786+0000] {processor.py:829} INFO - Processing file /home/airflow/.local/lib/python3.8/site-packages/airflow/example_dags/example_xcomargs.py for tasks to queue
[2023-10-18T16:33:50.788+0000] {logging_mixin.py:151} INFO - [2023-10-18T16:33:50.788+0000] {dagbag.py:536} INFO - Filling up the DagBag from /home/airflow/.local/lib/python3.8/site-packages/airflow/example_dags/example_xcomargs.py
[2023-10-18T16:33:50.797+0000] {processor.py:839} INFO - DAG(s) dict_keys(['example_xcom_args_with_operators', 'example_xcom_args']) retrieved from /home/airflow/.local/lib/python3.8/site-packages/airflow/example_dags/example_xcomargs.py
[2023-10-18T16:33:50.822+0000] {logging_mixin.py:151} INFO - [2023-10-18T16:33:50.821+0000] {dag.py:2941} INFO - Sync 2 DAGs
[2023-10-18T16:33:50.834+0000] {logging_mixin.py:151} INFO - [2023-10-18T16:33:50.834+0000] {dag.py:3722} INFO - Setting next_dagrun for example_xcom_args to None, run_after=None
[2023-10-18T16:33:50.837+0000] {logging_mixin.py:151} INFO - [2023-10-18T16:33:50.837+0000] {dag.py:3722} INFO - Setting next_dagrun for example_xcom_args_with_operators to None, run_after=None
[2023-10-18T16:33:50.849+0000] {processor.py:179} INFO - Processing /home/airflow/.local/lib/python3.8/site-packages/airflow/example_dags/example_xcomargs.py took 0.068 seconds
[2023-10-18T16:34:21.044+0000] {processor.py:157} INFO - Started process (PID=480) to work on /home/airflow/.local/lib/python3.8/site-packages/airflow/example_dags/example_xcomargs.py
[2023-10-18T16:34:21.046+0000] {processor.py:829} INFO - Processing file /home/airflow/.local/lib/python3.8/site-packages/airflow/example_dags/example_xcomargs.py for tasks to queue
[2023-10-18T16:34:21.049+0000] {logging_mixin.py:151} INFO - [2023-10-18T16:34:21.048+0000] {dagbag.py:536} INFO - Filling up the DagBag from /home/airflow/.local/lib/python3.8/site-packages/airflow/example_dags/example_xcomargs.py
[2023-10-18T16:34:21.056+0000] {processor.py:839} INFO - DAG(s) dict_keys(['example_xcom_args_with_operators', 'example_xcom_args']) retrieved from /home/airflow/.local/lib/python3.8/site-packages/airflow/example_dags/example_xcomargs.py
[2023-10-18T16:34:21.079+0000] {logging_mixin.py:151} INFO - [2023-10-18T16:34:21.079+0000] {dag.py:2941} INFO - Sync 2 DAGs
[2023-10-18T16:34:21.088+0000] {logging_mixin.py:151} INFO - [2023-10-18T16:34:21.088+0000] {dag.py:3722} INFO - Setting next_dagrun for example_xcom_args to None, run_after=None
[2023-10-18T16:34:21.094+0000] {logging_mixin.py:151} INFO - [2023-10-18T16:34:21.094+0000] {dag.py:3722} INFO - Setting next_dagrun for example_xcom_args_with_operators to None, run_after=None
[2023-10-18T16:34:21.106+0000] {processor.py:179} INFO - Processing /home/airflow/.local/lib/python3.8/site-packages/airflow/example_dags/example_xcomargs.py took 0.065 seconds
[2023-10-18T16:34:52.881+0000] {processor.py:157} INFO - Started process (PID=534) to work on /home/airflow/.local/lib/python3.8/site-packages/airflow/example_dags/example_xcomargs.py
[2023-10-18T16:34:52.883+0000] {processor.py:829} INFO - Processing file /home/airflow/.local/lib/python3.8/site-packages/airflow/example_dags/example_xcomargs.py for tasks to queue
[2023-10-18T16:34:52.886+0000] {logging_mixin.py:151} INFO - [2023-10-18T16:34:52.886+0000] {dagbag.py:536} INFO - Filling up the DagBag from /home/airflow/.local/lib/python3.8/site-packages/airflow/example_dags/example_xcomargs.py
[2023-10-18T16:34:52.895+0000] {processor.py:839} INFO - DAG(s) dict_keys(['example_xcom_args', 'example_xcom_args_with_operators']) retrieved from /home/airflow/.local/lib/python3.8/site-packages/airflow/example_dags/example_xcomargs.py
[2023-10-18T16:34:52.943+0000] {logging_mixin.py:151} INFO - [2023-10-18T16:34:52.942+0000] {dag.py:2941} INFO - Sync 2 DAGs
[2023-10-18T16:34:52.959+0000] {logging_mixin.py:151} INFO - [2023-10-18T16:34:52.959+0000] {dag.py:3722} INFO - Setting next_dagrun for example_xcom_args to None, run_after=None
[2023-10-18T16:34:52.963+0000] {logging_mixin.py:151} INFO - [2023-10-18T16:34:52.963+0000] {dag.py:3722} INFO - Setting next_dagrun for example_xcom_args_with_operators to None, run_after=None
[2023-10-18T16:34:52.976+0000] {processor.py:179} INFO - Processing /home/airflow/.local/lib/python3.8/site-packages/airflow/example_dags/example_xcomargs.py took 0.098 seconds
[2023-10-18T16:35:24.184+0000] {processor.py:157} INFO - Started process (PID=588) to work on /home/airflow/.local/lib/python3.8/site-packages/airflow/example_dags/example_xcomargs.py
[2023-10-18T16:35:24.186+0000] {processor.py:829} INFO - Processing file /home/airflow/.local/lib/python3.8/site-packages/airflow/example_dags/example_xcomargs.py for tasks to queue
[2023-10-18T16:35:24.188+0000] {logging_mixin.py:151} INFO - [2023-10-18T16:35:24.188+0000] {dagbag.py:536} INFO - Filling up the DagBag from /home/airflow/.local/lib/python3.8/site-packages/airflow/example_dags/example_xcomargs.py
[2023-10-18T16:35:24.198+0000] {processor.py:839} INFO - DAG(s) dict_keys(['example_xcom_args', 'example_xcom_args_with_operators']) retrieved from /home/airflow/.local/lib/python3.8/site-packages/airflow/example_dags/example_xcomargs.py
[2023-10-18T16:35:24.241+0000] {logging_mixin.py:151} INFO - [2023-10-18T16:35:24.240+0000] {dag.py:2941} INFO - Sync 2 DAGs
[2023-10-18T16:35:24.256+0000] {logging_mixin.py:151} INFO - [2023-10-18T16:35:24.256+0000] {dag.py:3722} INFO - Setting next_dagrun for example_xcom_args to None, run_after=None
[2023-10-18T16:35:24.260+0000] {logging_mixin.py:151} INFO - [2023-10-18T16:35:24.260+0000] {dag.py:3722} INFO - Setting next_dagrun for example_xcom_args_with_operators to None, run_after=None
[2023-10-18T16:35:24.278+0000] {processor.py:179} INFO - Processing /home/airflow/.local/lib/python3.8/site-packages/airflow/example_dags/example_xcomargs.py took 0.098 seconds
[2023-10-18T16:35:54.730+0000] {processor.py:157} INFO - Started process (PID=642) to work on /home/airflow/.local/lib/python3.8/site-packages/airflow/example_dags/example_xcomargs.py
[2023-10-18T16:35:54.732+0000] {processor.py:829} INFO - Processing file /home/airflow/.local/lib/python3.8/site-packages/airflow/example_dags/example_xcomargs.py for tasks to queue
[2023-10-18T16:35:54.736+0000] {logging_mixin.py:151} INFO - [2023-10-18T16:35:54.735+0000] {dagbag.py:536} INFO - Filling up the DagBag from /home/airflow/.local/lib/python3.8/site-packages/airflow/example_dags/example_xcomargs.py
[2023-10-18T16:35:54.745+0000] {processor.py:839} INFO - DAG(s) dict_keys(['example_xcom_args_with_operators', 'example_xcom_args']) retrieved from /home/airflow/.local/lib/python3.8/site-packages/airflow/example_dags/example_xcomargs.py
[2023-10-18T16:35:54.782+0000] {logging_mixin.py:151} INFO - [2023-10-18T16:35:54.782+0000] {dag.py:2941} INFO - Sync 2 DAGs
[2023-10-18T16:35:54.796+0000] {logging_mixin.py:151} INFO - [2023-10-18T16:35:54.796+0000] {dag.py:3722} INFO - Setting next_dagrun for example_xcom_args to None, run_after=None
[2023-10-18T16:35:54.800+0000] {logging_mixin.py:151} INFO - [2023-10-18T16:35:54.800+0000] {dag.py:3722} INFO - Setting next_dagrun for example_xcom_args_with_operators to None, run_after=None
[2023-10-18T16:35:54.816+0000] {processor.py:179} INFO - Processing /home/airflow/.local/lib/python3.8/site-packages/airflow/example_dags/example_xcomargs.py took 0.091 seconds
