[2023-10-18T16:30:17.619+0000] {processor.py:157} INFO - Started process (PID=41) to work on /home/airflow/.local/lib/python3.8/site-packages/airflow/example_dags/example_branch_labels.py
[2023-10-18T16:30:17.620+0000] {processor.py:829} INFO - Processing file /home/airflow/.local/lib/python3.8/site-packages/airflow/example_dags/example_branch_labels.py for tasks to queue
[2023-10-18T16:30:17.630+0000] {logging_mixin.py:151} INFO - [2023-10-18T16:30:17.629+0000] {dagbag.py:536} INFO - Filling up the DagBag from /home/airflow/.local/lib/python3.8/site-packages/airflow/example_dags/example_branch_labels.py
[2023-10-18T16:30:17.645+0000] {processor.py:839} INFO - DAG(s) dict_keys(['example_branch_labels']) retrieved from /home/airflow/.local/lib/python3.8/site-packages/airflow/example_dags/example_branch_labels.py
[2023-10-18T16:30:17.673+0000] {logging_mixin.py:151} INFO - [2023-10-18T16:30:17.673+0000] {dag.py:2941} INFO - Sync 1 DAGs
[2023-10-18T16:30:17.730+0000] {logging_mixin.py:151} INFO - [2023-10-18T16:30:17.730+0000] {dag.py:3722} INFO - Setting next_dagrun for example_branch_labels to 2023-10-17T00:00:00+00:00, run_after=2023-10-18T00:00:00+00:00
[2023-10-18T16:30:17.766+0000] {processor.py:179} INFO - Processing /home/airflow/.local/lib/python3.8/site-packages/airflow/example_dags/example_branch_labels.py took 0.151 seconds
[2023-10-18T16:30:48.159+0000] {processor.py:157} INFO - Started process (PID=95) to work on /home/airflow/.local/lib/python3.8/site-packages/airflow/example_dags/example_branch_labels.py
[2023-10-18T16:30:48.160+0000] {processor.py:829} INFO - Processing file /home/airflow/.local/lib/python3.8/site-packages/airflow/example_dags/example_branch_labels.py for tasks to queue
[2023-10-18T16:30:48.162+0000] {logging_mixin.py:151} INFO - [2023-10-18T16:30:48.162+0000] {dagbag.py:536} INFO - Filling up the DagBag from /home/airflow/.local/lib/python3.8/site-packages/airflow/example_dags/example_branch_labels.py
[2023-10-18T16:30:48.169+0000] {processor.py:839} INFO - DAG(s) dict_keys(['example_branch_labels']) retrieved from /home/airflow/.local/lib/python3.8/site-packages/airflow/example_dags/example_branch_labels.py
[2023-10-18T16:30:48.185+0000] {logging_mixin.py:151} INFO - [2023-10-18T16:30:48.185+0000] {dag.py:2941} INFO - Sync 1 DAGs
[2023-10-18T16:30:48.200+0000] {logging_mixin.py:151} INFO - [2023-10-18T16:30:48.200+0000] {dag.py:3722} INFO - Setting next_dagrun for example_branch_labels to 2023-10-17T00:00:00+00:00, run_after=2023-10-18T00:00:00+00:00
[2023-10-18T16:30:48.210+0000] {processor.py:179} INFO - Processing /home/airflow/.local/lib/python3.8/site-packages/airflow/example_dags/example_branch_labels.py took 0.054 seconds
[2023-10-18T16:31:18.454+0000] {processor.py:157} INFO - Started process (PID=149) to work on /home/airflow/.local/lib/python3.8/site-packages/airflow/example_dags/example_branch_labels.py
[2023-10-18T16:31:18.456+0000] {processor.py:829} INFO - Processing file /home/airflow/.local/lib/python3.8/site-packages/airflow/example_dags/example_branch_labels.py for tasks to queue
[2023-10-18T16:31:18.458+0000] {logging_mixin.py:151} INFO - [2023-10-18T16:31:18.457+0000] {dagbag.py:536} INFO - Filling up the DagBag from /home/airflow/.local/lib/python3.8/site-packages/airflow/example_dags/example_branch_labels.py
[2023-10-18T16:31:18.464+0000] {processor.py:839} INFO - DAG(s) dict_keys(['example_branch_labels']) retrieved from /home/airflow/.local/lib/python3.8/site-packages/airflow/example_dags/example_branch_labels.py
[2023-10-18T16:31:18.484+0000] {logging_mixin.py:151} INFO - [2023-10-18T16:31:18.484+0000] {dag.py:2941} INFO - Sync 1 DAGs
[2023-10-18T16:31:18.498+0000] {logging_mixin.py:151} INFO - [2023-10-18T16:31:18.498+0000] {dag.py:3722} INFO - Setting next_dagrun for example_branch_labels to 2023-10-17T00:00:00+00:00, run_after=2023-10-18T00:00:00+00:00
[2023-10-18T16:31:18.508+0000] {processor.py:179} INFO - Processing /home/airflow/.local/lib/python3.8/site-packages/airflow/example_dags/example_branch_labels.py took 0.056 seconds
[2023-10-18T16:31:48.760+0000] {processor.py:157} INFO - Started process (PID=203) to work on /home/airflow/.local/lib/python3.8/site-packages/airflow/example_dags/example_branch_labels.py
[2023-10-18T16:31:48.762+0000] {processor.py:829} INFO - Processing file /home/airflow/.local/lib/python3.8/site-packages/airflow/example_dags/example_branch_labels.py for tasks to queue
[2023-10-18T16:31:48.764+0000] {logging_mixin.py:151} INFO - [2023-10-18T16:31:48.763+0000] {dagbag.py:536} INFO - Filling up the DagBag from /home/airflow/.local/lib/python3.8/site-packages/airflow/example_dags/example_branch_labels.py
[2023-10-18T16:31:48.770+0000] {processor.py:839} INFO - DAG(s) dict_keys(['example_branch_labels']) retrieved from /home/airflow/.local/lib/python3.8/site-packages/airflow/example_dags/example_branch_labels.py
[2023-10-18T16:31:48.786+0000] {logging_mixin.py:151} INFO - [2023-10-18T16:31:48.786+0000] {dag.py:2941} INFO - Sync 1 DAGs
[2023-10-18T16:31:48.800+0000] {logging_mixin.py:151} INFO - [2023-10-18T16:31:48.800+0000] {dag.py:3722} INFO - Setting next_dagrun for example_branch_labels to 2023-10-17T00:00:00+00:00, run_after=2023-10-18T00:00:00+00:00
[2023-10-18T16:31:48.811+0000] {processor.py:179} INFO - Processing /home/airflow/.local/lib/python3.8/site-packages/airflow/example_dags/example_branch_labels.py took 0.054 seconds
[2023-10-18T16:32:19.208+0000] {processor.py:157} INFO - Started process (PID=257) to work on /home/airflow/.local/lib/python3.8/site-packages/airflow/example_dags/example_branch_labels.py
[2023-10-18T16:32:19.210+0000] {processor.py:829} INFO - Processing file /home/airflow/.local/lib/python3.8/site-packages/airflow/example_dags/example_branch_labels.py for tasks to queue
[2023-10-18T16:32:19.213+0000] {logging_mixin.py:151} INFO - [2023-10-18T16:32:19.213+0000] {dagbag.py:536} INFO - Filling up the DagBag from /home/airflow/.local/lib/python3.8/site-packages/airflow/example_dags/example_branch_labels.py
[2023-10-18T16:32:19.219+0000] {processor.py:839} INFO - DAG(s) dict_keys(['example_branch_labels']) retrieved from /home/airflow/.local/lib/python3.8/site-packages/airflow/example_dags/example_branch_labels.py
[2023-10-18T16:32:19.236+0000] {logging_mixin.py:151} INFO - [2023-10-18T16:32:19.236+0000] {dag.py:2941} INFO - Sync 1 DAGs
[2023-10-18T16:32:19.251+0000] {logging_mixin.py:151} INFO - [2023-10-18T16:32:19.251+0000] {dag.py:3722} INFO - Setting next_dagrun for example_branch_labels to 2023-10-17T00:00:00+00:00, run_after=2023-10-18T00:00:00+00:00
[2023-10-18T16:32:19.261+0000] {processor.py:179} INFO - Processing /home/airflow/.local/lib/python3.8/site-packages/airflow/example_dags/example_branch_labels.py took 0.056 seconds
[2023-10-18T16:32:49.542+0000] {processor.py:157} INFO - Started process (PID=311) to work on /home/airflow/.local/lib/python3.8/site-packages/airflow/example_dags/example_branch_labels.py
[2023-10-18T16:32:49.544+0000] {processor.py:829} INFO - Processing file /home/airflow/.local/lib/python3.8/site-packages/airflow/example_dags/example_branch_labels.py for tasks to queue
[2023-10-18T16:32:49.546+0000] {logging_mixin.py:151} INFO - [2023-10-18T16:32:49.545+0000] {dagbag.py:536} INFO - Filling up the DagBag from /home/airflow/.local/lib/python3.8/site-packages/airflow/example_dags/example_branch_labels.py
[2023-10-18T16:32:49.551+0000] {processor.py:839} INFO - DAG(s) dict_keys(['example_branch_labels']) retrieved from /home/airflow/.local/lib/python3.8/site-packages/airflow/example_dags/example_branch_labels.py
[2023-10-18T16:32:49.568+0000] {logging_mixin.py:151} INFO - [2023-10-18T16:32:49.568+0000] {dag.py:2941} INFO - Sync 1 DAGs
[2023-10-18T16:32:49.583+0000] {logging_mixin.py:151} INFO - [2023-10-18T16:32:49.583+0000] {dag.py:3722} INFO - Setting next_dagrun for example_branch_labels to 2023-10-17T00:00:00+00:00, run_after=2023-10-18T00:00:00+00:00
[2023-10-18T16:32:49.594+0000] {processor.py:179} INFO - Processing /home/airflow/.local/lib/python3.8/site-packages/airflow/example_dags/example_branch_labels.py took 0.054 seconds
[2023-10-18T16:33:20.145+0000] {processor.py:157} INFO - Started process (PID=365) to work on /home/airflow/.local/lib/python3.8/site-packages/airflow/example_dags/example_branch_labels.py
[2023-10-18T16:33:20.147+0000] {processor.py:829} INFO - Processing file /home/airflow/.local/lib/python3.8/site-packages/airflow/example_dags/example_branch_labels.py for tasks to queue
[2023-10-18T16:33:20.149+0000] {logging_mixin.py:151} INFO - [2023-10-18T16:33:20.149+0000] {dagbag.py:536} INFO - Filling up the DagBag from /home/airflow/.local/lib/python3.8/site-packages/airflow/example_dags/example_branch_labels.py
[2023-10-18T16:33:20.155+0000] {processor.py:839} INFO - DAG(s) dict_keys(['example_branch_labels']) retrieved from /home/airflow/.local/lib/python3.8/site-packages/airflow/example_dags/example_branch_labels.py
[2023-10-18T16:33:20.173+0000] {logging_mixin.py:151} INFO - [2023-10-18T16:33:20.173+0000] {dag.py:2941} INFO - Sync 1 DAGs
[2023-10-18T16:33:20.188+0000] {logging_mixin.py:151} INFO - [2023-10-18T16:33:20.188+0000] {dag.py:3722} INFO - Setting next_dagrun for example_branch_labels to 2023-10-17T00:00:00+00:00, run_after=2023-10-18T00:00:00+00:00
[2023-10-18T16:33:20.198+0000] {processor.py:179} INFO - Processing /home/airflow/.local/lib/python3.8/site-packages/airflow/example_dags/example_branch_labels.py took 0.056 seconds
[2023-10-18T16:33:50.469+0000] {processor.py:157} INFO - Started process (PID=419) to work on /home/airflow/.local/lib/python3.8/site-packages/airflow/example_dags/example_branch_labels.py
[2023-10-18T16:33:50.470+0000] {processor.py:829} INFO - Processing file /home/airflow/.local/lib/python3.8/site-packages/airflow/example_dags/example_branch_labels.py for tasks to queue
[2023-10-18T16:33:50.472+0000] {logging_mixin.py:151} INFO - [2023-10-18T16:33:50.472+0000] {dagbag.py:536} INFO - Filling up the DagBag from /home/airflow/.local/lib/python3.8/site-packages/airflow/example_dags/example_branch_labels.py
[2023-10-18T16:33:50.479+0000] {processor.py:839} INFO - DAG(s) dict_keys(['example_branch_labels']) retrieved from /home/airflow/.local/lib/python3.8/site-packages/airflow/example_dags/example_branch_labels.py
[2023-10-18T16:33:50.496+0000] {logging_mixin.py:151} INFO - [2023-10-18T16:33:50.496+0000] {dag.py:2941} INFO - Sync 1 DAGs
[2023-10-18T16:33:50.512+0000] {logging_mixin.py:151} INFO - [2023-10-18T16:33:50.511+0000] {dag.py:3722} INFO - Setting next_dagrun for example_branch_labels to 2023-10-17T00:00:00+00:00, run_after=2023-10-18T00:00:00+00:00
[2023-10-18T16:33:50.523+0000] {processor.py:179} INFO - Processing /home/airflow/.local/lib/python3.8/site-packages/airflow/example_dags/example_branch_labels.py took 0.058 seconds
[2023-10-18T16:34:20.775+0000] {processor.py:157} INFO - Started process (PID=474) to work on /home/airflow/.local/lib/python3.8/site-packages/airflow/example_dags/example_branch_labels.py
[2023-10-18T16:34:20.777+0000] {processor.py:829} INFO - Processing file /home/airflow/.local/lib/python3.8/site-packages/airflow/example_dags/example_branch_labels.py for tasks to queue
[2023-10-18T16:34:20.779+0000] {logging_mixin.py:151} INFO - [2023-10-18T16:34:20.779+0000] {dagbag.py:536} INFO - Filling up the DagBag from /home/airflow/.local/lib/python3.8/site-packages/airflow/example_dags/example_branch_labels.py
[2023-10-18T16:34:20.786+0000] {processor.py:839} INFO - DAG(s) dict_keys(['example_branch_labels']) retrieved from /home/airflow/.local/lib/python3.8/site-packages/airflow/example_dags/example_branch_labels.py
[2023-10-18T16:34:20.805+0000] {logging_mixin.py:151} INFO - [2023-10-18T16:34:20.805+0000] {dag.py:2941} INFO - Sync 1 DAGs
[2023-10-18T16:34:20.822+0000] {logging_mixin.py:151} INFO - [2023-10-18T16:34:20.822+0000] {dag.py:3722} INFO - Setting next_dagrun for example_branch_labels to 2023-10-17T00:00:00+00:00, run_after=2023-10-18T00:00:00+00:00
[2023-10-18T16:34:20.833+0000] {processor.py:179} INFO - Processing /home/airflow/.local/lib/python3.8/site-packages/airflow/example_dags/example_branch_labels.py took 0.061 seconds
[2023-10-18T16:34:51.239+0000] {processor.py:157} INFO - Started process (PID=528) to work on /home/airflow/.local/lib/python3.8/site-packages/airflow/example_dags/example_branch_labels.py
[2023-10-18T16:34:51.242+0000] {processor.py:829} INFO - Processing file /home/airflow/.local/lib/python3.8/site-packages/airflow/example_dags/example_branch_labels.py for tasks to queue
[2023-10-18T16:34:51.246+0000] {logging_mixin.py:151} INFO - [2023-10-18T16:34:51.245+0000] {dagbag.py:536} INFO - Filling up the DagBag from /home/airflow/.local/lib/python3.8/site-packages/airflow/example_dags/example_branch_labels.py
[2023-10-18T16:34:51.329+0000] {processor.py:839} INFO - DAG(s) dict_keys(['example_branch_labels']) retrieved from /home/airflow/.local/lib/python3.8/site-packages/airflow/example_dags/example_branch_labels.py
[2023-10-18T16:34:51.480+0000] {logging_mixin.py:151} INFO - [2023-10-18T16:34:51.479+0000] {dag.py:2941} INFO - Sync 1 DAGs
[2023-10-18T16:34:51.569+0000] {logging_mixin.py:151} INFO - [2023-10-18T16:34:51.568+0000] {dag.py:3722} INFO - Setting next_dagrun for example_branch_labels to 2023-10-17T00:00:00+00:00, run_after=2023-10-18T00:00:00+00:00
[2023-10-18T16:34:51.616+0000] {processor.py:179} INFO - Processing /home/airflow/.local/lib/python3.8/site-packages/airflow/example_dags/example_branch_labels.py took 0.381 seconds
[2023-10-18T16:35:22.625+0000] {processor.py:157} INFO - Started process (PID=581) to work on /home/airflow/.local/lib/python3.8/site-packages/airflow/example_dags/example_branch_labels.py
[2023-10-18T16:35:22.627+0000] {processor.py:829} INFO - Processing file /home/airflow/.local/lib/python3.8/site-packages/airflow/example_dags/example_branch_labels.py for tasks to queue
[2023-10-18T16:35:22.630+0000] {logging_mixin.py:151} INFO - [2023-10-18T16:35:22.630+0000] {dagbag.py:536} INFO - Filling up the DagBag from /home/airflow/.local/lib/python3.8/site-packages/airflow/example_dags/example_branch_labels.py
[2023-10-18T16:35:22.639+0000] {processor.py:839} INFO - DAG(s) dict_keys(['example_branch_labels']) retrieved from /home/airflow/.local/lib/python3.8/site-packages/airflow/example_dags/example_branch_labels.py
[2023-10-18T16:35:22.659+0000] {logging_mixin.py:151} INFO - [2023-10-18T16:35:22.658+0000] {dag.py:2941} INFO - Sync 1 DAGs
[2023-10-18T16:35:22.674+0000] {logging_mixin.py:151} INFO - [2023-10-18T16:35:22.674+0000] {dag.py:3722} INFO - Setting next_dagrun for example_branch_labels to 2023-10-17T00:00:00+00:00, run_after=2023-10-18T00:00:00+00:00
[2023-10-18T16:35:22.684+0000] {processor.py:179} INFO - Processing /home/airflow/.local/lib/python3.8/site-packages/airflow/example_dags/example_branch_labels.py took 0.064 seconds
[2023-10-18T16:35:53.110+0000] {processor.py:157} INFO - Started process (PID=635) to work on /home/airflow/.local/lib/python3.8/site-packages/airflow/example_dags/example_branch_labels.py
[2023-10-18T16:35:53.113+0000] {processor.py:829} INFO - Processing file /home/airflow/.local/lib/python3.8/site-packages/airflow/example_dags/example_branch_labels.py for tasks to queue
[2023-10-18T16:35:53.116+0000] {logging_mixin.py:151} INFO - [2023-10-18T16:35:53.115+0000] {dagbag.py:536} INFO - Filling up the DagBag from /home/airflow/.local/lib/python3.8/site-packages/airflow/example_dags/example_branch_labels.py
[2023-10-18T16:35:53.123+0000] {processor.py:839} INFO - DAG(s) dict_keys(['example_branch_labels']) retrieved from /home/airflow/.local/lib/python3.8/site-packages/airflow/example_dags/example_branch_labels.py
[2023-10-18T16:35:53.143+0000] {logging_mixin.py:151} INFO - [2023-10-18T16:35:53.143+0000] {dag.py:2941} INFO - Sync 1 DAGs
[2023-10-18T16:35:53.157+0000] {logging_mixin.py:151} INFO - [2023-10-18T16:35:53.157+0000] {dag.py:3722} INFO - Setting next_dagrun for example_branch_labels to 2023-10-17T00:00:00+00:00, run_after=2023-10-18T00:00:00+00:00
[2023-10-18T16:35:53.168+0000] {processor.py:179} INFO - Processing /home/airflow/.local/lib/python3.8/site-packages/airflow/example_dags/example_branch_labels.py took 0.062 seconds
