[2023-10-18T16:30:19.159+0000] {processor.py:157} INFO - Started process (PID=58) to work on /home/airflow/.local/lib/python3.8/site-packages/airflow/example_dags/example_complex.py
[2023-10-18T16:30:19.162+0000] {processor.py:829} INFO - Processing file /home/airflow/.local/lib/python3.8/site-packages/airflow/example_dags/example_complex.py for tasks to queue
[2023-10-18T16:30:19.172+0000] {logging_mixin.py:151} INFO - [2023-10-18T16:30:19.171+0000] {dagbag.py:536} INFO - Filling up the DagBag from /home/airflow/.local/lib/python3.8/site-packages/airflow/example_dags/example_complex.py
[2023-10-18T16:30:19.192+0000] {processor.py:839} INFO - DAG(s) dict_keys(['example_complex']) retrieved from /home/airflow/.local/lib/python3.8/site-packages/airflow/example_dags/example_complex.py
[2023-10-18T16:30:19.220+0000] {logging_mixin.py:151} INFO - [2023-10-18T16:30:19.219+0000] {dag.py:2941} INFO - Sync 1 DAGs
[2023-10-18T16:30:19.236+0000] {logging_mixin.py:151} INFO - [2023-10-18T16:30:19.236+0000] {dag.py:3722} INFO - Setting next_dagrun for example_complex to None, run_after=None
[2023-10-18T16:30:19.254+0000] {processor.py:179} INFO - Processing /home/airflow/.local/lib/python3.8/site-packages/airflow/example_dags/example_complex.py took 0.109 seconds
[2023-10-18T16:30:50.177+0000] {processor.py:157} INFO - Started process (PID=112) to work on /home/airflow/.local/lib/python3.8/site-packages/airflow/example_dags/example_complex.py
[2023-10-18T16:30:50.178+0000] {processor.py:829} INFO - Processing file /home/airflow/.local/lib/python3.8/site-packages/airflow/example_dags/example_complex.py for tasks to queue
[2023-10-18T16:30:50.180+0000] {logging_mixin.py:151} INFO - [2023-10-18T16:30:50.180+0000] {dagbag.py:536} INFO - Filling up the DagBag from /home/airflow/.local/lib/python3.8/site-packages/airflow/example_dags/example_complex.py
[2023-10-18T16:30:50.187+0000] {processor.py:839} INFO - DAG(s) dict_keys(['example_complex']) retrieved from /home/airflow/.local/lib/python3.8/site-packages/airflow/example_dags/example_complex.py
[2023-10-18T16:30:50.208+0000] {logging_mixin.py:151} INFO - [2023-10-18T16:30:50.207+0000] {dag.py:2941} INFO - Sync 1 DAGs
[2023-10-18T16:30:50.215+0000] {logging_mixin.py:151} INFO - [2023-10-18T16:30:50.215+0000] {dag.py:3722} INFO - Setting next_dagrun for example_complex to None, run_after=None
[2023-10-18T16:30:50.226+0000] {processor.py:179} INFO - Processing /home/airflow/.local/lib/python3.8/site-packages/airflow/example_dags/example_complex.py took 0.052 seconds
[2023-10-18T16:31:20.298+0000] {processor.py:157} INFO - Started process (PID=166) to work on /home/airflow/.local/lib/python3.8/site-packages/airflow/example_dags/example_complex.py
[2023-10-18T16:31:20.300+0000] {processor.py:829} INFO - Processing file /home/airflow/.local/lib/python3.8/site-packages/airflow/example_dags/example_complex.py for tasks to queue
[2023-10-18T16:31:20.302+0000] {logging_mixin.py:151} INFO - [2023-10-18T16:31:20.302+0000] {dagbag.py:536} INFO - Filling up the DagBag from /home/airflow/.local/lib/python3.8/site-packages/airflow/example_dags/example_complex.py
[2023-10-18T16:31:20.311+0000] {processor.py:839} INFO - DAG(s) dict_keys(['example_complex']) retrieved from /home/airflow/.local/lib/python3.8/site-packages/airflow/example_dags/example_complex.py
[2023-10-18T16:31:20.331+0000] {logging_mixin.py:151} INFO - [2023-10-18T16:31:20.331+0000] {dag.py:2941} INFO - Sync 1 DAGs
[2023-10-18T16:31:20.339+0000] {logging_mixin.py:151} INFO - [2023-10-18T16:31:20.339+0000] {dag.py:3722} INFO - Setting next_dagrun for example_complex to None, run_after=None
[2023-10-18T16:31:20.348+0000] {processor.py:179} INFO - Processing /home/airflow/.local/lib/python3.8/site-packages/airflow/example_dags/example_complex.py took 0.054 seconds
[2023-10-18T16:31:50.829+0000] {processor.py:157} INFO - Started process (PID=220) to work on /home/airflow/.local/lib/python3.8/site-packages/airflow/example_dags/example_complex.py
[2023-10-18T16:31:50.831+0000] {processor.py:829} INFO - Processing file /home/airflow/.local/lib/python3.8/site-packages/airflow/example_dags/example_complex.py for tasks to queue
[2023-10-18T16:31:50.833+0000] {logging_mixin.py:151} INFO - [2023-10-18T16:31:50.833+0000] {dagbag.py:536} INFO - Filling up the DagBag from /home/airflow/.local/lib/python3.8/site-packages/airflow/example_dags/example_complex.py
[2023-10-18T16:31:50.844+0000] {processor.py:839} INFO - DAG(s) dict_keys(['example_complex']) retrieved from /home/airflow/.local/lib/python3.8/site-packages/airflow/example_dags/example_complex.py
[2023-10-18T16:31:50.867+0000] {logging_mixin.py:151} INFO - [2023-10-18T16:31:50.867+0000] {dag.py:2941} INFO - Sync 1 DAGs
[2023-10-18T16:31:50.876+0000] {logging_mixin.py:151} INFO - [2023-10-18T16:31:50.875+0000] {dag.py:3722} INFO - Setting next_dagrun for example_complex to None, run_after=None
[2023-10-18T16:31:50.887+0000] {processor.py:179} INFO - Processing /home/airflow/.local/lib/python3.8/site-packages/airflow/example_dags/example_complex.py took 0.061 seconds
[2023-10-18T16:32:21.226+0000] {processor.py:157} INFO - Started process (PID=274) to work on /home/airflow/.local/lib/python3.8/site-packages/airflow/example_dags/example_complex.py
[2023-10-18T16:32:21.229+0000] {processor.py:829} INFO - Processing file /home/airflow/.local/lib/python3.8/site-packages/airflow/example_dags/example_complex.py for tasks to queue
[2023-10-18T16:32:21.234+0000] {logging_mixin.py:151} INFO - [2023-10-18T16:32:21.234+0000] {dagbag.py:536} INFO - Filling up the DagBag from /home/airflow/.local/lib/python3.8/site-packages/airflow/example_dags/example_complex.py
[2023-10-18T16:32:21.244+0000] {processor.py:839} INFO - DAG(s) dict_keys(['example_complex']) retrieved from /home/airflow/.local/lib/python3.8/site-packages/airflow/example_dags/example_complex.py
[2023-10-18T16:32:21.281+0000] {logging_mixin.py:151} INFO - [2023-10-18T16:32:21.281+0000] {dag.py:2941} INFO - Sync 1 DAGs
[2023-10-18T16:32:21.298+0000] {logging_mixin.py:151} INFO - [2023-10-18T16:32:21.298+0000] {dag.py:3722} INFO - Setting next_dagrun for example_complex to None, run_after=None
[2023-10-18T16:32:21.312+0000] {processor.py:179} INFO - Processing /home/airflow/.local/lib/python3.8/site-packages/airflow/example_dags/example_complex.py took 0.090 seconds
[2023-10-18T16:32:51.443+0000] {processor.py:157} INFO - Started process (PID=328) to work on /home/airflow/.local/lib/python3.8/site-packages/airflow/example_dags/example_complex.py
[2023-10-18T16:32:51.444+0000] {processor.py:829} INFO - Processing file /home/airflow/.local/lib/python3.8/site-packages/airflow/example_dags/example_complex.py for tasks to queue
[2023-10-18T16:32:51.446+0000] {logging_mixin.py:151} INFO - [2023-10-18T16:32:51.446+0000] {dagbag.py:536} INFO - Filling up the DagBag from /home/airflow/.local/lib/python3.8/site-packages/airflow/example_dags/example_complex.py
[2023-10-18T16:32:51.453+0000] {processor.py:839} INFO - DAG(s) dict_keys(['example_complex']) retrieved from /home/airflow/.local/lib/python3.8/site-packages/airflow/example_dags/example_complex.py
[2023-10-18T16:32:51.473+0000] {logging_mixin.py:151} INFO - [2023-10-18T16:32:51.473+0000] {dag.py:2941} INFO - Sync 1 DAGs
[2023-10-18T16:32:51.481+0000] {logging_mixin.py:151} INFO - [2023-10-18T16:32:51.481+0000] {dag.py:3722} INFO - Setting next_dagrun for example_complex to None, run_after=None
[2023-10-18T16:32:51.491+0000] {processor.py:179} INFO - Processing /home/airflow/.local/lib/python3.8/site-packages/airflow/example_dags/example_complex.py took 0.051 seconds
[2023-10-18T16:33:22.216+0000] {processor.py:157} INFO - Started process (PID=382) to work on /home/airflow/.local/lib/python3.8/site-packages/airflow/example_dags/example_complex.py
[2023-10-18T16:33:22.218+0000] {processor.py:829} INFO - Processing file /home/airflow/.local/lib/python3.8/site-packages/airflow/example_dags/example_complex.py for tasks to queue
[2023-10-18T16:33:22.221+0000] {logging_mixin.py:151} INFO - [2023-10-18T16:33:22.221+0000] {dagbag.py:536} INFO - Filling up the DagBag from /home/airflow/.local/lib/python3.8/site-packages/airflow/example_dags/example_complex.py
[2023-10-18T16:33:22.232+0000] {processor.py:839} INFO - DAG(s) dict_keys(['example_complex']) retrieved from /home/airflow/.local/lib/python3.8/site-packages/airflow/example_dags/example_complex.py
[2023-10-18T16:33:22.258+0000] {logging_mixin.py:151} INFO - [2023-10-18T16:33:22.258+0000] {dag.py:2941} INFO - Sync 1 DAGs
[2023-10-18T16:33:22.266+0000] {logging_mixin.py:151} INFO - [2023-10-18T16:33:22.266+0000] {dag.py:3722} INFO - Setting next_dagrun for example_complex to None, run_after=None
[2023-10-18T16:33:22.276+0000] {processor.py:179} INFO - Processing /home/airflow/.local/lib/python3.8/site-packages/airflow/example_dags/example_complex.py took 0.063 seconds
[2023-10-18T16:33:52.523+0000] {processor.py:157} INFO - Started process (PID=436) to work on /home/airflow/.local/lib/python3.8/site-packages/airflow/example_dags/example_complex.py
[2023-10-18T16:33:52.525+0000] {processor.py:829} INFO - Processing file /home/airflow/.local/lib/python3.8/site-packages/airflow/example_dags/example_complex.py for tasks to queue
[2023-10-18T16:33:52.527+0000] {logging_mixin.py:151} INFO - [2023-10-18T16:33:52.527+0000] {dagbag.py:536} INFO - Filling up the DagBag from /home/airflow/.local/lib/python3.8/site-packages/airflow/example_dags/example_complex.py
[2023-10-18T16:33:52.541+0000] {processor.py:839} INFO - DAG(s) dict_keys(['example_complex']) retrieved from /home/airflow/.local/lib/python3.8/site-packages/airflow/example_dags/example_complex.py
[2023-10-18T16:33:52.569+0000] {logging_mixin.py:151} INFO - [2023-10-18T16:33:52.569+0000] {dag.py:2941} INFO - Sync 1 DAGs
[2023-10-18T16:33:52.577+0000] {logging_mixin.py:151} INFO - [2023-10-18T16:33:52.577+0000] {dag.py:3722} INFO - Setting next_dagrun for example_complex to None, run_after=None
[2023-10-18T16:33:52.587+0000] {processor.py:179} INFO - Processing /home/airflow/.local/lib/python3.8/site-packages/airflow/example_dags/example_complex.py took 0.067 seconds
[2023-10-18T16:34:22.902+0000] {processor.py:157} INFO - Started process (PID=491) to work on /home/airflow/.local/lib/python3.8/site-packages/airflow/example_dags/example_complex.py
[2023-10-18T16:34:22.904+0000] {processor.py:829} INFO - Processing file /home/airflow/.local/lib/python3.8/site-packages/airflow/example_dags/example_complex.py for tasks to queue
[2023-10-18T16:34:22.907+0000] {logging_mixin.py:151} INFO - [2023-10-18T16:34:22.907+0000] {dagbag.py:536} INFO - Filling up the DagBag from /home/airflow/.local/lib/python3.8/site-packages/airflow/example_dags/example_complex.py
[2023-10-18T16:34:22.914+0000] {processor.py:839} INFO - DAG(s) dict_keys(['example_complex']) retrieved from /home/airflow/.local/lib/python3.8/site-packages/airflow/example_dags/example_complex.py
[2023-10-18T16:34:22.936+0000] {logging_mixin.py:151} INFO - [2023-10-18T16:34:22.935+0000] {dag.py:2941} INFO - Sync 1 DAGs
[2023-10-18T16:34:22.944+0000] {logging_mixin.py:151} INFO - [2023-10-18T16:34:22.944+0000] {dag.py:3722} INFO - Setting next_dagrun for example_complex to None, run_after=None
[2023-10-18T16:34:22.954+0000] {processor.py:179} INFO - Processing /home/airflow/.local/lib/python3.8/site-packages/airflow/example_dags/example_complex.py took 0.055 seconds
[2023-10-18T16:34:54.083+0000] {processor.py:157} INFO - Started process (PID=545) to work on /home/airflow/.local/lib/python3.8/site-packages/airflow/example_dags/example_complex.py
[2023-10-18T16:34:54.085+0000] {processor.py:829} INFO - Processing file /home/airflow/.local/lib/python3.8/site-packages/airflow/example_dags/example_complex.py for tasks to queue
[2023-10-18T16:34:54.087+0000] {logging_mixin.py:151} INFO - [2023-10-18T16:34:54.087+0000] {dagbag.py:536} INFO - Filling up the DagBag from /home/airflow/.local/lib/python3.8/site-packages/airflow/example_dags/example_complex.py
[2023-10-18T16:34:54.095+0000] {processor.py:839} INFO - DAG(s) dict_keys(['example_complex']) retrieved from /home/airflow/.local/lib/python3.8/site-packages/airflow/example_dags/example_complex.py
[2023-10-18T16:34:54.122+0000] {logging_mixin.py:151} INFO - [2023-10-18T16:34:54.122+0000] {dag.py:2941} INFO - Sync 1 DAGs
[2023-10-18T16:34:54.133+0000] {logging_mixin.py:151} INFO - [2023-10-18T16:34:54.133+0000] {dag.py:3722} INFO - Setting next_dagrun for example_complex to None, run_after=None
[2023-10-18T16:34:54.145+0000] {processor.py:179} INFO - Processing /home/airflow/.local/lib/python3.8/site-packages/airflow/example_dags/example_complex.py took 0.065 seconds
[2023-10-18T16:35:24.731+0000] {processor.py:157} INFO - Started process (PID=598) to work on /home/airflow/.local/lib/python3.8/site-packages/airflow/example_dags/example_complex.py
[2023-10-18T16:35:24.732+0000] {processor.py:829} INFO - Processing file /home/airflow/.local/lib/python3.8/site-packages/airflow/example_dags/example_complex.py for tasks to queue
[2023-10-18T16:35:24.734+0000] {logging_mixin.py:151} INFO - [2023-10-18T16:35:24.734+0000] {dagbag.py:536} INFO - Filling up the DagBag from /home/airflow/.local/lib/python3.8/site-packages/airflow/example_dags/example_complex.py
[2023-10-18T16:35:24.742+0000] {processor.py:839} INFO - DAG(s) dict_keys(['example_complex']) retrieved from /home/airflow/.local/lib/python3.8/site-packages/airflow/example_dags/example_complex.py
[2023-10-18T16:35:24.764+0000] {logging_mixin.py:151} INFO - [2023-10-18T16:35:24.764+0000] {dag.py:2941} INFO - Sync 1 DAGs
[2023-10-18T16:35:24.775+0000] {logging_mixin.py:151} INFO - [2023-10-18T16:35:24.774+0000] {dag.py:3722} INFO - Setting next_dagrun for example_complex to None, run_after=None
[2023-10-18T16:35:24.789+0000] {processor.py:179} INFO - Processing /home/airflow/.local/lib/python3.8/site-packages/airflow/example_dags/example_complex.py took 0.061 seconds
[2023-10-18T16:35:55.304+0000] {processor.py:157} INFO - Started process (PID=652) to work on /home/airflow/.local/lib/python3.8/site-packages/airflow/example_dags/example_complex.py
[2023-10-18T16:35:55.306+0000] {processor.py:829} INFO - Processing file /home/airflow/.local/lib/python3.8/site-packages/airflow/example_dags/example_complex.py for tasks to queue
[2023-10-18T16:35:55.308+0000] {logging_mixin.py:151} INFO - [2023-10-18T16:35:55.308+0000] {dagbag.py:536} INFO - Filling up the DagBag from /home/airflow/.local/lib/python3.8/site-packages/airflow/example_dags/example_complex.py
[2023-10-18T16:35:55.317+0000] {processor.py:839} INFO - DAG(s) dict_keys(['example_complex']) retrieved from /home/airflow/.local/lib/python3.8/site-packages/airflow/example_dags/example_complex.py
[2023-10-18T16:35:55.343+0000] {logging_mixin.py:151} INFO - [2023-10-18T16:35:55.343+0000] {dag.py:2941} INFO - Sync 1 DAGs
[2023-10-18T16:35:55.357+0000] {logging_mixin.py:151} INFO - [2023-10-18T16:35:55.357+0000] {dag.py:3722} INFO - Setting next_dagrun for example_complex to None, run_after=None
[2023-10-18T16:35:55.379+0000] {processor.py:179} INFO - Processing /home/airflow/.local/lib/python3.8/site-packages/airflow/example_dags/example_complex.py took 0.078 seconds
