[2023-10-18T16:30:19.264+0000] {processor.py:157} INFO - Started process (PID=59) to work on /home/airflow/.local/lib/python3.8/site-packages/airflow/example_dags/example_datasets.py
[2023-10-18T16:30:19.268+0000] {processor.py:829} INFO - Processing file /home/airflow/.local/lib/python3.8/site-packages/airflow/example_dags/example_datasets.py for tasks to queue
[2023-10-18T16:30:19.272+0000] {logging_mixin.py:151} INFO - [2023-10-18T16:30:19.271+0000] {dagbag.py:536} INFO - Filling up the DagBag from /home/airflow/.local/lib/python3.8/site-packages/airflow/example_dags/example_datasets.py
[2023-10-18T16:30:19.288+0000] {processor.py:839} INFO - DAG(s) dict_keys(['dataset_consumes_unknown_never_scheduled', 'dataset_consumes_1', 'dataset_consumes_1_and_2', 'dataset_produces_2', 'dataset_consumes_1_never_scheduled', 'dataset_produces_1']) retrieved from /home/airflow/.local/lib/python3.8/site-packages/airflow/example_dags/example_datasets.py
[2023-10-18T16:30:19.329+0000] {logging_mixin.py:151} INFO - [2023-10-18T16:30:19.329+0000] {dag.py:2941} INFO - Sync 6 DAGs
[2023-10-18T16:30:19.375+0000] {logging_mixin.py:151} INFO - [2023-10-18T16:30:19.375+0000] {dag.py:3722} INFO - Setting next_dagrun for dataset_consumes_1 to None, run_after=None
[2023-10-18T16:30:19.379+0000] {logging_mixin.py:151} INFO - [2023-10-18T16:30:19.379+0000] {dag.py:3722} INFO - Setting next_dagrun for dataset_consumes_1_and_2 to None, run_after=None
[2023-10-18T16:30:19.382+0000] {logging_mixin.py:151} INFO - [2023-10-18T16:30:19.382+0000] {dag.py:3722} INFO - Setting next_dagrun for dataset_consumes_1_never_scheduled to None, run_after=None
[2023-10-18T16:30:19.384+0000] {logging_mixin.py:151} INFO - [2023-10-18T16:30:19.384+0000] {dag.py:3722} INFO - Setting next_dagrun for dataset_consumes_unknown_never_scheduled to None, run_after=None
[2023-10-18T16:30:19.397+0000] {logging_mixin.py:151} INFO - [2023-10-18T16:30:19.397+0000] {dag.py:3722} INFO - Setting next_dagrun for dataset_produces_1 to 2023-10-17T00:00:00+00:00, run_after=2023-10-18T00:00:00+00:00
[2023-10-18T16:30:19.403+0000] {logging_mixin.py:151} INFO - [2023-10-18T16:30:19.402+0000] {dag.py:3722} INFO - Setting next_dagrun for dataset_produces_2 to None, run_after=None
[2023-10-18T16:30:19.449+0000] {processor.py:179} INFO - Processing /home/airflow/.local/lib/python3.8/site-packages/airflow/example_dags/example_datasets.py took 0.192 seconds
[2023-10-18T16:30:50.253+0000] {processor.py:157} INFO - Started process (PID=113) to work on /home/airflow/.local/lib/python3.8/site-packages/airflow/example_dags/example_datasets.py
[2023-10-18T16:30:50.255+0000] {processor.py:829} INFO - Processing file /home/airflow/.local/lib/python3.8/site-packages/airflow/example_dags/example_datasets.py for tasks to queue
[2023-10-18T16:30:50.258+0000] {logging_mixin.py:151} INFO - [2023-10-18T16:30:50.257+0000] {dagbag.py:536} INFO - Filling up the DagBag from /home/airflow/.local/lib/python3.8/site-packages/airflow/example_dags/example_datasets.py
[2023-10-18T16:30:50.266+0000] {processor.py:839} INFO - DAG(s) dict_keys(['dataset_consumes_unknown_never_scheduled', 'dataset_produces_2', 'dataset_consumes_1_and_2', 'dataset_consumes_1_never_scheduled', 'dataset_produces_1', 'dataset_consumes_1']) retrieved from /home/airflow/.local/lib/python3.8/site-packages/airflow/example_dags/example_datasets.py
[2023-10-18T16:30:50.289+0000] {logging_mixin.py:151} INFO - [2023-10-18T16:30:50.289+0000] {dag.py:2941} INFO - Sync 6 DAGs
[2023-10-18T16:30:50.302+0000] {logging_mixin.py:151} INFO - [2023-10-18T16:30:50.302+0000] {dag.py:3722} INFO - Setting next_dagrun for dataset_consumes_1 to None, run_after=None
[2023-10-18T16:30:50.305+0000] {logging_mixin.py:151} INFO - [2023-10-18T16:30:50.304+0000] {dag.py:3722} INFO - Setting next_dagrun for dataset_consumes_1_and_2 to None, run_after=None
[2023-10-18T16:30:50.306+0000] {logging_mixin.py:151} INFO - [2023-10-18T16:30:50.305+0000] {dag.py:3722} INFO - Setting next_dagrun for dataset_consumes_1_never_scheduled to None, run_after=None
[2023-10-18T16:30:50.307+0000] {logging_mixin.py:151} INFO - [2023-10-18T16:30:50.306+0000] {dag.py:3722} INFO - Setting next_dagrun for dataset_consumes_unknown_never_scheduled to None, run_after=None
[2023-10-18T16:30:50.309+0000] {logging_mixin.py:151} INFO - [2023-10-18T16:30:50.309+0000] {dag.py:3722} INFO - Setting next_dagrun for dataset_produces_1 to 2023-10-17T00:00:00+00:00, run_after=2023-10-18T00:00:00+00:00
[2023-10-18T16:30:50.310+0000] {logging_mixin.py:151} INFO - [2023-10-18T16:30:50.310+0000] {dag.py:3722} INFO - Setting next_dagrun for dataset_produces_2 to None, run_after=None
[2023-10-18T16:30:50.328+0000] {processor.py:179} INFO - Processing /home/airflow/.local/lib/python3.8/site-packages/airflow/example_dags/example_datasets.py took 0.078 seconds
[2023-10-18T16:31:20.369+0000] {processor.py:157} INFO - Started process (PID=167) to work on /home/airflow/.local/lib/python3.8/site-packages/airflow/example_dags/example_datasets.py
[2023-10-18T16:31:20.371+0000] {processor.py:829} INFO - Processing file /home/airflow/.local/lib/python3.8/site-packages/airflow/example_dags/example_datasets.py for tasks to queue
[2023-10-18T16:31:20.373+0000] {logging_mixin.py:151} INFO - [2023-10-18T16:31:20.372+0000] {dagbag.py:536} INFO - Filling up the DagBag from /home/airflow/.local/lib/python3.8/site-packages/airflow/example_dags/example_datasets.py
[2023-10-18T16:31:20.379+0000] {processor.py:839} INFO - DAG(s) dict_keys(['dataset_consumes_1', 'dataset_produces_1', 'dataset_produces_2', 'dataset_consumes_unknown_never_scheduled', 'dataset_consumes_1_and_2', 'dataset_consumes_1_never_scheduled']) retrieved from /home/airflow/.local/lib/python3.8/site-packages/airflow/example_dags/example_datasets.py
[2023-10-18T16:31:20.402+0000] {logging_mixin.py:151} INFO - [2023-10-18T16:31:20.402+0000] {dag.py:2941} INFO - Sync 6 DAGs
[2023-10-18T16:31:20.416+0000] {logging_mixin.py:151} INFO - [2023-10-18T16:31:20.415+0000] {dag.py:3722} INFO - Setting next_dagrun for dataset_consumes_1 to None, run_after=None
[2023-10-18T16:31:20.418+0000] {logging_mixin.py:151} INFO - [2023-10-18T16:31:20.418+0000] {dag.py:3722} INFO - Setting next_dagrun for dataset_consumes_1_and_2 to None, run_after=None
[2023-10-18T16:31:20.420+0000] {logging_mixin.py:151} INFO - [2023-10-18T16:31:20.420+0000] {dag.py:3722} INFO - Setting next_dagrun for dataset_consumes_1_never_scheduled to None, run_after=None
[2023-10-18T16:31:20.421+0000] {logging_mixin.py:151} INFO - [2023-10-18T16:31:20.421+0000] {dag.py:3722} INFO - Setting next_dagrun for dataset_consumes_unknown_never_scheduled to None, run_after=None
[2023-10-18T16:31:20.423+0000] {logging_mixin.py:151} INFO - [2023-10-18T16:31:20.423+0000] {dag.py:3722} INFO - Setting next_dagrun for dataset_produces_1 to 2023-10-17T00:00:00+00:00, run_after=2023-10-18T00:00:00+00:00
[2023-10-18T16:31:20.424+0000] {logging_mixin.py:151} INFO - [2023-10-18T16:31:20.424+0000] {dag.py:3722} INFO - Setting next_dagrun for dataset_produces_2 to None, run_after=None
[2023-10-18T16:31:20.441+0000] {processor.py:179} INFO - Processing /home/airflow/.local/lib/python3.8/site-packages/airflow/example_dags/example_datasets.py took 0.074 seconds
[2023-10-18T16:31:50.910+0000] {processor.py:157} INFO - Started process (PID=221) to work on /home/airflow/.local/lib/python3.8/site-packages/airflow/example_dags/example_datasets.py
[2023-10-18T16:31:50.911+0000] {processor.py:829} INFO - Processing file /home/airflow/.local/lib/python3.8/site-packages/airflow/example_dags/example_datasets.py for tasks to queue
[2023-10-18T16:31:50.914+0000] {logging_mixin.py:151} INFO - [2023-10-18T16:31:50.913+0000] {dagbag.py:536} INFO - Filling up the DagBag from /home/airflow/.local/lib/python3.8/site-packages/airflow/example_dags/example_datasets.py
[2023-10-18T16:31:50.922+0000] {processor.py:839} INFO - DAG(s) dict_keys(['dataset_produces_2', 'dataset_consumes_1', 'dataset_produces_1', 'dataset_consumes_1_and_2', 'dataset_consumes_1_never_scheduled', 'dataset_consumes_unknown_never_scheduled']) retrieved from /home/airflow/.local/lib/python3.8/site-packages/airflow/example_dags/example_datasets.py
[2023-10-18T16:31:50.950+0000] {logging_mixin.py:151} INFO - [2023-10-18T16:31:50.950+0000] {dag.py:2941} INFO - Sync 6 DAGs
[2023-10-18T16:31:50.965+0000] {logging_mixin.py:151} INFO - [2023-10-18T16:31:50.965+0000] {dag.py:3722} INFO - Setting next_dagrun for dataset_consumes_1 to None, run_after=None
[2023-10-18T16:31:50.969+0000] {logging_mixin.py:151} INFO - [2023-10-18T16:31:50.969+0000] {dag.py:3722} INFO - Setting next_dagrun for dataset_consumes_1_and_2 to None, run_after=None
[2023-10-18T16:31:50.970+0000] {logging_mixin.py:151} INFO - [2023-10-18T16:31:50.970+0000] {dag.py:3722} INFO - Setting next_dagrun for dataset_consumes_1_never_scheduled to None, run_after=None
[2023-10-18T16:31:50.971+0000] {logging_mixin.py:151} INFO - [2023-10-18T16:31:50.971+0000] {dag.py:3722} INFO - Setting next_dagrun for dataset_consumes_unknown_never_scheduled to None, run_after=None
[2023-10-18T16:31:50.974+0000] {logging_mixin.py:151} INFO - [2023-10-18T16:31:50.973+0000] {dag.py:3722} INFO - Setting next_dagrun for dataset_produces_1 to 2023-10-17T00:00:00+00:00, run_after=2023-10-18T00:00:00+00:00
[2023-10-18T16:31:50.975+0000] {logging_mixin.py:151} INFO - [2023-10-18T16:31:50.975+0000] {dag.py:3722} INFO - Setting next_dagrun for dataset_produces_2 to None, run_after=None
[2023-10-18T16:31:50.992+0000] {processor.py:179} INFO - Processing /home/airflow/.local/lib/python3.8/site-packages/airflow/example_dags/example_datasets.py took 0.085 seconds
[2023-10-18T16:32:21.343+0000] {processor.py:157} INFO - Started process (PID=275) to work on /home/airflow/.local/lib/python3.8/site-packages/airflow/example_dags/example_datasets.py
[2023-10-18T16:32:21.346+0000] {processor.py:829} INFO - Processing file /home/airflow/.local/lib/python3.8/site-packages/airflow/example_dags/example_datasets.py for tasks to queue
[2023-10-18T16:32:21.351+0000] {logging_mixin.py:151} INFO - [2023-10-18T16:32:21.350+0000] {dagbag.py:536} INFO - Filling up the DagBag from /home/airflow/.local/lib/python3.8/site-packages/airflow/example_dags/example_datasets.py
[2023-10-18T16:32:21.363+0000] {processor.py:839} INFO - DAG(s) dict_keys(['dataset_consumes_1_and_2', 'dataset_produces_2', 'dataset_consumes_unknown_never_scheduled', 'dataset_consumes_1_never_scheduled', 'dataset_produces_1', 'dataset_consumes_1']) retrieved from /home/airflow/.local/lib/python3.8/site-packages/airflow/example_dags/example_datasets.py
[2023-10-18T16:32:21.392+0000] {logging_mixin.py:151} INFO - [2023-10-18T16:32:21.392+0000] {dag.py:2941} INFO - Sync 6 DAGs
[2023-10-18T16:32:21.411+0000] {logging_mixin.py:151} INFO - [2023-10-18T16:32:21.411+0000] {dag.py:3722} INFO - Setting next_dagrun for dataset_consumes_1 to None, run_after=None
[2023-10-18T16:32:21.414+0000] {logging_mixin.py:151} INFO - [2023-10-18T16:32:21.414+0000] {dag.py:3722} INFO - Setting next_dagrun for dataset_consumes_1_and_2 to None, run_after=None
[2023-10-18T16:32:21.415+0000] {logging_mixin.py:151} INFO - [2023-10-18T16:32:21.415+0000] {dag.py:3722} INFO - Setting next_dagrun for dataset_consumes_1_never_scheduled to None, run_after=None
[2023-10-18T16:32:21.416+0000] {logging_mixin.py:151} INFO - [2023-10-18T16:32:21.416+0000] {dag.py:3722} INFO - Setting next_dagrun for dataset_consumes_unknown_never_scheduled to None, run_after=None
[2023-10-18T16:32:21.419+0000] {logging_mixin.py:151} INFO - [2023-10-18T16:32:21.418+0000] {dag.py:3722} INFO - Setting next_dagrun for dataset_produces_1 to 2023-10-17T00:00:00+00:00, run_after=2023-10-18T00:00:00+00:00
[2023-10-18T16:32:21.420+0000] {logging_mixin.py:151} INFO - [2023-10-18T16:32:21.420+0000] {dag.py:3722} INFO - Setting next_dagrun for dataset_produces_2 to None, run_after=None
[2023-10-18T16:32:21.438+0000] {processor.py:179} INFO - Processing /home/airflow/.local/lib/python3.8/site-packages/airflow/example_dags/example_datasets.py took 0.100 seconds
[2023-10-18T16:32:51.513+0000] {processor.py:157} INFO - Started process (PID=329) to work on /home/airflow/.local/lib/python3.8/site-packages/airflow/example_dags/example_datasets.py
[2023-10-18T16:32:51.514+0000] {processor.py:829} INFO - Processing file /home/airflow/.local/lib/python3.8/site-packages/airflow/example_dags/example_datasets.py for tasks to queue
[2023-10-18T16:32:51.516+0000] {logging_mixin.py:151} INFO - [2023-10-18T16:32:51.516+0000] {dagbag.py:536} INFO - Filling up the DagBag from /home/airflow/.local/lib/python3.8/site-packages/airflow/example_dags/example_datasets.py
[2023-10-18T16:32:51.523+0000] {processor.py:839} INFO - DAG(s) dict_keys(['dataset_consumes_1_and_2', 'dataset_produces_2', 'dataset_consumes_1', 'dataset_consumes_1_never_scheduled', 'dataset_produces_1', 'dataset_consumes_unknown_never_scheduled']) retrieved from /home/airflow/.local/lib/python3.8/site-packages/airflow/example_dags/example_datasets.py
[2023-10-18T16:32:51.551+0000] {logging_mixin.py:151} INFO - [2023-10-18T16:32:51.551+0000] {dag.py:2941} INFO - Sync 6 DAGs
[2023-10-18T16:32:51.565+0000] {logging_mixin.py:151} INFO - [2023-10-18T16:32:51.565+0000] {dag.py:3722} INFO - Setting next_dagrun for dataset_consumes_1 to None, run_after=None
[2023-10-18T16:32:51.568+0000] {logging_mixin.py:151} INFO - [2023-10-18T16:32:51.567+0000] {dag.py:3722} INFO - Setting next_dagrun for dataset_consumes_1_and_2 to None, run_after=None
[2023-10-18T16:32:51.569+0000] {logging_mixin.py:151} INFO - [2023-10-18T16:32:51.569+0000] {dag.py:3722} INFO - Setting next_dagrun for dataset_consumes_1_never_scheduled to None, run_after=None
[2023-10-18T16:32:51.570+0000] {logging_mixin.py:151} INFO - [2023-10-18T16:32:51.570+0000] {dag.py:3722} INFO - Setting next_dagrun for dataset_consumes_unknown_never_scheduled to None, run_after=None
[2023-10-18T16:32:51.572+0000] {logging_mixin.py:151} INFO - [2023-10-18T16:32:51.572+0000] {dag.py:3722} INFO - Setting next_dagrun for dataset_produces_1 to 2023-10-17T00:00:00+00:00, run_after=2023-10-18T00:00:00+00:00
[2023-10-18T16:32:51.573+0000] {logging_mixin.py:151} INFO - [2023-10-18T16:32:51.573+0000] {dag.py:3722} INFO - Setting next_dagrun for dataset_produces_2 to None, run_after=None
[2023-10-18T16:32:51.590+0000] {processor.py:179} INFO - Processing /home/airflow/.local/lib/python3.8/site-packages/airflow/example_dags/example_datasets.py took 0.080 seconds
[2023-10-18T16:33:22.300+0000] {processor.py:157} INFO - Started process (PID=383) to work on /home/airflow/.local/lib/python3.8/site-packages/airflow/example_dags/example_datasets.py
[2023-10-18T16:33:22.301+0000] {processor.py:829} INFO - Processing file /home/airflow/.local/lib/python3.8/site-packages/airflow/example_dags/example_datasets.py for tasks to queue
[2023-10-18T16:33:22.303+0000] {logging_mixin.py:151} INFO - [2023-10-18T16:33:22.303+0000] {dagbag.py:536} INFO - Filling up the DagBag from /home/airflow/.local/lib/python3.8/site-packages/airflow/example_dags/example_datasets.py
[2023-10-18T16:33:22.311+0000] {processor.py:839} INFO - DAG(s) dict_keys(['dataset_consumes_1_never_scheduled', 'dataset_produces_2', 'dataset_consumes_1', 'dataset_produces_1', 'dataset_consumes_1_and_2', 'dataset_consumes_unknown_never_scheduled']) retrieved from /home/airflow/.local/lib/python3.8/site-packages/airflow/example_dags/example_datasets.py
[2023-10-18T16:33:22.342+0000] {logging_mixin.py:151} INFO - [2023-10-18T16:33:22.342+0000] {dag.py:2941} INFO - Sync 6 DAGs
[2023-10-18T16:33:22.355+0000] {logging_mixin.py:151} INFO - [2023-10-18T16:33:22.355+0000] {dag.py:3722} INFO - Setting next_dagrun for dataset_consumes_1 to None, run_after=None
[2023-10-18T16:33:22.358+0000] {logging_mixin.py:151} INFO - [2023-10-18T16:33:22.358+0000] {dag.py:3722} INFO - Setting next_dagrun for dataset_consumes_1_and_2 to None, run_after=None
[2023-10-18T16:33:22.359+0000] {logging_mixin.py:151} INFO - [2023-10-18T16:33:22.359+0000] {dag.py:3722} INFO - Setting next_dagrun for dataset_consumes_1_never_scheduled to None, run_after=None
[2023-10-18T16:33:22.360+0000] {logging_mixin.py:151} INFO - [2023-10-18T16:33:22.360+0000] {dag.py:3722} INFO - Setting next_dagrun for dataset_consumes_unknown_never_scheduled to None, run_after=None
[2023-10-18T16:33:22.362+0000] {logging_mixin.py:151} INFO - [2023-10-18T16:33:22.362+0000] {dag.py:3722} INFO - Setting next_dagrun for dataset_produces_1 to 2023-10-17T00:00:00+00:00, run_after=2023-10-18T00:00:00+00:00
[2023-10-18T16:33:22.364+0000] {logging_mixin.py:151} INFO - [2023-10-18T16:33:22.364+0000] {dag.py:3722} INFO - Setting next_dagrun for dataset_produces_2 to None, run_after=None
[2023-10-18T16:33:22.381+0000] {processor.py:179} INFO - Processing /home/airflow/.local/lib/python3.8/site-packages/airflow/example_dags/example_datasets.py took 0.085 seconds
[2023-10-18T16:33:52.550+0000] {processor.py:157} INFO - Started process (PID=437) to work on /home/airflow/.local/lib/python3.8/site-packages/airflow/example_dags/example_datasets.py
[2023-10-18T16:33:52.552+0000] {processor.py:829} INFO - Processing file /home/airflow/.local/lib/python3.8/site-packages/airflow/example_dags/example_datasets.py for tasks to queue
[2023-10-18T16:33:52.555+0000] {logging_mixin.py:151} INFO - [2023-10-18T16:33:52.555+0000] {dagbag.py:536} INFO - Filling up the DagBag from /home/airflow/.local/lib/python3.8/site-packages/airflow/example_dags/example_datasets.py
[2023-10-18T16:33:52.563+0000] {processor.py:839} INFO - DAG(s) dict_keys(['dataset_consumes_unknown_never_scheduled', 'dataset_produces_1', 'dataset_consumes_1_never_scheduled', 'dataset_consumes_1', 'dataset_consumes_1_and_2', 'dataset_produces_2']) retrieved from /home/airflow/.local/lib/python3.8/site-packages/airflow/example_dags/example_datasets.py
[2023-10-18T16:33:52.588+0000] {logging_mixin.py:151} INFO - [2023-10-18T16:33:52.588+0000] {dag.py:2941} INFO - Sync 6 DAGs
[2023-10-18T16:33:52.605+0000] {logging_mixin.py:151} INFO - [2023-10-18T16:33:52.605+0000] {dag.py:3722} INFO - Setting next_dagrun for dataset_consumes_1 to None, run_after=None
[2023-10-18T16:33:52.607+0000] {logging_mixin.py:151} INFO - [2023-10-18T16:33:52.607+0000] {dag.py:3722} INFO - Setting next_dagrun for dataset_consumes_1_and_2 to None, run_after=None
[2023-10-18T16:33:52.608+0000] {logging_mixin.py:151} INFO - [2023-10-18T16:33:52.608+0000] {dag.py:3722} INFO - Setting next_dagrun for dataset_consumes_1_never_scheduled to None, run_after=None
[2023-10-18T16:33:52.609+0000] {logging_mixin.py:151} INFO - [2023-10-18T16:33:52.609+0000] {dag.py:3722} INFO - Setting next_dagrun for dataset_consumes_unknown_never_scheduled to None, run_after=None
[2023-10-18T16:33:52.611+0000] {logging_mixin.py:151} INFO - [2023-10-18T16:33:52.611+0000] {dag.py:3722} INFO - Setting next_dagrun for dataset_produces_1 to 2023-10-17T00:00:00+00:00, run_after=2023-10-18T00:00:00+00:00
[2023-10-18T16:33:52.614+0000] {logging_mixin.py:151} INFO - [2023-10-18T16:33:52.614+0000] {dag.py:3722} INFO - Setting next_dagrun for dataset_produces_2 to None, run_after=None
[2023-10-18T16:33:52.630+0000] {processor.py:179} INFO - Processing /home/airflow/.local/lib/python3.8/site-packages/airflow/example_dags/example_datasets.py took 0.086 seconds
[2023-10-18T16:34:22.910+0000] {processor.py:157} INFO - Started process (PID=492) to work on /home/airflow/.local/lib/python3.8/site-packages/airflow/example_dags/example_datasets.py
[2023-10-18T16:34:22.911+0000] {processor.py:829} INFO - Processing file /home/airflow/.local/lib/python3.8/site-packages/airflow/example_dags/example_datasets.py for tasks to queue
[2023-10-18T16:34:22.913+0000] {logging_mixin.py:151} INFO - [2023-10-18T16:34:22.913+0000] {dagbag.py:536} INFO - Filling up the DagBag from /home/airflow/.local/lib/python3.8/site-packages/airflow/example_dags/example_datasets.py
[2023-10-18T16:34:22.920+0000] {processor.py:839} INFO - DAG(s) dict_keys(['dataset_produces_1', 'dataset_consumes_unknown_never_scheduled', 'dataset_produces_2', 'dataset_consumes_1_and_2', 'dataset_consumes_1_never_scheduled', 'dataset_consumes_1']) retrieved from /home/airflow/.local/lib/python3.8/site-packages/airflow/example_dags/example_datasets.py
[2023-10-18T16:34:22.944+0000] {logging_mixin.py:151} INFO - [2023-10-18T16:34:22.943+0000] {dag.py:2941} INFO - Sync 6 DAGs
[2023-10-18T16:34:22.957+0000] {logging_mixin.py:151} INFO - [2023-10-18T16:34:22.957+0000] {dag.py:3722} INFO - Setting next_dagrun for dataset_consumes_1 to None, run_after=None
[2023-10-18T16:34:22.960+0000] {logging_mixin.py:151} INFO - [2023-10-18T16:34:22.960+0000] {dag.py:3722} INFO - Setting next_dagrun for dataset_consumes_1_and_2 to None, run_after=None
[2023-10-18T16:34:22.962+0000] {logging_mixin.py:151} INFO - [2023-10-18T16:34:22.962+0000] {dag.py:3722} INFO - Setting next_dagrun for dataset_consumes_1_never_scheduled to None, run_after=None
[2023-10-18T16:34:22.963+0000] {logging_mixin.py:151} INFO - [2023-10-18T16:34:22.963+0000] {dag.py:3722} INFO - Setting next_dagrun for dataset_consumes_unknown_never_scheduled to None, run_after=None
[2023-10-18T16:34:22.965+0000] {logging_mixin.py:151} INFO - [2023-10-18T16:34:22.965+0000] {dag.py:3722} INFO - Setting next_dagrun for dataset_produces_1 to 2023-10-17T00:00:00+00:00, run_after=2023-10-18T00:00:00+00:00
[2023-10-18T16:34:22.966+0000] {logging_mixin.py:151} INFO - [2023-10-18T16:34:22.966+0000] {dag.py:3722} INFO - Setting next_dagrun for dataset_produces_2 to None, run_after=None
[2023-10-18T16:34:22.982+0000] {processor.py:179} INFO - Processing /home/airflow/.local/lib/python3.8/site-packages/airflow/example_dags/example_datasets.py took 0.075 seconds
[2023-10-18T16:34:54.124+0000] {processor.py:157} INFO - Started process (PID=546) to work on /home/airflow/.local/lib/python3.8/site-packages/airflow/example_dags/example_datasets.py
[2023-10-18T16:34:54.125+0000] {processor.py:829} INFO - Processing file /home/airflow/.local/lib/python3.8/site-packages/airflow/example_dags/example_datasets.py for tasks to queue
[2023-10-18T16:34:54.127+0000] {logging_mixin.py:151} INFO - [2023-10-18T16:34:54.127+0000] {dagbag.py:536} INFO - Filling up the DagBag from /home/airflow/.local/lib/python3.8/site-packages/airflow/example_dags/example_datasets.py
[2023-10-18T16:34:54.139+0000] {processor.py:839} INFO - DAG(s) dict_keys(['dataset_produces_1', 'dataset_produces_2', 'dataset_consumes_1_never_scheduled', 'dataset_consumes_1', 'dataset_consumes_1_and_2', 'dataset_consumes_unknown_never_scheduled']) retrieved from /home/airflow/.local/lib/python3.8/site-packages/airflow/example_dags/example_datasets.py
[2023-10-18T16:34:54.170+0000] {logging_mixin.py:151} INFO - [2023-10-18T16:34:54.170+0000] {dag.py:2941} INFO - Sync 6 DAGs
[2023-10-18T16:34:54.190+0000] {logging_mixin.py:151} INFO - [2023-10-18T16:34:54.190+0000] {dag.py:3722} INFO - Setting next_dagrun for dataset_consumes_1 to None, run_after=None
[2023-10-18T16:34:54.196+0000] {logging_mixin.py:151} INFO - [2023-10-18T16:34:54.196+0000] {dag.py:3722} INFO - Setting next_dagrun for dataset_consumes_1_and_2 to None, run_after=None
[2023-10-18T16:34:54.199+0000] {logging_mixin.py:151} INFO - [2023-10-18T16:34:54.199+0000] {dag.py:3722} INFO - Setting next_dagrun for dataset_consumes_1_never_scheduled to None, run_after=None
[2023-10-18T16:34:54.204+0000] {logging_mixin.py:151} INFO - [2023-10-18T16:34:54.203+0000] {dag.py:3722} INFO - Setting next_dagrun for dataset_consumes_unknown_never_scheduled to None, run_after=None
[2023-10-18T16:34:54.207+0000] {logging_mixin.py:151} INFO - [2023-10-18T16:34:54.207+0000] {dag.py:3722} INFO - Setting next_dagrun for dataset_produces_1 to 2023-10-17T00:00:00+00:00, run_after=2023-10-18T00:00:00+00:00
[2023-10-18T16:34:54.211+0000] {logging_mixin.py:151} INFO - [2023-10-18T16:34:54.210+0000] {dag.py:3722} INFO - Setting next_dagrun for dataset_produces_2 to None, run_after=None
[2023-10-18T16:34:54.232+0000] {processor.py:179} INFO - Processing /home/airflow/.local/lib/python3.8/site-packages/airflow/example_dags/example_datasets.py took 0.112 seconds
[2023-10-18T16:35:24.773+0000] {processor.py:157} INFO - Started process (PID=599) to work on /home/airflow/.local/lib/python3.8/site-packages/airflow/example_dags/example_datasets.py
[2023-10-18T16:35:24.774+0000] {processor.py:829} INFO - Processing file /home/airflow/.local/lib/python3.8/site-packages/airflow/example_dags/example_datasets.py for tasks to queue
[2023-10-18T16:35:24.777+0000] {logging_mixin.py:151} INFO - [2023-10-18T16:35:24.776+0000] {dagbag.py:536} INFO - Filling up the DagBag from /home/airflow/.local/lib/python3.8/site-packages/airflow/example_dags/example_datasets.py
[2023-10-18T16:35:24.784+0000] {processor.py:839} INFO - DAG(s) dict_keys(['dataset_consumes_1_never_scheduled', 'dataset_consumes_1', 'dataset_produces_1', 'dataset_produces_2', 'dataset_consumes_unknown_never_scheduled', 'dataset_consumes_1_and_2']) retrieved from /home/airflow/.local/lib/python3.8/site-packages/airflow/example_dags/example_datasets.py
[2023-10-18T16:35:24.811+0000] {logging_mixin.py:151} INFO - [2023-10-18T16:35:24.811+0000] {dag.py:2941} INFO - Sync 6 DAGs
[2023-10-18T16:35:24.827+0000] {logging_mixin.py:151} INFO - [2023-10-18T16:35:24.827+0000] {dag.py:3722} INFO - Setting next_dagrun for dataset_consumes_1 to None, run_after=None
[2023-10-18T16:35:24.830+0000] {logging_mixin.py:151} INFO - [2023-10-18T16:35:24.830+0000] {dag.py:3722} INFO - Setting next_dagrun for dataset_consumes_1_and_2 to None, run_after=None
[2023-10-18T16:35:24.831+0000] {logging_mixin.py:151} INFO - [2023-10-18T16:35:24.831+0000] {dag.py:3722} INFO - Setting next_dagrun for dataset_consumes_1_never_scheduled to None, run_after=None
[2023-10-18T16:35:24.832+0000] {logging_mixin.py:151} INFO - [2023-10-18T16:35:24.832+0000] {dag.py:3722} INFO - Setting next_dagrun for dataset_consumes_unknown_never_scheduled to None, run_after=None
[2023-10-18T16:35:24.834+0000] {logging_mixin.py:151} INFO - [2023-10-18T16:35:24.834+0000] {dag.py:3722} INFO - Setting next_dagrun for dataset_produces_1 to 2023-10-17T00:00:00+00:00, run_after=2023-10-18T00:00:00+00:00
[2023-10-18T16:35:24.835+0000] {logging_mixin.py:151} INFO - [2023-10-18T16:35:24.835+0000] {dag.py:3722} INFO - Setting next_dagrun for dataset_produces_2 to None, run_after=None
[2023-10-18T16:35:24.853+0000] {processor.py:179} INFO - Processing /home/airflow/.local/lib/python3.8/site-packages/airflow/example_dags/example_datasets.py took 0.084 seconds
[2023-10-18T16:35:55.336+0000] {processor.py:157} INFO - Started process (PID=653) to work on /home/airflow/.local/lib/python3.8/site-packages/airflow/example_dags/example_datasets.py
[2023-10-18T16:35:55.338+0000] {processor.py:829} INFO - Processing file /home/airflow/.local/lib/python3.8/site-packages/airflow/example_dags/example_datasets.py for tasks to queue
[2023-10-18T16:35:55.341+0000] {logging_mixin.py:151} INFO - [2023-10-18T16:35:55.340+0000] {dagbag.py:536} INFO - Filling up the DagBag from /home/airflow/.local/lib/python3.8/site-packages/airflow/example_dags/example_datasets.py
[2023-10-18T16:35:55.353+0000] {processor.py:839} INFO - DAG(s) dict_keys(['dataset_consumes_unknown_never_scheduled', 'dataset_consumes_1_never_scheduled', 'dataset_produces_2', 'dataset_consumes_1', 'dataset_consumes_1_and_2', 'dataset_produces_1']) retrieved from /home/airflow/.local/lib/python3.8/site-packages/airflow/example_dags/example_datasets.py
[2023-10-18T16:35:55.388+0000] {logging_mixin.py:151} INFO - [2023-10-18T16:35:55.388+0000] {dag.py:2941} INFO - Sync 6 DAGs
[2023-10-18T16:35:55.408+0000] {logging_mixin.py:151} INFO - [2023-10-18T16:35:55.408+0000] {dag.py:3722} INFO - Setting next_dagrun for dataset_consumes_1 to None, run_after=None
[2023-10-18T16:35:55.412+0000] {logging_mixin.py:151} INFO - [2023-10-18T16:35:55.411+0000] {dag.py:3722} INFO - Setting next_dagrun for dataset_consumes_1_and_2 to None, run_after=None
[2023-10-18T16:35:55.413+0000] {logging_mixin.py:151} INFO - [2023-10-18T16:35:55.413+0000] {dag.py:3722} INFO - Setting next_dagrun for dataset_consumes_1_never_scheduled to None, run_after=None
[2023-10-18T16:35:55.414+0000] {logging_mixin.py:151} INFO - [2023-10-18T16:35:55.414+0000] {dag.py:3722} INFO - Setting next_dagrun for dataset_consumes_unknown_never_scheduled to None, run_after=None
[2023-10-18T16:35:55.417+0000] {logging_mixin.py:151} INFO - [2023-10-18T16:35:55.417+0000] {dag.py:3722} INFO - Setting next_dagrun for dataset_produces_1 to 2023-10-17T00:00:00+00:00, run_after=2023-10-18T00:00:00+00:00
[2023-10-18T16:35:55.418+0000] {logging_mixin.py:151} INFO - [2023-10-18T16:35:55.418+0000] {dag.py:3722} INFO - Setting next_dagrun for dataset_produces_2 to None, run_after=None
[2023-10-18T16:35:55.642+0000] {processor.py:179} INFO - Processing /home/airflow/.local/lib/python3.8/site-packages/airflow/example_dags/example_datasets.py took 0.309 seconds
