[2023-10-18T16:30:19.460+0000] {processor.py:157} INFO - Started process (PID=61) to work on /home/airflow/.local/lib/python3.8/site-packages/airflow/example_dags/example_sla_dag.py
[2023-10-18T16:30:19.462+0000] {processor.py:829} INFO - Processing file /home/airflow/.local/lib/python3.8/site-packages/airflow/example_dags/example_sla_dag.py for tasks to queue
[2023-10-18T16:30:19.465+0000] {logging_mixin.py:151} INFO - [2023-10-18T16:30:19.465+0000] {dagbag.py:536} INFO - Filling up the DagBag from /home/airflow/.local/lib/python3.8/site-packages/airflow/example_dags/example_sla_dag.py
[2023-10-18T16:30:19.476+0000] {processor.py:839} INFO - DAG(s) dict_keys(['example_sla_dag']) retrieved from /home/airflow/.local/lib/python3.8/site-packages/airflow/example_dags/example_sla_dag.py
[2023-10-18T16:30:19.498+0000] {logging_mixin.py:151} INFO - [2023-10-18T16:30:19.498+0000] {dag.py:2941} INFO - Sync 1 DAGs
[2023-10-18T16:30:19.564+0000] {logging_mixin.py:151} INFO - [2023-10-18T16:30:19.564+0000] {dag.py:3722} INFO - Setting next_dagrun for example_sla_dag to 2023-10-18T16:28:00+00:00, run_after=2023-10-18T16:30:00+00:00
[2023-10-18T16:30:19.590+0000] {processor.py:179} INFO - Processing /home/airflow/.local/lib/python3.8/site-packages/airflow/example_dags/example_sla_dag.py took 0.134 seconds
[2023-10-18T16:30:50.328+0000] {processor.py:157} INFO - Started process (PID=115) to work on /home/airflow/.local/lib/python3.8/site-packages/airflow/example_dags/example_sla_dag.py
[2023-10-18T16:30:50.329+0000] {processor.py:829} INFO - Processing file /home/airflow/.local/lib/python3.8/site-packages/airflow/example_dags/example_sla_dag.py for tasks to queue
[2023-10-18T16:30:50.331+0000] {logging_mixin.py:151} INFO - [2023-10-18T16:30:50.331+0000] {dagbag.py:536} INFO - Filling up the DagBag from /home/airflow/.local/lib/python3.8/site-packages/airflow/example_dags/example_sla_dag.py
[2023-10-18T16:30:50.338+0000] {processor.py:839} INFO - DAG(s) dict_keys(['example_sla_dag']) retrieved from /home/airflow/.local/lib/python3.8/site-packages/airflow/example_dags/example_sla_dag.py
[2023-10-18T16:30:50.354+0000] {logging_mixin.py:151} INFO - [2023-10-18T16:30:50.354+0000] {dag.py:2941} INFO - Sync 1 DAGs
[2023-10-18T16:30:50.369+0000] {logging_mixin.py:151} INFO - [2023-10-18T16:30:50.369+0000] {dag.py:3722} INFO - Setting next_dagrun for example_sla_dag to 2023-10-18T16:28:00+00:00, run_after=2023-10-18T16:30:00+00:00
[2023-10-18T16:30:50.379+0000] {processor.py:179} INFO - Processing /home/airflow/.local/lib/python3.8/site-packages/airflow/example_dags/example_sla_dag.py took 0.053 seconds
[2023-10-18T16:31:20.441+0000] {processor.py:157} INFO - Started process (PID=169) to work on /home/airflow/.local/lib/python3.8/site-packages/airflow/example_dags/example_sla_dag.py
[2023-10-18T16:31:20.442+0000] {processor.py:829} INFO - Processing file /home/airflow/.local/lib/python3.8/site-packages/airflow/example_dags/example_sla_dag.py for tasks to queue
[2023-10-18T16:31:20.444+0000] {logging_mixin.py:151} INFO - [2023-10-18T16:31:20.444+0000] {dagbag.py:536} INFO - Filling up the DagBag from /home/airflow/.local/lib/python3.8/site-packages/airflow/example_dags/example_sla_dag.py
[2023-10-18T16:31:20.451+0000] {processor.py:839} INFO - DAG(s) dict_keys(['example_sla_dag']) retrieved from /home/airflow/.local/lib/python3.8/site-packages/airflow/example_dags/example_sla_dag.py
[2023-10-18T16:31:20.467+0000] {logging_mixin.py:151} INFO - [2023-10-18T16:31:20.467+0000] {dag.py:2941} INFO - Sync 1 DAGs
[2023-10-18T16:31:20.481+0000] {logging_mixin.py:151} INFO - [2023-10-18T16:31:20.481+0000] {dag.py:3722} INFO - Setting next_dagrun for example_sla_dag to 2023-10-18T16:28:00+00:00, run_after=2023-10-18T16:30:00+00:00
[2023-10-18T16:31:20.492+0000] {processor.py:179} INFO - Processing /home/airflow/.local/lib/python3.8/site-packages/airflow/example_dags/example_sla_dag.py took 0.053 seconds
[2023-10-18T16:31:50.990+0000] {processor.py:157} INFO - Started process (PID=223) to work on /home/airflow/.local/lib/python3.8/site-packages/airflow/example_dags/example_sla_dag.py
[2023-10-18T16:31:50.991+0000] {processor.py:829} INFO - Processing file /home/airflow/.local/lib/python3.8/site-packages/airflow/example_dags/example_sla_dag.py for tasks to queue
[2023-10-18T16:31:50.997+0000] {logging_mixin.py:151} INFO - [2023-10-18T16:31:50.996+0000] {dagbag.py:536} INFO - Filling up the DagBag from /home/airflow/.local/lib/python3.8/site-packages/airflow/example_dags/example_sla_dag.py
[2023-10-18T16:31:51.006+0000] {processor.py:839} INFO - DAG(s) dict_keys(['example_sla_dag']) retrieved from /home/airflow/.local/lib/python3.8/site-packages/airflow/example_dags/example_sla_dag.py
[2023-10-18T16:31:51.023+0000] {logging_mixin.py:151} INFO - [2023-10-18T16:31:51.023+0000] {dag.py:2941} INFO - Sync 1 DAGs
[2023-10-18T16:31:51.038+0000] {logging_mixin.py:151} INFO - [2023-10-18T16:31:51.037+0000] {dag.py:3722} INFO - Setting next_dagrun for example_sla_dag to 2023-10-18T16:28:00+00:00, run_after=2023-10-18T16:30:00+00:00
[2023-10-18T16:31:51.048+0000] {processor.py:179} INFO - Processing /home/airflow/.local/lib/python3.8/site-packages/airflow/example_dags/example_sla_dag.py took 0.061 seconds
[2023-10-18T16:32:21.430+0000] {processor.py:157} INFO - Started process (PID=277) to work on /home/airflow/.local/lib/python3.8/site-packages/airflow/example_dags/example_sla_dag.py
[2023-10-18T16:32:21.431+0000] {processor.py:829} INFO - Processing file /home/airflow/.local/lib/python3.8/site-packages/airflow/example_dags/example_sla_dag.py for tasks to queue
[2023-10-18T16:32:21.433+0000] {logging_mixin.py:151} INFO - [2023-10-18T16:32:21.433+0000] {dagbag.py:536} INFO - Filling up the DagBag from /home/airflow/.local/lib/python3.8/site-packages/airflow/example_dags/example_sla_dag.py
[2023-10-18T16:32:21.440+0000] {processor.py:839} INFO - DAG(s) dict_keys(['example_sla_dag']) retrieved from /home/airflow/.local/lib/python3.8/site-packages/airflow/example_dags/example_sla_dag.py
[2023-10-18T16:32:21.461+0000] {logging_mixin.py:151} INFO - [2023-10-18T16:32:21.460+0000] {dag.py:2941} INFO - Sync 1 DAGs
[2023-10-18T16:32:21.485+0000] {logging_mixin.py:151} INFO - [2023-10-18T16:32:21.484+0000] {dag.py:3722} INFO - Setting next_dagrun for example_sla_dag to 2023-10-18T16:30:00+00:00, run_after=2023-10-18T16:32:00+00:00
[2023-10-18T16:32:21.499+0000] {processor.py:179} INFO - Processing /home/airflow/.local/lib/python3.8/site-packages/airflow/example_dags/example_sla_dag.py took 0.072 seconds
[2023-10-18T16:32:51.590+0000] {processor.py:157} INFO - Started process (PID=331) to work on /home/airflow/.local/lib/python3.8/site-packages/airflow/example_dags/example_sla_dag.py
[2023-10-18T16:32:51.591+0000] {processor.py:829} INFO - Processing file /home/airflow/.local/lib/python3.8/site-packages/airflow/example_dags/example_sla_dag.py for tasks to queue
[2023-10-18T16:32:51.593+0000] {logging_mixin.py:151} INFO - [2023-10-18T16:32:51.593+0000] {dagbag.py:536} INFO - Filling up the DagBag from /home/airflow/.local/lib/python3.8/site-packages/airflow/example_dags/example_sla_dag.py
[2023-10-18T16:32:51.602+0000] {processor.py:839} INFO - DAG(s) dict_keys(['example_sla_dag']) retrieved from /home/airflow/.local/lib/python3.8/site-packages/airflow/example_dags/example_sla_dag.py
[2023-10-18T16:32:51.622+0000] {logging_mixin.py:151} INFO - [2023-10-18T16:32:51.622+0000] {dag.py:2941} INFO - Sync 1 DAGs
[2023-10-18T16:32:51.637+0000] {logging_mixin.py:151} INFO - [2023-10-18T16:32:51.637+0000] {dag.py:3722} INFO - Setting next_dagrun for example_sla_dag to 2023-10-18T16:30:00+00:00, run_after=2023-10-18T16:32:00+00:00
[2023-10-18T16:32:51.647+0000] {processor.py:179} INFO - Processing /home/airflow/.local/lib/python3.8/site-packages/airflow/example_dags/example_sla_dag.py took 0.060 seconds
[2023-10-18T16:33:22.382+0000] {processor.py:157} INFO - Started process (PID=385) to work on /home/airflow/.local/lib/python3.8/site-packages/airflow/example_dags/example_sla_dag.py
[2023-10-18T16:33:22.383+0000] {processor.py:829} INFO - Processing file /home/airflow/.local/lib/python3.8/site-packages/airflow/example_dags/example_sla_dag.py for tasks to queue
[2023-10-18T16:33:22.386+0000] {logging_mixin.py:151} INFO - [2023-10-18T16:33:22.386+0000] {dagbag.py:536} INFO - Filling up the DagBag from /home/airflow/.local/lib/python3.8/site-packages/airflow/example_dags/example_sla_dag.py
[2023-10-18T16:33:22.393+0000] {processor.py:839} INFO - DAG(s) dict_keys(['example_sla_dag']) retrieved from /home/airflow/.local/lib/python3.8/site-packages/airflow/example_dags/example_sla_dag.py
[2023-10-18T16:33:22.410+0000] {logging_mixin.py:151} INFO - [2023-10-18T16:33:22.410+0000] {dag.py:2941} INFO - Sync 1 DAGs
[2023-10-18T16:33:22.425+0000] {logging_mixin.py:151} INFO - [2023-10-18T16:33:22.424+0000] {dag.py:3722} INFO - Setting next_dagrun for example_sla_dag to 2023-10-18T16:30:00+00:00, run_after=2023-10-18T16:32:00+00:00
[2023-10-18T16:33:22.435+0000] {processor.py:179} INFO - Processing /home/airflow/.local/lib/python3.8/site-packages/airflow/example_dags/example_sla_dag.py took 0.056 seconds
[2023-10-18T16:33:52.655+0000] {processor.py:157} INFO - Started process (PID=439) to work on /home/airflow/.local/lib/python3.8/site-packages/airflow/example_dags/example_sla_dag.py
[2023-10-18T16:33:52.656+0000] {processor.py:829} INFO - Processing file /home/airflow/.local/lib/python3.8/site-packages/airflow/example_dags/example_sla_dag.py for tasks to queue
[2023-10-18T16:33:52.658+0000] {logging_mixin.py:151} INFO - [2023-10-18T16:33:52.658+0000] {dagbag.py:536} INFO - Filling up the DagBag from /home/airflow/.local/lib/python3.8/site-packages/airflow/example_dags/example_sla_dag.py
[2023-10-18T16:33:52.664+0000] {processor.py:839} INFO - DAG(s) dict_keys(['example_sla_dag']) retrieved from /home/airflow/.local/lib/python3.8/site-packages/airflow/example_dags/example_sla_dag.py
[2023-10-18T16:33:52.681+0000] {logging_mixin.py:151} INFO - [2023-10-18T16:33:52.681+0000] {dag.py:2941} INFO - Sync 1 DAGs
[2023-10-18T16:33:52.696+0000] {logging_mixin.py:151} INFO - [2023-10-18T16:33:52.696+0000] {dag.py:3722} INFO - Setting next_dagrun for example_sla_dag to 2023-10-18T16:30:00+00:00, run_after=2023-10-18T16:32:00+00:00
[2023-10-18T16:33:52.706+0000] {processor.py:179} INFO - Processing /home/airflow/.local/lib/python3.8/site-packages/airflow/example_dags/example_sla_dag.py took 0.054 seconds
[2023-10-18T16:34:23.006+0000] {processor.py:157} INFO - Started process (PID=494) to work on /home/airflow/.local/lib/python3.8/site-packages/airflow/example_dags/example_sla_dag.py
[2023-10-18T16:34:23.007+0000] {processor.py:829} INFO - Processing file /home/airflow/.local/lib/python3.8/site-packages/airflow/example_dags/example_sla_dag.py for tasks to queue
[2023-10-18T16:34:23.009+0000] {logging_mixin.py:151} INFO - [2023-10-18T16:34:23.008+0000] {dagbag.py:536} INFO - Filling up the DagBag from /home/airflow/.local/lib/python3.8/site-packages/airflow/example_dags/example_sla_dag.py
[2023-10-18T16:34:23.015+0000] {processor.py:839} INFO - DAG(s) dict_keys(['example_sla_dag']) retrieved from /home/airflow/.local/lib/python3.8/site-packages/airflow/example_dags/example_sla_dag.py
[2023-10-18T16:34:23.034+0000] {logging_mixin.py:151} INFO - [2023-10-18T16:34:23.033+0000] {dag.py:2941} INFO - Sync 1 DAGs
[2023-10-18T16:34:23.049+0000] {logging_mixin.py:151} INFO - [2023-10-18T16:34:23.049+0000] {dag.py:3722} INFO - Setting next_dagrun for example_sla_dag to 2023-10-18T16:32:00+00:00, run_after=2023-10-18T16:34:00+00:00
[2023-10-18T16:34:23.059+0000] {processor.py:179} INFO - Processing /home/airflow/.local/lib/python3.8/site-packages/airflow/example_dags/example_sla_dag.py took 0.056 seconds
[2023-10-18T16:34:54.277+0000] {processor.py:157} INFO - Started process (PID=548) to work on /home/airflow/.local/lib/python3.8/site-packages/airflow/example_dags/example_sla_dag.py
[2023-10-18T16:34:54.279+0000] {processor.py:829} INFO - Processing file /home/airflow/.local/lib/python3.8/site-packages/airflow/example_dags/example_sla_dag.py for tasks to queue
[2023-10-18T16:34:54.283+0000] {logging_mixin.py:151} INFO - [2023-10-18T16:34:54.283+0000] {dagbag.py:536} INFO - Filling up the DagBag from /home/airflow/.local/lib/python3.8/site-packages/airflow/example_dags/example_sla_dag.py
[2023-10-18T16:34:54.296+0000] {processor.py:839} INFO - DAG(s) dict_keys(['example_sla_dag']) retrieved from /home/airflow/.local/lib/python3.8/site-packages/airflow/example_dags/example_sla_dag.py
[2023-10-18T16:34:54.317+0000] {logging_mixin.py:151} INFO - [2023-10-18T16:34:54.316+0000] {dag.py:2941} INFO - Sync 1 DAGs
[2023-10-18T16:34:54.337+0000] {logging_mixin.py:151} INFO - [2023-10-18T16:34:54.337+0000] {dag.py:3722} INFO - Setting next_dagrun for example_sla_dag to 2023-10-18T16:32:00+00:00, run_after=2023-10-18T16:34:00+00:00
[2023-10-18T16:34:54.351+0000] {processor.py:179} INFO - Processing /home/airflow/.local/lib/python3.8/site-packages/airflow/example_dags/example_sla_dag.py took 0.079 seconds
[2023-10-18T16:35:24.881+0000] {processor.py:157} INFO - Started process (PID=601) to work on /home/airflow/.local/lib/python3.8/site-packages/airflow/example_dags/example_sla_dag.py
[2023-10-18T16:35:24.882+0000] {processor.py:829} INFO - Processing file /home/airflow/.local/lib/python3.8/site-packages/airflow/example_dags/example_sla_dag.py for tasks to queue
[2023-10-18T16:35:24.884+0000] {logging_mixin.py:151} INFO - [2023-10-18T16:35:24.884+0000] {dagbag.py:536} INFO - Filling up the DagBag from /home/airflow/.local/lib/python3.8/site-packages/airflow/example_dags/example_sla_dag.py
[2023-10-18T16:35:24.891+0000] {processor.py:839} INFO - DAG(s) dict_keys(['example_sla_dag']) retrieved from /home/airflow/.local/lib/python3.8/site-packages/airflow/example_dags/example_sla_dag.py
[2023-10-18T16:35:24.908+0000] {logging_mixin.py:151} INFO - [2023-10-18T16:35:24.908+0000] {dag.py:2941} INFO - Sync 1 DAGs
[2023-10-18T16:35:24.924+0000] {logging_mixin.py:151} INFO - [2023-10-18T16:35:24.923+0000] {dag.py:3722} INFO - Setting next_dagrun for example_sla_dag to 2023-10-18T16:32:00+00:00, run_after=2023-10-18T16:34:00+00:00
[2023-10-18T16:35:24.936+0000] {processor.py:179} INFO - Processing /home/airflow/.local/lib/python3.8/site-packages/airflow/example_dags/example_sla_dag.py took 0.058 seconds
[2023-10-18T16:35:55.688+0000] {processor.py:157} INFO - Started process (PID=656) to work on /home/airflow/.local/lib/python3.8/site-packages/airflow/example_dags/example_sla_dag.py
[2023-10-18T16:35:55.690+0000] {processor.py:829} INFO - Processing file /home/airflow/.local/lib/python3.8/site-packages/airflow/example_dags/example_sla_dag.py for tasks to queue
[2023-10-18T16:35:55.692+0000] {logging_mixin.py:151} INFO - [2023-10-18T16:35:55.692+0000] {dagbag.py:536} INFO - Filling up the DagBag from /home/airflow/.local/lib/python3.8/site-packages/airflow/example_dags/example_sla_dag.py
[2023-10-18T16:35:55.702+0000] {processor.py:839} INFO - DAG(s) dict_keys(['example_sla_dag']) retrieved from /home/airflow/.local/lib/python3.8/site-packages/airflow/example_dags/example_sla_dag.py
[2023-10-18T16:35:55.723+0000] {logging_mixin.py:151} INFO - [2023-10-18T16:35:55.723+0000] {dag.py:2941} INFO - Sync 1 DAGs
[2023-10-18T16:35:55.741+0000] {logging_mixin.py:151} INFO - [2023-10-18T16:35:55.741+0000] {dag.py:3722} INFO - Setting next_dagrun for example_sla_dag to 2023-10-18T16:32:00+00:00, run_after=2023-10-18T16:34:00+00:00
[2023-10-18T16:35:55.753+0000] {processor.py:179} INFO - Processing /home/airflow/.local/lib/python3.8/site-packages/airflow/example_dags/example_sla_dag.py took 0.067 seconds
