[2023-10-18T16:30:17.003+0000] {processor.py:157} INFO - Started process (PID=31) to work on /home/airflow/.local/lib/python3.8/site-packages/airflow/example_dags/example_short_circuit_decorator.py
[2023-10-18T16:30:17.005+0000] {processor.py:829} INFO - Processing file /home/airflow/.local/lib/python3.8/site-packages/airflow/example_dags/example_short_circuit_decorator.py for tasks to queue
[2023-10-18T16:30:17.009+0000] {logging_mixin.py:151} INFO - [2023-10-18T16:30:17.008+0000] {dagbag.py:536} INFO - Filling up the DagBag from /home/airflow/.local/lib/python3.8/site-packages/airflow/example_dags/example_short_circuit_decorator.py
[2023-10-18T16:30:17.037+0000] {processor.py:839} INFO - DAG(s) dict_keys(['example_short_circuit_decorator']) retrieved from /home/airflow/.local/lib/python3.8/site-packages/airflow/example_dags/example_short_circuit_decorator.py
[2023-10-18T16:30:17.073+0000] {logging_mixin.py:151} INFO - [2023-10-18T16:30:17.073+0000] {dag.py:2941} INFO - Sync 1 DAGs
[2023-10-18T16:30:17.100+0000] {logging_mixin.py:151} INFO - [2023-10-18T16:30:17.099+0000] {dag.py:3722} INFO - Setting next_dagrun for example_short_circuit_decorator to 2023-10-17T16:30:17.098517+00:00, run_after=2023-10-18T16:30:17.098517+00:00
[2023-10-18T16:30:17.125+0000] {processor.py:179} INFO - Processing /home/airflow/.local/lib/python3.8/site-packages/airflow/example_dags/example_short_circuit_decorator.py took 0.128 seconds
[2023-10-18T16:30:47.701+0000] {processor.py:157} INFO - Started process (PID=85) to work on /home/airflow/.local/lib/python3.8/site-packages/airflow/example_dags/example_short_circuit_decorator.py
[2023-10-18T16:30:47.703+0000] {processor.py:829} INFO - Processing file /home/airflow/.local/lib/python3.8/site-packages/airflow/example_dags/example_short_circuit_decorator.py for tasks to queue
[2023-10-18T16:30:47.709+0000] {logging_mixin.py:151} INFO - [2023-10-18T16:30:47.709+0000] {dagbag.py:536} INFO - Filling up the DagBag from /home/airflow/.local/lib/python3.8/site-packages/airflow/example_dags/example_short_circuit_decorator.py
[2023-10-18T16:30:47.723+0000] {processor.py:839} INFO - DAG(s) dict_keys(['example_short_circuit_decorator']) retrieved from /home/airflow/.local/lib/python3.8/site-packages/airflow/example_dags/example_short_circuit_decorator.py
[2023-10-18T16:30:47.752+0000] {logging_mixin.py:151} INFO - [2023-10-18T16:30:47.752+0000] {dag.py:2941} INFO - Sync 1 DAGs
[2023-10-18T16:30:47.794+0000] {logging_mixin.py:151} INFO - [2023-10-18T16:30:47.794+0000] {dag.py:3722} INFO - Setting next_dagrun for example_short_circuit_decorator to 2023-10-17T16:30:47.793683+00:00, run_after=2023-10-18T16:30:47.793683+00:00
[2023-10-18T16:30:47.806+0000] {processor.py:179} INFO - Processing /home/airflow/.local/lib/python3.8/site-packages/airflow/example_dags/example_short_circuit_decorator.py took 0.113 seconds
[2023-10-18T16:31:17.957+0000] {processor.py:157} INFO - Started process (PID=139) to work on /home/airflow/.local/lib/python3.8/site-packages/airflow/example_dags/example_short_circuit_decorator.py
[2023-10-18T16:31:17.959+0000] {processor.py:829} INFO - Processing file /home/airflow/.local/lib/python3.8/site-packages/airflow/example_dags/example_short_circuit_decorator.py for tasks to queue
[2023-10-18T16:31:17.964+0000] {logging_mixin.py:151} INFO - [2023-10-18T16:31:17.964+0000] {dagbag.py:536} INFO - Filling up the DagBag from /home/airflow/.local/lib/python3.8/site-packages/airflow/example_dags/example_short_circuit_decorator.py
[2023-10-18T16:31:17.980+0000] {processor.py:839} INFO - DAG(s) dict_keys(['example_short_circuit_decorator']) retrieved from /home/airflow/.local/lib/python3.8/site-packages/airflow/example_dags/example_short_circuit_decorator.py
[2023-10-18T16:31:18.029+0000] {logging_mixin.py:151} INFO - [2023-10-18T16:31:18.029+0000] {dag.py:2941} INFO - Sync 1 DAGs
[2023-10-18T16:31:18.055+0000] {logging_mixin.py:151} INFO - [2023-10-18T16:31:18.055+0000] {dag.py:3722} INFO - Setting next_dagrun for example_short_circuit_decorator to 2023-10-17T16:31:18.054690+00:00, run_after=2023-10-18T16:31:18.054690+00:00
[2023-10-18T16:31:18.072+0000] {processor.py:179} INFO - Processing /home/airflow/.local/lib/python3.8/site-packages/airflow/example_dags/example_short_circuit_decorator.py took 0.135 seconds
[2023-10-18T16:31:48.314+0000] {processor.py:157} INFO - Started process (PID=194) to work on /home/airflow/.local/lib/python3.8/site-packages/airflow/example_dags/example_short_circuit_decorator.py
[2023-10-18T16:31:48.315+0000] {processor.py:829} INFO - Processing file /home/airflow/.local/lib/python3.8/site-packages/airflow/example_dags/example_short_circuit_decorator.py for tasks to queue
[2023-10-18T16:31:48.317+0000] {logging_mixin.py:151} INFO - [2023-10-18T16:31:48.317+0000] {dagbag.py:536} INFO - Filling up the DagBag from /home/airflow/.local/lib/python3.8/site-packages/airflow/example_dags/example_short_circuit_decorator.py
[2023-10-18T16:31:48.324+0000] {processor.py:839} INFO - DAG(s) dict_keys(['example_short_circuit_decorator']) retrieved from /home/airflow/.local/lib/python3.8/site-packages/airflow/example_dags/example_short_circuit_decorator.py
[2023-10-18T16:31:48.352+0000] {logging_mixin.py:151} INFO - [2023-10-18T16:31:48.352+0000] {dag.py:2941} INFO - Sync 1 DAGs
[2023-10-18T16:31:48.371+0000] {logging_mixin.py:151} INFO - [2023-10-18T16:31:48.370+0000] {dag.py:3722} INFO - Setting next_dagrun for example_short_circuit_decorator to 2023-10-17T16:31:48.370524+00:00, run_after=2023-10-18T16:31:48.370524+00:00
[2023-10-18T16:31:48.386+0000] {processor.py:179} INFO - Processing /home/airflow/.local/lib/python3.8/site-packages/airflow/example_dags/example_short_circuit_decorator.py took 0.076 seconds
[2023-10-18T16:32:18.711+0000] {processor.py:157} INFO - Started process (PID=247) to work on /home/airflow/.local/lib/python3.8/site-packages/airflow/example_dags/example_short_circuit_decorator.py
[2023-10-18T16:32:18.716+0000] {processor.py:829} INFO - Processing file /home/airflow/.local/lib/python3.8/site-packages/airflow/example_dags/example_short_circuit_decorator.py for tasks to queue
[2023-10-18T16:32:18.733+0000] {logging_mixin.py:151} INFO - [2023-10-18T16:32:18.733+0000] {dagbag.py:536} INFO - Filling up the DagBag from /home/airflow/.local/lib/python3.8/site-packages/airflow/example_dags/example_short_circuit_decorator.py
[2023-10-18T16:32:18.748+0000] {processor.py:839} INFO - DAG(s) dict_keys(['example_short_circuit_decorator']) retrieved from /home/airflow/.local/lib/python3.8/site-packages/airflow/example_dags/example_short_circuit_decorator.py
[2023-10-18T16:32:18.780+0000] {logging_mixin.py:151} INFO - [2023-10-18T16:32:18.780+0000] {dag.py:2941} INFO - Sync 1 DAGs
[2023-10-18T16:32:18.810+0000] {logging_mixin.py:151} INFO - [2023-10-18T16:32:18.810+0000] {dag.py:3722} INFO - Setting next_dagrun for example_short_circuit_decorator to 2023-10-17T16:32:18.810045+00:00, run_after=2023-10-18T16:32:18.810045+00:00
[2023-10-18T16:32:18.824+0000] {processor.py:179} INFO - Processing /home/airflow/.local/lib/python3.8/site-packages/airflow/example_dags/example_short_circuit_decorator.py took 0.122 seconds
[2023-10-18T16:32:49.054+0000] {processor.py:157} INFO - Started process (PID=301) to work on /home/airflow/.local/lib/python3.8/site-packages/airflow/example_dags/example_short_circuit_decorator.py
[2023-10-18T16:32:49.057+0000] {processor.py:829} INFO - Processing file /home/airflow/.local/lib/python3.8/site-packages/airflow/example_dags/example_short_circuit_decorator.py for tasks to queue
[2023-10-18T16:32:49.064+0000] {logging_mixin.py:151} INFO - [2023-10-18T16:32:49.064+0000] {dagbag.py:536} INFO - Filling up the DagBag from /home/airflow/.local/lib/python3.8/site-packages/airflow/example_dags/example_short_circuit_decorator.py
[2023-10-18T16:32:49.088+0000] {processor.py:839} INFO - DAG(s) dict_keys(['example_short_circuit_decorator']) retrieved from /home/airflow/.local/lib/python3.8/site-packages/airflow/example_dags/example_short_circuit_decorator.py
[2023-10-18T16:32:49.121+0000] {logging_mixin.py:151} INFO - [2023-10-18T16:32:49.121+0000] {dag.py:2941} INFO - Sync 1 DAGs
[2023-10-18T16:32:49.144+0000] {logging_mixin.py:151} INFO - [2023-10-18T16:32:49.144+0000] {dag.py:3722} INFO - Setting next_dagrun for example_short_circuit_decorator to 2023-10-17T16:32:49.143946+00:00, run_after=2023-10-18T16:32:49.143946+00:00
[2023-10-18T16:32:49.157+0000] {processor.py:179} INFO - Processing /home/airflow/.local/lib/python3.8/site-packages/airflow/example_dags/example_short_circuit_decorator.py took 0.118 seconds
[2023-10-18T16:33:19.632+0000] {processor.py:157} INFO - Started process (PID=355) to work on /home/airflow/.local/lib/python3.8/site-packages/airflow/example_dags/example_short_circuit_decorator.py
[2023-10-18T16:33:19.635+0000] {processor.py:829} INFO - Processing file /home/airflow/.local/lib/python3.8/site-packages/airflow/example_dags/example_short_circuit_decorator.py for tasks to queue
[2023-10-18T16:33:19.642+0000] {logging_mixin.py:151} INFO - [2023-10-18T16:33:19.641+0000] {dagbag.py:536} INFO - Filling up the DagBag from /home/airflow/.local/lib/python3.8/site-packages/airflow/example_dags/example_short_circuit_decorator.py
[2023-10-18T16:33:19.658+0000] {processor.py:839} INFO - DAG(s) dict_keys(['example_short_circuit_decorator']) retrieved from /home/airflow/.local/lib/python3.8/site-packages/airflow/example_dags/example_short_circuit_decorator.py
[2023-10-18T16:33:19.685+0000] {logging_mixin.py:151} INFO - [2023-10-18T16:33:19.685+0000] {dag.py:2941} INFO - Sync 1 DAGs
[2023-10-18T16:33:19.717+0000] {logging_mixin.py:151} INFO - [2023-10-18T16:33:19.717+0000] {dag.py:3722} INFO - Setting next_dagrun for example_short_circuit_decorator to 2023-10-17T16:33:19.716579+00:00, run_after=2023-10-18T16:33:19.716579+00:00
[2023-10-18T16:33:19.730+0000] {processor.py:179} INFO - Processing /home/airflow/.local/lib/python3.8/site-packages/airflow/example_dags/example_short_circuit_decorator.py took 0.105 seconds
[2023-10-18T16:33:49.990+0000] {processor.py:157} INFO - Started process (PID=409) to work on /home/airflow/.local/lib/python3.8/site-packages/airflow/example_dags/example_short_circuit_decorator.py
[2023-10-18T16:33:49.993+0000] {processor.py:829} INFO - Processing file /home/airflow/.local/lib/python3.8/site-packages/airflow/example_dags/example_short_circuit_decorator.py for tasks to queue
[2023-10-18T16:33:49.998+0000] {logging_mixin.py:151} INFO - [2023-10-18T16:33:49.998+0000] {dagbag.py:536} INFO - Filling up the DagBag from /home/airflow/.local/lib/python3.8/site-packages/airflow/example_dags/example_short_circuit_decorator.py
[2023-10-18T16:33:50.022+0000] {processor.py:839} INFO - DAG(s) dict_keys(['example_short_circuit_decorator']) retrieved from /home/airflow/.local/lib/python3.8/site-packages/airflow/example_dags/example_short_circuit_decorator.py
[2023-10-18T16:33:50.059+0000] {logging_mixin.py:151} INFO - [2023-10-18T16:33:50.059+0000] {dag.py:2941} INFO - Sync 1 DAGs
[2023-10-18T16:33:50.078+0000] {logging_mixin.py:151} INFO - [2023-10-18T16:33:50.077+0000] {dag.py:3722} INFO - Setting next_dagrun for example_short_circuit_decorator to 2023-10-17T16:33:50.077580+00:00, run_after=2023-10-18T16:33:50.077580+00:00
[2023-10-18T16:33:50.091+0000] {processor.py:179} INFO - Processing /home/airflow/.local/lib/python3.8/site-packages/airflow/example_dags/example_short_circuit_decorator.py took 0.108 seconds
[2023-10-18T16:34:20.258+0000] {processor.py:157} INFO - Started process (PID=464) to work on /home/airflow/.local/lib/python3.8/site-packages/airflow/example_dags/example_short_circuit_decorator.py
[2023-10-18T16:34:20.262+0000] {processor.py:829} INFO - Processing file /home/airflow/.local/lib/python3.8/site-packages/airflow/example_dags/example_short_circuit_decorator.py for tasks to queue
[2023-10-18T16:34:20.281+0000] {logging_mixin.py:151} INFO - [2023-10-18T16:34:20.280+0000] {dagbag.py:536} INFO - Filling up the DagBag from /home/airflow/.local/lib/python3.8/site-packages/airflow/example_dags/example_short_circuit_decorator.py
[2023-10-18T16:34:20.302+0000] {processor.py:839} INFO - DAG(s) dict_keys(['example_short_circuit_decorator']) retrieved from /home/airflow/.local/lib/python3.8/site-packages/airflow/example_dags/example_short_circuit_decorator.py
[2023-10-18T16:34:20.331+0000] {logging_mixin.py:151} INFO - [2023-10-18T16:34:20.331+0000] {dag.py:2941} INFO - Sync 1 DAGs
[2023-10-18T16:34:20.349+0000] {logging_mixin.py:151} INFO - [2023-10-18T16:34:20.349+0000] {dag.py:3722} INFO - Setting next_dagrun for example_short_circuit_decorator to 2023-10-17T16:34:20.348990+00:00, run_after=2023-10-18T16:34:20.348990+00:00
[2023-10-18T16:34:20.363+0000] {processor.py:179} INFO - Processing /home/airflow/.local/lib/python3.8/site-packages/airflow/example_dags/example_short_circuit_decorator.py took 0.110 seconds
[2023-10-18T16:34:50.553+0000] {processor.py:157} INFO - Started process (PID=518) to work on /home/airflow/.local/lib/python3.8/site-packages/airflow/example_dags/example_short_circuit_decorator.py
[2023-10-18T16:34:50.556+0000] {processor.py:829} INFO - Processing file /home/airflow/.local/lib/python3.8/site-packages/airflow/example_dags/example_short_circuit_decorator.py for tasks to queue
[2023-10-18T16:34:50.560+0000] {logging_mixin.py:151} INFO - [2023-10-18T16:34:50.560+0000] {dagbag.py:536} INFO - Filling up the DagBag from /home/airflow/.local/lib/python3.8/site-packages/airflow/example_dags/example_short_circuit_decorator.py
[2023-10-18T16:34:50.597+0000] {processor.py:839} INFO - DAG(s) dict_keys(['example_short_circuit_decorator']) retrieved from /home/airflow/.local/lib/python3.8/site-packages/airflow/example_dags/example_short_circuit_decorator.py
[2023-10-18T16:34:50.630+0000] {logging_mixin.py:151} INFO - [2023-10-18T16:34:50.630+0000] {dag.py:2941} INFO - Sync 1 DAGs
[2023-10-18T16:34:50.658+0000] {logging_mixin.py:151} INFO - [2023-10-18T16:34:50.658+0000] {dag.py:3722} INFO - Setting next_dagrun for example_short_circuit_decorator to 2023-10-17T16:34:50.657083+00:00, run_after=2023-10-18T16:34:50.657083+00:00
[2023-10-18T16:34:50.685+0000] {processor.py:179} INFO - Processing /home/airflow/.local/lib/python3.8/site-packages/airflow/example_dags/example_short_circuit_decorator.py took 0.137 seconds
[2023-10-18T16:35:21.095+0000] {processor.py:157} INFO - Started process (PID=571) to work on /home/airflow/.local/lib/python3.8/site-packages/airflow/example_dags/example_short_circuit_decorator.py
[2023-10-18T16:35:21.098+0000] {processor.py:829} INFO - Processing file /home/airflow/.local/lib/python3.8/site-packages/airflow/example_dags/example_short_circuit_decorator.py for tasks to queue
[2023-10-18T16:35:21.104+0000] {logging_mixin.py:151} INFO - [2023-10-18T16:35:21.104+0000] {dagbag.py:536} INFO - Filling up the DagBag from /home/airflow/.local/lib/python3.8/site-packages/airflow/example_dags/example_short_circuit_decorator.py
[2023-10-18T16:35:21.133+0000] {processor.py:839} INFO - DAG(s) dict_keys(['example_short_circuit_decorator']) retrieved from /home/airflow/.local/lib/python3.8/site-packages/airflow/example_dags/example_short_circuit_decorator.py
[2023-10-18T16:35:21.170+0000] {logging_mixin.py:151} INFO - [2023-10-18T16:35:21.170+0000] {dag.py:2941} INFO - Sync 1 DAGs
[2023-10-18T16:35:21.208+0000] {logging_mixin.py:151} INFO - [2023-10-18T16:35:21.208+0000] {dag.py:3722} INFO - Setting next_dagrun for example_short_circuit_decorator to 2023-10-17T16:35:21.208048+00:00, run_after=2023-10-18T16:35:21.208048+00:00
[2023-10-18T16:35:21.225+0000] {processor.py:179} INFO - Processing /home/airflow/.local/lib/python3.8/site-packages/airflow/example_dags/example_short_circuit_decorator.py took 0.140 seconds
[2023-10-18T16:35:51.595+0000] {processor.py:157} INFO - Started process (PID=625) to work on /home/airflow/.local/lib/python3.8/site-packages/airflow/example_dags/example_short_circuit_decorator.py
[2023-10-18T16:35:51.597+0000] {processor.py:829} INFO - Processing file /home/airflow/.local/lib/python3.8/site-packages/airflow/example_dags/example_short_circuit_decorator.py for tasks to queue
[2023-10-18T16:35:51.603+0000] {logging_mixin.py:151} INFO - [2023-10-18T16:35:51.602+0000] {dagbag.py:536} INFO - Filling up the DagBag from /home/airflow/.local/lib/python3.8/site-packages/airflow/example_dags/example_short_circuit_decorator.py
[2023-10-18T16:35:51.626+0000] {processor.py:839} INFO - DAG(s) dict_keys(['example_short_circuit_decorator']) retrieved from /home/airflow/.local/lib/python3.8/site-packages/airflow/example_dags/example_short_circuit_decorator.py
[2023-10-18T16:35:51.660+0000] {logging_mixin.py:151} INFO - [2023-10-18T16:35:51.659+0000] {dag.py:2941} INFO - Sync 1 DAGs
[2023-10-18T16:35:51.696+0000] {logging_mixin.py:151} INFO - [2023-10-18T16:35:51.696+0000] {dag.py:3722} INFO - Setting next_dagrun for example_short_circuit_decorator to 2023-10-17T16:35:51.694904+00:00, run_after=2023-10-18T16:35:51.694904+00:00
[2023-10-18T16:35:51.713+0000] {processor.py:179} INFO - Processing /home/airflow/.local/lib/python3.8/site-packages/airflow/example_dags/example_short_circuit_decorator.py took 0.125 seconds
