[2023-10-18T16:30:18.971+0000] {processor.py:157} INFO - Started process (PID=55) to work on /home/airflow/.local/lib/python3.8/site-packages/airflow/example_dags/example_kubernetes_executor.py
[2023-10-18T16:30:18.974+0000] {processor.py:829} INFO - Processing file /home/airflow/.local/lib/python3.8/site-packages/airflow/example_dags/example_kubernetes_executor.py for tasks to queue
[2023-10-18T16:30:18.978+0000] {logging_mixin.py:151} INFO - [2023-10-18T16:30:18.977+0000] {dagbag.py:536} INFO - Filling up the DagBag from /home/airflow/.local/lib/python3.8/site-packages/airflow/example_dags/example_kubernetes_executor.py
[2023-10-18T16:30:18.996+0000] {processor.py:839} INFO - DAG(s) dict_keys(['example_kubernetes_executor']) retrieved from /home/airflow/.local/lib/python3.8/site-packages/airflow/example_dags/example_kubernetes_executor.py
[2023-10-18T16:30:19.018+0000] {logging_mixin.py:151} INFO - [2023-10-18T16:30:19.018+0000] {dag.py:2941} INFO - Sync 1 DAGs
[2023-10-18T16:30:19.045+0000] {logging_mixin.py:151} INFO - [2023-10-18T16:30:19.045+0000] {dag.py:3722} INFO - Setting next_dagrun for example_kubernetes_executor to None, run_after=None
[2023-10-18T16:30:19.068+0000] {processor.py:179} INFO - Processing /home/airflow/.local/lib/python3.8/site-packages/airflow/example_dags/example_kubernetes_executor.py took 0.110 seconds
[2023-10-18T16:30:49.985+0000] {processor.py:157} INFO - Started process (PID=109) to work on /home/airflow/.local/lib/python3.8/site-packages/airflow/example_dags/example_kubernetes_executor.py
[2023-10-18T16:30:49.986+0000] {processor.py:829} INFO - Processing file /home/airflow/.local/lib/python3.8/site-packages/airflow/example_dags/example_kubernetes_executor.py for tasks to queue
[2023-10-18T16:30:49.988+0000] {logging_mixin.py:151} INFO - [2023-10-18T16:30:49.988+0000] {dagbag.py:536} INFO - Filling up the DagBag from /home/airflow/.local/lib/python3.8/site-packages/airflow/example_dags/example_kubernetes_executor.py
[2023-10-18T16:30:50.004+0000] {processor.py:839} INFO - DAG(s) dict_keys(['example_kubernetes_executor']) retrieved from /home/airflow/.local/lib/python3.8/site-packages/airflow/example_dags/example_kubernetes_executor.py
[2023-10-18T16:30:50.051+0000] {logging_mixin.py:151} INFO - [2023-10-18T16:30:50.051+0000] {dag.py:2941} INFO - Sync 1 DAGs
[2023-10-18T16:30:50.065+0000] {logging_mixin.py:151} INFO - [2023-10-18T16:30:50.064+0000] {dag.py:3722} INFO - Setting next_dagrun for example_kubernetes_executor to None, run_after=None
[2023-10-18T16:30:50.081+0000] {processor.py:179} INFO - Processing /home/airflow/.local/lib/python3.8/site-packages/airflow/example_dags/example_kubernetes_executor.py took 0.098 seconds
[2023-10-18T16:31:20.133+0000] {processor.py:157} INFO - Started process (PID=163) to work on /home/airflow/.local/lib/python3.8/site-packages/airflow/example_dags/example_kubernetes_executor.py
[2023-10-18T16:31:20.135+0000] {processor.py:829} INFO - Processing file /home/airflow/.local/lib/python3.8/site-packages/airflow/example_dags/example_kubernetes_executor.py for tasks to queue
[2023-10-18T16:31:20.136+0000] {logging_mixin.py:151} INFO - [2023-10-18T16:31:20.136+0000] {dagbag.py:536} INFO - Filling up the DagBag from /home/airflow/.local/lib/python3.8/site-packages/airflow/example_dags/example_kubernetes_executor.py
[2023-10-18T16:31:20.145+0000] {processor.py:839} INFO - DAG(s) dict_keys(['example_kubernetes_executor']) retrieved from /home/airflow/.local/lib/python3.8/site-packages/airflow/example_dags/example_kubernetes_executor.py
[2023-10-18T16:31:20.170+0000] {logging_mixin.py:151} INFO - [2023-10-18T16:31:20.170+0000] {dag.py:2941} INFO - Sync 1 DAGs
[2023-10-18T16:31:20.177+0000] {logging_mixin.py:151} INFO - [2023-10-18T16:31:20.177+0000] {dag.py:3722} INFO - Setting next_dagrun for example_kubernetes_executor to None, run_after=None
[2023-10-18T16:31:20.187+0000] {processor.py:179} INFO - Processing /home/airflow/.local/lib/python3.8/site-packages/airflow/example_dags/example_kubernetes_executor.py took 0.056 seconds
[2023-10-18T16:31:50.658+0000] {processor.py:157} INFO - Started process (PID=217) to work on /home/airflow/.local/lib/python3.8/site-packages/airflow/example_dags/example_kubernetes_executor.py
[2023-10-18T16:31:50.660+0000] {processor.py:829} INFO - Processing file /home/airflow/.local/lib/python3.8/site-packages/airflow/example_dags/example_kubernetes_executor.py for tasks to queue
[2023-10-18T16:31:50.662+0000] {logging_mixin.py:151} INFO - [2023-10-18T16:31:50.662+0000] {dagbag.py:536} INFO - Filling up the DagBag from /home/airflow/.local/lib/python3.8/site-packages/airflow/example_dags/example_kubernetes_executor.py
[2023-10-18T16:31:50.675+0000] {processor.py:839} INFO - DAG(s) dict_keys(['example_kubernetes_executor']) retrieved from /home/airflow/.local/lib/python3.8/site-packages/airflow/example_dags/example_kubernetes_executor.py
[2023-10-18T16:31:50.707+0000] {logging_mixin.py:151} INFO - [2023-10-18T16:31:50.707+0000] {dag.py:2941} INFO - Sync 1 DAGs
[2023-10-18T16:31:50.715+0000] {logging_mixin.py:151} INFO - [2023-10-18T16:31:50.715+0000] {dag.py:3722} INFO - Setting next_dagrun for example_kubernetes_executor to None, run_after=None
[2023-10-18T16:31:50.726+0000] {processor.py:179} INFO - Processing /home/airflow/.local/lib/python3.8/site-packages/airflow/example_dags/example_kubernetes_executor.py took 0.071 seconds
[2023-10-18T16:32:21.028+0000] {processor.py:157} INFO - Started process (PID=271) to work on /home/airflow/.local/lib/python3.8/site-packages/airflow/example_dags/example_kubernetes_executor.py
[2023-10-18T16:32:21.030+0000] {processor.py:829} INFO - Processing file /home/airflow/.local/lib/python3.8/site-packages/airflow/example_dags/example_kubernetes_executor.py for tasks to queue
[2023-10-18T16:32:21.032+0000] {logging_mixin.py:151} INFO - [2023-10-18T16:32:21.031+0000] {dagbag.py:536} INFO - Filling up the DagBag from /home/airflow/.local/lib/python3.8/site-packages/airflow/example_dags/example_kubernetes_executor.py
[2023-10-18T16:32:21.042+0000] {processor.py:839} INFO - DAG(s) dict_keys(['example_kubernetes_executor']) retrieved from /home/airflow/.local/lib/python3.8/site-packages/airflow/example_dags/example_kubernetes_executor.py
[2023-10-18T16:32:21.087+0000] {logging_mixin.py:151} INFO - [2023-10-18T16:32:21.087+0000] {dag.py:2941} INFO - Sync 1 DAGs
[2023-10-18T16:32:21.099+0000] {logging_mixin.py:151} INFO - [2023-10-18T16:32:21.098+0000] {dag.py:3722} INFO - Setting next_dagrun for example_kubernetes_executor to None, run_after=None
[2023-10-18T16:32:21.111+0000] {processor.py:179} INFO - Processing /home/airflow/.local/lib/python3.8/site-packages/airflow/example_dags/example_kubernetes_executor.py took 0.085 seconds
[2023-10-18T16:32:51.246+0000] {processor.py:157} INFO - Started process (PID=325) to work on /home/airflow/.local/lib/python3.8/site-packages/airflow/example_dags/example_kubernetes_executor.py
[2023-10-18T16:32:51.248+0000] {processor.py:829} INFO - Processing file /home/airflow/.local/lib/python3.8/site-packages/airflow/example_dags/example_kubernetes_executor.py for tasks to queue
[2023-10-18T16:32:51.253+0000] {logging_mixin.py:151} INFO - [2023-10-18T16:32:51.252+0000] {dagbag.py:536} INFO - Filling up the DagBag from /home/airflow/.local/lib/python3.8/site-packages/airflow/example_dags/example_kubernetes_executor.py
[2023-10-18T16:32:51.275+0000] {processor.py:839} INFO - DAG(s) dict_keys(['example_kubernetes_executor']) retrieved from /home/airflow/.local/lib/python3.8/site-packages/airflow/example_dags/example_kubernetes_executor.py
[2023-10-18T16:32:51.316+0000] {logging_mixin.py:151} INFO - [2023-10-18T16:32:51.316+0000] {dag.py:2941} INFO - Sync 1 DAGs
[2023-10-18T16:32:51.325+0000] {logging_mixin.py:151} INFO - [2023-10-18T16:32:51.325+0000] {dag.py:3722} INFO - Setting next_dagrun for example_kubernetes_executor to None, run_after=None
[2023-10-18T16:32:51.335+0000] {processor.py:179} INFO - Processing /home/airflow/.local/lib/python3.8/site-packages/airflow/example_dags/example_kubernetes_executor.py took 0.092 seconds
[2023-10-18T16:33:22.010+0000] {processor.py:157} INFO - Started process (PID=379) to work on /home/airflow/.local/lib/python3.8/site-packages/airflow/example_dags/example_kubernetes_executor.py
[2023-10-18T16:33:22.011+0000] {processor.py:829} INFO - Processing file /home/airflow/.local/lib/python3.8/site-packages/airflow/example_dags/example_kubernetes_executor.py for tasks to queue
[2023-10-18T16:33:22.013+0000] {logging_mixin.py:151} INFO - [2023-10-18T16:33:22.013+0000] {dagbag.py:536} INFO - Filling up the DagBag from /home/airflow/.local/lib/python3.8/site-packages/airflow/example_dags/example_kubernetes_executor.py
[2023-10-18T16:33:22.024+0000] {processor.py:839} INFO - DAG(s) dict_keys(['example_kubernetes_executor']) retrieved from /home/airflow/.local/lib/python3.8/site-packages/airflow/example_dags/example_kubernetes_executor.py
[2023-10-18T16:33:22.073+0000] {logging_mixin.py:151} INFO - [2023-10-18T16:33:22.073+0000] {dag.py:2941} INFO - Sync 1 DAGs
[2023-10-18T16:33:22.083+0000] {logging_mixin.py:151} INFO - [2023-10-18T16:33:22.083+0000] {dag.py:3722} INFO - Setting next_dagrun for example_kubernetes_executor to None, run_after=None
[2023-10-18T16:33:22.095+0000] {processor.py:179} INFO - Processing /home/airflow/.local/lib/python3.8/site-packages/airflow/example_dags/example_kubernetes_executor.py took 0.088 seconds
[2023-10-18T16:33:52.321+0000] {processor.py:157} INFO - Started process (PID=433) to work on /home/airflow/.local/lib/python3.8/site-packages/airflow/example_dags/example_kubernetes_executor.py
[2023-10-18T16:33:52.322+0000] {processor.py:829} INFO - Processing file /home/airflow/.local/lib/python3.8/site-packages/airflow/example_dags/example_kubernetes_executor.py for tasks to queue
[2023-10-18T16:33:52.325+0000] {logging_mixin.py:151} INFO - [2023-10-18T16:33:52.325+0000] {dagbag.py:536} INFO - Filling up the DagBag from /home/airflow/.local/lib/python3.8/site-packages/airflow/example_dags/example_kubernetes_executor.py
[2023-10-18T16:33:52.340+0000] {processor.py:839} INFO - DAG(s) dict_keys(['example_kubernetes_executor']) retrieved from /home/airflow/.local/lib/python3.8/site-packages/airflow/example_dags/example_kubernetes_executor.py
[2023-10-18T16:33:52.384+0000] {logging_mixin.py:151} INFO - [2023-10-18T16:33:52.384+0000] {dag.py:2941} INFO - Sync 1 DAGs
[2023-10-18T16:33:52.396+0000] {logging_mixin.py:151} INFO - [2023-10-18T16:33:52.396+0000] {dag.py:3722} INFO - Setting next_dagrun for example_kubernetes_executor to None, run_after=None
[2023-10-18T16:33:52.407+0000] {processor.py:179} INFO - Processing /home/airflow/.local/lib/python3.8/site-packages/airflow/example_dags/example_kubernetes_executor.py took 0.093 seconds
[2023-10-18T16:34:22.721+0000] {processor.py:157} INFO - Started process (PID=488) to work on /home/airflow/.local/lib/python3.8/site-packages/airflow/example_dags/example_kubernetes_executor.py
[2023-10-18T16:34:22.723+0000] {processor.py:829} INFO - Processing file /home/airflow/.local/lib/python3.8/site-packages/airflow/example_dags/example_kubernetes_executor.py for tasks to queue
[2023-10-18T16:34:22.725+0000] {logging_mixin.py:151} INFO - [2023-10-18T16:34:22.725+0000] {dagbag.py:536} INFO - Filling up the DagBag from /home/airflow/.local/lib/python3.8/site-packages/airflow/example_dags/example_kubernetes_executor.py
[2023-10-18T16:34:22.736+0000] {processor.py:839} INFO - DAG(s) dict_keys(['example_kubernetes_executor']) retrieved from /home/airflow/.local/lib/python3.8/site-packages/airflow/example_dags/example_kubernetes_executor.py
[2023-10-18T16:34:22.765+0000] {logging_mixin.py:151} INFO - [2023-10-18T16:34:22.764+0000] {dag.py:2941} INFO - Sync 1 DAGs
[2023-10-18T16:34:22.775+0000] {logging_mixin.py:151} INFO - [2023-10-18T16:34:22.775+0000] {dag.py:3722} INFO - Setting next_dagrun for example_kubernetes_executor to None, run_after=None
[2023-10-18T16:34:22.790+0000] {processor.py:179} INFO - Processing /home/airflow/.local/lib/python3.8/site-packages/airflow/example_dags/example_kubernetes_executor.py took 0.071 seconds
[2023-10-18T16:34:53.912+0000] {processor.py:157} INFO - Started process (PID=542) to work on /home/airflow/.local/lib/python3.8/site-packages/airflow/example_dags/example_kubernetes_executor.py
[2023-10-18T16:34:53.914+0000] {processor.py:829} INFO - Processing file /home/airflow/.local/lib/python3.8/site-packages/airflow/example_dags/example_kubernetes_executor.py for tasks to queue
[2023-10-18T16:34:53.916+0000] {logging_mixin.py:151} INFO - [2023-10-18T16:34:53.916+0000] {dagbag.py:536} INFO - Filling up the DagBag from /home/airflow/.local/lib/python3.8/site-packages/airflow/example_dags/example_kubernetes_executor.py
[2023-10-18T16:34:53.929+0000] {processor.py:839} INFO - DAG(s) dict_keys(['example_kubernetes_executor']) retrieved from /home/airflow/.local/lib/python3.8/site-packages/airflow/example_dags/example_kubernetes_executor.py
[2023-10-18T16:34:53.961+0000] {logging_mixin.py:151} INFO - [2023-10-18T16:34:53.960+0000] {dag.py:2941} INFO - Sync 1 DAGs
[2023-10-18T16:34:53.969+0000] {logging_mixin.py:151} INFO - [2023-10-18T16:34:53.969+0000] {dag.py:3722} INFO - Setting next_dagrun for example_kubernetes_executor to None, run_after=None
[2023-10-18T16:34:53.988+0000] {processor.py:179} INFO - Processing /home/airflow/.local/lib/python3.8/site-packages/airflow/example_dags/example_kubernetes_executor.py took 0.078 seconds
[2023-10-18T16:35:24.591+0000] {processor.py:157} INFO - Started process (PID=595) to work on /home/airflow/.local/lib/python3.8/site-packages/airflow/example_dags/example_kubernetes_executor.py
[2023-10-18T16:35:24.592+0000] {processor.py:829} INFO - Processing file /home/airflow/.local/lib/python3.8/site-packages/airflow/example_dags/example_kubernetes_executor.py for tasks to queue
[2023-10-18T16:35:24.595+0000] {logging_mixin.py:151} INFO - [2023-10-18T16:35:24.594+0000] {dagbag.py:536} INFO - Filling up the DagBag from /home/airflow/.local/lib/python3.8/site-packages/airflow/example_dags/example_kubernetes_executor.py
[2023-10-18T16:35:24.605+0000] {processor.py:839} INFO - DAG(s) dict_keys(['example_kubernetes_executor']) retrieved from /home/airflow/.local/lib/python3.8/site-packages/airflow/example_dags/example_kubernetes_executor.py
[2023-10-18T16:35:24.644+0000] {logging_mixin.py:151} INFO - [2023-10-18T16:35:24.644+0000] {dag.py:2941} INFO - Sync 1 DAGs
[2023-10-18T16:35:24.653+0000] {logging_mixin.py:151} INFO - [2023-10-18T16:35:24.653+0000] {dag.py:3722} INFO - Setting next_dagrun for example_kubernetes_executor to None, run_after=None
[2023-10-18T16:35:24.664+0000] {processor.py:179} INFO - Processing /home/airflow/.local/lib/python3.8/site-packages/airflow/example_dags/example_kubernetes_executor.py took 0.076 seconds
[2023-10-18T16:35:55.156+0000] {processor.py:157} INFO - Started process (PID=649) to work on /home/airflow/.local/lib/python3.8/site-packages/airflow/example_dags/example_kubernetes_executor.py
[2023-10-18T16:35:55.158+0000] {processor.py:829} INFO - Processing file /home/airflow/.local/lib/python3.8/site-packages/airflow/example_dags/example_kubernetes_executor.py for tasks to queue
[2023-10-18T16:35:55.160+0000] {logging_mixin.py:151} INFO - [2023-10-18T16:35:55.160+0000] {dagbag.py:536} INFO - Filling up the DagBag from /home/airflow/.local/lib/python3.8/site-packages/airflow/example_dags/example_kubernetes_executor.py
[2023-10-18T16:35:55.172+0000] {processor.py:839} INFO - DAG(s) dict_keys(['example_kubernetes_executor']) retrieved from /home/airflow/.local/lib/python3.8/site-packages/airflow/example_dags/example_kubernetes_executor.py
[2023-10-18T16:35:55.203+0000] {logging_mixin.py:151} INFO - [2023-10-18T16:35:55.203+0000] {dag.py:2941} INFO - Sync 1 DAGs
[2023-10-18T16:35:55.213+0000] {logging_mixin.py:151} INFO - [2023-10-18T16:35:55.212+0000] {dag.py:3722} INFO - Setting next_dagrun for example_kubernetes_executor to None, run_after=None
[2023-10-18T16:35:55.225+0000] {processor.py:179} INFO - Processing /home/airflow/.local/lib/python3.8/site-packages/airflow/example_dags/example_kubernetes_executor.py took 0.072 seconds
