[2023-10-18T16:30:18.142+0000] {processor.py:157} INFO - Started process (PID=46) to work on /home/airflow/.local/lib/python3.8/site-packages/airflow/example_dags/example_branch_operator.py
[2023-10-18T16:30:18.145+0000] {processor.py:829} INFO - Processing file /home/airflow/.local/lib/python3.8/site-packages/airflow/example_dags/example_branch_operator.py for tasks to queue
[2023-10-18T16:30:18.150+0000] {logging_mixin.py:151} INFO - [2023-10-18T16:30:18.149+0000] {dagbag.py:536} INFO - Filling up the DagBag from /home/airflow/.local/lib/python3.8/site-packages/airflow/example_dags/example_branch_operator.py
[2023-10-18T16:30:18.177+0000] {processor.py:839} INFO - DAG(s) dict_keys(['example_branch_operator']) retrieved from /home/airflow/.local/lib/python3.8/site-packages/airflow/example_dags/example_branch_operator.py
[2023-10-18T16:30:18.199+0000] {logging_mixin.py:151} INFO - [2023-10-18T16:30:18.199+0000] {dag.py:2941} INFO - Sync 1 DAGs
[2023-10-18T16:30:18.227+0000] {logging_mixin.py:151} INFO - [2023-10-18T16:30:18.227+0000] {dag.py:3722} INFO - Setting next_dagrun for example_branch_operator to 2023-10-17T00:00:00+00:00, run_after=2023-10-18T00:00:00+00:00
[2023-10-18T16:30:18.267+0000] {processor.py:179} INFO - Processing /home/airflow/.local/lib/python3.8/site-packages/airflow/example_dags/example_branch_operator.py took 0.131 seconds
[2023-10-18T16:30:48.576+0000] {processor.py:157} INFO - Started process (PID=100) to work on /home/airflow/.local/lib/python3.8/site-packages/airflow/example_dags/example_branch_operator.py
[2023-10-18T16:30:48.577+0000] {processor.py:829} INFO - Processing file /home/airflow/.local/lib/python3.8/site-packages/airflow/example_dags/example_branch_operator.py for tasks to queue
[2023-10-18T16:30:48.579+0000] {logging_mixin.py:151} INFO - [2023-10-18T16:30:48.579+0000] {dagbag.py:536} INFO - Filling up the DagBag from /home/airflow/.local/lib/python3.8/site-packages/airflow/example_dags/example_branch_operator.py
[2023-10-18T16:30:48.586+0000] {processor.py:839} INFO - DAG(s) dict_keys(['example_branch_operator']) retrieved from /home/airflow/.local/lib/python3.8/site-packages/airflow/example_dags/example_branch_operator.py
[2023-10-18T16:30:48.603+0000] {logging_mixin.py:151} INFO - [2023-10-18T16:30:48.603+0000] {dag.py:2941} INFO - Sync 1 DAGs
[2023-10-18T16:30:48.617+0000] {logging_mixin.py:151} INFO - [2023-10-18T16:30:48.617+0000] {dag.py:3722} INFO - Setting next_dagrun for example_branch_operator to 2023-10-17T00:00:00+00:00, run_after=2023-10-18T00:00:00+00:00
[2023-10-18T16:30:48.627+0000] {processor.py:179} INFO - Processing /home/airflow/.local/lib/python3.8/site-packages/airflow/example_dags/example_branch_operator.py took 0.054 seconds
[2023-10-18T16:31:18.713+0000] {processor.py:157} INFO - Started process (PID=154) to work on /home/airflow/.local/lib/python3.8/site-packages/airflow/example_dags/example_branch_operator.py
[2023-10-18T16:31:18.715+0000] {processor.py:829} INFO - Processing file /home/airflow/.local/lib/python3.8/site-packages/airflow/example_dags/example_branch_operator.py for tasks to queue
[2023-10-18T16:31:18.718+0000] {logging_mixin.py:151} INFO - [2023-10-18T16:31:18.717+0000] {dagbag.py:536} INFO - Filling up the DagBag from /home/airflow/.local/lib/python3.8/site-packages/airflow/example_dags/example_branch_operator.py
[2023-10-18T16:31:18.727+0000] {processor.py:839} INFO - DAG(s) dict_keys(['example_branch_operator']) retrieved from /home/airflow/.local/lib/python3.8/site-packages/airflow/example_dags/example_branch_operator.py
[2023-10-18T16:31:18.748+0000] {logging_mixin.py:151} INFO - [2023-10-18T16:31:18.748+0000] {dag.py:2941} INFO - Sync 1 DAGs
[2023-10-18T16:31:18.763+0000] {logging_mixin.py:151} INFO - [2023-10-18T16:31:18.763+0000] {dag.py:3722} INFO - Setting next_dagrun for example_branch_operator to 2023-10-17T00:00:00+00:00, run_after=2023-10-18T00:00:00+00:00
[2023-10-18T16:31:18.774+0000] {processor.py:179} INFO - Processing /home/airflow/.local/lib/python3.8/site-packages/airflow/example_dags/example_branch_operator.py took 0.064 seconds
[2023-10-18T16:31:49.004+0000] {processor.py:157} INFO - Started process (PID=208) to work on /home/airflow/.local/lib/python3.8/site-packages/airflow/example_dags/example_branch_operator.py
[2023-10-18T16:31:49.005+0000] {processor.py:829} INFO - Processing file /home/airflow/.local/lib/python3.8/site-packages/airflow/example_dags/example_branch_operator.py for tasks to queue
[2023-10-18T16:31:49.007+0000] {logging_mixin.py:151} INFO - [2023-10-18T16:31:49.007+0000] {dagbag.py:536} INFO - Filling up the DagBag from /home/airflow/.local/lib/python3.8/site-packages/airflow/example_dags/example_branch_operator.py
[2023-10-18T16:31:49.015+0000] {processor.py:839} INFO - DAG(s) dict_keys(['example_branch_operator']) retrieved from /home/airflow/.local/lib/python3.8/site-packages/airflow/example_dags/example_branch_operator.py
[2023-10-18T16:31:49.035+0000] {logging_mixin.py:151} INFO - [2023-10-18T16:31:49.035+0000] {dag.py:2941} INFO - Sync 1 DAGs
[2023-10-18T16:31:49.065+0000] {logging_mixin.py:151} INFO - [2023-10-18T16:31:49.065+0000] {dag.py:3722} INFO - Setting next_dagrun for example_branch_operator to 2023-10-17T00:00:00+00:00, run_after=2023-10-18T00:00:00+00:00
[2023-10-18T16:31:49.081+0000] {processor.py:179} INFO - Processing /home/airflow/.local/lib/python3.8/site-packages/airflow/example_dags/example_branch_operator.py took 0.080 seconds
[2023-10-18T16:32:19.427+0000] {processor.py:157} INFO - Started process (PID=262) to work on /home/airflow/.local/lib/python3.8/site-packages/airflow/example_dags/example_branch_operator.py
[2023-10-18T16:32:19.428+0000] {processor.py:829} INFO - Processing file /home/airflow/.local/lib/python3.8/site-packages/airflow/example_dags/example_branch_operator.py for tasks to queue
[2023-10-18T16:32:19.430+0000] {logging_mixin.py:151} INFO - [2023-10-18T16:32:19.430+0000] {dagbag.py:536} INFO - Filling up the DagBag from /home/airflow/.local/lib/python3.8/site-packages/airflow/example_dags/example_branch_operator.py
[2023-10-18T16:32:19.437+0000] {processor.py:839} INFO - DAG(s) dict_keys(['example_branch_operator']) retrieved from /home/airflow/.local/lib/python3.8/site-packages/airflow/example_dags/example_branch_operator.py
[2023-10-18T16:32:19.456+0000] {logging_mixin.py:151} INFO - [2023-10-18T16:32:19.455+0000] {dag.py:2941} INFO - Sync 1 DAGs
[2023-10-18T16:32:19.470+0000] {logging_mixin.py:151} INFO - [2023-10-18T16:32:19.470+0000] {dag.py:3722} INFO - Setting next_dagrun for example_branch_operator to 2023-10-17T00:00:00+00:00, run_after=2023-10-18T00:00:00+00:00
[2023-10-18T16:32:19.481+0000] {processor.py:179} INFO - Processing /home/airflow/.local/lib/python3.8/site-packages/airflow/example_dags/example_branch_operator.py took 0.057 seconds
[2023-10-18T16:32:49.701+0000] {processor.py:157} INFO - Started process (PID=315) to work on /home/airflow/.local/lib/python3.8/site-packages/airflow/example_dags/example_branch_operator.py
[2023-10-18T16:32:49.702+0000] {processor.py:829} INFO - Processing file /home/airflow/.local/lib/python3.8/site-packages/airflow/example_dags/example_branch_operator.py for tasks to queue
[2023-10-18T16:32:49.705+0000] {logging_mixin.py:151} INFO - [2023-10-18T16:32:49.704+0000] {dagbag.py:536} INFO - Filling up the DagBag from /home/airflow/.local/lib/python3.8/site-packages/airflow/example_dags/example_branch_operator.py
[2023-10-18T16:32:49.711+0000] {processor.py:839} INFO - DAG(s) dict_keys(['example_branch_operator']) retrieved from /home/airflow/.local/lib/python3.8/site-packages/airflow/example_dags/example_branch_operator.py
[2023-10-18T16:32:49.729+0000] {logging_mixin.py:151} INFO - [2023-10-18T16:32:49.729+0000] {dag.py:2941} INFO - Sync 1 DAGs
[2023-10-18T16:32:49.745+0000] {logging_mixin.py:151} INFO - [2023-10-18T16:32:49.745+0000] {dag.py:3722} INFO - Setting next_dagrun for example_branch_operator to 2023-10-17T00:00:00+00:00, run_after=2023-10-18T00:00:00+00:00
[2023-10-18T16:32:49.757+0000] {processor.py:179} INFO - Processing /home/airflow/.local/lib/python3.8/site-packages/airflow/example_dags/example_branch_operator.py took 0.059 seconds
[2023-10-18T16:33:20.403+0000] {processor.py:157} INFO - Started process (PID=370) to work on /home/airflow/.local/lib/python3.8/site-packages/airflow/example_dags/example_branch_operator.py
[2023-10-18T16:33:20.405+0000] {processor.py:829} INFO - Processing file /home/airflow/.local/lib/python3.8/site-packages/airflow/example_dags/example_branch_operator.py for tasks to queue
[2023-10-18T16:33:20.407+0000] {logging_mixin.py:151} INFO - [2023-10-18T16:33:20.407+0000] {dagbag.py:536} INFO - Filling up the DagBag from /home/airflow/.local/lib/python3.8/site-packages/airflow/example_dags/example_branch_operator.py
[2023-10-18T16:33:20.417+0000] {processor.py:839} INFO - DAG(s) dict_keys(['example_branch_operator']) retrieved from /home/airflow/.local/lib/python3.8/site-packages/airflow/example_dags/example_branch_operator.py
[2023-10-18T16:33:20.451+0000] {logging_mixin.py:151} INFO - [2023-10-18T16:33:20.450+0000] {dag.py:2941} INFO - Sync 1 DAGs
[2023-10-18T16:33:20.474+0000] {logging_mixin.py:151} INFO - [2023-10-18T16:33:20.474+0000] {dag.py:3722} INFO - Setting next_dagrun for example_branch_operator to 2023-10-17T00:00:00+00:00, run_after=2023-10-18T00:00:00+00:00
[2023-10-18T16:33:20.490+0000] {processor.py:179} INFO - Processing /home/airflow/.local/lib/python3.8/site-packages/airflow/example_dags/example_branch_operator.py took 0.090 seconds
[2023-10-18T16:33:50.626+0000] {processor.py:157} INFO - Started process (PID=423) to work on /home/airflow/.local/lib/python3.8/site-packages/airflow/example_dags/example_branch_operator.py
[2023-10-18T16:33:50.628+0000] {processor.py:829} INFO - Processing file /home/airflow/.local/lib/python3.8/site-packages/airflow/example_dags/example_branch_operator.py for tasks to queue
[2023-10-18T16:33:50.630+0000] {logging_mixin.py:151} INFO - [2023-10-18T16:33:50.630+0000] {dagbag.py:536} INFO - Filling up the DagBag from /home/airflow/.local/lib/python3.8/site-packages/airflow/example_dags/example_branch_operator.py
[2023-10-18T16:33:50.637+0000] {processor.py:839} INFO - DAG(s) dict_keys(['example_branch_operator']) retrieved from /home/airflow/.local/lib/python3.8/site-packages/airflow/example_dags/example_branch_operator.py
[2023-10-18T16:33:50.655+0000] {logging_mixin.py:151} INFO - [2023-10-18T16:33:50.655+0000] {dag.py:2941} INFO - Sync 1 DAGs
[2023-10-18T16:33:50.672+0000] {logging_mixin.py:151} INFO - [2023-10-18T16:33:50.672+0000] {dag.py:3722} INFO - Setting next_dagrun for example_branch_operator to 2023-10-17T00:00:00+00:00, run_after=2023-10-18T00:00:00+00:00
[2023-10-18T16:33:50.682+0000] {processor.py:179} INFO - Processing /home/airflow/.local/lib/python3.8/site-packages/airflow/example_dags/example_branch_operator.py took 0.059 seconds
[2023-10-18T16:34:20.946+0000] {processor.py:157} INFO - Started process (PID=478) to work on /home/airflow/.local/lib/python3.8/site-packages/airflow/example_dags/example_branch_operator.py
[2023-10-18T16:34:20.947+0000] {processor.py:829} INFO - Processing file /home/airflow/.local/lib/python3.8/site-packages/airflow/example_dags/example_branch_operator.py for tasks to queue
[2023-10-18T16:34:20.949+0000] {logging_mixin.py:151} INFO - [2023-10-18T16:34:20.949+0000] {dagbag.py:536} INFO - Filling up the DagBag from /home/airflow/.local/lib/python3.8/site-packages/airflow/example_dags/example_branch_operator.py
[2023-10-18T16:34:20.958+0000] {processor.py:839} INFO - DAG(s) dict_keys(['example_branch_operator']) retrieved from /home/airflow/.local/lib/python3.8/site-packages/airflow/example_dags/example_branch_operator.py
[2023-10-18T16:34:20.985+0000] {logging_mixin.py:151} INFO - [2023-10-18T16:34:20.985+0000] {dag.py:2941} INFO - Sync 1 DAGs
[2023-10-18T16:34:21.001+0000] {logging_mixin.py:151} INFO - [2023-10-18T16:34:21.001+0000] {dag.py:3722} INFO - Setting next_dagrun for example_branch_operator to 2023-10-17T00:00:00+00:00, run_after=2023-10-18T00:00:00+00:00
[2023-10-18T16:34:21.014+0000] {processor.py:179} INFO - Processing /home/airflow/.local/lib/python3.8/site-packages/airflow/example_dags/example_branch_operator.py took 0.071 seconds
[2023-10-18T16:34:52.683+0000] {processor.py:157} INFO - Started process (PID=532) to work on /home/airflow/.local/lib/python3.8/site-packages/airflow/example_dags/example_branch_operator.py
[2023-10-18T16:34:52.693+0000] {processor.py:829} INFO - Processing file /home/airflow/.local/lib/python3.8/site-packages/airflow/example_dags/example_branch_operator.py for tasks to queue
[2023-10-18T16:34:52.706+0000] {logging_mixin.py:151} INFO - [2023-10-18T16:34:52.703+0000] {dagbag.py:536} INFO - Filling up the DagBag from /home/airflow/.local/lib/python3.8/site-packages/airflow/example_dags/example_branch_operator.py
[2023-10-18T16:34:52.742+0000] {processor.py:839} INFO - DAG(s) dict_keys(['example_branch_operator']) retrieved from /home/airflow/.local/lib/python3.8/site-packages/airflow/example_dags/example_branch_operator.py
[2023-10-18T16:34:52.788+0000] {logging_mixin.py:151} INFO - [2023-10-18T16:34:52.787+0000] {dag.py:2941} INFO - Sync 1 DAGs
[2023-10-18T16:34:52.821+0000] {logging_mixin.py:151} INFO - [2023-10-18T16:34:52.821+0000] {dag.py:3722} INFO - Setting next_dagrun for example_branch_operator to 2023-10-17T00:00:00+00:00, run_after=2023-10-18T00:00:00+00:00
[2023-10-18T16:34:52.842+0000] {processor.py:179} INFO - Processing /home/airflow/.local/lib/python3.8/site-packages/airflow/example_dags/example_branch_operator.py took 0.169 seconds
[2023-10-18T16:35:23.867+0000] {processor.py:157} INFO - Started process (PID=586) to work on /home/airflow/.local/lib/python3.8/site-packages/airflow/example_dags/example_branch_operator.py
[2023-10-18T16:35:23.868+0000] {processor.py:829} INFO - Processing file /home/airflow/.local/lib/python3.8/site-packages/airflow/example_dags/example_branch_operator.py for tasks to queue
[2023-10-18T16:35:23.877+0000] {logging_mixin.py:151} INFO - [2023-10-18T16:35:23.876+0000] {dagbag.py:536} INFO - Filling up the DagBag from /home/airflow/.local/lib/python3.8/site-packages/airflow/example_dags/example_branch_operator.py
[2023-10-18T16:35:23.893+0000] {processor.py:839} INFO - DAG(s) dict_keys(['example_branch_operator']) retrieved from /home/airflow/.local/lib/python3.8/site-packages/airflow/example_dags/example_branch_operator.py
[2023-10-18T16:35:23.921+0000] {logging_mixin.py:151} INFO - [2023-10-18T16:35:23.921+0000] {dag.py:2941} INFO - Sync 1 DAGs
[2023-10-18T16:35:23.948+0000] {logging_mixin.py:151} INFO - [2023-10-18T16:35:23.948+0000] {dag.py:3722} INFO - Setting next_dagrun for example_branch_operator to 2023-10-17T00:00:00+00:00, run_after=2023-10-18T00:00:00+00:00
[2023-10-18T16:35:23.968+0000] {processor.py:179} INFO - Processing /home/airflow/.local/lib/python3.8/site-packages/airflow/example_dags/example_branch_operator.py took 0.105 seconds
[2023-10-18T16:35:54.496+0000] {processor.py:157} INFO - Started process (PID=640) to work on /home/airflow/.local/lib/python3.8/site-packages/airflow/example_dags/example_branch_operator.py
[2023-10-18T16:35:54.497+0000] {processor.py:829} INFO - Processing file /home/airflow/.local/lib/python3.8/site-packages/airflow/example_dags/example_branch_operator.py for tasks to queue
[2023-10-18T16:35:54.500+0000] {logging_mixin.py:151} INFO - [2023-10-18T16:35:54.500+0000] {dagbag.py:536} INFO - Filling up the DagBag from /home/airflow/.local/lib/python3.8/site-packages/airflow/example_dags/example_branch_operator.py
[2023-10-18T16:35:54.509+0000] {processor.py:839} INFO - DAG(s) dict_keys(['example_branch_operator']) retrieved from /home/airflow/.local/lib/python3.8/site-packages/airflow/example_dags/example_branch_operator.py
[2023-10-18T16:35:54.531+0000] {logging_mixin.py:151} INFO - [2023-10-18T16:35:54.531+0000] {dag.py:2941} INFO - Sync 1 DAGs
[2023-10-18T16:35:54.552+0000] {logging_mixin.py:151} INFO - [2023-10-18T16:35:54.551+0000] {dag.py:3722} INFO - Setting next_dagrun for example_branch_operator to 2023-10-17T00:00:00+00:00, run_after=2023-10-18T00:00:00+00:00
[2023-10-18T16:35:54.564+0000] {processor.py:179} INFO - Processing /home/airflow/.local/lib/python3.8/site-packages/airflow/example_dags/example_branch_operator.py took 0.072 seconds
