[2023-10-18T16:30:17.878+0000] {processor.py:157} INFO - Started process (PID=44) to work on /home/airflow/.local/lib/python3.8/site-packages/airflow/example_dags/example_dag_decorator.py
[2023-10-18T16:30:17.881+0000] {processor.py:829} INFO - Processing file /home/airflow/.local/lib/python3.8/site-packages/airflow/example_dags/example_dag_decorator.py for tasks to queue
[2023-10-18T16:30:17.884+0000] {logging_mixin.py:151} INFO - [2023-10-18T16:30:17.884+0000] {dagbag.py:536} INFO - Filling up the DagBag from /home/airflow/.local/lib/python3.8/site-packages/airflow/example_dags/example_dag_decorator.py
[2023-10-18T16:30:18.069+0000] {processor.py:839} INFO - DAG(s) dict_keys(['example_dag_decorator']) retrieved from /home/airflow/.local/lib/python3.8/site-packages/airflow/example_dags/example_dag_decorator.py
[2023-10-18T16:30:18.085+0000] {logging_mixin.py:151} INFO - [2023-10-18T16:30:18.085+0000] {dag.py:2941} INFO - Sync 1 DAGs
[2023-10-18T16:30:18.101+0000] {logging_mixin.py:151} INFO - [2023-10-18T16:30:18.101+0000] {dag.py:3722} INFO - Setting next_dagrun for example_dag_decorator to None, run_after=None
[2023-10-18T16:30:18.124+0000] {processor.py:179} INFO - Processing /home/airflow/.local/lib/python3.8/site-packages/airflow/example_dags/example_dag_decorator.py took 0.249 seconds
[2023-10-18T16:30:48.258+0000] {processor.py:157} INFO - Started process (PID=98) to work on /home/airflow/.local/lib/python3.8/site-packages/airflow/example_dags/example_dag_decorator.py
[2023-10-18T16:30:48.259+0000] {processor.py:829} INFO - Processing file /home/airflow/.local/lib/python3.8/site-packages/airflow/example_dags/example_dag_decorator.py for tasks to queue
[2023-10-18T16:30:48.261+0000] {logging_mixin.py:151} INFO - [2023-10-18T16:30:48.261+0000] {dagbag.py:536} INFO - Filling up the DagBag from /home/airflow/.local/lib/python3.8/site-packages/airflow/example_dags/example_dag_decorator.py
[2023-10-18T16:30:48.328+0000] {processor.py:839} INFO - DAG(s) dict_keys(['example_dag_decorator']) retrieved from /home/airflow/.local/lib/python3.8/site-packages/airflow/example_dags/example_dag_decorator.py
[2023-10-18T16:30:48.441+0000] {logging_mixin.py:151} INFO - [2023-10-18T16:30:48.440+0000] {dag.py:2941} INFO - Sync 1 DAGs
[2023-10-18T16:30:48.451+0000] {logging_mixin.py:151} INFO - [2023-10-18T16:30:48.451+0000] {dag.py:3722} INFO - Setting next_dagrun for example_dag_decorator to None, run_after=None
[2023-10-18T16:30:48.464+0000] {processor.py:179} INFO - Processing /home/airflow/.local/lib/python3.8/site-packages/airflow/example_dags/example_dag_decorator.py took 0.210 seconds
[2023-10-18T16:31:18.577+0000] {processor.py:157} INFO - Started process (PID=152) to work on /home/airflow/.local/lib/python3.8/site-packages/airflow/example_dags/example_dag_decorator.py
[2023-10-18T16:31:18.578+0000] {processor.py:829} INFO - Processing file /home/airflow/.local/lib/python3.8/site-packages/airflow/example_dags/example_dag_decorator.py for tasks to queue
[2023-10-18T16:31:18.580+0000] {logging_mixin.py:151} INFO - [2023-10-18T16:31:18.580+0000] {dagbag.py:536} INFO - Filling up the DagBag from /home/airflow/.local/lib/python3.8/site-packages/airflow/example_dags/example_dag_decorator.py
[2023-10-18T16:31:18.649+0000] {processor.py:839} INFO - DAG(s) dict_keys(['example_dag_decorator']) retrieved from /home/airflow/.local/lib/python3.8/site-packages/airflow/example_dags/example_dag_decorator.py
[2023-10-18T16:31:18.736+0000] {logging_mixin.py:151} INFO - [2023-10-18T16:31:18.735+0000] {dag.py:2941} INFO - Sync 1 DAGs
[2023-10-18T16:31:18.743+0000] {logging_mixin.py:151} INFO - [2023-10-18T16:31:18.743+0000] {dag.py:3722} INFO - Setting next_dagrun for example_dag_decorator to None, run_after=None
[2023-10-18T16:31:18.754+0000] {processor.py:179} INFO - Processing /home/airflow/.local/lib/python3.8/site-packages/airflow/example_dags/example_dag_decorator.py took 0.180 seconds
[2023-10-18T16:31:48.895+0000] {processor.py:157} INFO - Started process (PID=206) to work on /home/airflow/.local/lib/python3.8/site-packages/airflow/example_dags/example_dag_decorator.py
[2023-10-18T16:31:48.897+0000] {processor.py:829} INFO - Processing file /home/airflow/.local/lib/python3.8/site-packages/airflow/example_dags/example_dag_decorator.py for tasks to queue
[2023-10-18T16:31:48.899+0000] {logging_mixin.py:151} INFO - [2023-10-18T16:31:48.898+0000] {dagbag.py:536} INFO - Filling up the DagBag from /home/airflow/.local/lib/python3.8/site-packages/airflow/example_dags/example_dag_decorator.py
[2023-10-18T16:31:48.958+0000] {processor.py:839} INFO - DAG(s) dict_keys(['example_dag_decorator']) retrieved from /home/airflow/.local/lib/python3.8/site-packages/airflow/example_dags/example_dag_decorator.py
[2023-10-18T16:31:49.272+0000] {logging_mixin.py:151} INFO - [2023-10-18T16:31:49.272+0000] {dag.py:2941} INFO - Sync 1 DAGs
[2023-10-18T16:31:49.279+0000] {logging_mixin.py:151} INFO - [2023-10-18T16:31:49.279+0000] {dag.py:3722} INFO - Setting next_dagrun for example_dag_decorator to None, run_after=None
[2023-10-18T16:31:49.291+0000] {processor.py:179} INFO - Processing /home/airflow/.local/lib/python3.8/site-packages/airflow/example_dags/example_dag_decorator.py took 0.399 seconds
[2023-10-18T16:32:19.362+0000] {processor.py:157} INFO - Started process (PID=261) to work on /home/airflow/.local/lib/python3.8/site-packages/airflow/example_dags/example_dag_decorator.py
[2023-10-18T16:32:19.363+0000] {processor.py:829} INFO - Processing file /home/airflow/.local/lib/python3.8/site-packages/airflow/example_dags/example_dag_decorator.py for tasks to queue
[2023-10-18T16:32:19.365+0000] {logging_mixin.py:151} INFO - [2023-10-18T16:32:19.365+0000] {dagbag.py:536} INFO - Filling up the DagBag from /home/airflow/.local/lib/python3.8/site-packages/airflow/example_dags/example_dag_decorator.py
[2023-10-18T16:32:19.424+0000] {processor.py:839} INFO - DAG(s) dict_keys(['example_dag_decorator']) retrieved from /home/airflow/.local/lib/python3.8/site-packages/airflow/example_dags/example_dag_decorator.py
[2023-10-18T16:32:19.714+0000] {logging_mixin.py:151} INFO - [2023-10-18T16:32:19.714+0000] {dag.py:2941} INFO - Sync 1 DAGs
[2023-10-18T16:32:19.721+0000] {logging_mixin.py:151} INFO - [2023-10-18T16:32:19.721+0000] {dag.py:3722} INFO - Setting next_dagrun for example_dag_decorator to None, run_after=None
[2023-10-18T16:32:19.731+0000] {processor.py:179} INFO - Processing /home/airflow/.local/lib/python3.8/site-packages/airflow/example_dags/example_dag_decorator.py took 0.373 seconds
[2023-10-18T16:32:49.847+0000] {processor.py:157} INFO - Started process (PID=318) to work on /home/airflow/.local/lib/python3.8/site-packages/airflow/example_dags/example_dag_decorator.py
[2023-10-18T16:32:49.849+0000] {processor.py:829} INFO - Processing file /home/airflow/.local/lib/python3.8/site-packages/airflow/example_dags/example_dag_decorator.py for tasks to queue
[2023-10-18T16:32:49.850+0000] {logging_mixin.py:151} INFO - [2023-10-18T16:32:49.850+0000] {dagbag.py:536} INFO - Filling up the DagBag from /home/airflow/.local/lib/python3.8/site-packages/airflow/example_dags/example_dag_decorator.py
[2023-10-18T16:32:49.895+0000] {processor.py:839} INFO - DAG(s) dict_keys(['example_dag_decorator']) retrieved from /home/airflow/.local/lib/python3.8/site-packages/airflow/example_dags/example_dag_decorator.py
[2023-10-18T16:32:49.911+0000] {logging_mixin.py:151} INFO - [2023-10-18T16:32:49.911+0000] {dag.py:2941} INFO - Sync 1 DAGs
[2023-10-18T16:32:49.920+0000] {logging_mixin.py:151} INFO - [2023-10-18T16:32:49.919+0000] {dag.py:3722} INFO - Setting next_dagrun for example_dag_decorator to None, run_after=None
[2023-10-18T16:32:49.929+0000] {processor.py:179} INFO - Processing /home/airflow/.local/lib/python3.8/site-packages/airflow/example_dags/example_dag_decorator.py took 0.084 seconds
[2023-10-18T16:33:20.270+0000] {processor.py:157} INFO - Started process (PID=368) to work on /home/airflow/.local/lib/python3.8/site-packages/airflow/example_dags/example_dag_decorator.py
[2023-10-18T16:33:20.271+0000] {processor.py:829} INFO - Processing file /home/airflow/.local/lib/python3.8/site-packages/airflow/example_dags/example_dag_decorator.py for tasks to queue
[2023-10-18T16:33:20.274+0000] {logging_mixin.py:151} INFO - [2023-10-18T16:33:20.274+0000] {dagbag.py:536} INFO - Filling up the DagBag from /home/airflow/.local/lib/python3.8/site-packages/airflow/example_dags/example_dag_decorator.py
[2023-10-18T16:33:20.328+0000] {processor.py:839} INFO - DAG(s) dict_keys(['example_dag_decorator']) retrieved from /home/airflow/.local/lib/python3.8/site-packages/airflow/example_dags/example_dag_decorator.py
[2023-10-18T16:33:20.634+0000] {logging_mixin.py:151} INFO - [2023-10-18T16:33:20.634+0000] {dag.py:2941} INFO - Sync 1 DAGs
[2023-10-18T16:33:20.641+0000] {logging_mixin.py:151} INFO - [2023-10-18T16:33:20.641+0000] {dag.py:3722} INFO - Setting next_dagrun for example_dag_decorator to None, run_after=None
[2023-10-18T16:33:20.656+0000] {processor.py:179} INFO - Processing /home/airflow/.local/lib/python3.8/site-packages/airflow/example_dags/example_dag_decorator.py took 0.389 seconds
[2023-10-18T16:33:50.714+0000] {processor.py:157} INFO - Started process (PID=425) to work on /home/airflow/.local/lib/python3.8/site-packages/airflow/example_dags/example_dag_decorator.py
[2023-10-18T16:33:50.716+0000] {processor.py:829} INFO - Processing file /home/airflow/.local/lib/python3.8/site-packages/airflow/example_dags/example_dag_decorator.py for tasks to queue
[2023-10-18T16:33:50.718+0000] {logging_mixin.py:151} INFO - [2023-10-18T16:33:50.718+0000] {dagbag.py:536} INFO - Filling up the DagBag from /home/airflow/.local/lib/python3.8/site-packages/airflow/example_dags/example_dag_decorator.py
[2023-10-18T16:33:50.765+0000] {processor.py:839} INFO - DAG(s) dict_keys(['example_dag_decorator']) retrieved from /home/airflow/.local/lib/python3.8/site-packages/airflow/example_dags/example_dag_decorator.py
[2023-10-18T16:33:51.060+0000] {logging_mixin.py:151} INFO - [2023-10-18T16:33:51.059+0000] {dag.py:2941} INFO - Sync 1 DAGs
[2023-10-18T16:33:51.066+0000] {logging_mixin.py:151} INFO - [2023-10-18T16:33:51.066+0000] {dag.py:3722} INFO - Setting next_dagrun for example_dag_decorator to None, run_after=None
[2023-10-18T16:33:51.078+0000] {processor.py:179} INFO - Processing /home/airflow/.local/lib/python3.8/site-packages/airflow/example_dags/example_dag_decorator.py took 0.367 seconds
[2023-10-18T16:34:21.138+0000] {processor.py:157} INFO - Started process (PID=482) to work on /home/airflow/.local/lib/python3.8/site-packages/airflow/example_dags/example_dag_decorator.py
[2023-10-18T16:34:21.139+0000] {processor.py:829} INFO - Processing file /home/airflow/.local/lib/python3.8/site-packages/airflow/example_dags/example_dag_decorator.py for tasks to queue
[2023-10-18T16:34:21.142+0000] {logging_mixin.py:151} INFO - [2023-10-18T16:34:21.141+0000] {dagbag.py:536} INFO - Filling up the DagBag from /home/airflow/.local/lib/python3.8/site-packages/airflow/example_dags/example_dag_decorator.py
[2023-10-18T16:34:21.200+0000] {processor.py:839} INFO - DAG(s) dict_keys(['example_dag_decorator']) retrieved from /home/airflow/.local/lib/python3.8/site-packages/airflow/example_dags/example_dag_decorator.py
[2023-10-18T16:34:21.559+0000] {logging_mixin.py:151} INFO - [2023-10-18T16:34:21.559+0000] {dag.py:2941} INFO - Sync 1 DAGs
[2023-10-18T16:34:21.565+0000] {logging_mixin.py:151} INFO - [2023-10-18T16:34:21.565+0000] {dag.py:3722} INFO - Setting next_dagrun for example_dag_decorator to None, run_after=None
[2023-10-18T16:34:21.575+0000] {processor.py:179} INFO - Processing /home/airflow/.local/lib/python3.8/site-packages/airflow/example_dags/example_dag_decorator.py took 0.441 seconds
[2023-10-18T16:34:53.025+0000] {processor.py:157} INFO - Started process (PID=535) to work on /home/airflow/.local/lib/python3.8/site-packages/airflow/example_dags/example_dag_decorator.py
[2023-10-18T16:34:53.027+0000] {processor.py:829} INFO - Processing file /home/airflow/.local/lib/python3.8/site-packages/airflow/example_dags/example_dag_decorator.py for tasks to queue
[2023-10-18T16:34:53.030+0000] {logging_mixin.py:151} INFO - [2023-10-18T16:34:53.030+0000] {dagbag.py:536} INFO - Filling up the DagBag from /home/airflow/.local/lib/python3.8/site-packages/airflow/example_dags/example_dag_decorator.py
[2023-10-18T16:34:53.098+0000] {processor.py:839} INFO - DAG(s) dict_keys(['example_dag_decorator']) retrieved from /home/airflow/.local/lib/python3.8/site-packages/airflow/example_dags/example_dag_decorator.py
[2023-10-18T16:34:53.714+0000] {logging_mixin.py:151} INFO - [2023-10-18T16:34:53.713+0000] {dag.py:2941} INFO - Sync 1 DAGs
[2023-10-18T16:34:53.727+0000] {logging_mixin.py:151} INFO - [2023-10-18T16:34:53.726+0000] {dag.py:3722} INFO - Setting next_dagrun for example_dag_decorator to None, run_after=None
[2023-10-18T16:34:53.753+0000] {processor.py:179} INFO - Processing /home/airflow/.local/lib/python3.8/site-packages/airflow/example_dags/example_dag_decorator.py took 0.731 seconds
[2023-10-18T16:35:23.864+0000] {processor.py:157} INFO - Started process (PID=585) to work on /home/airflow/.local/lib/python3.8/site-packages/airflow/example_dags/example_dag_decorator.py
[2023-10-18T16:35:23.866+0000] {processor.py:829} INFO - Processing file /home/airflow/.local/lib/python3.8/site-packages/airflow/example_dags/example_dag_decorator.py for tasks to queue
[2023-10-18T16:35:23.870+0000] {logging_mixin.py:151} INFO - [2023-10-18T16:35:23.869+0000] {dagbag.py:536} INFO - Filling up the DagBag from /home/airflow/.local/lib/python3.8/site-packages/airflow/example_dags/example_dag_decorator.py
[2023-10-18T16:35:23.954+0000] {processor.py:839} INFO - DAG(s) dict_keys(['example_dag_decorator']) retrieved from /home/airflow/.local/lib/python3.8/site-packages/airflow/example_dags/example_dag_decorator.py
[2023-10-18T16:35:24.320+0000] {logging_mixin.py:151} INFO - [2023-10-18T16:35:24.320+0000] {dag.py:2941} INFO - Sync 1 DAGs
[2023-10-18T16:35:24.327+0000] {logging_mixin.py:151} INFO - [2023-10-18T16:35:24.327+0000] {dag.py:3722} INFO - Setting next_dagrun for example_dag_decorator to None, run_after=None
[2023-10-18T16:35:24.343+0000] {processor.py:179} INFO - Processing /home/airflow/.local/lib/python3.8/site-packages/airflow/example_dags/example_dag_decorator.py took 0.484 seconds
[2023-10-18T16:35:54.487+0000] {processor.py:157} INFO - Started process (PID=639) to work on /home/airflow/.local/lib/python3.8/site-packages/airflow/example_dags/example_dag_decorator.py
[2023-10-18T16:35:54.489+0000] {processor.py:829} INFO - Processing file /home/airflow/.local/lib/python3.8/site-packages/airflow/example_dags/example_dag_decorator.py for tasks to queue
[2023-10-18T16:35:54.492+0000] {logging_mixin.py:151} INFO - [2023-10-18T16:35:54.492+0000] {dagbag.py:536} INFO - Filling up the DagBag from /home/airflow/.local/lib/python3.8/site-packages/airflow/example_dags/example_dag_decorator.py
[2023-10-18T16:35:54.552+0000] {processor.py:839} INFO - DAG(s) dict_keys(['example_dag_decorator']) retrieved from /home/airflow/.local/lib/python3.8/site-packages/airflow/example_dags/example_dag_decorator.py
[2023-10-18T16:35:54.899+0000] {logging_mixin.py:151} INFO - [2023-10-18T16:35:54.899+0000] {dag.py:2941} INFO - Sync 1 DAGs
[2023-10-18T16:35:54.907+0000] {logging_mixin.py:151} INFO - [2023-10-18T16:35:54.907+0000] {dag.py:3722} INFO - Setting next_dagrun for example_dag_decorator to None, run_after=None
[2023-10-18T16:35:54.920+0000] {processor.py:179} INFO - Processing /home/airflow/.local/lib/python3.8/site-packages/airflow/example_dags/example_dag_decorator.py took 0.441 seconds
