[2023-10-18T16:30:18.557+0000] {processor.py:157} INFO - Started process (PID=51) to work on /home/airflow/.local/lib/python3.8/site-packages/airflow/example_dags/example_branch_python_dop_operator_3.py
[2023-10-18T16:30:18.559+0000] {processor.py:829} INFO - Processing file /home/airflow/.local/lib/python3.8/site-packages/airflow/example_dags/example_branch_python_dop_operator_3.py for tasks to queue
[2023-10-18T16:30:18.571+0000] {logging_mixin.py:151} INFO - [2023-10-18T16:30:18.570+0000] {dagbag.py:536} INFO - Filling up the DagBag from /home/airflow/.local/lib/python3.8/site-packages/airflow/example_dags/example_branch_python_dop_operator_3.py
[2023-10-18T16:30:18.588+0000] {processor.py:839} INFO - DAG(s) dict_keys(['example_branch_dop_operator_v3']) retrieved from /home/airflow/.local/lib/python3.8/site-packages/airflow/example_dags/example_branch_python_dop_operator_3.py
[2023-10-18T16:30:18.616+0000] {logging_mixin.py:151} INFO - [2023-10-18T16:30:18.616+0000] {dag.py:2941} INFO - Sync 1 DAGs
[2023-10-18T16:30:18.676+0000] {logging_mixin.py:151} INFO - [2023-10-18T16:30:18.676+0000] {dag.py:3722} INFO - Setting next_dagrun for example_branch_dop_operator_v3 to 2023-10-18T16:29:00+00:00, run_after=2023-10-18T16:30:00+00:00
[2023-10-18T16:30:18.733+0000] {processor.py:179} INFO - Processing /home/airflow/.local/lib/python3.8/site-packages/airflow/example_dags/example_branch_python_dop_operator_3.py took 0.190 seconds
[2023-10-18T16:30:48.790+0000] {processor.py:157} INFO - Started process (PID=105) to work on /home/airflow/.local/lib/python3.8/site-packages/airflow/example_dags/example_branch_python_dop_operator_3.py
[2023-10-18T16:30:48.791+0000] {processor.py:829} INFO - Processing file /home/airflow/.local/lib/python3.8/site-packages/airflow/example_dags/example_branch_python_dop_operator_3.py for tasks to queue
[2023-10-18T16:30:48.793+0000] {logging_mixin.py:151} INFO - [2023-10-18T16:30:48.793+0000] {dagbag.py:536} INFO - Filling up the DagBag from /home/airflow/.local/lib/python3.8/site-packages/airflow/example_dags/example_branch_python_dop_operator_3.py
[2023-10-18T16:30:48.799+0000] {processor.py:839} INFO - DAG(s) dict_keys(['example_branch_dop_operator_v3']) retrieved from /home/airflow/.local/lib/python3.8/site-packages/airflow/example_dags/example_branch_python_dop_operator_3.py
[2023-10-18T16:30:48.815+0000] {logging_mixin.py:151} INFO - [2023-10-18T16:30:48.815+0000] {dag.py:2941} INFO - Sync 1 DAGs
[2023-10-18T16:30:48.829+0000] {logging_mixin.py:151} INFO - [2023-10-18T16:30:48.829+0000] {dag.py:3722} INFO - Setting next_dagrun for example_branch_dop_operator_v3 to 2023-10-18T16:29:00+00:00, run_after=2023-10-18T16:30:00+00:00
[2023-10-18T16:30:48.839+0000] {processor.py:179} INFO - Processing /home/airflow/.local/lib/python3.8/site-packages/airflow/example_dags/example_branch_python_dop_operator_3.py took 0.052 seconds
[2023-10-18T16:31:19.002+0000] {processor.py:157} INFO - Started process (PID=159) to work on /home/airflow/.local/lib/python3.8/site-packages/airflow/example_dags/example_branch_python_dop_operator_3.py
[2023-10-18T16:31:19.003+0000] {processor.py:829} INFO - Processing file /home/airflow/.local/lib/python3.8/site-packages/airflow/example_dags/example_branch_python_dop_operator_3.py for tasks to queue
[2023-10-18T16:31:19.005+0000] {logging_mixin.py:151} INFO - [2023-10-18T16:31:19.004+0000] {dagbag.py:536} INFO - Filling up the DagBag from /home/airflow/.local/lib/python3.8/site-packages/airflow/example_dags/example_branch_python_dop_operator_3.py
[2023-10-18T16:31:19.011+0000] {processor.py:839} INFO - DAG(s) dict_keys(['example_branch_dop_operator_v3']) retrieved from /home/airflow/.local/lib/python3.8/site-packages/airflow/example_dags/example_branch_python_dop_operator_3.py
[2023-10-18T16:31:19.028+0000] {logging_mixin.py:151} INFO - [2023-10-18T16:31:19.028+0000] {dag.py:2941} INFO - Sync 1 DAGs
[2023-10-18T16:31:19.044+0000] {logging_mixin.py:151} INFO - [2023-10-18T16:31:19.044+0000] {dag.py:3722} INFO - Setting next_dagrun for example_branch_dop_operator_v3 to 2023-10-18T16:30:00+00:00, run_after=2023-10-18T16:31:00+00:00
[2023-10-18T16:31:19.057+0000] {processor.py:179} INFO - Processing /home/airflow/.local/lib/python3.8/site-packages/airflow/example_dags/example_branch_python_dop_operator_3.py took 0.058 seconds
[2023-10-18T16:31:49.415+0000] {processor.py:157} INFO - Started process (PID=213) to work on /home/airflow/.local/lib/python3.8/site-packages/airflow/example_dags/example_branch_python_dop_operator_3.py
[2023-10-18T16:31:49.416+0000] {processor.py:829} INFO - Processing file /home/airflow/.local/lib/python3.8/site-packages/airflow/example_dags/example_branch_python_dop_operator_3.py for tasks to queue
[2023-10-18T16:31:49.419+0000] {logging_mixin.py:151} INFO - [2023-10-18T16:31:49.418+0000] {dagbag.py:536} INFO - Filling up the DagBag from /home/airflow/.local/lib/python3.8/site-packages/airflow/example_dags/example_branch_python_dop_operator_3.py
[2023-10-18T16:31:49.427+0000] {processor.py:839} INFO - DAG(s) dict_keys(['example_branch_dop_operator_v3']) retrieved from /home/airflow/.local/lib/python3.8/site-packages/airflow/example_dags/example_branch_python_dop_operator_3.py
[2023-10-18T16:31:49.444+0000] {logging_mixin.py:151} INFO - [2023-10-18T16:31:49.444+0000] {dag.py:2941} INFO - Sync 1 DAGs
[2023-10-18T16:31:49.459+0000] {logging_mixin.py:151} INFO - [2023-10-18T16:31:49.459+0000] {dag.py:3722} INFO - Setting next_dagrun for example_branch_dop_operator_v3 to 2023-10-18T16:30:00+00:00, run_after=2023-10-18T16:31:00+00:00
[2023-10-18T16:31:49.469+0000] {processor.py:179} INFO - Processing /home/airflow/.local/lib/python3.8/site-packages/airflow/example_dags/example_branch_python_dop_operator_3.py took 0.057 seconds
[2023-10-18T16:32:19.799+0000] {processor.py:157} INFO - Started process (PID=267) to work on /home/airflow/.local/lib/python3.8/site-packages/airflow/example_dags/example_branch_python_dop_operator_3.py
[2023-10-18T16:32:19.800+0000] {processor.py:829} INFO - Processing file /home/airflow/.local/lib/python3.8/site-packages/airflow/example_dags/example_branch_python_dop_operator_3.py for tasks to queue
[2023-10-18T16:32:19.802+0000] {logging_mixin.py:151} INFO - [2023-10-18T16:32:19.802+0000] {dagbag.py:536} INFO - Filling up the DagBag from /home/airflow/.local/lib/python3.8/site-packages/airflow/example_dags/example_branch_python_dop_operator_3.py
[2023-10-18T16:32:19.808+0000] {processor.py:839} INFO - DAG(s) dict_keys(['example_branch_dop_operator_v3']) retrieved from /home/airflow/.local/lib/python3.8/site-packages/airflow/example_dags/example_branch_python_dop_operator_3.py
[2023-10-18T16:32:19.825+0000] {logging_mixin.py:151} INFO - [2023-10-18T16:32:19.825+0000] {dag.py:2941} INFO - Sync 1 DAGs
[2023-10-18T16:32:19.841+0000] {logging_mixin.py:151} INFO - [2023-10-18T16:32:19.841+0000] {dag.py:3722} INFO - Setting next_dagrun for example_branch_dop_operator_v3 to 2023-10-18T16:31:00+00:00, run_after=2023-10-18T16:32:00+00:00
[2023-10-18T16:32:19.852+0000] {processor.py:179} INFO - Processing /home/airflow/.local/lib/python3.8/site-packages/airflow/example_dags/example_branch_python_dop_operator_3.py took 0.056 seconds
[2023-10-18T16:32:50.030+0000] {processor.py:157} INFO - Started process (PID=321) to work on /home/airflow/.local/lib/python3.8/site-packages/airflow/example_dags/example_branch_python_dop_operator_3.py
[2023-10-18T16:32:50.031+0000] {processor.py:829} INFO - Processing file /home/airflow/.local/lib/python3.8/site-packages/airflow/example_dags/example_branch_python_dop_operator_3.py for tasks to queue
[2023-10-18T16:32:50.034+0000] {logging_mixin.py:151} INFO - [2023-10-18T16:32:50.033+0000] {dagbag.py:536} INFO - Filling up the DagBag from /home/airflow/.local/lib/python3.8/site-packages/airflow/example_dags/example_branch_python_dop_operator_3.py
[2023-10-18T16:32:50.040+0000] {processor.py:839} INFO - DAG(s) dict_keys(['example_branch_dop_operator_v3']) retrieved from /home/airflow/.local/lib/python3.8/site-packages/airflow/example_dags/example_branch_python_dop_operator_3.py
[2023-10-18T16:32:50.061+0000] {logging_mixin.py:151} INFO - [2023-10-18T16:32:50.061+0000] {dag.py:2941} INFO - Sync 1 DAGs
[2023-10-18T16:32:50.076+0000] {logging_mixin.py:151} INFO - [2023-10-18T16:32:50.076+0000] {dag.py:3722} INFO - Setting next_dagrun for example_branch_dop_operator_v3 to 2023-10-18T16:31:00+00:00, run_after=2023-10-18T16:32:00+00:00
[2023-10-18T16:32:50.085+0000] {processor.py:179} INFO - Processing /home/airflow/.local/lib/python3.8/site-packages/airflow/example_dags/example_branch_python_dop_operator_3.py took 0.058 seconds
[2023-10-18T16:33:20.772+0000] {processor.py:157} INFO - Started process (PID=375) to work on /home/airflow/.local/lib/python3.8/site-packages/airflow/example_dags/example_branch_python_dop_operator_3.py
[2023-10-18T16:33:20.773+0000] {processor.py:829} INFO - Processing file /home/airflow/.local/lib/python3.8/site-packages/airflow/example_dags/example_branch_python_dop_operator_3.py for tasks to queue
[2023-10-18T16:33:20.775+0000] {logging_mixin.py:151} INFO - [2023-10-18T16:33:20.775+0000] {dagbag.py:536} INFO - Filling up the DagBag from /home/airflow/.local/lib/python3.8/site-packages/airflow/example_dags/example_branch_python_dop_operator_3.py
[2023-10-18T16:33:20.781+0000] {processor.py:839} INFO - DAG(s) dict_keys(['example_branch_dop_operator_v3']) retrieved from /home/airflow/.local/lib/python3.8/site-packages/airflow/example_dags/example_branch_python_dop_operator_3.py
[2023-10-18T16:33:20.797+0000] {logging_mixin.py:151} INFO - [2023-10-18T16:33:20.797+0000] {dag.py:2941} INFO - Sync 1 DAGs
[2023-10-18T16:33:20.811+0000] {logging_mixin.py:151} INFO - [2023-10-18T16:33:20.811+0000] {dag.py:3722} INFO - Setting next_dagrun for example_branch_dop_operator_v3 to 2023-10-18T16:32:00+00:00, run_after=2023-10-18T16:33:00+00:00
[2023-10-18T16:33:20.821+0000] {processor.py:179} INFO - Processing /home/airflow/.local/lib/python3.8/site-packages/airflow/example_dags/example_branch_python_dop_operator_3.py took 0.051 seconds
[2023-10-18T16:33:51.066+0000] {processor.py:157} INFO - Started process (PID=429) to work on /home/airflow/.local/lib/python3.8/site-packages/airflow/example_dags/example_branch_python_dop_operator_3.py
[2023-10-18T16:33:51.068+0000] {processor.py:829} INFO - Processing file /home/airflow/.local/lib/python3.8/site-packages/airflow/example_dags/example_branch_python_dop_operator_3.py for tasks to queue
[2023-10-18T16:33:51.070+0000] {logging_mixin.py:151} INFO - [2023-10-18T16:33:51.069+0000] {dagbag.py:536} INFO - Filling up the DagBag from /home/airflow/.local/lib/python3.8/site-packages/airflow/example_dags/example_branch_python_dop_operator_3.py
[2023-10-18T16:33:51.076+0000] {processor.py:839} INFO - DAG(s) dict_keys(['example_branch_dop_operator_v3']) retrieved from /home/airflow/.local/lib/python3.8/site-packages/airflow/example_dags/example_branch_python_dop_operator_3.py
[2023-10-18T16:33:51.095+0000] {logging_mixin.py:151} INFO - [2023-10-18T16:33:51.095+0000] {dag.py:2941} INFO - Sync 1 DAGs
[2023-10-18T16:33:51.113+0000] {logging_mixin.py:151} INFO - [2023-10-18T16:33:51.112+0000] {dag.py:3722} INFO - Setting next_dagrun for example_branch_dop_operator_v3 to 2023-10-18T16:32:00+00:00, run_after=2023-10-18T16:33:00+00:00
[2023-10-18T16:33:51.123+0000] {processor.py:179} INFO - Processing /home/airflow/.local/lib/python3.8/site-packages/airflow/example_dags/example_branch_python_dop_operator_3.py took 0.060 seconds
[2023-10-18T16:34:21.352+0000] {processor.py:157} INFO - Started process (PID=484) to work on /home/airflow/.local/lib/python3.8/site-packages/airflow/example_dags/example_branch_python_dop_operator_3.py
[2023-10-18T16:34:21.354+0000] {processor.py:829} INFO - Processing file /home/airflow/.local/lib/python3.8/site-packages/airflow/example_dags/example_branch_python_dop_operator_3.py for tasks to queue
[2023-10-18T16:34:21.359+0000] {logging_mixin.py:151} INFO - [2023-10-18T16:34:21.358+0000] {dagbag.py:536} INFO - Filling up the DagBag from /home/airflow/.local/lib/python3.8/site-packages/airflow/example_dags/example_branch_python_dop_operator_3.py
[2023-10-18T16:34:21.370+0000] {processor.py:839} INFO - DAG(s) dict_keys(['example_branch_dop_operator_v3']) retrieved from /home/airflow/.local/lib/python3.8/site-packages/airflow/example_dags/example_branch_python_dop_operator_3.py
[2023-10-18T16:34:21.396+0000] {logging_mixin.py:151} INFO - [2023-10-18T16:34:21.395+0000] {dag.py:2941} INFO - Sync 1 DAGs
[2023-10-18T16:34:21.422+0000] {logging_mixin.py:151} INFO - [2023-10-18T16:34:21.422+0000] {dag.py:3722} INFO - Setting next_dagrun for example_branch_dop_operator_v3 to 2023-10-18T16:33:00+00:00, run_after=2023-10-18T16:34:00+00:00
[2023-10-18T16:34:21.437+0000] {processor.py:179} INFO - Processing /home/airflow/.local/lib/python3.8/site-packages/airflow/example_dags/example_branch_python_dop_operator_3.py took 0.088 seconds
[2023-10-18T16:34:53.480+0000] {processor.py:157} INFO - Started process (PID=538) to work on /home/airflow/.local/lib/python3.8/site-packages/airflow/example_dags/example_branch_python_dop_operator_3.py
[2023-10-18T16:34:53.482+0000] {processor.py:829} INFO - Processing file /home/airflow/.local/lib/python3.8/site-packages/airflow/example_dags/example_branch_python_dop_operator_3.py for tasks to queue
[2023-10-18T16:34:53.488+0000] {logging_mixin.py:151} INFO - [2023-10-18T16:34:53.487+0000] {dagbag.py:536} INFO - Filling up the DagBag from /home/airflow/.local/lib/python3.8/site-packages/airflow/example_dags/example_branch_python_dop_operator_3.py
[2023-10-18T16:34:53.521+0000] {processor.py:839} INFO - DAG(s) dict_keys(['example_branch_dop_operator_v3']) retrieved from /home/airflow/.local/lib/python3.8/site-packages/airflow/example_dags/example_branch_python_dop_operator_3.py
[2023-10-18T16:34:53.572+0000] {logging_mixin.py:151} INFO - [2023-10-18T16:34:53.572+0000] {dag.py:2941} INFO - Sync 1 DAGs
[2023-10-18T16:34:53.640+0000] {logging_mixin.py:151} INFO - [2023-10-18T16:34:53.639+0000] {dag.py:3722} INFO - Setting next_dagrun for example_branch_dop_operator_v3 to 2023-10-18T16:33:00+00:00, run_after=2023-10-18T16:34:00+00:00
[2023-10-18T16:34:53.671+0000] {processor.py:179} INFO - Processing /home/airflow/.local/lib/python3.8/site-packages/airflow/example_dags/example_branch_python_dop_operator_3.py took 0.200 seconds
[2023-10-18T16:35:24.420+0000] {processor.py:157} INFO - Started process (PID=591) to work on /home/airflow/.local/lib/python3.8/site-packages/airflow/example_dags/example_branch_python_dop_operator_3.py
[2023-10-18T16:35:24.422+0000] {processor.py:829} INFO - Processing file /home/airflow/.local/lib/python3.8/site-packages/airflow/example_dags/example_branch_python_dop_operator_3.py for tasks to queue
[2023-10-18T16:35:24.424+0000] {logging_mixin.py:151} INFO - [2023-10-18T16:35:24.424+0000] {dagbag.py:536} INFO - Filling up the DagBag from /home/airflow/.local/lib/python3.8/site-packages/airflow/example_dags/example_branch_python_dop_operator_3.py
[2023-10-18T16:35:24.431+0000] {processor.py:839} INFO - DAG(s) dict_keys(['example_branch_dop_operator_v3']) retrieved from /home/airflow/.local/lib/python3.8/site-packages/airflow/example_dags/example_branch_python_dop_operator_3.py
[2023-10-18T16:35:24.450+0000] {logging_mixin.py:151} INFO - [2023-10-18T16:35:24.449+0000] {dag.py:2941} INFO - Sync 1 DAGs
[2023-10-18T16:35:24.468+0000] {logging_mixin.py:151} INFO - [2023-10-18T16:35:24.467+0000] {dag.py:3722} INFO - Setting next_dagrun for example_branch_dop_operator_v3 to 2023-10-18T16:34:00+00:00, run_after=2023-10-18T16:35:00+00:00
[2023-10-18T16:35:24.479+0000] {processor.py:179} INFO - Processing /home/airflow/.local/lib/python3.8/site-packages/airflow/example_dags/example_branch_python_dop_operator_3.py took 0.063 seconds
[2023-10-18T16:35:54.969+0000] {processor.py:157} INFO - Started process (PID=645) to work on /home/airflow/.local/lib/python3.8/site-packages/airflow/example_dags/example_branch_python_dop_operator_3.py
[2023-10-18T16:35:54.972+0000] {processor.py:829} INFO - Processing file /home/airflow/.local/lib/python3.8/site-packages/airflow/example_dags/example_branch_python_dop_operator_3.py for tasks to queue
[2023-10-18T16:35:54.976+0000] {logging_mixin.py:151} INFO - [2023-10-18T16:35:54.976+0000] {dagbag.py:536} INFO - Filling up the DagBag from /home/airflow/.local/lib/python3.8/site-packages/airflow/example_dags/example_branch_python_dop_operator_3.py
[2023-10-18T16:35:54.984+0000] {processor.py:839} INFO - DAG(s) dict_keys(['example_branch_dop_operator_v3']) retrieved from /home/airflow/.local/lib/python3.8/site-packages/airflow/example_dags/example_branch_python_dop_operator_3.py
[2023-10-18T16:35:55.003+0000] {logging_mixin.py:151} INFO - [2023-10-18T16:35:55.003+0000] {dag.py:2941} INFO - Sync 1 DAGs
[2023-10-18T16:35:55.021+0000] {logging_mixin.py:151} INFO - [2023-10-18T16:35:55.021+0000] {dag.py:3722} INFO - Setting next_dagrun for example_branch_dop_operator_v3 to 2023-10-18T16:34:00+00:00, run_after=2023-10-18T16:35:00+00:00
[2023-10-18T16:35:55.032+0000] {processor.py:179} INFO - Processing /home/airflow/.local/lib/python3.8/site-packages/airflow/example_dags/example_branch_python_dop_operator_3.py took 0.067 seconds
