[2023-10-18T16:30:19.715+0000] {processor.py:157} INFO - Started process (PID=64) to work on /home/airflow/.local/lib/python3.8/site-packages/airflow/example_dags/example_latest_only_with_trigger.py
[2023-10-18T16:30:19.717+0000] {processor.py:829} INFO - Processing file /home/airflow/.local/lib/python3.8/site-packages/airflow/example_dags/example_latest_only_with_trigger.py for tasks to queue
[2023-10-18T16:30:19.729+0000] {logging_mixin.py:151} INFO - [2023-10-18T16:30:19.728+0000] {dagbag.py:536} INFO - Filling up the DagBag from /home/airflow/.local/lib/python3.8/site-packages/airflow/example_dags/example_latest_only_with_trigger.py
[2023-10-18T16:30:19.758+0000] {processor.py:839} INFO - DAG(s) dict_keys(['latest_only_with_trigger']) retrieved from /home/airflow/.local/lib/python3.8/site-packages/airflow/example_dags/example_latest_only_with_trigger.py
[2023-10-18T16:30:19.778+0000] {logging_mixin.py:151} INFO - [2023-10-18T16:30:19.778+0000] {dag.py:2941} INFO - Sync 1 DAGs
[2023-10-18T16:30:19.830+0000] {logging_mixin.py:151} INFO - [2023-10-18T16:30:19.830+0000] {dag.py:3722} INFO - Setting next_dagrun for latest_only_with_trigger to 2023-10-18T12:30:19.829936+00:00, run_after=2023-10-18T16:30:19.829936+00:00
[2023-10-18T16:30:19.858+0000] {processor.py:179} INFO - Processing /home/airflow/.local/lib/python3.8/site-packages/airflow/example_dags/example_latest_only_with_trigger.py took 0.147 seconds
[2023-10-18T16:30:50.420+0000] {processor.py:157} INFO - Started process (PID=118) to work on /home/airflow/.local/lib/python3.8/site-packages/airflow/example_dags/example_latest_only_with_trigger.py
[2023-10-18T16:30:50.421+0000] {processor.py:829} INFO - Processing file /home/airflow/.local/lib/python3.8/site-packages/airflow/example_dags/example_latest_only_with_trigger.py for tasks to queue
[2023-10-18T16:30:50.423+0000] {logging_mixin.py:151} INFO - [2023-10-18T16:30:50.423+0000] {dagbag.py:536} INFO - Filling up the DagBag from /home/airflow/.local/lib/python3.8/site-packages/airflow/example_dags/example_latest_only_with_trigger.py
[2023-10-18T16:30:50.427+0000] {processor.py:839} INFO - DAG(s) dict_keys(['latest_only_with_trigger']) retrieved from /home/airflow/.local/lib/python3.8/site-packages/airflow/example_dags/example_latest_only_with_trigger.py
[2023-10-18T16:30:50.444+0000] {logging_mixin.py:151} INFO - [2023-10-18T16:30:50.444+0000] {dag.py:2941} INFO - Sync 1 DAGs
[2023-10-18T16:30:50.458+0000] {logging_mixin.py:151} INFO - [2023-10-18T16:30:50.458+0000] {dag.py:3722} INFO - Setting next_dagrun for latest_only_with_trigger to 2023-10-18T12:30:50.458414+00:00, run_after=2023-10-18T16:30:50.458414+00:00
[2023-10-18T16:30:50.478+0000] {processor.py:179} INFO - Processing /home/airflow/.local/lib/python3.8/site-packages/airflow/example_dags/example_latest_only_with_trigger.py took 0.061 seconds
[2023-10-18T16:31:20.539+0000] {processor.py:157} INFO - Started process (PID=172) to work on /home/airflow/.local/lib/python3.8/site-packages/airflow/example_dags/example_latest_only_with_trigger.py
[2023-10-18T16:31:20.541+0000] {processor.py:829} INFO - Processing file /home/airflow/.local/lib/python3.8/site-packages/airflow/example_dags/example_latest_only_with_trigger.py for tasks to queue
[2023-10-18T16:31:20.543+0000] {logging_mixin.py:151} INFO - [2023-10-18T16:31:20.543+0000] {dagbag.py:536} INFO - Filling up the DagBag from /home/airflow/.local/lib/python3.8/site-packages/airflow/example_dags/example_latest_only_with_trigger.py
[2023-10-18T16:31:20.549+0000] {processor.py:839} INFO - DAG(s) dict_keys(['latest_only_with_trigger']) retrieved from /home/airflow/.local/lib/python3.8/site-packages/airflow/example_dags/example_latest_only_with_trigger.py
[2023-10-18T16:31:20.567+0000] {logging_mixin.py:151} INFO - [2023-10-18T16:31:20.567+0000] {dag.py:2941} INFO - Sync 1 DAGs
[2023-10-18T16:31:20.581+0000] {logging_mixin.py:151} INFO - [2023-10-18T16:31:20.581+0000] {dag.py:3722} INFO - Setting next_dagrun for latest_only_with_trigger to 2023-10-18T12:31:20.581096+00:00, run_after=2023-10-18T16:31:20.581096+00:00
[2023-10-18T16:31:20.593+0000] {processor.py:179} INFO - Processing /home/airflow/.local/lib/python3.8/site-packages/airflow/example_dags/example_latest_only_with_trigger.py took 0.058 seconds
[2023-10-18T16:31:51.091+0000] {processor.py:157} INFO - Started process (PID=226) to work on /home/airflow/.local/lib/python3.8/site-packages/airflow/example_dags/example_latest_only_with_trigger.py
[2023-10-18T16:31:51.093+0000] {processor.py:829} INFO - Processing file /home/airflow/.local/lib/python3.8/site-packages/airflow/example_dags/example_latest_only_with_trigger.py for tasks to queue
[2023-10-18T16:31:51.095+0000] {logging_mixin.py:151} INFO - [2023-10-18T16:31:51.094+0000] {dagbag.py:536} INFO - Filling up the DagBag from /home/airflow/.local/lib/python3.8/site-packages/airflow/example_dags/example_latest_only_with_trigger.py
[2023-10-18T16:31:51.100+0000] {processor.py:839} INFO - DAG(s) dict_keys(['latest_only_with_trigger']) retrieved from /home/airflow/.local/lib/python3.8/site-packages/airflow/example_dags/example_latest_only_with_trigger.py
[2023-10-18T16:31:51.121+0000] {logging_mixin.py:151} INFO - [2023-10-18T16:31:51.121+0000] {dag.py:2941} INFO - Sync 1 DAGs
[2023-10-18T16:31:51.135+0000] {logging_mixin.py:151} INFO - [2023-10-18T16:31:51.135+0000] {dag.py:3722} INFO - Setting next_dagrun for latest_only_with_trigger to 2023-10-18T12:31:51.135354+00:00, run_after=2023-10-18T16:31:51.135354+00:00
[2023-10-18T16:31:51.147+0000] {processor.py:179} INFO - Processing /home/airflow/.local/lib/python3.8/site-packages/airflow/example_dags/example_latest_only_with_trigger.py took 0.059 seconds
[2023-10-18T16:32:21.567+0000] {processor.py:157} INFO - Started process (PID=280) to work on /home/airflow/.local/lib/python3.8/site-packages/airflow/example_dags/example_latest_only_with_trigger.py
[2023-10-18T16:32:21.569+0000] {processor.py:829} INFO - Processing file /home/airflow/.local/lib/python3.8/site-packages/airflow/example_dags/example_latest_only_with_trigger.py for tasks to queue
[2023-10-18T16:32:21.571+0000] {logging_mixin.py:151} INFO - [2023-10-18T16:32:21.571+0000] {dagbag.py:536} INFO - Filling up the DagBag from /home/airflow/.local/lib/python3.8/site-packages/airflow/example_dags/example_latest_only_with_trigger.py
[2023-10-18T16:32:21.576+0000] {processor.py:839} INFO - DAG(s) dict_keys(['latest_only_with_trigger']) retrieved from /home/airflow/.local/lib/python3.8/site-packages/airflow/example_dags/example_latest_only_with_trigger.py
[2023-10-18T16:32:21.598+0000] {logging_mixin.py:151} INFO - [2023-10-18T16:32:21.598+0000] {dag.py:2941} INFO - Sync 1 DAGs
[2023-10-18T16:32:21.613+0000] {logging_mixin.py:151} INFO - [2023-10-18T16:32:21.613+0000] {dag.py:3722} INFO - Setting next_dagrun for latest_only_with_trigger to 2023-10-18T12:32:21.612915+00:00, run_after=2023-10-18T16:32:21.612915+00:00
[2023-10-18T16:32:21.623+0000] {processor.py:179} INFO - Processing /home/airflow/.local/lib/python3.8/site-packages/airflow/example_dags/example_latest_only_with_trigger.py took 0.060 seconds
[2023-10-18T16:32:51.690+0000] {processor.py:157} INFO - Started process (PID=334) to work on /home/airflow/.local/lib/python3.8/site-packages/airflow/example_dags/example_latest_only_with_trigger.py
[2023-10-18T16:32:51.691+0000] {processor.py:829} INFO - Processing file /home/airflow/.local/lib/python3.8/site-packages/airflow/example_dags/example_latest_only_with_trigger.py for tasks to queue
[2023-10-18T16:32:51.693+0000] {logging_mixin.py:151} INFO - [2023-10-18T16:32:51.693+0000] {dagbag.py:536} INFO - Filling up the DagBag from /home/airflow/.local/lib/python3.8/site-packages/airflow/example_dags/example_latest_only_with_trigger.py
[2023-10-18T16:32:51.698+0000] {processor.py:839} INFO - DAG(s) dict_keys(['latest_only_with_trigger']) retrieved from /home/airflow/.local/lib/python3.8/site-packages/airflow/example_dags/example_latest_only_with_trigger.py
[2023-10-18T16:32:51.716+0000] {logging_mixin.py:151} INFO - [2023-10-18T16:32:51.716+0000] {dag.py:2941} INFO - Sync 1 DAGs
[2023-10-18T16:32:51.729+0000] {logging_mixin.py:151} INFO - [2023-10-18T16:32:51.729+0000] {dag.py:3722} INFO - Setting next_dagrun for latest_only_with_trigger to 2023-10-18T12:32:51.729638+00:00, run_after=2023-10-18T16:32:51.729638+00:00
[2023-10-18T16:32:51.740+0000] {processor.py:179} INFO - Processing /home/airflow/.local/lib/python3.8/site-packages/airflow/example_dags/example_latest_only_with_trigger.py took 0.053 seconds
[2023-10-18T16:33:22.487+0000] {processor.py:157} INFO - Started process (PID=388) to work on /home/airflow/.local/lib/python3.8/site-packages/airflow/example_dags/example_latest_only_with_trigger.py
[2023-10-18T16:33:22.489+0000] {processor.py:829} INFO - Processing file /home/airflow/.local/lib/python3.8/site-packages/airflow/example_dags/example_latest_only_with_trigger.py for tasks to queue
[2023-10-18T16:33:22.491+0000] {logging_mixin.py:151} INFO - [2023-10-18T16:33:22.490+0000] {dagbag.py:536} INFO - Filling up the DagBag from /home/airflow/.local/lib/python3.8/site-packages/airflow/example_dags/example_latest_only_with_trigger.py
[2023-10-18T16:33:22.495+0000] {processor.py:839} INFO - DAG(s) dict_keys(['latest_only_with_trigger']) retrieved from /home/airflow/.local/lib/python3.8/site-packages/airflow/example_dags/example_latest_only_with_trigger.py
[2023-10-18T16:33:22.513+0000] {logging_mixin.py:151} INFO - [2023-10-18T16:33:22.513+0000] {dag.py:2941} INFO - Sync 1 DAGs
[2023-10-18T16:33:22.527+0000] {logging_mixin.py:151} INFO - [2023-10-18T16:33:22.526+0000] {dag.py:3722} INFO - Setting next_dagrun for latest_only_with_trigger to 2023-10-18T12:33:22.526709+00:00, run_after=2023-10-18T16:33:22.526709+00:00
[2023-10-18T16:33:22.537+0000] {processor.py:179} INFO - Processing /home/airflow/.local/lib/python3.8/site-packages/airflow/example_dags/example_latest_only_with_trigger.py took 0.052 seconds
[2023-10-18T16:33:52.765+0000] {processor.py:157} INFO - Started process (PID=442) to work on /home/airflow/.local/lib/python3.8/site-packages/airflow/example_dags/example_latest_only_with_trigger.py
[2023-10-18T16:33:52.766+0000] {processor.py:829} INFO - Processing file /home/airflow/.local/lib/python3.8/site-packages/airflow/example_dags/example_latest_only_with_trigger.py for tasks to queue
[2023-10-18T16:33:52.768+0000] {logging_mixin.py:151} INFO - [2023-10-18T16:33:52.768+0000] {dagbag.py:536} INFO - Filling up the DagBag from /home/airflow/.local/lib/python3.8/site-packages/airflow/example_dags/example_latest_only_with_trigger.py
[2023-10-18T16:33:52.773+0000] {processor.py:839} INFO - DAG(s) dict_keys(['latest_only_with_trigger']) retrieved from /home/airflow/.local/lib/python3.8/site-packages/airflow/example_dags/example_latest_only_with_trigger.py
[2023-10-18T16:33:52.791+0000] {logging_mixin.py:151} INFO - [2023-10-18T16:33:52.791+0000] {dag.py:2941} INFO - Sync 1 DAGs
[2023-10-18T16:33:52.804+0000] {logging_mixin.py:151} INFO - [2023-10-18T16:33:52.804+0000] {dag.py:3722} INFO - Setting next_dagrun for latest_only_with_trigger to 2023-10-18T12:33:52.804635+00:00, run_after=2023-10-18T16:33:52.804635+00:00
[2023-10-18T16:33:52.814+0000] {processor.py:179} INFO - Processing /home/airflow/.local/lib/python3.8/site-packages/airflow/example_dags/example_latest_only_with_trigger.py took 0.052 seconds
[2023-10-18T16:34:23.111+0000] {processor.py:157} INFO - Started process (PID=497) to work on /home/airflow/.local/lib/python3.8/site-packages/airflow/example_dags/example_latest_only_with_trigger.py
[2023-10-18T16:34:23.112+0000] {processor.py:829} INFO - Processing file /home/airflow/.local/lib/python3.8/site-packages/airflow/example_dags/example_latest_only_with_trigger.py for tasks to queue
[2023-10-18T16:34:23.114+0000] {logging_mixin.py:151} INFO - [2023-10-18T16:34:23.114+0000] {dagbag.py:536} INFO - Filling up the DagBag from /home/airflow/.local/lib/python3.8/site-packages/airflow/example_dags/example_latest_only_with_trigger.py
[2023-10-18T16:34:23.119+0000] {processor.py:839} INFO - DAG(s) dict_keys(['latest_only_with_trigger']) retrieved from /home/airflow/.local/lib/python3.8/site-packages/airflow/example_dags/example_latest_only_with_trigger.py
[2023-10-18T16:34:23.141+0000] {logging_mixin.py:151} INFO - [2023-10-18T16:34:23.141+0000] {dag.py:2941} INFO - Sync 1 DAGs
[2023-10-18T16:34:23.154+0000] {logging_mixin.py:151} INFO - [2023-10-18T16:34:23.154+0000] {dag.py:3722} INFO - Setting next_dagrun for latest_only_with_trigger to 2023-10-18T12:34:23.154459+00:00, run_after=2023-10-18T16:34:23.154459+00:00
[2023-10-18T16:34:23.164+0000] {processor.py:179} INFO - Processing /home/airflow/.local/lib/python3.8/site-packages/airflow/example_dags/example_latest_only_with_trigger.py took 0.056 seconds
[2023-10-18T16:34:54.461+0000] {processor.py:157} INFO - Started process (PID=551) to work on /home/airflow/.local/lib/python3.8/site-packages/airflow/example_dags/example_latest_only_with_trigger.py
[2023-10-18T16:34:54.463+0000] {processor.py:829} INFO - Processing file /home/airflow/.local/lib/python3.8/site-packages/airflow/example_dags/example_latest_only_with_trigger.py for tasks to queue
[2023-10-18T16:34:54.465+0000] {logging_mixin.py:151} INFO - [2023-10-18T16:34:54.465+0000] {dagbag.py:536} INFO - Filling up the DagBag from /home/airflow/.local/lib/python3.8/site-packages/airflow/example_dags/example_latest_only_with_trigger.py
[2023-10-18T16:34:54.471+0000] {processor.py:839} INFO - DAG(s) dict_keys(['latest_only_with_trigger']) retrieved from /home/airflow/.local/lib/python3.8/site-packages/airflow/example_dags/example_latest_only_with_trigger.py
[2023-10-18T16:34:54.497+0000] {logging_mixin.py:151} INFO - [2023-10-18T16:34:54.497+0000] {dag.py:2941} INFO - Sync 1 DAGs
[2023-10-18T16:34:54.515+0000] {logging_mixin.py:151} INFO - [2023-10-18T16:34:54.515+0000] {dag.py:3722} INFO - Setting next_dagrun for latest_only_with_trigger to 2023-10-18T12:34:54.515591+00:00, run_after=2023-10-18T16:34:54.515591+00:00
[2023-10-18T16:34:54.529+0000] {processor.py:179} INFO - Processing /home/airflow/.local/lib/python3.8/site-packages/airflow/example_dags/example_latest_only_with_trigger.py took 0.071 seconds
[2023-10-18T16:35:25.062+0000] {processor.py:157} INFO - Started process (PID=604) to work on /home/airflow/.local/lib/python3.8/site-packages/airflow/example_dags/example_latest_only_with_trigger.py
[2023-10-18T16:35:25.064+0000] {processor.py:829} INFO - Processing file /home/airflow/.local/lib/python3.8/site-packages/airflow/example_dags/example_latest_only_with_trigger.py for tasks to queue
[2023-10-18T16:35:25.066+0000] {logging_mixin.py:151} INFO - [2023-10-18T16:35:25.066+0000] {dagbag.py:536} INFO - Filling up the DagBag from /home/airflow/.local/lib/python3.8/site-packages/airflow/example_dags/example_latest_only_with_trigger.py
[2023-10-18T16:35:25.073+0000] {processor.py:839} INFO - DAG(s) dict_keys(['latest_only_with_trigger']) retrieved from /home/airflow/.local/lib/python3.8/site-packages/airflow/example_dags/example_latest_only_with_trigger.py
[2023-10-18T16:35:25.096+0000] {logging_mixin.py:151} INFO - [2023-10-18T16:35:25.095+0000] {dag.py:2941} INFO - Sync 1 DAGs
[2023-10-18T16:35:25.112+0000] {logging_mixin.py:151} INFO - [2023-10-18T16:35:25.112+0000] {dag.py:3722} INFO - Setting next_dagrun for latest_only_with_trigger to 2023-10-18T12:35:25.112413+00:00, run_after=2023-10-18T16:35:25.112413+00:00
[2023-10-18T16:35:25.125+0000] {processor.py:179} INFO - Processing /home/airflow/.local/lib/python3.8/site-packages/airflow/example_dags/example_latest_only_with_trigger.py took 0.068 seconds
[2023-10-18T16:35:55.784+0000] {processor.py:157} INFO - Started process (PID=658) to work on /home/airflow/.local/lib/python3.8/site-packages/airflow/example_dags/example_latest_only_with_trigger.py
[2023-10-18T16:35:55.786+0000] {processor.py:829} INFO - Processing file /home/airflow/.local/lib/python3.8/site-packages/airflow/example_dags/example_latest_only_with_trigger.py for tasks to queue
[2023-10-18T16:35:55.791+0000] {logging_mixin.py:151} INFO - [2023-10-18T16:35:55.790+0000] {dagbag.py:536} INFO - Filling up the DagBag from /home/airflow/.local/lib/python3.8/site-packages/airflow/example_dags/example_latest_only_with_trigger.py
[2023-10-18T16:35:55.800+0000] {processor.py:839} INFO - DAG(s) dict_keys(['latest_only_with_trigger']) retrieved from /home/airflow/.local/lib/python3.8/site-packages/airflow/example_dags/example_latest_only_with_trigger.py
[2023-10-18T16:35:55.825+0000] {logging_mixin.py:151} INFO - [2023-10-18T16:35:55.825+0000] {dag.py:2941} INFO - Sync 1 DAGs
[2023-10-18T16:35:55.842+0000] {logging_mixin.py:151} INFO - [2023-10-18T16:35:55.842+0000] {dag.py:3722} INFO - Setting next_dagrun for latest_only_with_trigger to 2023-10-18T12:35:55.841865+00:00, run_after=2023-10-18T16:35:55.841865+00:00
[2023-10-18T16:35:55.855+0000] {processor.py:179} INFO - Processing /home/airflow/.local/lib/python3.8/site-packages/airflow/example_dags/example_latest_only_with_trigger.py took 0.073 seconds
