[2023-10-18T16:30:17.190+0000] {processor.py:157} INFO - Started process (PID=34) to work on /home/airflow/.local/lib/python3.8/site-packages/airflow/example_dags/example_external_task_marker_dag.py
[2023-10-18T16:30:17.192+0000] {processor.py:829} INFO - Processing file /home/airflow/.local/lib/python3.8/site-packages/airflow/example_dags/example_external_task_marker_dag.py for tasks to queue
[2023-10-18T16:30:17.194+0000] {logging_mixin.py:151} INFO - [2023-10-18T16:30:17.194+0000] {dagbag.py:536} INFO - Filling up the DagBag from /home/airflow/.local/lib/python3.8/site-packages/airflow/example_dags/example_external_task_marker_dag.py
[2023-10-18T16:30:17.201+0000] {processor.py:839} INFO - DAG(s) dict_keys(['example_external_task_marker_parent', 'example_external_task_marker_child']) retrieved from /home/airflow/.local/lib/python3.8/site-packages/airflow/example_dags/example_external_task_marker_dag.py
[2023-10-18T16:30:17.225+0000] {logging_mixin.py:151} INFO - [2023-10-18T16:30:17.225+0000] {dag.py:2941} INFO - Sync 2 DAGs
[2023-10-18T16:30:17.238+0000] {logging_mixin.py:151} INFO - [2023-10-18T16:30:17.238+0000] {dag.py:3722} INFO - Setting next_dagrun for example_external_task_marker_child to None, run_after=None
[2023-10-18T16:30:17.243+0000] {logging_mixin.py:151} INFO - [2023-10-18T16:30:17.242+0000] {dag.py:3722} INFO - Setting next_dagrun for example_external_task_marker_parent to None, run_after=None
[2023-10-18T16:30:17.264+0000] {processor.py:179} INFO - Processing /home/airflow/.local/lib/python3.8/site-packages/airflow/example_dags/example_external_task_marker_dag.py took 0.077 seconds
[2023-10-18T16:30:47.838+0000] {processor.py:157} INFO - Started process (PID=88) to work on /home/airflow/.local/lib/python3.8/site-packages/airflow/example_dags/example_external_task_marker_dag.py
[2023-10-18T16:30:47.839+0000] {processor.py:829} INFO - Processing file /home/airflow/.local/lib/python3.8/site-packages/airflow/example_dags/example_external_task_marker_dag.py for tasks to queue
[2023-10-18T16:30:47.841+0000] {logging_mixin.py:151} INFO - [2023-10-18T16:30:47.840+0000] {dagbag.py:536} INFO - Filling up the DagBag from /home/airflow/.local/lib/python3.8/site-packages/airflow/example_dags/example_external_task_marker_dag.py
[2023-10-18T16:30:47.846+0000] {processor.py:839} INFO - DAG(s) dict_keys(['example_external_task_marker_child', 'example_external_task_marker_parent']) retrieved from /home/airflow/.local/lib/python3.8/site-packages/airflow/example_dags/example_external_task_marker_dag.py
[2023-10-18T16:30:47.865+0000] {logging_mixin.py:151} INFO - [2023-10-18T16:30:47.865+0000] {dag.py:2941} INFO - Sync 2 DAGs
[2023-10-18T16:30:47.873+0000] {logging_mixin.py:151} INFO - [2023-10-18T16:30:47.872+0000] {dag.py:3722} INFO - Setting next_dagrun for example_external_task_marker_child to None, run_after=None
[2023-10-18T16:30:47.875+0000] {logging_mixin.py:151} INFO - [2023-10-18T16:30:47.875+0000] {dag.py:3722} INFO - Setting next_dagrun for example_external_task_marker_parent to None, run_after=None
[2023-10-18T16:30:47.884+0000] {processor.py:179} INFO - Processing /home/airflow/.local/lib/python3.8/site-packages/airflow/example_dags/example_external_task_marker_dag.py took 0.049 seconds
[2023-10-18T16:31:18.172+0000] {processor.py:157} INFO - Started process (PID=142) to work on /home/airflow/.local/lib/python3.8/site-packages/airflow/example_dags/example_external_task_marker_dag.py
[2023-10-18T16:31:18.173+0000] {processor.py:829} INFO - Processing file /home/airflow/.local/lib/python3.8/site-packages/airflow/example_dags/example_external_task_marker_dag.py for tasks to queue
[2023-10-18T16:31:18.175+0000] {logging_mixin.py:151} INFO - [2023-10-18T16:31:18.175+0000] {dagbag.py:536} INFO - Filling up the DagBag from /home/airflow/.local/lib/python3.8/site-packages/airflow/example_dags/example_external_task_marker_dag.py
[2023-10-18T16:31:18.180+0000] {processor.py:839} INFO - DAG(s) dict_keys(['example_external_task_marker_child', 'example_external_task_marker_parent']) retrieved from /home/airflow/.local/lib/python3.8/site-packages/airflow/example_dags/example_external_task_marker_dag.py
[2023-10-18T16:31:18.201+0000] {logging_mixin.py:151} INFO - [2023-10-18T16:31:18.201+0000] {dag.py:2941} INFO - Sync 2 DAGs
[2023-10-18T16:31:18.209+0000] {logging_mixin.py:151} INFO - [2023-10-18T16:31:18.209+0000] {dag.py:3722} INFO - Setting next_dagrun for example_external_task_marker_child to None, run_after=None
[2023-10-18T16:31:18.212+0000] {logging_mixin.py:151} INFO - [2023-10-18T16:31:18.212+0000] {dag.py:3722} INFO - Setting next_dagrun for example_external_task_marker_parent to None, run_after=None
[2023-10-18T16:31:18.221+0000] {processor.py:179} INFO - Processing /home/airflow/.local/lib/python3.8/site-packages/airflow/example_dags/example_external_task_marker_dag.py took 0.052 seconds
[2023-10-18T16:31:48.413+0000] {processor.py:157} INFO - Started process (PID=196) to work on /home/airflow/.local/lib/python3.8/site-packages/airflow/example_dags/example_external_task_marker_dag.py
[2023-10-18T16:31:48.415+0000] {processor.py:829} INFO - Processing file /home/airflow/.local/lib/python3.8/site-packages/airflow/example_dags/example_external_task_marker_dag.py for tasks to queue
[2023-10-18T16:31:48.417+0000] {logging_mixin.py:151} INFO - [2023-10-18T16:31:48.417+0000] {dagbag.py:536} INFO - Filling up the DagBag from /home/airflow/.local/lib/python3.8/site-packages/airflow/example_dags/example_external_task_marker_dag.py
[2023-10-18T16:31:48.423+0000] {processor.py:839} INFO - DAG(s) dict_keys(['example_external_task_marker_child', 'example_external_task_marker_parent']) retrieved from /home/airflow/.local/lib/python3.8/site-packages/airflow/example_dags/example_external_task_marker_dag.py
[2023-10-18T16:31:48.442+0000] {logging_mixin.py:151} INFO - [2023-10-18T16:31:48.442+0000] {dag.py:2941} INFO - Sync 2 DAGs
[2023-10-18T16:31:48.451+0000] {logging_mixin.py:151} INFO - [2023-10-18T16:31:48.451+0000] {dag.py:3722} INFO - Setting next_dagrun for example_external_task_marker_child to None, run_after=None
[2023-10-18T16:31:48.453+0000] {logging_mixin.py:151} INFO - [2023-10-18T16:31:48.453+0000] {dag.py:3722} INFO - Setting next_dagrun for example_external_task_marker_parent to None, run_after=None
[2023-10-18T16:31:48.461+0000] {processor.py:179} INFO - Processing /home/airflow/.local/lib/python3.8/site-packages/airflow/example_dags/example_external_task_marker_dag.py took 0.052 seconds
[2023-10-18T16:32:18.918+0000] {processor.py:157} INFO - Started process (PID=250) to work on /home/airflow/.local/lib/python3.8/site-packages/airflow/example_dags/example_external_task_marker_dag.py
[2023-10-18T16:32:18.920+0000] {processor.py:829} INFO - Processing file /home/airflow/.local/lib/python3.8/site-packages/airflow/example_dags/example_external_task_marker_dag.py for tasks to queue
[2023-10-18T16:32:18.922+0000] {logging_mixin.py:151} INFO - [2023-10-18T16:32:18.922+0000] {dagbag.py:536} INFO - Filling up the DagBag from /home/airflow/.local/lib/python3.8/site-packages/airflow/example_dags/example_external_task_marker_dag.py
[2023-10-18T16:32:18.927+0000] {processor.py:839} INFO - DAG(s) dict_keys(['example_external_task_marker_parent', 'example_external_task_marker_child']) retrieved from /home/airflow/.local/lib/python3.8/site-packages/airflow/example_dags/example_external_task_marker_dag.py
[2023-10-18T16:32:18.946+0000] {logging_mixin.py:151} INFO - [2023-10-18T16:32:18.946+0000] {dag.py:2941} INFO - Sync 2 DAGs
[2023-10-18T16:32:18.955+0000] {logging_mixin.py:151} INFO - [2023-10-18T16:32:18.955+0000] {dag.py:3722} INFO - Setting next_dagrun for example_external_task_marker_child to None, run_after=None
[2023-10-18T16:32:18.957+0000] {logging_mixin.py:151} INFO - [2023-10-18T16:32:18.957+0000] {dag.py:3722} INFO - Setting next_dagrun for example_external_task_marker_parent to None, run_after=None
[2023-10-18T16:32:18.966+0000] {processor.py:179} INFO - Processing /home/airflow/.local/lib/python3.8/site-packages/airflow/example_dags/example_external_task_marker_dag.py took 0.051 seconds
[2023-10-18T16:32:49.245+0000] {processor.py:157} INFO - Started process (PID=304) to work on /home/airflow/.local/lib/python3.8/site-packages/airflow/example_dags/example_external_task_marker_dag.py
[2023-10-18T16:32:49.247+0000] {processor.py:829} INFO - Processing file /home/airflow/.local/lib/python3.8/site-packages/airflow/example_dags/example_external_task_marker_dag.py for tasks to queue
[2023-10-18T16:32:49.249+0000] {logging_mixin.py:151} INFO - [2023-10-18T16:32:49.249+0000] {dagbag.py:536} INFO - Filling up the DagBag from /home/airflow/.local/lib/python3.8/site-packages/airflow/example_dags/example_external_task_marker_dag.py
[2023-10-18T16:32:49.254+0000] {processor.py:839} INFO - DAG(s) dict_keys(['example_external_task_marker_child', 'example_external_task_marker_parent']) retrieved from /home/airflow/.local/lib/python3.8/site-packages/airflow/example_dags/example_external_task_marker_dag.py
[2023-10-18T16:32:49.274+0000] {logging_mixin.py:151} INFO - [2023-10-18T16:32:49.274+0000] {dag.py:2941} INFO - Sync 2 DAGs
[2023-10-18T16:32:49.286+0000] {logging_mixin.py:151} INFO - [2023-10-18T16:32:49.286+0000] {dag.py:3722} INFO - Setting next_dagrun for example_external_task_marker_child to None, run_after=None
[2023-10-18T16:32:49.289+0000] {logging_mixin.py:151} INFO - [2023-10-18T16:32:49.289+0000] {dag.py:3722} INFO - Setting next_dagrun for example_external_task_marker_parent to None, run_after=None
[2023-10-18T16:32:49.303+0000] {processor.py:179} INFO - Processing /home/airflow/.local/lib/python3.8/site-packages/airflow/example_dags/example_external_task_marker_dag.py took 0.061 seconds
[2023-10-18T16:33:19.820+0000] {processor.py:157} INFO - Started process (PID=358) to work on /home/airflow/.local/lib/python3.8/site-packages/airflow/example_dags/example_external_task_marker_dag.py
[2023-10-18T16:33:19.821+0000] {processor.py:829} INFO - Processing file /home/airflow/.local/lib/python3.8/site-packages/airflow/example_dags/example_external_task_marker_dag.py for tasks to queue
[2023-10-18T16:33:19.824+0000] {logging_mixin.py:151} INFO - [2023-10-18T16:33:19.823+0000] {dagbag.py:536} INFO - Filling up the DagBag from /home/airflow/.local/lib/python3.8/site-packages/airflow/example_dags/example_external_task_marker_dag.py
[2023-10-18T16:33:19.828+0000] {processor.py:839} INFO - DAG(s) dict_keys(['example_external_task_marker_child', 'example_external_task_marker_parent']) retrieved from /home/airflow/.local/lib/python3.8/site-packages/airflow/example_dags/example_external_task_marker_dag.py
[2023-10-18T16:33:19.847+0000] {logging_mixin.py:151} INFO - [2023-10-18T16:33:19.847+0000] {dag.py:2941} INFO - Sync 2 DAGs
[2023-10-18T16:33:19.856+0000] {logging_mixin.py:151} INFO - [2023-10-18T16:33:19.856+0000] {dag.py:3722} INFO - Setting next_dagrun for example_external_task_marker_child to None, run_after=None
[2023-10-18T16:33:19.859+0000] {logging_mixin.py:151} INFO - [2023-10-18T16:33:19.859+0000] {dag.py:3722} INFO - Setting next_dagrun for example_external_task_marker_parent to None, run_after=None
[2023-10-18T16:33:19.869+0000] {processor.py:179} INFO - Processing /home/airflow/.local/lib/python3.8/site-packages/airflow/example_dags/example_external_task_marker_dag.py took 0.052 seconds
[2023-10-18T16:33:50.185+0000] {processor.py:157} INFO - Started process (PID=412) to work on /home/airflow/.local/lib/python3.8/site-packages/airflow/example_dags/example_external_task_marker_dag.py
[2023-10-18T16:33:50.187+0000] {processor.py:829} INFO - Processing file /home/airflow/.local/lib/python3.8/site-packages/airflow/example_dags/example_external_task_marker_dag.py for tasks to queue
[2023-10-18T16:33:50.190+0000] {logging_mixin.py:151} INFO - [2023-10-18T16:33:50.190+0000] {dagbag.py:536} INFO - Filling up the DagBag from /home/airflow/.local/lib/python3.8/site-packages/airflow/example_dags/example_external_task_marker_dag.py
[2023-10-18T16:33:50.197+0000] {processor.py:839} INFO - DAG(s) dict_keys(['example_external_task_marker_child', 'example_external_task_marker_parent']) retrieved from /home/airflow/.local/lib/python3.8/site-packages/airflow/example_dags/example_external_task_marker_dag.py
[2023-10-18T16:33:50.219+0000] {logging_mixin.py:151} INFO - [2023-10-18T16:33:50.219+0000] {dag.py:2941} INFO - Sync 2 DAGs
[2023-10-18T16:33:50.228+0000] {logging_mixin.py:151} INFO - [2023-10-18T16:33:50.228+0000] {dag.py:3722} INFO - Setting next_dagrun for example_external_task_marker_child to None, run_after=None
[2023-10-18T16:33:50.231+0000] {logging_mixin.py:151} INFO - [2023-10-18T16:33:50.231+0000] {dag.py:3722} INFO - Setting next_dagrun for example_external_task_marker_parent to None, run_after=None
[2023-10-18T16:33:50.241+0000] {processor.py:179} INFO - Processing /home/airflow/.local/lib/python3.8/site-packages/airflow/example_dags/example_external_task_marker_dag.py took 0.060 seconds
[2023-10-18T16:34:20.471+0000] {processor.py:157} INFO - Started process (PID=467) to work on /home/airflow/.local/lib/python3.8/site-packages/airflow/example_dags/example_external_task_marker_dag.py
[2023-10-18T16:34:20.472+0000] {processor.py:829} INFO - Processing file /home/airflow/.local/lib/python3.8/site-packages/airflow/example_dags/example_external_task_marker_dag.py for tasks to queue
[2023-10-18T16:34:20.474+0000] {logging_mixin.py:151} INFO - [2023-10-18T16:34:20.474+0000] {dagbag.py:536} INFO - Filling up the DagBag from /home/airflow/.local/lib/python3.8/site-packages/airflow/example_dags/example_external_task_marker_dag.py
[2023-10-18T16:34:20.479+0000] {processor.py:839} INFO - DAG(s) dict_keys(['example_external_task_marker_child', 'example_external_task_marker_parent']) retrieved from /home/airflow/.local/lib/python3.8/site-packages/airflow/example_dags/example_external_task_marker_dag.py
[2023-10-18T16:34:20.500+0000] {logging_mixin.py:151} INFO - [2023-10-18T16:34:20.500+0000] {dag.py:2941} INFO - Sync 2 DAGs
[2023-10-18T16:34:20.508+0000] {logging_mixin.py:151} INFO - [2023-10-18T16:34:20.508+0000] {dag.py:3722} INFO - Setting next_dagrun for example_external_task_marker_child to None, run_after=None
[2023-10-18T16:34:20.511+0000] {logging_mixin.py:151} INFO - [2023-10-18T16:34:20.511+0000] {dag.py:3722} INFO - Setting next_dagrun for example_external_task_marker_parent to None, run_after=None
[2023-10-18T16:34:20.521+0000] {processor.py:179} INFO - Processing /home/airflow/.local/lib/python3.8/site-packages/airflow/example_dags/example_external_task_marker_dag.py took 0.054 seconds
[2023-10-18T16:34:50.778+0000] {processor.py:157} INFO - Started process (PID=521) to work on /home/airflow/.local/lib/python3.8/site-packages/airflow/example_dags/example_external_task_marker_dag.py
[2023-10-18T16:34:50.779+0000] {processor.py:829} INFO - Processing file /home/airflow/.local/lib/python3.8/site-packages/airflow/example_dags/example_external_task_marker_dag.py for tasks to queue
[2023-10-18T16:34:50.781+0000] {logging_mixin.py:151} INFO - [2023-10-18T16:34:50.781+0000] {dagbag.py:536} INFO - Filling up the DagBag from /home/airflow/.local/lib/python3.8/site-packages/airflow/example_dags/example_external_task_marker_dag.py
[2023-10-18T16:34:50.786+0000] {processor.py:839} INFO - DAG(s) dict_keys(['example_external_task_marker_child', 'example_external_task_marker_parent']) retrieved from /home/airflow/.local/lib/python3.8/site-packages/airflow/example_dags/example_external_task_marker_dag.py
[2023-10-18T16:34:50.806+0000] {logging_mixin.py:151} INFO - [2023-10-18T16:34:50.806+0000] {dag.py:2941} INFO - Sync 2 DAGs
[2023-10-18T16:34:50.814+0000] {logging_mixin.py:151} INFO - [2023-10-18T16:34:50.814+0000] {dag.py:3722} INFO - Setting next_dagrun for example_external_task_marker_child to None, run_after=None
[2023-10-18T16:34:50.817+0000] {logging_mixin.py:151} INFO - [2023-10-18T16:34:50.817+0000] {dag.py:3722} INFO - Setting next_dagrun for example_external_task_marker_parent to None, run_after=None
[2023-10-18T16:34:50.834+0000] {processor.py:179} INFO - Processing /home/airflow/.local/lib/python3.8/site-packages/airflow/example_dags/example_external_task_marker_dag.py took 0.059 seconds
[2023-10-18T16:35:21.330+0000] {processor.py:157} INFO - Started process (PID=574) to work on /home/airflow/.local/lib/python3.8/site-packages/airflow/example_dags/example_external_task_marker_dag.py
[2023-10-18T16:35:21.331+0000] {processor.py:829} INFO - Processing file /home/airflow/.local/lib/python3.8/site-packages/airflow/example_dags/example_external_task_marker_dag.py for tasks to queue
[2023-10-18T16:35:21.334+0000] {logging_mixin.py:151} INFO - [2023-10-18T16:35:21.333+0000] {dagbag.py:536} INFO - Filling up the DagBag from /home/airflow/.local/lib/python3.8/site-packages/airflow/example_dags/example_external_task_marker_dag.py
[2023-10-18T16:35:21.339+0000] {processor.py:839} INFO - DAG(s) dict_keys(['example_external_task_marker_parent', 'example_external_task_marker_child']) retrieved from /home/airflow/.local/lib/python3.8/site-packages/airflow/example_dags/example_external_task_marker_dag.py
[2023-10-18T16:35:21.359+0000] {logging_mixin.py:151} INFO - [2023-10-18T16:35:21.359+0000] {dag.py:2941} INFO - Sync 2 DAGs
[2023-10-18T16:35:21.368+0000] {logging_mixin.py:151} INFO - [2023-10-18T16:35:21.368+0000] {dag.py:3722} INFO - Setting next_dagrun for example_external_task_marker_child to None, run_after=None
[2023-10-18T16:35:21.371+0000] {logging_mixin.py:151} INFO - [2023-10-18T16:35:21.371+0000] {dag.py:3722} INFO - Setting next_dagrun for example_external_task_marker_parent to None, run_after=None
[2023-10-18T16:35:21.381+0000] {processor.py:179} INFO - Processing /home/airflow/.local/lib/python3.8/site-packages/airflow/example_dags/example_external_task_marker_dag.py took 0.055 seconds
[2023-10-18T16:35:51.802+0000] {processor.py:157} INFO - Started process (PID=628) to work on /home/airflow/.local/lib/python3.8/site-packages/airflow/example_dags/example_external_task_marker_dag.py
[2023-10-18T16:35:51.803+0000] {processor.py:829} INFO - Processing file /home/airflow/.local/lib/python3.8/site-packages/airflow/example_dags/example_external_task_marker_dag.py for tasks to queue
[2023-10-18T16:35:51.805+0000] {logging_mixin.py:151} INFO - [2023-10-18T16:35:51.805+0000] {dagbag.py:536} INFO - Filling up the DagBag from /home/airflow/.local/lib/python3.8/site-packages/airflow/example_dags/example_external_task_marker_dag.py
[2023-10-18T16:35:51.810+0000] {processor.py:839} INFO - DAG(s) dict_keys(['example_external_task_marker_child', 'example_external_task_marker_parent']) retrieved from /home/airflow/.local/lib/python3.8/site-packages/airflow/example_dags/example_external_task_marker_dag.py
[2023-10-18T16:35:51.829+0000] {logging_mixin.py:151} INFO - [2023-10-18T16:35:51.829+0000] {dag.py:2941} INFO - Sync 2 DAGs
[2023-10-18T16:35:51.838+0000] {logging_mixin.py:151} INFO - [2023-10-18T16:35:51.838+0000] {dag.py:3722} INFO - Setting next_dagrun for example_external_task_marker_child to None, run_after=None
[2023-10-18T16:35:51.841+0000] {logging_mixin.py:151} INFO - [2023-10-18T16:35:51.841+0000] {dag.py:3722} INFO - Setting next_dagrun for example_external_task_marker_parent to None, run_after=None
[2023-10-18T16:35:51.852+0000] {processor.py:179} INFO - Processing /home/airflow/.local/lib/python3.8/site-packages/airflow/example_dags/example_external_task_marker_dag.py took 0.053 seconds
