[2023-10-18T16:30:18.653+0000] {processor.py:157} INFO - Started process (PID=52) to work on /home/airflow/.local/lib/python3.8/site-packages/airflow/example_dags/example_setup_teardown.py
[2023-10-18T16:30:18.686+0000] {processor.py:829} INFO - Processing file /home/airflow/.local/lib/python3.8/site-packages/airflow/example_dags/example_setup_teardown.py for tasks to queue
[2023-10-18T16:30:18.696+0000] {logging_mixin.py:151} INFO - [2023-10-18T16:30:18.695+0000] {dagbag.py:536} INFO - Filling up the DagBag from /home/airflow/.local/lib/python3.8/site-packages/airflow/example_dags/example_setup_teardown.py
[2023-10-18T16:30:18.719+0000] {processor.py:839} INFO - DAG(s) dict_keys(['example_setup_teardown']) retrieved from /home/airflow/.local/lib/python3.8/site-packages/airflow/example_dags/example_setup_teardown.py
[2023-10-18T16:30:18.751+0000] {logging_mixin.py:151} INFO - [2023-10-18T16:30:18.751+0000] {dag.py:2941} INFO - Sync 1 DAGs
[2023-10-18T16:30:18.782+0000] {logging_mixin.py:151} INFO - [2023-10-18T16:30:18.781+0000] {dag.py:3722} INFO - Setting next_dagrun for example_setup_teardown to 2023-10-17T16:30:18.780795+00:00, run_after=2023-10-18T16:30:18.780795+00:00
[2023-10-18T16:30:18.815+0000] {processor.py:179} INFO - Processing /home/airflow/.local/lib/python3.8/site-packages/airflow/example_dags/example_setup_teardown.py took 0.214 seconds
[2023-10-18T16:30:48.860+0000] {processor.py:157} INFO - Started process (PID=106) to work on /home/airflow/.local/lib/python3.8/site-packages/airflow/example_dags/example_setup_teardown.py
[2023-10-18T16:30:48.861+0000] {processor.py:829} INFO - Processing file /home/airflow/.local/lib/python3.8/site-packages/airflow/example_dags/example_setup_teardown.py for tasks to queue
[2023-10-18T16:30:48.863+0000] {logging_mixin.py:151} INFO - [2023-10-18T16:30:48.863+0000] {dagbag.py:536} INFO - Filling up the DagBag from /home/airflow/.local/lib/python3.8/site-packages/airflow/example_dags/example_setup_teardown.py
[2023-10-18T16:30:48.869+0000] {processor.py:839} INFO - DAG(s) dict_keys(['example_setup_teardown']) retrieved from /home/airflow/.local/lib/python3.8/site-packages/airflow/example_dags/example_setup_teardown.py
[2023-10-18T16:30:48.885+0000] {logging_mixin.py:151} INFO - [2023-10-18T16:30:48.884+0000] {dag.py:2941} INFO - Sync 1 DAGs
[2023-10-18T16:30:48.897+0000] {logging_mixin.py:151} INFO - [2023-10-18T16:30:48.897+0000] {dag.py:3722} INFO - Setting next_dagrun for example_setup_teardown to 2023-10-17T16:30:48.897149+00:00, run_after=2023-10-18T16:30:48.897149+00:00
[2023-10-18T16:30:48.906+0000] {processor.py:179} INFO - Processing /home/airflow/.local/lib/python3.8/site-packages/airflow/example_dags/example_setup_teardown.py took 0.049 seconds
[2023-10-18T16:31:19.007+0000] {processor.py:157} INFO - Started process (PID=160) to work on /home/airflow/.local/lib/python3.8/site-packages/airflow/example_dags/example_setup_teardown.py
[2023-10-18T16:31:19.008+0000] {processor.py:829} INFO - Processing file /home/airflow/.local/lib/python3.8/site-packages/airflow/example_dags/example_setup_teardown.py for tasks to queue
[2023-10-18T16:31:19.010+0000] {logging_mixin.py:151} INFO - [2023-10-18T16:31:19.009+0000] {dagbag.py:536} INFO - Filling up the DagBag from /home/airflow/.local/lib/python3.8/site-packages/airflow/example_dags/example_setup_teardown.py
[2023-10-18T16:31:19.015+0000] {processor.py:839} INFO - DAG(s) dict_keys(['example_setup_teardown']) retrieved from /home/airflow/.local/lib/python3.8/site-packages/airflow/example_dags/example_setup_teardown.py
[2023-10-18T16:31:19.031+0000] {logging_mixin.py:151} INFO - [2023-10-18T16:31:19.031+0000] {dag.py:2941} INFO - Sync 1 DAGs
[2023-10-18T16:31:19.044+0000] {logging_mixin.py:151} INFO - [2023-10-18T16:31:19.044+0000] {dag.py:3722} INFO - Setting next_dagrun for example_setup_teardown to 2023-10-17T16:31:19.044505+00:00, run_after=2023-10-18T16:31:19.044505+00:00
[2023-10-18T16:31:19.057+0000] {processor.py:179} INFO - Processing /home/airflow/.local/lib/python3.8/site-packages/airflow/example_dags/example_setup_teardown.py took 0.053 seconds
[2023-10-18T16:31:49.438+0000] {processor.py:157} INFO - Started process (PID=214) to work on /home/airflow/.local/lib/python3.8/site-packages/airflow/example_dags/example_setup_teardown.py
[2023-10-18T16:31:49.439+0000] {processor.py:829} INFO - Processing file /home/airflow/.local/lib/python3.8/site-packages/airflow/example_dags/example_setup_teardown.py for tasks to queue
[2023-10-18T16:31:49.441+0000] {logging_mixin.py:151} INFO - [2023-10-18T16:31:49.441+0000] {dagbag.py:536} INFO - Filling up the DagBag from /home/airflow/.local/lib/python3.8/site-packages/airflow/example_dags/example_setup_teardown.py
[2023-10-18T16:31:49.447+0000] {processor.py:839} INFO - DAG(s) dict_keys(['example_setup_teardown']) retrieved from /home/airflow/.local/lib/python3.8/site-packages/airflow/example_dags/example_setup_teardown.py
[2023-10-18T16:31:49.463+0000] {logging_mixin.py:151} INFO - [2023-10-18T16:31:49.463+0000] {dag.py:2941} INFO - Sync 1 DAGs
[2023-10-18T16:31:49.477+0000] {logging_mixin.py:151} INFO - [2023-10-18T16:31:49.477+0000] {dag.py:3722} INFO - Setting next_dagrun for example_setup_teardown to 2023-10-17T16:31:49.477177+00:00, run_after=2023-10-18T16:31:49.477177+00:00
[2023-10-18T16:31:49.487+0000] {processor.py:179} INFO - Processing /home/airflow/.local/lib/python3.8/site-packages/airflow/example_dags/example_setup_teardown.py took 0.052 seconds
[2023-10-18T16:32:19.834+0000] {processor.py:157} INFO - Started process (PID=268) to work on /home/airflow/.local/lib/python3.8/site-packages/airflow/example_dags/example_setup_teardown.py
[2023-10-18T16:32:19.835+0000] {processor.py:829} INFO - Processing file /home/airflow/.local/lib/python3.8/site-packages/airflow/example_dags/example_setup_teardown.py for tasks to queue
[2023-10-18T16:32:19.837+0000] {logging_mixin.py:151} INFO - [2023-10-18T16:32:19.837+0000] {dagbag.py:536} INFO - Filling up the DagBag from /home/airflow/.local/lib/python3.8/site-packages/airflow/example_dags/example_setup_teardown.py
[2023-10-18T16:32:19.842+0000] {processor.py:839} INFO - DAG(s) dict_keys(['example_setup_teardown']) retrieved from /home/airflow/.local/lib/python3.8/site-packages/airflow/example_dags/example_setup_teardown.py
[2023-10-18T16:32:19.860+0000] {logging_mixin.py:151} INFO - [2023-10-18T16:32:19.860+0000] {dag.py:2941} INFO - Sync 1 DAGs
[2023-10-18T16:32:19.873+0000] {logging_mixin.py:151} INFO - [2023-10-18T16:32:19.872+0000] {dag.py:3722} INFO - Setting next_dagrun for example_setup_teardown to 2023-10-17T16:32:19.872726+00:00, run_after=2023-10-18T16:32:19.872726+00:00
[2023-10-18T16:32:19.881+0000] {processor.py:179} INFO - Processing /home/airflow/.local/lib/python3.8/site-packages/airflow/example_dags/example_setup_teardown.py took 0.050 seconds
[2023-10-18T16:32:50.107+0000] {processor.py:157} INFO - Started process (PID=322) to work on /home/airflow/.local/lib/python3.8/site-packages/airflow/example_dags/example_setup_teardown.py
[2023-10-18T16:32:50.108+0000] {processor.py:829} INFO - Processing file /home/airflow/.local/lib/python3.8/site-packages/airflow/example_dags/example_setup_teardown.py for tasks to queue
[2023-10-18T16:32:50.110+0000] {logging_mixin.py:151} INFO - [2023-10-18T16:32:50.109+0000] {dagbag.py:536} INFO - Filling up the DagBag from /home/airflow/.local/lib/python3.8/site-packages/airflow/example_dags/example_setup_teardown.py
[2023-10-18T16:32:50.115+0000] {processor.py:839} INFO - DAG(s) dict_keys(['example_setup_teardown']) retrieved from /home/airflow/.local/lib/python3.8/site-packages/airflow/example_dags/example_setup_teardown.py
[2023-10-18T16:32:50.130+0000] {logging_mixin.py:151} INFO - [2023-10-18T16:32:50.130+0000] {dag.py:2941} INFO - Sync 1 DAGs
[2023-10-18T16:32:50.143+0000] {logging_mixin.py:151} INFO - [2023-10-18T16:32:50.143+0000] {dag.py:3722} INFO - Setting next_dagrun for example_setup_teardown to 2023-10-17T16:32:50.143099+00:00, run_after=2023-10-18T16:32:50.143099+00:00
[2023-10-18T16:32:50.152+0000] {processor.py:179} INFO - Processing /home/airflow/.local/lib/python3.8/site-packages/airflow/example_dags/example_setup_teardown.py took 0.048 seconds
[2023-10-18T16:33:20.850+0000] {processor.py:157} INFO - Started process (PID=376) to work on /home/airflow/.local/lib/python3.8/site-packages/airflow/example_dags/example_setup_teardown.py
[2023-10-18T16:33:20.852+0000] {processor.py:829} INFO - Processing file /home/airflow/.local/lib/python3.8/site-packages/airflow/example_dags/example_setup_teardown.py for tasks to queue
[2023-10-18T16:33:20.855+0000] {logging_mixin.py:151} INFO - [2023-10-18T16:33:20.855+0000] {dagbag.py:536} INFO - Filling up the DagBag from /home/airflow/.local/lib/python3.8/site-packages/airflow/example_dags/example_setup_teardown.py
[2023-10-18T16:33:20.862+0000] {processor.py:839} INFO - DAG(s) dict_keys(['example_setup_teardown']) retrieved from /home/airflow/.local/lib/python3.8/site-packages/airflow/example_dags/example_setup_teardown.py
[2023-10-18T16:33:20.880+0000] {logging_mixin.py:151} INFO - [2023-10-18T16:33:20.880+0000] {dag.py:2941} INFO - Sync 1 DAGs
[2023-10-18T16:33:20.893+0000] {logging_mixin.py:151} INFO - [2023-10-18T16:33:20.893+0000] {dag.py:3722} INFO - Setting next_dagrun for example_setup_teardown to 2023-10-17T16:33:20.893038+00:00, run_after=2023-10-18T16:33:20.893038+00:00
[2023-10-18T16:33:20.903+0000] {processor.py:179} INFO - Processing /home/airflow/.local/lib/python3.8/site-packages/airflow/example_dags/example_setup_teardown.py took 0.057 seconds
[2023-10-18T16:33:51.116+0000] {processor.py:157} INFO - Started process (PID=430) to work on /home/airflow/.local/lib/python3.8/site-packages/airflow/example_dags/example_setup_teardown.py
[2023-10-18T16:33:51.117+0000] {processor.py:829} INFO - Processing file /home/airflow/.local/lib/python3.8/site-packages/airflow/example_dags/example_setup_teardown.py for tasks to queue
[2023-10-18T16:33:51.119+0000] {logging_mixin.py:151} INFO - [2023-10-18T16:33:51.119+0000] {dagbag.py:536} INFO - Filling up the DagBag from /home/airflow/.local/lib/python3.8/site-packages/airflow/example_dags/example_setup_teardown.py
[2023-10-18T16:33:51.125+0000] {processor.py:839} INFO - DAG(s) dict_keys(['example_setup_teardown']) retrieved from /home/airflow/.local/lib/python3.8/site-packages/airflow/example_dags/example_setup_teardown.py
[2023-10-18T16:33:51.153+0000] {logging_mixin.py:151} INFO - [2023-10-18T16:33:51.153+0000] {dag.py:2941} INFO - Sync 1 DAGs
[2023-10-18T16:33:51.170+0000] {logging_mixin.py:151} INFO - [2023-10-18T16:33:51.170+0000] {dag.py:3722} INFO - Setting next_dagrun for example_setup_teardown to 2023-10-17T16:33:51.170348+00:00, run_after=2023-10-18T16:33:51.170348+00:00
[2023-10-18T16:33:51.181+0000] {processor.py:179} INFO - Processing /home/airflow/.local/lib/python3.8/site-packages/airflow/example_dags/example_setup_teardown.py took 0.068 seconds
[2023-10-18T16:34:21.473+0000] {processor.py:157} INFO - Started process (PID=485) to work on /home/airflow/.local/lib/python3.8/site-packages/airflow/example_dags/example_setup_teardown.py
[2023-10-18T16:34:21.475+0000] {processor.py:829} INFO - Processing file /home/airflow/.local/lib/python3.8/site-packages/airflow/example_dags/example_setup_teardown.py for tasks to queue
[2023-10-18T16:34:21.479+0000] {logging_mixin.py:151} INFO - [2023-10-18T16:34:21.479+0000] {dagbag.py:536} INFO - Filling up the DagBag from /home/airflow/.local/lib/python3.8/site-packages/airflow/example_dags/example_setup_teardown.py
[2023-10-18T16:34:21.487+0000] {processor.py:839} INFO - DAG(s) dict_keys(['example_setup_teardown']) retrieved from /home/airflow/.local/lib/python3.8/site-packages/airflow/example_dags/example_setup_teardown.py
[2023-10-18T16:34:21.512+0000] {logging_mixin.py:151} INFO - [2023-10-18T16:34:21.512+0000] {dag.py:2941} INFO - Sync 1 DAGs
[2023-10-18T16:34:21.536+0000] {logging_mixin.py:151} INFO - [2023-10-18T16:34:21.535+0000] {dag.py:3722} INFO - Setting next_dagrun for example_setup_teardown to 2023-10-17T16:34:21.535658+00:00, run_after=2023-10-18T16:34:21.535658+00:00
[2023-10-18T16:34:21.547+0000] {processor.py:179} INFO - Processing /home/airflow/.local/lib/python3.8/site-packages/airflow/example_dags/example_setup_teardown.py took 0.081 seconds
[2023-10-18T16:34:53.741+0000] {processor.py:157} INFO - Started process (PID=539) to work on /home/airflow/.local/lib/python3.8/site-packages/airflow/example_dags/example_setup_teardown.py
[2023-10-18T16:34:53.744+0000] {processor.py:829} INFO - Processing file /home/airflow/.local/lib/python3.8/site-packages/airflow/example_dags/example_setup_teardown.py for tasks to queue
[2023-10-18T16:34:53.747+0000] {logging_mixin.py:151} INFO - [2023-10-18T16:34:53.747+0000] {dagbag.py:536} INFO - Filling up the DagBag from /home/airflow/.local/lib/python3.8/site-packages/airflow/example_dags/example_setup_teardown.py
[2023-10-18T16:34:53.756+0000] {processor.py:839} INFO - DAG(s) dict_keys(['example_setup_teardown']) retrieved from /home/airflow/.local/lib/python3.8/site-packages/airflow/example_dags/example_setup_teardown.py
[2023-10-18T16:34:53.780+0000] {logging_mixin.py:151} INFO - [2023-10-18T16:34:53.780+0000] {dag.py:2941} INFO - Sync 1 DAGs
[2023-10-18T16:34:53.801+0000] {logging_mixin.py:151} INFO - [2023-10-18T16:34:53.800+0000] {dag.py:3722} INFO - Setting next_dagrun for example_setup_teardown to 2023-10-17T16:34:53.798913+00:00, run_after=2023-10-18T16:34:53.798913+00:00
[2023-10-18T16:34:53.819+0000] {processor.py:179} INFO - Processing /home/airflow/.local/lib/python3.8/site-packages/airflow/example_dags/example_setup_teardown.py took 0.083 seconds
[2023-10-18T16:35:24.470+0000] {processor.py:157} INFO - Started process (PID=592) to work on /home/airflow/.local/lib/python3.8/site-packages/airflow/example_dags/example_setup_teardown.py
[2023-10-18T16:35:24.472+0000] {processor.py:829} INFO - Processing file /home/airflow/.local/lib/python3.8/site-packages/airflow/example_dags/example_setup_teardown.py for tasks to queue
[2023-10-18T16:35:24.475+0000] {logging_mixin.py:151} INFO - [2023-10-18T16:35:24.474+0000] {dagbag.py:536} INFO - Filling up the DagBag from /home/airflow/.local/lib/python3.8/site-packages/airflow/example_dags/example_setup_teardown.py
[2023-10-18T16:35:24.480+0000] {processor.py:839} INFO - DAG(s) dict_keys(['example_setup_teardown']) retrieved from /home/airflow/.local/lib/python3.8/site-packages/airflow/example_dags/example_setup_teardown.py
[2023-10-18T16:35:24.498+0000] {logging_mixin.py:151} INFO - [2023-10-18T16:35:24.498+0000] {dag.py:2941} INFO - Sync 1 DAGs
[2023-10-18T16:35:24.515+0000] {logging_mixin.py:151} INFO - [2023-10-18T16:35:24.515+0000] {dag.py:3722} INFO - Setting next_dagrun for example_setup_teardown to 2023-10-17T16:35:24.515085+00:00, run_after=2023-10-18T16:35:24.515085+00:00
[2023-10-18T16:35:24.526+0000] {processor.py:179} INFO - Processing /home/airflow/.local/lib/python3.8/site-packages/airflow/example_dags/example_setup_teardown.py took 0.058 seconds
[2023-10-18T16:35:55.035+0000] {processor.py:157} INFO - Started process (PID=646) to work on /home/airflow/.local/lib/python3.8/site-packages/airflow/example_dags/example_setup_teardown.py
[2023-10-18T16:35:55.037+0000] {processor.py:829} INFO - Processing file /home/airflow/.local/lib/python3.8/site-packages/airflow/example_dags/example_setup_teardown.py for tasks to queue
[2023-10-18T16:35:55.040+0000] {logging_mixin.py:151} INFO - [2023-10-18T16:35:55.039+0000] {dagbag.py:536} INFO - Filling up the DagBag from /home/airflow/.local/lib/python3.8/site-packages/airflow/example_dags/example_setup_teardown.py
[2023-10-18T16:35:55.046+0000] {processor.py:839} INFO - DAG(s) dict_keys(['example_setup_teardown']) retrieved from /home/airflow/.local/lib/python3.8/site-packages/airflow/example_dags/example_setup_teardown.py
[2023-10-18T16:35:55.068+0000] {logging_mixin.py:151} INFO - [2023-10-18T16:35:55.068+0000] {dag.py:2941} INFO - Sync 1 DAGs
[2023-10-18T16:35:55.087+0000] {logging_mixin.py:151} INFO - [2023-10-18T16:35:55.087+0000] {dag.py:3722} INFO - Setting next_dagrun for example_setup_teardown to 2023-10-17T16:35:55.087577+00:00, run_after=2023-10-18T16:35:55.087577+00:00
[2023-10-18T16:35:55.100+0000] {processor.py:179} INFO - Processing /home/airflow/.local/lib/python3.8/site-packages/airflow/example_dags/example_setup_teardown.py took 0.068 seconds
