[2023-10-18T16:30:18.184+0000] {processor.py:157} INFO - Started process (PID=47) to work on /home/airflow/.local/lib/python3.8/site-packages/airflow/example_dags/example_subdag_operator.py
[2023-10-18T16:30:18.187+0000] {processor.py:829} INFO - Processing file /home/airflow/.local/lib/python3.8/site-packages/airflow/example_dags/example_subdag_operator.py for tasks to queue
[2023-10-18T16:30:18.190+0000] {logging_mixin.py:151} INFO - [2023-10-18T16:30:18.190+0000] {dagbag.py:536} INFO - Filling up the DagBag from /home/airflow/.local/lib/python3.8/site-packages/airflow/example_dags/example_subdag_operator.py
[2023-10-18T16:30:18.243+0000] {processor.py:839} INFO - DAG(s) dict_keys(['example_subdag_operator.section-1', 'example_subdag_operator.section-2', 'example_subdag_operator']) retrieved from /home/airflow/.local/lib/python3.8/site-packages/airflow/example_dags/example_subdag_operator.py
[2023-10-18T16:30:18.253+0000] {logging_mixin.py:151} INFO - [2023-10-18T16:30:18.252+0000] {dag.py:2941} INFO - Sync 3 DAGs
[2023-10-18T16:30:18.289+0000] {logging_mixin.py:151} INFO - [2023-10-18T16:30:18.288+0000] {dag.py:3722} INFO - Setting next_dagrun for example_subdag_operator to 2022-01-01T00:00:00+00:00, run_after=2022-01-01T00:00:00+00:00
[2023-10-18T16:30:18.294+0000] {logging_mixin.py:151} INFO - [2023-10-18T16:30:18.293+0000] {dag.py:3722} INFO - Setting next_dagrun for example_subdag_operator.section-1 to None, run_after=None
[2023-10-18T16:30:18.296+0000] {logging_mixin.py:151} INFO - [2023-10-18T16:30:18.296+0000] {dag.py:3722} INFO - Setting next_dagrun for example_subdag_operator.section-2 to None, run_after=None
[2023-10-18T16:30:18.312+0000] {logging_mixin.py:151} INFO - [2023-10-18T16:30:18.312+0000] {dag.py:2941} INFO - Sync 2 DAGs
[2023-10-18T16:30:18.322+0000] {logging_mixin.py:151} INFO - [2023-10-18T16:30:18.322+0000] {dag.py:3722} INFO - Setting next_dagrun for example_subdag_operator.section-1 to None, run_after=None
[2023-10-18T16:30:18.323+0000] {logging_mixin.py:151} INFO - [2023-10-18T16:30:18.323+0000] {dag.py:3722} INFO - Setting next_dagrun for example_subdag_operator.section-2 to None, run_after=None
[2023-10-18T16:30:18.335+0000] {processor.py:179} INFO - Processing /home/airflow/.local/lib/python3.8/site-packages/airflow/example_dags/example_subdag_operator.py took 0.155 seconds
[2023-10-18T16:30:48.582+0000] {processor.py:157} INFO - Started process (PID=101) to work on /home/airflow/.local/lib/python3.8/site-packages/airflow/example_dags/example_subdag_operator.py
[2023-10-18T16:30:48.583+0000] {processor.py:829} INFO - Processing file /home/airflow/.local/lib/python3.8/site-packages/airflow/example_dags/example_subdag_operator.py for tasks to queue
[2023-10-18T16:30:48.585+0000] {logging_mixin.py:151} INFO - [2023-10-18T16:30:48.584+0000] {dagbag.py:536} INFO - Filling up the DagBag from /home/airflow/.local/lib/python3.8/site-packages/airflow/example_dags/example_subdag_operator.py
[2023-10-18T16:30:48.603+0000] {processor.py:839} INFO - DAG(s) dict_keys(['example_subdag_operator.section-1', 'example_subdag_operator.section-2', 'example_subdag_operator']) retrieved from /home/airflow/.local/lib/python3.8/site-packages/airflow/example_dags/example_subdag_operator.py
[2023-10-18T16:30:48.612+0000] {logging_mixin.py:151} INFO - [2023-10-18T16:30:48.612+0000] {dag.py:2941} INFO - Sync 3 DAGs
[2023-10-18T16:30:48.626+0000] {logging_mixin.py:151} INFO - [2023-10-18T16:30:48.625+0000] {dag.py:3722} INFO - Setting next_dagrun for example_subdag_operator to 2022-01-01T00:00:00+00:00, run_after=2022-01-01T00:00:00+00:00
[2023-10-18T16:30:48.628+0000] {logging_mixin.py:151} INFO - [2023-10-18T16:30:48.628+0000] {dag.py:3722} INFO - Setting next_dagrun for example_subdag_operator.section-1 to None, run_after=None
[2023-10-18T16:30:48.629+0000] {logging_mixin.py:151} INFO - [2023-10-18T16:30:48.629+0000] {dag.py:3722} INFO - Setting next_dagrun for example_subdag_operator.section-2 to None, run_after=None
[2023-10-18T16:30:48.633+0000] {logging_mixin.py:151} INFO - [2023-10-18T16:30:48.633+0000] {dag.py:2941} INFO - Sync 2 DAGs
[2023-10-18T16:30:48.638+0000] {logging_mixin.py:151} INFO - [2023-10-18T16:30:48.637+0000] {dag.py:3722} INFO - Setting next_dagrun for example_subdag_operator.section-1 to None, run_after=None
[2023-10-18T16:30:48.638+0000] {logging_mixin.py:151} INFO - [2023-10-18T16:30:48.638+0000] {dag.py:3722} INFO - Setting next_dagrun for example_subdag_operator.section-2 to None, run_after=None
[2023-10-18T16:30:48.644+0000] {processor.py:179} INFO - Processing /home/airflow/.local/lib/python3.8/site-packages/airflow/example_dags/example_subdag_operator.py took 0.065 seconds
[2023-10-18T16:31:18.784+0000] {processor.py:157} INFO - Started process (PID=155) to work on /home/airflow/.local/lib/python3.8/site-packages/airflow/example_dags/example_subdag_operator.py
[2023-10-18T16:31:18.785+0000] {processor.py:829} INFO - Processing file /home/airflow/.local/lib/python3.8/site-packages/airflow/example_dags/example_subdag_operator.py for tasks to queue
[2023-10-18T16:31:18.787+0000] {logging_mixin.py:151} INFO - [2023-10-18T16:31:18.787+0000] {dagbag.py:536} INFO - Filling up the DagBag from /home/airflow/.local/lib/python3.8/site-packages/airflow/example_dags/example_subdag_operator.py
[2023-10-18T16:31:18.807+0000] {processor.py:839} INFO - DAG(s) dict_keys(['example_subdag_operator.section-1', 'example_subdag_operator.section-2', 'example_subdag_operator']) retrieved from /home/airflow/.local/lib/python3.8/site-packages/airflow/example_dags/example_subdag_operator.py
[2023-10-18T16:31:18.816+0000] {logging_mixin.py:151} INFO - [2023-10-18T16:31:18.816+0000] {dag.py:2941} INFO - Sync 3 DAGs
[2023-10-18T16:31:18.829+0000] {logging_mixin.py:151} INFO - [2023-10-18T16:31:18.829+0000] {dag.py:3722} INFO - Setting next_dagrun for example_subdag_operator to 2022-01-01T00:00:00+00:00, run_after=2022-01-01T00:00:00+00:00
[2023-10-18T16:31:18.831+0000] {logging_mixin.py:151} INFO - [2023-10-18T16:31:18.831+0000] {dag.py:3722} INFO - Setting next_dagrun for example_subdag_operator.section-1 to None, run_after=None
[2023-10-18T16:31:18.832+0000] {logging_mixin.py:151} INFO - [2023-10-18T16:31:18.832+0000] {dag.py:3722} INFO - Setting next_dagrun for example_subdag_operator.section-2 to None, run_after=None
[2023-10-18T16:31:18.836+0000] {logging_mixin.py:151} INFO - [2023-10-18T16:31:18.836+0000] {dag.py:2941} INFO - Sync 2 DAGs
[2023-10-18T16:31:18.840+0000] {logging_mixin.py:151} INFO - [2023-10-18T16:31:18.840+0000] {dag.py:3722} INFO - Setting next_dagrun for example_subdag_operator.section-1 to None, run_after=None
[2023-10-18T16:31:18.841+0000] {logging_mixin.py:151} INFO - [2023-10-18T16:31:18.841+0000] {dag.py:3722} INFO - Setting next_dagrun for example_subdag_operator.section-2 to None, run_after=None
[2023-10-18T16:31:18.847+0000] {processor.py:179} INFO - Processing /home/airflow/.local/lib/python3.8/site-packages/airflow/example_dags/example_subdag_operator.py took 0.066 seconds
[2023-10-18T16:31:49.109+0000] {processor.py:157} INFO - Started process (PID=209) to work on /home/airflow/.local/lib/python3.8/site-packages/airflow/example_dags/example_subdag_operator.py
[2023-10-18T16:31:49.111+0000] {processor.py:829} INFO - Processing file /home/airflow/.local/lib/python3.8/site-packages/airflow/example_dags/example_subdag_operator.py for tasks to queue
[2023-10-18T16:31:49.113+0000] {logging_mixin.py:151} INFO - [2023-10-18T16:31:49.113+0000] {dagbag.py:536} INFO - Filling up the DagBag from /home/airflow/.local/lib/python3.8/site-packages/airflow/example_dags/example_subdag_operator.py
[2023-10-18T16:31:49.185+0000] {processor.py:839} INFO - DAG(s) dict_keys(['example_subdag_operator.section-1', 'example_subdag_operator.section-2', 'example_subdag_operator']) retrieved from /home/airflow/.local/lib/python3.8/site-packages/airflow/example_dags/example_subdag_operator.py
[2023-10-18T16:31:49.201+0000] {logging_mixin.py:151} INFO - [2023-10-18T16:31:49.201+0000] {dag.py:2941} INFO - Sync 3 DAGs
[2023-10-18T16:31:49.225+0000] {logging_mixin.py:151} INFO - [2023-10-18T16:31:49.225+0000] {dag.py:3722} INFO - Setting next_dagrun for example_subdag_operator to 2022-01-01T00:00:00+00:00, run_after=2022-01-01T00:00:00+00:00
[2023-10-18T16:31:49.230+0000] {logging_mixin.py:151} INFO - [2023-10-18T16:31:49.230+0000] {dag.py:3722} INFO - Setting next_dagrun for example_subdag_operator.section-1 to None, run_after=None
[2023-10-18T16:31:49.232+0000] {logging_mixin.py:151} INFO - [2023-10-18T16:31:49.232+0000] {dag.py:3722} INFO - Setting next_dagrun for example_subdag_operator.section-2 to None, run_after=None
[2023-10-18T16:31:49.238+0000] {logging_mixin.py:151} INFO - [2023-10-18T16:31:49.238+0000] {dag.py:2941} INFO - Sync 2 DAGs
[2023-10-18T16:31:49.242+0000] {logging_mixin.py:151} INFO - [2023-10-18T16:31:49.242+0000] {dag.py:3722} INFO - Setting next_dagrun for example_subdag_operator.section-1 to None, run_after=None
[2023-10-18T16:31:49.243+0000] {logging_mixin.py:151} INFO - [2023-10-18T16:31:49.242+0000] {dag.py:3722} INFO - Setting next_dagrun for example_subdag_operator.section-2 to None, run_after=None
[2023-10-18T16:31:49.251+0000] {processor.py:179} INFO - Processing /home/airflow/.local/lib/python3.8/site-packages/airflow/example_dags/example_subdag_operator.py took 0.145 seconds
[2023-10-18T16:32:19.507+0000] {processor.py:157} INFO - Started process (PID=263) to work on /home/airflow/.local/lib/python3.8/site-packages/airflow/example_dags/example_subdag_operator.py
[2023-10-18T16:32:19.509+0000] {processor.py:829} INFO - Processing file /home/airflow/.local/lib/python3.8/site-packages/airflow/example_dags/example_subdag_operator.py for tasks to queue
[2023-10-18T16:32:19.512+0000] {logging_mixin.py:151} INFO - [2023-10-18T16:32:19.511+0000] {dagbag.py:536} INFO - Filling up the DagBag from /home/airflow/.local/lib/python3.8/site-packages/airflow/example_dags/example_subdag_operator.py
[2023-10-18T16:32:19.537+0000] {processor.py:839} INFO - DAG(s) dict_keys(['example_subdag_operator.section-1', 'example_subdag_operator.section-2', 'example_subdag_operator']) retrieved from /home/airflow/.local/lib/python3.8/site-packages/airflow/example_dags/example_subdag_operator.py
[2023-10-18T16:32:19.550+0000] {logging_mixin.py:151} INFO - [2023-10-18T16:32:19.550+0000] {dag.py:2941} INFO - Sync 3 DAGs
[2023-10-18T16:32:19.571+0000] {logging_mixin.py:151} INFO - [2023-10-18T16:32:19.571+0000] {dag.py:3722} INFO - Setting next_dagrun for example_subdag_operator to 2022-01-01T00:00:00+00:00, run_after=2022-01-01T00:00:00+00:00
[2023-10-18T16:32:19.574+0000] {logging_mixin.py:151} INFO - [2023-10-18T16:32:19.574+0000] {dag.py:3722} INFO - Setting next_dagrun for example_subdag_operator.section-1 to None, run_after=None
[2023-10-18T16:32:19.576+0000] {logging_mixin.py:151} INFO - [2023-10-18T16:32:19.576+0000] {dag.py:3722} INFO - Setting next_dagrun for example_subdag_operator.section-2 to None, run_after=None
[2023-10-18T16:32:19.585+0000] {logging_mixin.py:151} INFO - [2023-10-18T16:32:19.585+0000] {dag.py:2941} INFO - Sync 2 DAGs
[2023-10-18T16:32:19.590+0000] {logging_mixin.py:151} INFO - [2023-10-18T16:32:19.590+0000] {dag.py:3722} INFO - Setting next_dagrun for example_subdag_operator.section-1 to None, run_after=None
[2023-10-18T16:32:19.591+0000] {logging_mixin.py:151} INFO - [2023-10-18T16:32:19.591+0000] {dag.py:3722} INFO - Setting next_dagrun for example_subdag_operator.section-2 to None, run_after=None
[2023-10-18T16:32:19.598+0000] {processor.py:179} INFO - Processing /home/airflow/.local/lib/python3.8/site-packages/airflow/example_dags/example_subdag_operator.py took 0.095 seconds
[2023-10-18T16:32:49.761+0000] {processor.py:157} INFO - Started process (PID=316) to work on /home/airflow/.local/lib/python3.8/site-packages/airflow/example_dags/example_subdag_operator.py
[2023-10-18T16:32:49.763+0000] {processor.py:829} INFO - Processing file /home/airflow/.local/lib/python3.8/site-packages/airflow/example_dags/example_subdag_operator.py for tasks to queue
[2023-10-18T16:32:49.765+0000] {logging_mixin.py:151} INFO - [2023-10-18T16:32:49.765+0000] {dagbag.py:536} INFO - Filling up the DagBag from /home/airflow/.local/lib/python3.8/site-packages/airflow/example_dags/example_subdag_operator.py
[2023-10-18T16:32:49.785+0000] {processor.py:839} INFO - DAG(s) dict_keys(['example_subdag_operator.section-1', 'example_subdag_operator.section-2', 'example_subdag_operator']) retrieved from /home/airflow/.local/lib/python3.8/site-packages/airflow/example_dags/example_subdag_operator.py
[2023-10-18T16:32:49.794+0000] {logging_mixin.py:151} INFO - [2023-10-18T16:32:49.794+0000] {dag.py:2941} INFO - Sync 3 DAGs
[2023-10-18T16:32:49.807+0000] {logging_mixin.py:151} INFO - [2023-10-18T16:32:49.806+0000] {dag.py:3722} INFO - Setting next_dagrun for example_subdag_operator to 2022-01-01T00:00:00+00:00, run_after=2022-01-01T00:00:00+00:00
[2023-10-18T16:32:49.809+0000] {logging_mixin.py:151} INFO - [2023-10-18T16:32:49.809+0000] {dag.py:3722} INFO - Setting next_dagrun for example_subdag_operator.section-1 to None, run_after=None
[2023-10-18T16:32:49.810+0000] {logging_mixin.py:151} INFO - [2023-10-18T16:32:49.810+0000] {dag.py:3722} INFO - Setting next_dagrun for example_subdag_operator.section-2 to None, run_after=None
[2023-10-18T16:32:49.814+0000] {logging_mixin.py:151} INFO - [2023-10-18T16:32:49.813+0000] {dag.py:2941} INFO - Sync 2 DAGs
[2023-10-18T16:32:49.817+0000] {logging_mixin.py:151} INFO - [2023-10-18T16:32:49.816+0000] {dag.py:3722} INFO - Setting next_dagrun for example_subdag_operator.section-1 to None, run_after=None
[2023-10-18T16:32:49.817+0000] {logging_mixin.py:151} INFO - [2023-10-18T16:32:49.817+0000] {dag.py:3722} INFO - Setting next_dagrun for example_subdag_operator.section-2 to None, run_after=None
[2023-10-18T16:32:49.823+0000] {processor.py:179} INFO - Processing /home/airflow/.local/lib/python3.8/site-packages/airflow/example_dags/example_subdag_operator.py took 0.065 seconds
[2023-10-18T16:33:20.520+0000] {processor.py:157} INFO - Started process (PID=371) to work on /home/airflow/.local/lib/python3.8/site-packages/airflow/example_dags/example_subdag_operator.py
[2023-10-18T16:33:20.522+0000] {processor.py:829} INFO - Processing file /home/airflow/.local/lib/python3.8/site-packages/airflow/example_dags/example_subdag_operator.py for tasks to queue
[2023-10-18T16:33:20.525+0000] {logging_mixin.py:151} INFO - [2023-10-18T16:33:20.524+0000] {dagbag.py:536} INFO - Filling up the DagBag from /home/airflow/.local/lib/python3.8/site-packages/airflow/example_dags/example_subdag_operator.py
[2023-10-18T16:33:20.553+0000] {processor.py:839} INFO - DAG(s) dict_keys(['example_subdag_operator.section-1', 'example_subdag_operator.section-2', 'example_subdag_operator']) retrieved from /home/airflow/.local/lib/python3.8/site-packages/airflow/example_dags/example_subdag_operator.py
[2023-10-18T16:33:20.564+0000] {logging_mixin.py:151} INFO - [2023-10-18T16:33:20.564+0000] {dag.py:2941} INFO - Sync 3 DAGs
[2023-10-18T16:33:20.579+0000] {logging_mixin.py:151} INFO - [2023-10-18T16:33:20.579+0000] {dag.py:3722} INFO - Setting next_dagrun for example_subdag_operator to 2022-01-01T00:00:00+00:00, run_after=2022-01-01T00:00:00+00:00
[2023-10-18T16:33:20.582+0000] {logging_mixin.py:151} INFO - [2023-10-18T16:33:20.582+0000] {dag.py:3722} INFO - Setting next_dagrun for example_subdag_operator.section-1 to None, run_after=None
[2023-10-18T16:33:20.584+0000] {logging_mixin.py:151} INFO - [2023-10-18T16:33:20.583+0000] {dag.py:3722} INFO - Setting next_dagrun for example_subdag_operator.section-2 to None, run_after=None
[2023-10-18T16:33:20.589+0000] {logging_mixin.py:151} INFO - [2023-10-18T16:33:20.589+0000] {dag.py:2941} INFO - Sync 2 DAGs
[2023-10-18T16:33:20.592+0000] {logging_mixin.py:151} INFO - [2023-10-18T16:33:20.592+0000] {dag.py:3722} INFO - Setting next_dagrun for example_subdag_operator.section-1 to None, run_after=None
[2023-10-18T16:33:20.593+0000] {logging_mixin.py:151} INFO - [2023-10-18T16:33:20.593+0000] {dag.py:3722} INFO - Setting next_dagrun for example_subdag_operator.section-2 to None, run_after=None
[2023-10-18T16:33:20.599+0000] {processor.py:179} INFO - Processing /home/airflow/.local/lib/python3.8/site-packages/airflow/example_dags/example_subdag_operator.py took 0.082 seconds
[2023-10-18T16:33:50.690+0000] {processor.py:157} INFO - Started process (PID=424) to work on /home/airflow/.local/lib/python3.8/site-packages/airflow/example_dags/example_subdag_operator.py
[2023-10-18T16:33:50.691+0000] {processor.py:829} INFO - Processing file /home/airflow/.local/lib/python3.8/site-packages/airflow/example_dags/example_subdag_operator.py for tasks to queue
[2023-10-18T16:33:50.693+0000] {logging_mixin.py:151} INFO - [2023-10-18T16:33:50.693+0000] {dagbag.py:536} INFO - Filling up the DagBag from /home/airflow/.local/lib/python3.8/site-packages/airflow/example_dags/example_subdag_operator.py
[2023-10-18T16:33:50.719+0000] {processor.py:839} INFO - DAG(s) dict_keys(['example_subdag_operator.section-1', 'example_subdag_operator.section-2', 'example_subdag_operator']) retrieved from /home/airflow/.local/lib/python3.8/site-packages/airflow/example_dags/example_subdag_operator.py
[2023-10-18T16:33:50.729+0000] {logging_mixin.py:151} INFO - [2023-10-18T16:33:50.728+0000] {dag.py:2941} INFO - Sync 3 DAGs
[2023-10-18T16:33:50.743+0000] {logging_mixin.py:151} INFO - [2023-10-18T16:33:50.743+0000] {dag.py:3722} INFO - Setting next_dagrun for example_subdag_operator to 2022-01-01T00:00:00+00:00, run_after=2022-01-01T00:00:00+00:00
[2023-10-18T16:33:50.745+0000] {logging_mixin.py:151} INFO - [2023-10-18T16:33:50.745+0000] {dag.py:3722} INFO - Setting next_dagrun for example_subdag_operator.section-1 to None, run_after=None
[2023-10-18T16:33:50.746+0000] {logging_mixin.py:151} INFO - [2023-10-18T16:33:50.746+0000] {dag.py:3722} INFO - Setting next_dagrun for example_subdag_operator.section-2 to None, run_after=None
[2023-10-18T16:33:50.750+0000] {logging_mixin.py:151} INFO - [2023-10-18T16:33:50.750+0000] {dag.py:2941} INFO - Sync 2 DAGs
[2023-10-18T16:33:50.754+0000] {logging_mixin.py:151} INFO - [2023-10-18T16:33:50.753+0000] {dag.py:3722} INFO - Setting next_dagrun for example_subdag_operator.section-1 to None, run_after=None
[2023-10-18T16:33:50.754+0000] {logging_mixin.py:151} INFO - [2023-10-18T16:33:50.754+0000] {dag.py:3722} INFO - Setting next_dagrun for example_subdag_operator.section-2 to None, run_after=None
[2023-10-18T16:33:50.760+0000] {processor.py:179} INFO - Processing /home/airflow/.local/lib/python3.8/site-packages/airflow/example_dags/example_subdag_operator.py took 0.074 seconds
[2023-10-18T16:34:21.008+0000] {processor.py:157} INFO - Started process (PID=479) to work on /home/airflow/.local/lib/python3.8/site-packages/airflow/example_dags/example_subdag_operator.py
[2023-10-18T16:34:21.010+0000] {processor.py:829} INFO - Processing file /home/airflow/.local/lib/python3.8/site-packages/airflow/example_dags/example_subdag_operator.py for tasks to queue
[2023-10-18T16:34:21.012+0000] {logging_mixin.py:151} INFO - [2023-10-18T16:34:21.012+0000] {dagbag.py:536} INFO - Filling up the DagBag from /home/airflow/.local/lib/python3.8/site-packages/airflow/example_dags/example_subdag_operator.py
[2023-10-18T16:34:21.035+0000] {processor.py:839} INFO - DAG(s) dict_keys(['example_subdag_operator.section-1', 'example_subdag_operator.section-2', 'example_subdag_operator']) retrieved from /home/airflow/.local/lib/python3.8/site-packages/airflow/example_dags/example_subdag_operator.py
[2023-10-18T16:34:21.049+0000] {logging_mixin.py:151} INFO - [2023-10-18T16:34:21.049+0000] {dag.py:2941} INFO - Sync 3 DAGs
[2023-10-18T16:34:21.064+0000] {logging_mixin.py:151} INFO - [2023-10-18T16:34:21.064+0000] {dag.py:3722} INFO - Setting next_dagrun for example_subdag_operator to 2022-01-01T00:00:00+00:00, run_after=2022-01-01T00:00:00+00:00
[2023-10-18T16:34:21.067+0000] {logging_mixin.py:151} INFO - [2023-10-18T16:34:21.067+0000] {dag.py:3722} INFO - Setting next_dagrun for example_subdag_operator.section-1 to None, run_after=None
[2023-10-18T16:34:21.068+0000] {logging_mixin.py:151} INFO - [2023-10-18T16:34:21.068+0000] {dag.py:3722} INFO - Setting next_dagrun for example_subdag_operator.section-2 to None, run_after=None
[2023-10-18T16:34:21.074+0000] {logging_mixin.py:151} INFO - [2023-10-18T16:34:21.073+0000] {dag.py:2941} INFO - Sync 2 DAGs
[2023-10-18T16:34:21.078+0000] {logging_mixin.py:151} INFO - [2023-10-18T16:34:21.077+0000] {dag.py:3722} INFO - Setting next_dagrun for example_subdag_operator.section-1 to None, run_after=None
[2023-10-18T16:34:21.078+0000] {logging_mixin.py:151} INFO - [2023-10-18T16:34:21.078+0000] {dag.py:3722} INFO - Setting next_dagrun for example_subdag_operator.section-2 to None, run_after=None
[2023-10-18T16:34:21.086+0000] {processor.py:179} INFO - Processing /home/airflow/.local/lib/python3.8/site-packages/airflow/example_dags/example_subdag_operator.py took 0.081 seconds
[2023-10-18T16:34:52.885+0000] {processor.py:157} INFO - Started process (PID=533) to work on /home/airflow/.local/lib/python3.8/site-packages/airflow/example_dags/example_subdag_operator.py
[2023-10-18T16:34:52.886+0000] {processor.py:829} INFO - Processing file /home/airflow/.local/lib/python3.8/site-packages/airflow/example_dags/example_subdag_operator.py for tasks to queue
[2023-10-18T16:34:52.889+0000] {logging_mixin.py:151} INFO - [2023-10-18T16:34:52.889+0000] {dagbag.py:536} INFO - Filling up the DagBag from /home/airflow/.local/lib/python3.8/site-packages/airflow/example_dags/example_subdag_operator.py
[2023-10-18T16:34:52.940+0000] {processor.py:839} INFO - DAG(s) dict_keys(['example_subdag_operator.section-1', 'example_subdag_operator.section-2', 'example_subdag_operator']) retrieved from /home/airflow/.local/lib/python3.8/site-packages/airflow/example_dags/example_subdag_operator.py
[2023-10-18T16:34:52.960+0000] {logging_mixin.py:151} INFO - [2023-10-18T16:34:52.959+0000] {dag.py:2941} INFO - Sync 3 DAGs
[2023-10-18T16:34:52.980+0000] {logging_mixin.py:151} INFO - [2023-10-18T16:34:52.979+0000] {dag.py:3722} INFO - Setting next_dagrun for example_subdag_operator to 2022-01-01T00:00:00+00:00, run_after=2022-01-01T00:00:00+00:00
[2023-10-18T16:34:52.986+0000] {logging_mixin.py:151} INFO - [2023-10-18T16:34:52.986+0000] {dag.py:3722} INFO - Setting next_dagrun for example_subdag_operator.section-1 to None, run_after=None
[2023-10-18T16:34:52.992+0000] {logging_mixin.py:151} INFO - [2023-10-18T16:34:52.991+0000] {dag.py:3722} INFO - Setting next_dagrun for example_subdag_operator.section-2 to None, run_after=None
[2023-10-18T16:34:53.004+0000] {logging_mixin.py:151} INFO - [2023-10-18T16:34:53.004+0000] {dag.py:2941} INFO - Sync 2 DAGs
[2023-10-18T16:34:53.013+0000] {logging_mixin.py:151} INFO - [2023-10-18T16:34:53.012+0000] {dag.py:3722} INFO - Setting next_dagrun for example_subdag_operator.section-1 to None, run_after=None
[2023-10-18T16:34:53.014+0000] {logging_mixin.py:151} INFO - [2023-10-18T16:34:53.013+0000] {dag.py:3722} INFO - Setting next_dagrun for example_subdag_operator.section-2 to None, run_after=None
[2023-10-18T16:34:53.024+0000] {processor.py:179} INFO - Processing /home/airflow/.local/lib/python3.8/site-packages/airflow/example_dags/example_subdag_operator.py took 0.144 seconds
[2023-10-18T16:35:23.994+0000] {processor.py:157} INFO - Started process (PID=587) to work on /home/airflow/.local/lib/python3.8/site-packages/airflow/example_dags/example_subdag_operator.py
[2023-10-18T16:35:23.996+0000] {processor.py:829} INFO - Processing file /home/airflow/.local/lib/python3.8/site-packages/airflow/example_dags/example_subdag_operator.py for tasks to queue
[2023-10-18T16:35:23.998+0000] {logging_mixin.py:151} INFO - [2023-10-18T16:35:23.998+0000] {dagbag.py:536} INFO - Filling up the DagBag from /home/airflow/.local/lib/python3.8/site-packages/airflow/example_dags/example_subdag_operator.py
[2023-10-18T16:35:24.033+0000] {processor.py:839} INFO - DAG(s) dict_keys(['example_subdag_operator.section-1', 'example_subdag_operator.section-2', 'example_subdag_operator']) retrieved from /home/airflow/.local/lib/python3.8/site-packages/airflow/example_dags/example_subdag_operator.py
[2023-10-18T16:35:24.050+0000] {logging_mixin.py:151} INFO - [2023-10-18T16:35:24.050+0000] {dag.py:2941} INFO - Sync 3 DAGs
[2023-10-18T16:35:24.081+0000] {logging_mixin.py:151} INFO - [2023-10-18T16:35:24.080+0000] {dag.py:3722} INFO - Setting next_dagrun for example_subdag_operator to 2022-01-01T00:00:00+00:00, run_after=2022-01-01T00:00:00+00:00
[2023-10-18T16:35:24.088+0000] {logging_mixin.py:151} INFO - [2023-10-18T16:35:24.088+0000] {dag.py:3722} INFO - Setting next_dagrun for example_subdag_operator.section-1 to None, run_after=None
[2023-10-18T16:35:24.090+0000] {logging_mixin.py:151} INFO - [2023-10-18T16:35:24.089+0000] {dag.py:3722} INFO - Setting next_dagrun for example_subdag_operator.section-2 to None, run_after=None
[2023-10-18T16:35:24.108+0000] {logging_mixin.py:151} INFO - [2023-10-18T16:35:24.108+0000] {dag.py:2941} INFO - Sync 2 DAGs
[2023-10-18T16:35:24.119+0000] {logging_mixin.py:151} INFO - [2023-10-18T16:35:24.119+0000] {dag.py:3722} INFO - Setting next_dagrun for example_subdag_operator.section-1 to None, run_after=None
[2023-10-18T16:35:24.121+0000] {logging_mixin.py:151} INFO - [2023-10-18T16:35:24.121+0000] {dag.py:3722} INFO - Setting next_dagrun for example_subdag_operator.section-2 to None, run_after=None
[2023-10-18T16:35:24.139+0000] {processor.py:179} INFO - Processing /home/airflow/.local/lib/python3.8/site-packages/airflow/example_dags/example_subdag_operator.py took 0.148 seconds
[2023-10-18T16:35:54.590+0000] {processor.py:157} INFO - Started process (PID=641) to work on /home/airflow/.local/lib/python3.8/site-packages/airflow/example_dags/example_subdag_operator.py
[2023-10-18T16:35:54.592+0000] {processor.py:829} INFO - Processing file /home/airflow/.local/lib/python3.8/site-packages/airflow/example_dags/example_subdag_operator.py for tasks to queue
[2023-10-18T16:35:54.595+0000] {logging_mixin.py:151} INFO - [2023-10-18T16:35:54.594+0000] {dagbag.py:536} INFO - Filling up the DagBag from /home/airflow/.local/lib/python3.8/site-packages/airflow/example_dags/example_subdag_operator.py
[2023-10-18T16:35:54.624+0000] {processor.py:839} INFO - DAG(s) dict_keys(['example_subdag_operator.section-1', 'example_subdag_operator.section-2', 'example_subdag_operator']) retrieved from /home/airflow/.local/lib/python3.8/site-packages/airflow/example_dags/example_subdag_operator.py
[2023-10-18T16:35:54.640+0000] {logging_mixin.py:151} INFO - [2023-10-18T16:35:54.640+0000] {dag.py:2941} INFO - Sync 3 DAGs
[2023-10-18T16:35:54.667+0000] {logging_mixin.py:151} INFO - [2023-10-18T16:35:54.667+0000] {dag.py:3722} INFO - Setting next_dagrun for example_subdag_operator to 2022-01-01T00:00:00+00:00, run_after=2022-01-01T00:00:00+00:00
[2023-10-18T16:35:54.673+0000] {logging_mixin.py:151} INFO - [2023-10-18T16:35:54.672+0000] {dag.py:3722} INFO - Setting next_dagrun for example_subdag_operator.section-1 to None, run_after=None
[2023-10-18T16:35:54.674+0000] {logging_mixin.py:151} INFO - [2023-10-18T16:35:54.674+0000] {dag.py:3722} INFO - Setting next_dagrun for example_subdag_operator.section-2 to None, run_after=None
[2023-10-18T16:35:54.681+0000] {logging_mixin.py:151} INFO - [2023-10-18T16:35:54.681+0000] {dag.py:2941} INFO - Sync 2 DAGs
[2023-10-18T16:35:54.685+0000] {logging_mixin.py:151} INFO - [2023-10-18T16:35:54.685+0000] {dag.py:3722} INFO - Setting next_dagrun for example_subdag_operator.section-1 to None, run_after=None
[2023-10-18T16:35:54.686+0000] {logging_mixin.py:151} INFO - [2023-10-18T16:35:54.686+0000] {dag.py:3722} INFO - Setting next_dagrun for example_subdag_operator.section-2 to None, run_after=None
[2023-10-18T16:35:54.695+0000] {processor.py:179} INFO - Processing /home/airflow/.local/lib/python3.8/site-packages/airflow/example_dags/example_subdag_operator.py took 0.109 seconds
