[2023-10-18T16:30:18.857+0000] {processor.py:157} INFO - Started process (PID=54) to work on /home/airflow/.local/lib/python3.8/site-packages/airflow/example_dags/example_dynamic_task_mapping_with_no_taskflow_operators.py
[2023-10-18T16:30:18.861+0000] {processor.py:829} INFO - Processing file /home/airflow/.local/lib/python3.8/site-packages/airflow/example_dags/example_dynamic_task_mapping_with_no_taskflow_operators.py for tasks to queue
[2023-10-18T16:30:18.865+0000] {logging_mixin.py:151} INFO - [2023-10-18T16:30:18.864+0000] {dagbag.py:536} INFO - Filling up the DagBag from /home/airflow/.local/lib/python3.8/site-packages/airflow/example_dags/example_dynamic_task_mapping_with_no_taskflow_operators.py
[2023-10-18T16:30:18.873+0000] {processor.py:839} INFO - DAG(s) dict_keys(['example_dynamic_task_mapping_with_no_taskflow_operators']) retrieved from /home/airflow/.local/lib/python3.8/site-packages/airflow/example_dags/example_dynamic_task_mapping_with_no_taskflow_operators.py
[2023-10-18T16:30:18.920+0000] {logging_mixin.py:151} INFO - [2023-10-18T16:30:18.920+0000] {dag.py:2941} INFO - Sync 1 DAGs
[2023-10-18T16:30:18.945+0000] {logging_mixin.py:151} INFO - [2023-10-18T16:30:18.945+0000] {dag.py:3722} INFO - Setting next_dagrun for example_dynamic_task_mapping_with_no_taskflow_operators to 2023-10-17T16:30:18.944801+00:00, run_after=2023-10-18T16:30:18.944801+00:00
[2023-10-18T16:30:18.969+0000] {processor.py:179} INFO - Processing /home/airflow/.local/lib/python3.8/site-packages/airflow/example_dags/example_dynamic_task_mapping_with_no_taskflow_operators.py took 0.115 seconds
[2023-10-18T16:30:49.912+0000] {processor.py:157} INFO - Started process (PID=108) to work on /home/airflow/.local/lib/python3.8/site-packages/airflow/example_dags/example_dynamic_task_mapping_with_no_taskflow_operators.py
[2023-10-18T16:30:49.914+0000] {processor.py:829} INFO - Processing file /home/airflow/.local/lib/python3.8/site-packages/airflow/example_dags/example_dynamic_task_mapping_with_no_taskflow_operators.py for tasks to queue
[2023-10-18T16:30:49.918+0000] {logging_mixin.py:151} INFO - [2023-10-18T16:30:49.917+0000] {dagbag.py:536} INFO - Filling up the DagBag from /home/airflow/.local/lib/python3.8/site-packages/airflow/example_dags/example_dynamic_task_mapping_with_no_taskflow_operators.py
[2023-10-18T16:30:49.925+0000] {processor.py:839} INFO - DAG(s) dict_keys(['example_dynamic_task_mapping_with_no_taskflow_operators']) retrieved from /home/airflow/.local/lib/python3.8/site-packages/airflow/example_dags/example_dynamic_task_mapping_with_no_taskflow_operators.py
[2023-10-18T16:30:49.943+0000] {logging_mixin.py:151} INFO - [2023-10-18T16:30:49.943+0000] {dag.py:2941} INFO - Sync 1 DAGs
[2023-10-18T16:30:49.956+0000] {logging_mixin.py:151} INFO - [2023-10-18T16:30:49.956+0000] {dag.py:3722} INFO - Setting next_dagrun for example_dynamic_task_mapping_with_no_taskflow_operators to 2023-10-17T16:30:49.956547+00:00, run_after=2023-10-18T16:30:49.956547+00:00
[2023-10-18T16:30:49.966+0000] {processor.py:179} INFO - Processing /home/airflow/.local/lib/python3.8/site-packages/airflow/example_dags/example_dynamic_task_mapping_with_no_taskflow_operators.py took 0.059 seconds
[2023-10-18T16:31:20.057+0000] {processor.py:157} INFO - Started process (PID=162) to work on /home/airflow/.local/lib/python3.8/site-packages/airflow/example_dags/example_dynamic_task_mapping_with_no_taskflow_operators.py
[2023-10-18T16:31:20.059+0000] {processor.py:829} INFO - Processing file /home/airflow/.local/lib/python3.8/site-packages/airflow/example_dags/example_dynamic_task_mapping_with_no_taskflow_operators.py for tasks to queue
[2023-10-18T16:31:20.063+0000] {logging_mixin.py:151} INFO - [2023-10-18T16:31:20.062+0000] {dagbag.py:536} INFO - Filling up the DagBag from /home/airflow/.local/lib/python3.8/site-packages/airflow/example_dags/example_dynamic_task_mapping_with_no_taskflow_operators.py
[2023-10-18T16:31:20.070+0000] {processor.py:839} INFO - DAG(s) dict_keys(['example_dynamic_task_mapping_with_no_taskflow_operators']) retrieved from /home/airflow/.local/lib/python3.8/site-packages/airflow/example_dags/example_dynamic_task_mapping_with_no_taskflow_operators.py
[2023-10-18T16:31:20.090+0000] {logging_mixin.py:151} INFO - [2023-10-18T16:31:20.090+0000] {dag.py:2941} INFO - Sync 1 DAGs
[2023-10-18T16:31:20.103+0000] {logging_mixin.py:151} INFO - [2023-10-18T16:31:20.103+0000] {dag.py:3722} INFO - Setting next_dagrun for example_dynamic_task_mapping_with_no_taskflow_operators to 2023-10-17T16:31:20.103585+00:00, run_after=2023-10-18T16:31:20.103585+00:00
[2023-10-18T16:31:20.113+0000] {processor.py:179} INFO - Processing /home/airflow/.local/lib/python3.8/site-packages/airflow/example_dags/example_dynamic_task_mapping_with_no_taskflow_operators.py took 0.061 seconds
[2023-10-18T16:31:50.560+0000] {processor.py:157} INFO - Started process (PID=216) to work on /home/airflow/.local/lib/python3.8/site-packages/airflow/example_dags/example_dynamic_task_mapping_with_no_taskflow_operators.py
[2023-10-18T16:31:50.563+0000] {processor.py:829} INFO - Processing file /home/airflow/.local/lib/python3.8/site-packages/airflow/example_dags/example_dynamic_task_mapping_with_no_taskflow_operators.py for tasks to queue
[2023-10-18T16:31:50.569+0000] {logging_mixin.py:151} INFO - [2023-10-18T16:31:50.568+0000] {dagbag.py:536} INFO - Filling up the DagBag from /home/airflow/.local/lib/python3.8/site-packages/airflow/example_dags/example_dynamic_task_mapping_with_no_taskflow_operators.py
[2023-10-18T16:31:50.579+0000] {processor.py:839} INFO - DAG(s) dict_keys(['example_dynamic_task_mapping_with_no_taskflow_operators']) retrieved from /home/airflow/.local/lib/python3.8/site-packages/airflow/example_dags/example_dynamic_task_mapping_with_no_taskflow_operators.py
[2023-10-18T16:31:50.608+0000] {logging_mixin.py:151} INFO - [2023-10-18T16:31:50.606+0000] {dag.py:2941} INFO - Sync 1 DAGs
[2023-10-18T16:31:50.625+0000] {logging_mixin.py:151} INFO - [2023-10-18T16:31:50.625+0000] {dag.py:3722} INFO - Setting next_dagrun for example_dynamic_task_mapping_with_no_taskflow_operators to 2023-10-17T16:31:50.624947+00:00, run_after=2023-10-18T16:31:50.624947+00:00
[2023-10-18T16:31:50.638+0000] {processor.py:179} INFO - Processing /home/airflow/.local/lib/python3.8/site-packages/airflow/example_dags/example_dynamic_task_mapping_with_no_taskflow_operators.py took 0.084 seconds
[2023-10-18T16:32:20.941+0000] {processor.py:157} INFO - Started process (PID=270) to work on /home/airflow/.local/lib/python3.8/site-packages/airflow/example_dags/example_dynamic_task_mapping_with_no_taskflow_operators.py
[2023-10-18T16:32:20.943+0000] {processor.py:829} INFO - Processing file /home/airflow/.local/lib/python3.8/site-packages/airflow/example_dags/example_dynamic_task_mapping_with_no_taskflow_operators.py for tasks to queue
[2023-10-18T16:32:20.947+0000] {logging_mixin.py:151} INFO - [2023-10-18T16:32:20.947+0000] {dagbag.py:536} INFO - Filling up the DagBag from /home/airflow/.local/lib/python3.8/site-packages/airflow/example_dags/example_dynamic_task_mapping_with_no_taskflow_operators.py
[2023-10-18T16:32:20.955+0000] {processor.py:839} INFO - DAG(s) dict_keys(['example_dynamic_task_mapping_with_no_taskflow_operators']) retrieved from /home/airflow/.local/lib/python3.8/site-packages/airflow/example_dags/example_dynamic_task_mapping_with_no_taskflow_operators.py
[2023-10-18T16:32:20.977+0000] {logging_mixin.py:151} INFO - [2023-10-18T16:32:20.977+0000] {dag.py:2941} INFO - Sync 1 DAGs
[2023-10-18T16:32:20.993+0000] {logging_mixin.py:151} INFO - [2023-10-18T16:32:20.993+0000] {dag.py:3722} INFO - Setting next_dagrun for example_dynamic_task_mapping_with_no_taskflow_operators to 2023-10-17T16:32:20.992865+00:00, run_after=2023-10-18T16:32:20.992865+00:00
[2023-10-18T16:32:21.003+0000] {processor.py:179} INFO - Processing /home/airflow/.local/lib/python3.8/site-packages/airflow/example_dags/example_dynamic_task_mapping_with_no_taskflow_operators.py took 0.068 seconds
[2023-10-18T16:32:51.157+0000] {processor.py:157} INFO - Started process (PID=324) to work on /home/airflow/.local/lib/python3.8/site-packages/airflow/example_dags/example_dynamic_task_mapping_with_no_taskflow_operators.py
[2023-10-18T16:32:51.159+0000] {processor.py:829} INFO - Processing file /home/airflow/.local/lib/python3.8/site-packages/airflow/example_dags/example_dynamic_task_mapping_with_no_taskflow_operators.py for tasks to queue
[2023-10-18T16:32:51.163+0000] {logging_mixin.py:151} INFO - [2023-10-18T16:32:51.162+0000] {dagbag.py:536} INFO - Filling up the DagBag from /home/airflow/.local/lib/python3.8/site-packages/airflow/example_dags/example_dynamic_task_mapping_with_no_taskflow_operators.py
[2023-10-18T16:32:51.171+0000] {processor.py:839} INFO - DAG(s) dict_keys(['example_dynamic_task_mapping_with_no_taskflow_operators']) retrieved from /home/airflow/.local/lib/python3.8/site-packages/airflow/example_dags/example_dynamic_task_mapping_with_no_taskflow_operators.py
[2023-10-18T16:32:51.192+0000] {logging_mixin.py:151} INFO - [2023-10-18T16:32:51.192+0000] {dag.py:2941} INFO - Sync 1 DAGs
[2023-10-18T16:32:51.204+0000] {logging_mixin.py:151} INFO - [2023-10-18T16:32:51.204+0000] {dag.py:3722} INFO - Setting next_dagrun for example_dynamic_task_mapping_with_no_taskflow_operators to 2023-10-17T16:32:51.204378+00:00, run_after=2023-10-18T16:32:51.204378+00:00
[2023-10-18T16:32:51.214+0000] {processor.py:179} INFO - Processing /home/airflow/.local/lib/python3.8/site-packages/airflow/example_dags/example_dynamic_task_mapping_with_no_taskflow_operators.py took 0.062 seconds
[2023-10-18T16:33:21.903+0000] {processor.py:157} INFO - Started process (PID=378) to work on /home/airflow/.local/lib/python3.8/site-packages/airflow/example_dags/example_dynamic_task_mapping_with_no_taskflow_operators.py
[2023-10-18T16:33:21.905+0000] {processor.py:829} INFO - Processing file /home/airflow/.local/lib/python3.8/site-packages/airflow/example_dags/example_dynamic_task_mapping_with_no_taskflow_operators.py for tasks to queue
[2023-10-18T16:33:21.909+0000] {logging_mixin.py:151} INFO - [2023-10-18T16:33:21.909+0000] {dagbag.py:536} INFO - Filling up the DagBag from /home/airflow/.local/lib/python3.8/site-packages/airflow/example_dags/example_dynamic_task_mapping_with_no_taskflow_operators.py
[2023-10-18T16:33:21.921+0000] {processor.py:839} INFO - DAG(s) dict_keys(['example_dynamic_task_mapping_with_no_taskflow_operators']) retrieved from /home/airflow/.local/lib/python3.8/site-packages/airflow/example_dags/example_dynamic_task_mapping_with_no_taskflow_operators.py
[2023-10-18T16:33:21.945+0000] {logging_mixin.py:151} INFO - [2023-10-18T16:33:21.945+0000] {dag.py:2941} INFO - Sync 1 DAGs
[2023-10-18T16:33:21.962+0000] {logging_mixin.py:151} INFO - [2023-10-18T16:33:21.962+0000] {dag.py:3722} INFO - Setting next_dagrun for example_dynamic_task_mapping_with_no_taskflow_operators to 2023-10-17T16:33:21.962396+00:00, run_after=2023-10-18T16:33:21.962396+00:00
[2023-10-18T16:33:21.982+0000] {processor.py:179} INFO - Processing /home/airflow/.local/lib/python3.8/site-packages/airflow/example_dags/example_dynamic_task_mapping_with_no_taskflow_operators.py took 0.084 seconds
[2023-10-18T16:33:52.202+0000] {processor.py:157} INFO - Started process (PID=432) to work on /home/airflow/.local/lib/python3.8/site-packages/airflow/example_dags/example_dynamic_task_mapping_with_no_taskflow_operators.py
[2023-10-18T16:33:52.205+0000] {processor.py:829} INFO - Processing file /home/airflow/.local/lib/python3.8/site-packages/airflow/example_dags/example_dynamic_task_mapping_with_no_taskflow_operators.py for tasks to queue
[2023-10-18T16:33:52.209+0000] {logging_mixin.py:151} INFO - [2023-10-18T16:33:52.209+0000] {dagbag.py:536} INFO - Filling up the DagBag from /home/airflow/.local/lib/python3.8/site-packages/airflow/example_dags/example_dynamic_task_mapping_with_no_taskflow_operators.py
[2023-10-18T16:33:52.220+0000] {processor.py:839} INFO - DAG(s) dict_keys(['example_dynamic_task_mapping_with_no_taskflow_operators']) retrieved from /home/airflow/.local/lib/python3.8/site-packages/airflow/example_dags/example_dynamic_task_mapping_with_no_taskflow_operators.py
[2023-10-18T16:33:52.242+0000] {logging_mixin.py:151} INFO - [2023-10-18T16:33:52.241+0000] {dag.py:2941} INFO - Sync 1 DAGs
[2023-10-18T16:33:52.261+0000] {logging_mixin.py:151} INFO - [2023-10-18T16:33:52.261+0000] {dag.py:3722} INFO - Setting next_dagrun for example_dynamic_task_mapping_with_no_taskflow_operators to 2023-10-17T16:33:52.259811+00:00, run_after=2023-10-18T16:33:52.259811+00:00
[2023-10-18T16:33:52.279+0000] {processor.py:179} INFO - Processing /home/airflow/.local/lib/python3.8/site-packages/airflow/example_dags/example_dynamic_task_mapping_with_no_taskflow_operators.py took 0.084 seconds
[2023-10-18T16:34:22.629+0000] {processor.py:157} INFO - Started process (PID=487) to work on /home/airflow/.local/lib/python3.8/site-packages/airflow/example_dags/example_dynamic_task_mapping_with_no_taskflow_operators.py
[2023-10-18T16:34:22.632+0000] {processor.py:829} INFO - Processing file /home/airflow/.local/lib/python3.8/site-packages/airflow/example_dags/example_dynamic_task_mapping_with_no_taskflow_operators.py for tasks to queue
[2023-10-18T16:34:22.636+0000] {logging_mixin.py:151} INFO - [2023-10-18T16:34:22.635+0000] {dagbag.py:536} INFO - Filling up the DagBag from /home/airflow/.local/lib/python3.8/site-packages/airflow/example_dags/example_dynamic_task_mapping_with_no_taskflow_operators.py
[2023-10-18T16:34:22.645+0000] {processor.py:839} INFO - DAG(s) dict_keys(['example_dynamic_task_mapping_with_no_taskflow_operators']) retrieved from /home/airflow/.local/lib/python3.8/site-packages/airflow/example_dags/example_dynamic_task_mapping_with_no_taskflow_operators.py
[2023-10-18T16:34:22.670+0000] {logging_mixin.py:151} INFO - [2023-10-18T16:34:22.669+0000] {dag.py:2941} INFO - Sync 1 DAGs
[2023-10-18T16:34:22.686+0000] {logging_mixin.py:151} INFO - [2023-10-18T16:34:22.686+0000] {dag.py:3722} INFO - Setting next_dagrun for example_dynamic_task_mapping_with_no_taskflow_operators to 2023-10-17T16:34:22.685974+00:00, run_after=2023-10-18T16:34:22.685974+00:00
[2023-10-18T16:34:22.698+0000] {processor.py:179} INFO - Processing /home/airflow/.local/lib/python3.8/site-packages/airflow/example_dags/example_dynamic_task_mapping_with_no_taskflow_operators.py took 0.073 seconds
[2023-10-18T16:34:53.847+0000] {processor.py:157} INFO - Started process (PID=541) to work on /home/airflow/.local/lib/python3.8/site-packages/airflow/example_dags/example_dynamic_task_mapping_with_no_taskflow_operators.py
[2023-10-18T16:34:53.848+0000] {processor.py:829} INFO - Processing file /home/airflow/.local/lib/python3.8/site-packages/airflow/example_dags/example_dynamic_task_mapping_with_no_taskflow_operators.py for tasks to queue
[2023-10-18T16:34:53.852+0000] {logging_mixin.py:151} INFO - [2023-10-18T16:34:53.851+0000] {dagbag.py:536} INFO - Filling up the DagBag from /home/airflow/.local/lib/python3.8/site-packages/airflow/example_dags/example_dynamic_task_mapping_with_no_taskflow_operators.py
[2023-10-18T16:34:53.857+0000] {processor.py:839} INFO - DAG(s) dict_keys(['example_dynamic_task_mapping_with_no_taskflow_operators']) retrieved from /home/airflow/.local/lib/python3.8/site-packages/airflow/example_dags/example_dynamic_task_mapping_with_no_taskflow_operators.py
[2023-10-18T16:34:53.887+0000] {logging_mixin.py:151} INFO - [2023-10-18T16:34:53.887+0000] {dag.py:2941} INFO - Sync 1 DAGs
[2023-10-18T16:34:53.909+0000] {logging_mixin.py:151} INFO - [2023-10-18T16:34:53.909+0000] {dag.py:3722} INFO - Setting next_dagrun for example_dynamic_task_mapping_with_no_taskflow_operators to 2023-10-17T16:34:53.908920+00:00, run_after=2023-10-18T16:34:53.908920+00:00
[2023-10-18T16:34:53.920+0000] {processor.py:179} INFO - Processing /home/airflow/.local/lib/python3.8/site-packages/airflow/example_dags/example_dynamic_task_mapping_with_no_taskflow_operators.py took 0.077 seconds
[2023-10-18T16:35:24.550+0000] {processor.py:157} INFO - Started process (PID=594) to work on /home/airflow/.local/lib/python3.8/site-packages/airflow/example_dags/example_dynamic_task_mapping_with_no_taskflow_operators.py
[2023-10-18T16:35:24.551+0000] {processor.py:829} INFO - Processing file /home/airflow/.local/lib/python3.8/site-packages/airflow/example_dags/example_dynamic_task_mapping_with_no_taskflow_operators.py for tasks to queue
[2023-10-18T16:35:24.554+0000] {logging_mixin.py:151} INFO - [2023-10-18T16:35:24.554+0000] {dagbag.py:536} INFO - Filling up the DagBag from /home/airflow/.local/lib/python3.8/site-packages/airflow/example_dags/example_dynamic_task_mapping_with_no_taskflow_operators.py
[2023-10-18T16:35:24.559+0000] {processor.py:839} INFO - DAG(s) dict_keys(['example_dynamic_task_mapping_with_no_taskflow_operators']) retrieved from /home/airflow/.local/lib/python3.8/site-packages/airflow/example_dags/example_dynamic_task_mapping_with_no_taskflow_operators.py
[2023-10-18T16:35:24.581+0000] {logging_mixin.py:151} INFO - [2023-10-18T16:35:24.581+0000] {dag.py:2941} INFO - Sync 1 DAGs
[2023-10-18T16:35:24.596+0000] {logging_mixin.py:151} INFO - [2023-10-18T16:35:24.596+0000] {dag.py:3722} INFO - Setting next_dagrun for example_dynamic_task_mapping_with_no_taskflow_operators to 2023-10-17T16:35:24.596367+00:00, run_after=2023-10-18T16:35:24.596367+00:00
[2023-10-18T16:35:24.608+0000] {processor.py:179} INFO - Processing /home/airflow/.local/lib/python3.8/site-packages/airflow/example_dags/example_dynamic_task_mapping_with_no_taskflow_operators.py took 0.061 seconds
[2023-10-18T16:35:55.127+0000] {processor.py:157} INFO - Started process (PID=648) to work on /home/airflow/.local/lib/python3.8/site-packages/airflow/example_dags/example_dynamic_task_mapping_with_no_taskflow_operators.py
[2023-10-18T16:35:55.128+0000] {processor.py:829} INFO - Processing file /home/airflow/.local/lib/python3.8/site-packages/airflow/example_dags/example_dynamic_task_mapping_with_no_taskflow_operators.py for tasks to queue
[2023-10-18T16:35:55.131+0000] {logging_mixin.py:151} INFO - [2023-10-18T16:35:55.131+0000] {dagbag.py:536} INFO - Filling up the DagBag from /home/airflow/.local/lib/python3.8/site-packages/airflow/example_dags/example_dynamic_task_mapping_with_no_taskflow_operators.py
[2023-10-18T16:35:55.137+0000] {processor.py:839} INFO - DAG(s) dict_keys(['example_dynamic_task_mapping_with_no_taskflow_operators']) retrieved from /home/airflow/.local/lib/python3.8/site-packages/airflow/example_dags/example_dynamic_task_mapping_with_no_taskflow_operators.py
[2023-10-18T16:35:55.155+0000] {logging_mixin.py:151} INFO - [2023-10-18T16:35:55.154+0000] {dag.py:2941} INFO - Sync 1 DAGs
[2023-10-18T16:35:55.170+0000] {logging_mixin.py:151} INFO - [2023-10-18T16:35:55.170+0000] {dag.py:3722} INFO - Setting next_dagrun for example_dynamic_task_mapping_with_no_taskflow_operators to 2023-10-17T16:35:55.170334+00:00, run_after=2023-10-18T16:35:55.170334+00:00
[2023-10-18T16:35:55.182+0000] {processor.py:179} INFO - Processing /home/airflow/.local/lib/python3.8/site-packages/airflow/example_dags/example_dynamic_task_mapping_with_no_taskflow_operators.py took 0.058 seconds
