[2023-10-18T16:30:17.422+0000] {processor.py:157} INFO - Started process (PID=38) to work on /home/airflow/.local/lib/python3.8/site-packages/airflow/example_dags/example_task_group.py
[2023-10-18T16:30:17.424+0000] {processor.py:829} INFO - Processing file /home/airflow/.local/lib/python3.8/site-packages/airflow/example_dags/example_task_group.py for tasks to queue
[2023-10-18T16:30:17.426+0000] {logging_mixin.py:151} INFO - [2023-10-18T16:30:17.426+0000] {dagbag.py:536} INFO - Filling up the DagBag from /home/airflow/.local/lib/python3.8/site-packages/airflow/example_dags/example_task_group.py
[2023-10-18T16:30:17.436+0000] {processor.py:839} INFO - DAG(s) dict_keys(['example_task_group']) retrieved from /home/airflow/.local/lib/python3.8/site-packages/airflow/example_dags/example_task_group.py
[2023-10-18T16:30:17.455+0000] {logging_mixin.py:151} INFO - [2023-10-18T16:30:17.454+0000] {dag.py:2941} INFO - Sync 1 DAGs
[2023-10-18T16:30:17.479+0000] {logging_mixin.py:151} INFO - [2023-10-18T16:30:17.479+0000] {dag.py:3722} INFO - Setting next_dagrun for example_task_group to 2023-10-17T16:30:17.478778+00:00, run_after=2023-10-18T16:30:17.478778+00:00
[2023-10-18T16:30:17.498+0000] {processor.py:179} INFO - Processing /home/airflow/.local/lib/python3.8/site-packages/airflow/example_dags/example_task_group.py took 0.078 seconds
[2023-10-18T16:30:48.007+0000] {processor.py:157} INFO - Started process (PID=92) to work on /home/airflow/.local/lib/python3.8/site-packages/airflow/example_dags/example_task_group.py
[2023-10-18T16:30:48.009+0000] {processor.py:829} INFO - Processing file /home/airflow/.local/lib/python3.8/site-packages/airflow/example_dags/example_task_group.py for tasks to queue
[2023-10-18T16:30:48.011+0000] {logging_mixin.py:151} INFO - [2023-10-18T16:30:48.011+0000] {dagbag.py:536} INFO - Filling up the DagBag from /home/airflow/.local/lib/python3.8/site-packages/airflow/example_dags/example_task_group.py
[2023-10-18T16:30:48.018+0000] {processor.py:839} INFO - DAG(s) dict_keys(['example_task_group']) retrieved from /home/airflow/.local/lib/python3.8/site-packages/airflow/example_dags/example_task_group.py
[2023-10-18T16:30:48.035+0000] {logging_mixin.py:151} INFO - [2023-10-18T16:30:48.035+0000] {dag.py:2941} INFO - Sync 1 DAGs
[2023-10-18T16:30:48.048+0000] {logging_mixin.py:151} INFO - [2023-10-18T16:30:48.048+0000] {dag.py:3722} INFO - Setting next_dagrun for example_task_group to 2023-10-17T16:30:48.048317+00:00, run_after=2023-10-18T16:30:48.048317+00:00
[2023-10-18T16:30:48.059+0000] {processor.py:179} INFO - Processing /home/airflow/.local/lib/python3.8/site-packages/airflow/example_dags/example_task_group.py took 0.055 seconds
[2023-10-18T16:31:18.335+0000] {processor.py:157} INFO - Started process (PID=146) to work on /home/airflow/.local/lib/python3.8/site-packages/airflow/example_dags/example_task_group.py
[2023-10-18T16:31:18.336+0000] {processor.py:829} INFO - Processing file /home/airflow/.local/lib/python3.8/site-packages/airflow/example_dags/example_task_group.py for tasks to queue
[2023-10-18T16:31:18.339+0000] {logging_mixin.py:151} INFO - [2023-10-18T16:31:18.339+0000] {dagbag.py:536} INFO - Filling up the DagBag from /home/airflow/.local/lib/python3.8/site-packages/airflow/example_dags/example_task_group.py
[2023-10-18T16:31:18.345+0000] {processor.py:839} INFO - DAG(s) dict_keys(['example_task_group']) retrieved from /home/airflow/.local/lib/python3.8/site-packages/airflow/example_dags/example_task_group.py
[2023-10-18T16:31:18.364+0000] {logging_mixin.py:151} INFO - [2023-10-18T16:31:18.364+0000] {dag.py:2941} INFO - Sync 1 DAGs
[2023-10-18T16:31:18.380+0000] {logging_mixin.py:151} INFO - [2023-10-18T16:31:18.380+0000] {dag.py:3722} INFO - Setting next_dagrun for example_task_group to 2023-10-17T16:31:18.380425+00:00, run_after=2023-10-18T16:31:18.380425+00:00
[2023-10-18T16:31:18.392+0000] {processor.py:179} INFO - Processing /home/airflow/.local/lib/python3.8/site-packages/airflow/example_dags/example_task_group.py took 0.060 seconds
[2023-10-18T16:31:48.653+0000] {processor.py:157} INFO - Started process (PID=200) to work on /home/airflow/.local/lib/python3.8/site-packages/airflow/example_dags/example_task_group.py
[2023-10-18T16:31:48.654+0000] {processor.py:829} INFO - Processing file /home/airflow/.local/lib/python3.8/site-packages/airflow/example_dags/example_task_group.py for tasks to queue
[2023-10-18T16:31:48.657+0000] {logging_mixin.py:151} INFO - [2023-10-18T16:31:48.656+0000] {dagbag.py:536} INFO - Filling up the DagBag from /home/airflow/.local/lib/python3.8/site-packages/airflow/example_dags/example_task_group.py
[2023-10-18T16:31:48.666+0000] {processor.py:839} INFO - DAG(s) dict_keys(['example_task_group']) retrieved from /home/airflow/.local/lib/python3.8/site-packages/airflow/example_dags/example_task_group.py
[2023-10-18T16:31:48.687+0000] {logging_mixin.py:151} INFO - [2023-10-18T16:31:48.687+0000] {dag.py:2941} INFO - Sync 1 DAGs
[2023-10-18T16:31:48.703+0000] {logging_mixin.py:151} INFO - [2023-10-18T16:31:48.703+0000] {dag.py:3722} INFO - Setting next_dagrun for example_task_group to 2023-10-17T16:31:48.703417+00:00, run_after=2023-10-18T16:31:48.703417+00:00
[2023-10-18T16:31:48.716+0000] {processor.py:179} INFO - Processing /home/airflow/.local/lib/python3.8/site-packages/airflow/example_dags/example_task_group.py took 0.067 seconds
[2023-10-18T16:32:19.093+0000] {processor.py:157} INFO - Started process (PID=254) to work on /home/airflow/.local/lib/python3.8/site-packages/airflow/example_dags/example_task_group.py
[2023-10-18T16:32:19.094+0000] {processor.py:829} INFO - Processing file /home/airflow/.local/lib/python3.8/site-packages/airflow/example_dags/example_task_group.py for tasks to queue
[2023-10-18T16:32:19.096+0000] {logging_mixin.py:151} INFO - [2023-10-18T16:32:19.096+0000] {dagbag.py:536} INFO - Filling up the DagBag from /home/airflow/.local/lib/python3.8/site-packages/airflow/example_dags/example_task_group.py
[2023-10-18T16:32:19.102+0000] {processor.py:839} INFO - DAG(s) dict_keys(['example_task_group']) retrieved from /home/airflow/.local/lib/python3.8/site-packages/airflow/example_dags/example_task_group.py
[2023-10-18T16:32:19.120+0000] {logging_mixin.py:151} INFO - [2023-10-18T16:32:19.120+0000] {dag.py:2941} INFO - Sync 1 DAGs
[2023-10-18T16:32:19.134+0000] {logging_mixin.py:151} INFO - [2023-10-18T16:32:19.134+0000] {dag.py:3722} INFO - Setting next_dagrun for example_task_group to 2023-10-17T16:32:19.134000+00:00, run_after=2023-10-18T16:32:19.134000+00:00
[2023-10-18T16:32:19.143+0000] {processor.py:179} INFO - Processing /home/airflow/.local/lib/python3.8/site-packages/airflow/example_dags/example_task_group.py took 0.054 seconds
[2023-10-18T16:32:49.437+0000] {processor.py:157} INFO - Started process (PID=308) to work on /home/airflow/.local/lib/python3.8/site-packages/airflow/example_dags/example_task_group.py
[2023-10-18T16:32:49.439+0000] {processor.py:829} INFO - Processing file /home/airflow/.local/lib/python3.8/site-packages/airflow/example_dags/example_task_group.py for tasks to queue
[2023-10-18T16:32:49.441+0000] {logging_mixin.py:151} INFO - [2023-10-18T16:32:49.441+0000] {dagbag.py:536} INFO - Filling up the DagBag from /home/airflow/.local/lib/python3.8/site-packages/airflow/example_dags/example_task_group.py
[2023-10-18T16:32:49.447+0000] {processor.py:839} INFO - DAG(s) dict_keys(['example_task_group']) retrieved from /home/airflow/.local/lib/python3.8/site-packages/airflow/example_dags/example_task_group.py
[2023-10-18T16:32:49.465+0000] {logging_mixin.py:151} INFO - [2023-10-18T16:32:49.465+0000] {dag.py:2941} INFO - Sync 1 DAGs
[2023-10-18T16:32:49.479+0000] {logging_mixin.py:151} INFO - [2023-10-18T16:32:49.478+0000] {dag.py:3722} INFO - Setting next_dagrun for example_task_group to 2023-10-17T16:32:49.478778+00:00, run_after=2023-10-18T16:32:49.478778+00:00
[2023-10-18T16:32:49.488+0000] {processor.py:179} INFO - Processing /home/airflow/.local/lib/python3.8/site-packages/airflow/example_dags/example_task_group.py took 0.053 seconds
[2023-10-18T16:33:19.984+0000] {processor.py:157} INFO - Started process (PID=362) to work on /home/airflow/.local/lib/python3.8/site-packages/airflow/example_dags/example_task_group.py
[2023-10-18T16:33:19.986+0000] {processor.py:829} INFO - Processing file /home/airflow/.local/lib/python3.8/site-packages/airflow/example_dags/example_task_group.py for tasks to queue
[2023-10-18T16:33:19.988+0000] {logging_mixin.py:151} INFO - [2023-10-18T16:33:19.988+0000] {dagbag.py:536} INFO - Filling up the DagBag from /home/airflow/.local/lib/python3.8/site-packages/airflow/example_dags/example_task_group.py
[2023-10-18T16:33:19.993+0000] {processor.py:839} INFO - DAG(s) dict_keys(['example_task_group']) retrieved from /home/airflow/.local/lib/python3.8/site-packages/airflow/example_dags/example_task_group.py
[2023-10-18T16:33:20.014+0000] {logging_mixin.py:151} INFO - [2023-10-18T16:33:20.014+0000] {dag.py:2941} INFO - Sync 1 DAGs
[2023-10-18T16:33:20.044+0000] {logging_mixin.py:151} INFO - [2023-10-18T16:33:20.044+0000] {dag.py:3722} INFO - Setting next_dagrun for example_task_group to 2023-10-17T16:33:20.043610+00:00, run_after=2023-10-18T16:33:20.043610+00:00
[2023-10-18T16:33:20.059+0000] {processor.py:179} INFO - Processing /home/airflow/.local/lib/python3.8/site-packages/airflow/example_dags/example_task_group.py took 0.078 seconds
[2023-10-18T16:33:50.357+0000] {processor.py:157} INFO - Started process (PID=416) to work on /home/airflow/.local/lib/python3.8/site-packages/airflow/example_dags/example_task_group.py
[2023-10-18T16:33:50.359+0000] {processor.py:829} INFO - Processing file /home/airflow/.local/lib/python3.8/site-packages/airflow/example_dags/example_task_group.py for tasks to queue
[2023-10-18T16:33:50.361+0000] {logging_mixin.py:151} INFO - [2023-10-18T16:33:50.361+0000] {dagbag.py:536} INFO - Filling up the DagBag from /home/airflow/.local/lib/python3.8/site-packages/airflow/example_dags/example_task_group.py
[2023-10-18T16:33:50.368+0000] {processor.py:839} INFO - DAG(s) dict_keys(['example_task_group']) retrieved from /home/airflow/.local/lib/python3.8/site-packages/airflow/example_dags/example_task_group.py
[2023-10-18T16:33:50.386+0000] {logging_mixin.py:151} INFO - [2023-10-18T16:33:50.386+0000] {dag.py:2941} INFO - Sync 1 DAGs
[2023-10-18T16:33:50.400+0000] {logging_mixin.py:151} INFO - [2023-10-18T16:33:50.400+0000] {dag.py:3722} INFO - Setting next_dagrun for example_task_group to 2023-10-17T16:33:50.399925+00:00, run_after=2023-10-18T16:33:50.399925+00:00
[2023-10-18T16:33:50.409+0000] {processor.py:179} INFO - Processing /home/airflow/.local/lib/python3.8/site-packages/airflow/example_dags/example_task_group.py took 0.055 seconds
[2023-10-18T16:34:20.656+0000] {processor.py:157} INFO - Started process (PID=471) to work on /home/airflow/.local/lib/python3.8/site-packages/airflow/example_dags/example_task_group.py
[2023-10-18T16:34:20.657+0000] {processor.py:829} INFO - Processing file /home/airflow/.local/lib/python3.8/site-packages/airflow/example_dags/example_task_group.py for tasks to queue
[2023-10-18T16:34:20.659+0000] {logging_mixin.py:151} INFO - [2023-10-18T16:34:20.659+0000] {dagbag.py:536} INFO - Filling up the DagBag from /home/airflow/.local/lib/python3.8/site-packages/airflow/example_dags/example_task_group.py
[2023-10-18T16:34:20.664+0000] {processor.py:839} INFO - DAG(s) dict_keys(['example_task_group']) retrieved from /home/airflow/.local/lib/python3.8/site-packages/airflow/example_dags/example_task_group.py
[2023-10-18T16:34:20.683+0000] {logging_mixin.py:151} INFO - [2023-10-18T16:34:20.683+0000] {dag.py:2941} INFO - Sync 1 DAGs
[2023-10-18T16:34:20.698+0000] {logging_mixin.py:151} INFO - [2023-10-18T16:34:20.698+0000] {dag.py:3722} INFO - Setting next_dagrun for example_task_group to 2023-10-17T16:34:20.698328+00:00, run_after=2023-10-18T16:34:20.698328+00:00
[2023-10-18T16:34:20.709+0000] {processor.py:179} INFO - Processing /home/airflow/.local/lib/python3.8/site-packages/airflow/example_dags/example_task_group.py took 0.057 seconds
[2023-10-18T16:34:51.071+0000] {processor.py:157} INFO - Started process (PID=525) to work on /home/airflow/.local/lib/python3.8/site-packages/airflow/example_dags/example_task_group.py
[2023-10-18T16:34:51.075+0000] {processor.py:829} INFO - Processing file /home/airflow/.local/lib/python3.8/site-packages/airflow/example_dags/example_task_group.py for tasks to queue
[2023-10-18T16:34:51.079+0000] {logging_mixin.py:151} INFO - [2023-10-18T16:34:51.079+0000] {dagbag.py:536} INFO - Filling up the DagBag from /home/airflow/.local/lib/python3.8/site-packages/airflow/example_dags/example_task_group.py
[2023-10-18T16:34:51.089+0000] {processor.py:839} INFO - DAG(s) dict_keys(['example_task_group']) retrieved from /home/airflow/.local/lib/python3.8/site-packages/airflow/example_dags/example_task_group.py
[2023-10-18T16:34:51.112+0000] {logging_mixin.py:151} INFO - [2023-10-18T16:34:51.112+0000] {dag.py:2941} INFO - Sync 1 DAGs
[2023-10-18T16:34:51.127+0000] {logging_mixin.py:151} INFO - [2023-10-18T16:34:51.127+0000] {dag.py:3722} INFO - Setting next_dagrun for example_task_group to 2023-10-17T16:34:51.127091+00:00, run_after=2023-10-18T16:34:51.127091+00:00
[2023-10-18T16:34:51.141+0000] {processor.py:179} INFO - Processing /home/airflow/.local/lib/python3.8/site-packages/airflow/example_dags/example_task_group.py took 0.076 seconds
[2023-10-18T16:35:21.501+0000] {processor.py:157} INFO - Started process (PID=578) to work on /home/airflow/.local/lib/python3.8/site-packages/airflow/example_dags/example_task_group.py
[2023-10-18T16:35:21.503+0000] {processor.py:829} INFO - Processing file /home/airflow/.local/lib/python3.8/site-packages/airflow/example_dags/example_task_group.py for tasks to queue
[2023-10-18T16:35:21.505+0000] {logging_mixin.py:151} INFO - [2023-10-18T16:35:21.505+0000] {dagbag.py:536} INFO - Filling up the DagBag from /home/airflow/.local/lib/python3.8/site-packages/airflow/example_dags/example_task_group.py
[2023-10-18T16:35:21.511+0000] {processor.py:839} INFO - DAG(s) dict_keys(['example_task_group']) retrieved from /home/airflow/.local/lib/python3.8/site-packages/airflow/example_dags/example_task_group.py
[2023-10-18T16:35:21.529+0000] {logging_mixin.py:151} INFO - [2023-10-18T16:35:21.529+0000] {dag.py:2941} INFO - Sync 1 DAGs
[2023-10-18T16:35:21.543+0000] {logging_mixin.py:151} INFO - [2023-10-18T16:35:21.542+0000] {dag.py:3722} INFO - Setting next_dagrun for example_task_group to 2023-10-17T16:35:21.542693+00:00, run_after=2023-10-18T16:35:21.542693+00:00
[2023-10-18T16:35:21.552+0000] {processor.py:179} INFO - Processing /home/airflow/.local/lib/python3.8/site-packages/airflow/example_dags/example_task_group.py took 0.054 seconds
[2023-10-18T16:35:51.981+0000] {processor.py:157} INFO - Started process (PID=632) to work on /home/airflow/.local/lib/python3.8/site-packages/airflow/example_dags/example_task_group.py
[2023-10-18T16:35:51.982+0000] {processor.py:829} INFO - Processing file /home/airflow/.local/lib/python3.8/site-packages/airflow/example_dags/example_task_group.py for tasks to queue
[2023-10-18T16:35:51.985+0000] {logging_mixin.py:151} INFO - [2023-10-18T16:35:51.984+0000] {dagbag.py:536} INFO - Filling up the DagBag from /home/airflow/.local/lib/python3.8/site-packages/airflow/example_dags/example_task_group.py
[2023-10-18T16:35:51.990+0000] {processor.py:839} INFO - DAG(s) dict_keys(['example_task_group']) retrieved from /home/airflow/.local/lib/python3.8/site-packages/airflow/example_dags/example_task_group.py
[2023-10-18T16:35:52.008+0000] {logging_mixin.py:151} INFO - [2023-10-18T16:35:52.007+0000] {dag.py:2941} INFO - Sync 1 DAGs
[2023-10-18T16:35:52.021+0000] {logging_mixin.py:151} INFO - [2023-10-18T16:35:52.021+0000] {dag.py:3722} INFO - Setting next_dagrun for example_task_group to 2023-10-17T16:35:52.021378+00:00, run_after=2023-10-18T16:35:52.021378+00:00
[2023-10-18T16:35:52.034+0000] {processor.py:179} INFO - Processing /home/airflow/.local/lib/python3.8/site-packages/airflow/example_dags/example_task_group.py took 0.055 seconds
