[2023-10-18T16:30:20.625+0000] {processor.py:157} INFO - Started process (PID=69) to work on /home/airflow/.local/lib/python3.8/site-packages/airflow/example_dags/example_task_group_decorator.py
[2023-10-18T16:30:20.631+0000] {processor.py:829} INFO - Processing file /home/airflow/.local/lib/python3.8/site-packages/airflow/example_dags/example_task_group_decorator.py for tasks to queue
[2023-10-18T16:30:20.642+0000] {logging_mixin.py:151} INFO - [2023-10-18T16:30:20.640+0000] {dagbag.py:536} INFO - Filling up the DagBag from /home/airflow/.local/lib/python3.8/site-packages/airflow/example_dags/example_task_group_decorator.py
[2023-10-18T16:30:20.720+0000] {processor.py:839} INFO - DAG(s) dict_keys(['example_task_group_decorator']) retrieved from /home/airflow/.local/lib/python3.8/site-packages/airflow/example_dags/example_task_group_decorator.py
[2023-10-18T16:30:20.798+0000] {logging_mixin.py:151} INFO - [2023-10-18T16:30:20.798+0000] {dag.py:2941} INFO - Sync 1 DAGs
[2023-10-18T16:30:20.877+0000] {logging_mixin.py:151} INFO - [2023-10-18T16:30:20.877+0000] {dag.py:3722} INFO - Setting next_dagrun for example_task_group_decorator to 2023-10-17T16:30:20.876624+00:00, run_after=2023-10-18T16:30:20.876624+00:00
[2023-10-18T16:30:20.950+0000] {processor.py:179} INFO - Processing /home/airflow/.local/lib/python3.8/site-packages/airflow/example_dags/example_task_group_decorator.py took 0.337 seconds
[2023-10-18T16:30:51.654+0000] {processor.py:157} INFO - Started process (PID=123) to work on /home/airflow/.local/lib/python3.8/site-packages/airflow/example_dags/example_task_group_decorator.py
[2023-10-18T16:30:51.656+0000] {processor.py:829} INFO - Processing file /home/airflow/.local/lib/python3.8/site-packages/airflow/example_dags/example_task_group_decorator.py for tasks to queue
[2023-10-18T16:30:51.661+0000] {logging_mixin.py:151} INFO - [2023-10-18T16:30:51.660+0000] {dagbag.py:536} INFO - Filling up the DagBag from /home/airflow/.local/lib/python3.8/site-packages/airflow/example_dags/example_task_group_decorator.py
[2023-10-18T16:30:51.676+0000] {processor.py:839} INFO - DAG(s) dict_keys(['example_task_group_decorator']) retrieved from /home/airflow/.local/lib/python3.8/site-packages/airflow/example_dags/example_task_group_decorator.py
[2023-10-18T16:30:51.698+0000] {logging_mixin.py:151} INFO - [2023-10-18T16:30:51.698+0000] {dag.py:2941} INFO - Sync 1 DAGs
[2023-10-18T16:30:51.712+0000] {logging_mixin.py:151} INFO - [2023-10-18T16:30:51.711+0000] {dag.py:3722} INFO - Setting next_dagrun for example_task_group_decorator to 2023-10-17T16:30:51.711709+00:00, run_after=2023-10-18T16:30:51.711709+00:00
[2023-10-18T16:30:51.721+0000] {processor.py:179} INFO - Processing /home/airflow/.local/lib/python3.8/site-packages/airflow/example_dags/example_task_group_decorator.py took 0.073 seconds
[2023-10-18T16:31:21.788+0000] {processor.py:157} INFO - Started process (PID=177) to work on /home/airflow/.local/lib/python3.8/site-packages/airflow/example_dags/example_task_group_decorator.py
[2023-10-18T16:31:21.790+0000] {processor.py:829} INFO - Processing file /home/airflow/.local/lib/python3.8/site-packages/airflow/example_dags/example_task_group_decorator.py for tasks to queue
[2023-10-18T16:31:21.793+0000] {logging_mixin.py:151} INFO - [2023-10-18T16:31:21.793+0000] {dagbag.py:536} INFO - Filling up the DagBag from /home/airflow/.local/lib/python3.8/site-packages/airflow/example_dags/example_task_group_decorator.py
[2023-10-18T16:31:21.805+0000] {processor.py:839} INFO - DAG(s) dict_keys(['example_task_group_decorator']) retrieved from /home/airflow/.local/lib/python3.8/site-packages/airflow/example_dags/example_task_group_decorator.py
[2023-10-18T16:31:21.825+0000] {logging_mixin.py:151} INFO - [2023-10-18T16:31:21.825+0000] {dag.py:2941} INFO - Sync 1 DAGs
[2023-10-18T16:31:21.839+0000] {logging_mixin.py:151} INFO - [2023-10-18T16:31:21.839+0000] {dag.py:3722} INFO - Setting next_dagrun for example_task_group_decorator to 2023-10-17T16:31:21.839068+00:00, run_after=2023-10-18T16:31:21.839068+00:00
[2023-10-18T16:31:21.850+0000] {processor.py:179} INFO - Processing /home/airflow/.local/lib/python3.8/site-packages/airflow/example_dags/example_task_group_decorator.py took 0.067 seconds
[2023-10-18T16:31:52.329+0000] {processor.py:157} INFO - Started process (PID=231) to work on /home/airflow/.local/lib/python3.8/site-packages/airflow/example_dags/example_task_group_decorator.py
[2023-10-18T16:31:52.331+0000] {processor.py:829} INFO - Processing file /home/airflow/.local/lib/python3.8/site-packages/airflow/example_dags/example_task_group_decorator.py for tasks to queue
[2023-10-18T16:31:52.337+0000] {logging_mixin.py:151} INFO - [2023-10-18T16:31:52.337+0000] {dagbag.py:536} INFO - Filling up the DagBag from /home/airflow/.local/lib/python3.8/site-packages/airflow/example_dags/example_task_group_decorator.py
[2023-10-18T16:31:52.350+0000] {processor.py:839} INFO - DAG(s) dict_keys(['example_task_group_decorator']) retrieved from /home/airflow/.local/lib/python3.8/site-packages/airflow/example_dags/example_task_group_decorator.py
[2023-10-18T16:31:52.369+0000] {logging_mixin.py:151} INFO - [2023-10-18T16:31:52.369+0000] {dag.py:2941} INFO - Sync 1 DAGs
[2023-10-18T16:31:52.385+0000] {logging_mixin.py:151} INFO - [2023-10-18T16:31:52.385+0000] {dag.py:3722} INFO - Setting next_dagrun for example_task_group_decorator to 2023-10-17T16:31:52.385574+00:00, run_after=2023-10-18T16:31:52.385574+00:00
[2023-10-18T16:31:52.398+0000] {processor.py:179} INFO - Processing /home/airflow/.local/lib/python3.8/site-packages/airflow/example_dags/example_task_group_decorator.py took 0.078 seconds
[2023-10-18T16:32:22.768+0000] {processor.py:157} INFO - Started process (PID=285) to work on /home/airflow/.local/lib/python3.8/site-packages/airflow/example_dags/example_task_group_decorator.py
[2023-10-18T16:32:22.770+0000] {processor.py:829} INFO - Processing file /home/airflow/.local/lib/python3.8/site-packages/airflow/example_dags/example_task_group_decorator.py for tasks to queue
[2023-10-18T16:32:22.774+0000] {logging_mixin.py:151} INFO - [2023-10-18T16:32:22.773+0000] {dagbag.py:536} INFO - Filling up the DagBag from /home/airflow/.local/lib/python3.8/site-packages/airflow/example_dags/example_task_group_decorator.py
[2023-10-18T16:32:22.787+0000] {processor.py:839} INFO - DAG(s) dict_keys(['example_task_group_decorator']) retrieved from /home/airflow/.local/lib/python3.8/site-packages/airflow/example_dags/example_task_group_decorator.py
[2023-10-18T16:32:22.809+0000] {logging_mixin.py:151} INFO - [2023-10-18T16:32:22.809+0000] {dag.py:2941} INFO - Sync 1 DAGs
[2023-10-18T16:32:22.821+0000] {logging_mixin.py:151} INFO - [2023-10-18T16:32:22.821+0000] {dag.py:3722} INFO - Setting next_dagrun for example_task_group_decorator to 2023-10-17T16:32:22.821390+00:00, run_after=2023-10-18T16:32:22.821390+00:00
[2023-10-18T16:32:22.833+0000] {processor.py:179} INFO - Processing /home/airflow/.local/lib/python3.8/site-packages/airflow/example_dags/example_task_group_decorator.py took 0.070 seconds
[2023-10-18T16:32:52.896+0000] {processor.py:157} INFO - Started process (PID=339) to work on /home/airflow/.local/lib/python3.8/site-packages/airflow/example_dags/example_task_group_decorator.py
[2023-10-18T16:32:52.898+0000] {processor.py:829} INFO - Processing file /home/airflow/.local/lib/python3.8/site-packages/airflow/example_dags/example_task_group_decorator.py for tasks to queue
[2023-10-18T16:32:52.904+0000] {logging_mixin.py:151} INFO - [2023-10-18T16:32:52.903+0000] {dagbag.py:536} INFO - Filling up the DagBag from /home/airflow/.local/lib/python3.8/site-packages/airflow/example_dags/example_task_group_decorator.py
[2023-10-18T16:32:52.922+0000] {processor.py:839} INFO - DAG(s) dict_keys(['example_task_group_decorator']) retrieved from /home/airflow/.local/lib/python3.8/site-packages/airflow/example_dags/example_task_group_decorator.py
[2023-10-18T16:32:52.947+0000] {logging_mixin.py:151} INFO - [2023-10-18T16:32:52.947+0000] {dag.py:2941} INFO - Sync 1 DAGs
[2023-10-18T16:32:52.966+0000] {logging_mixin.py:151} INFO - [2023-10-18T16:32:52.966+0000] {dag.py:3722} INFO - Setting next_dagrun for example_task_group_decorator to 2023-10-17T16:32:52.966502+00:00, run_after=2023-10-18T16:32:52.966502+00:00
[2023-10-18T16:32:52.981+0000] {processor.py:179} INFO - Processing /home/airflow/.local/lib/python3.8/site-packages/airflow/example_dags/example_task_group_decorator.py took 0.091 seconds
[2023-10-18T16:33:23.696+0000] {processor.py:157} INFO - Started process (PID=393) to work on /home/airflow/.local/lib/python3.8/site-packages/airflow/example_dags/example_task_group_decorator.py
[2023-10-18T16:33:23.697+0000] {processor.py:829} INFO - Processing file /home/airflow/.local/lib/python3.8/site-packages/airflow/example_dags/example_task_group_decorator.py for tasks to queue
[2023-10-18T16:33:23.701+0000] {logging_mixin.py:151} INFO - [2023-10-18T16:33:23.701+0000] {dagbag.py:536} INFO - Filling up the DagBag from /home/airflow/.local/lib/python3.8/site-packages/airflow/example_dags/example_task_group_decorator.py
[2023-10-18T16:33:23.713+0000] {processor.py:839} INFO - DAG(s) dict_keys(['example_task_group_decorator']) retrieved from /home/airflow/.local/lib/python3.8/site-packages/airflow/example_dags/example_task_group_decorator.py
[2023-10-18T16:33:23.733+0000] {logging_mixin.py:151} INFO - [2023-10-18T16:33:23.733+0000] {dag.py:2941} INFO - Sync 1 DAGs
[2023-10-18T16:33:23.746+0000] {logging_mixin.py:151} INFO - [2023-10-18T16:33:23.746+0000] {dag.py:3722} INFO - Setting next_dagrun for example_task_group_decorator to 2023-10-17T16:33:23.746374+00:00, run_after=2023-10-18T16:33:23.746374+00:00
[2023-10-18T16:33:23.757+0000] {processor.py:179} INFO - Processing /home/airflow/.local/lib/python3.8/site-packages/airflow/example_dags/example_task_group_decorator.py took 0.066 seconds
[2023-10-18T16:33:53.983+0000] {processor.py:157} INFO - Started process (PID=447) to work on /home/airflow/.local/lib/python3.8/site-packages/airflow/example_dags/example_task_group_decorator.py
[2023-10-18T16:33:53.985+0000] {processor.py:829} INFO - Processing file /home/airflow/.local/lib/python3.8/site-packages/airflow/example_dags/example_task_group_decorator.py for tasks to queue
[2023-10-18T16:33:53.990+0000] {logging_mixin.py:151} INFO - [2023-10-18T16:33:53.989+0000] {dagbag.py:536} INFO - Filling up the DagBag from /home/airflow/.local/lib/python3.8/site-packages/airflow/example_dags/example_task_group_decorator.py
[2023-10-18T16:33:54.005+0000] {processor.py:839} INFO - DAG(s) dict_keys(['example_task_group_decorator']) retrieved from /home/airflow/.local/lib/python3.8/site-packages/airflow/example_dags/example_task_group_decorator.py
[2023-10-18T16:33:54.053+0000] {logging_mixin.py:151} INFO - [2023-10-18T16:33:54.053+0000] {dag.py:2941} INFO - Sync 1 DAGs
[2023-10-18T16:33:54.079+0000] {logging_mixin.py:151} INFO - [2023-10-18T16:33:54.079+0000] {dag.py:3722} INFO - Setting next_dagrun for example_task_group_decorator to 2023-10-17T16:33:54.078803+00:00, run_after=2023-10-18T16:33:54.078803+00:00
[2023-10-18T16:33:54.093+0000] {processor.py:179} INFO - Processing /home/airflow/.local/lib/python3.8/site-packages/airflow/example_dags/example_task_group_decorator.py took 0.116 seconds
[2023-10-18T16:34:24.337+0000] {processor.py:157} INFO - Started process (PID=502) to work on /home/airflow/.local/lib/python3.8/site-packages/airflow/example_dags/example_task_group_decorator.py
[2023-10-18T16:34:24.338+0000] {processor.py:829} INFO - Processing file /home/airflow/.local/lib/python3.8/site-packages/airflow/example_dags/example_task_group_decorator.py for tasks to queue
[2023-10-18T16:34:24.342+0000] {logging_mixin.py:151} INFO - [2023-10-18T16:34:24.341+0000] {dagbag.py:536} INFO - Filling up the DagBag from /home/airflow/.local/lib/python3.8/site-packages/airflow/example_dags/example_task_group_decorator.py
[2023-10-18T16:34:24.355+0000] {processor.py:839} INFO - DAG(s) dict_keys(['example_task_group_decorator']) retrieved from /home/airflow/.local/lib/python3.8/site-packages/airflow/example_dags/example_task_group_decorator.py
[2023-10-18T16:34:24.382+0000] {logging_mixin.py:151} INFO - [2023-10-18T16:34:24.382+0000] {dag.py:2941} INFO - Sync 1 DAGs
[2023-10-18T16:34:24.397+0000] {logging_mixin.py:151} INFO - [2023-10-18T16:34:24.397+0000] {dag.py:3722} INFO - Setting next_dagrun for example_task_group_decorator to 2023-10-17T16:34:24.397571+00:00, run_after=2023-10-18T16:34:24.397571+00:00
[2023-10-18T16:34:24.409+0000] {processor.py:179} INFO - Processing /home/airflow/.local/lib/python3.8/site-packages/airflow/example_dags/example_task_group_decorator.py took 0.076 seconds
[2023-10-18T16:34:54.732+0000] {processor.py:157} INFO - Started process (PID=556) to work on /home/airflow/.local/lib/python3.8/site-packages/airflow/example_dags/example_task_group_decorator.py
[2023-10-18T16:34:54.733+0000] {processor.py:829} INFO - Processing file /home/airflow/.local/lib/python3.8/site-packages/airflow/example_dags/example_task_group_decorator.py for tasks to queue
[2023-10-18T16:34:54.735+0000] {logging_mixin.py:151} INFO - [2023-10-18T16:34:54.735+0000] {dagbag.py:536} INFO - Filling up the DagBag from /home/airflow/.local/lib/python3.8/site-packages/airflow/example_dags/example_task_group_decorator.py
[2023-10-18T16:34:54.745+0000] {processor.py:839} INFO - DAG(s) dict_keys(['example_task_group_decorator']) retrieved from /home/airflow/.local/lib/python3.8/site-packages/airflow/example_dags/example_task_group_decorator.py
[2023-10-18T16:34:54.775+0000] {logging_mixin.py:151} INFO - [2023-10-18T16:34:54.775+0000] {dag.py:2941} INFO - Sync 1 DAGs
[2023-10-18T16:34:54.798+0000] {logging_mixin.py:151} INFO - [2023-10-18T16:34:54.798+0000] {dag.py:3722} INFO - Setting next_dagrun for example_task_group_decorator to 2023-10-17T16:34:54.798156+00:00, run_after=2023-10-18T16:34:54.798156+00:00
[2023-10-18T16:34:54.822+0000] {processor.py:179} INFO - Processing /home/airflow/.local/lib/python3.8/site-packages/airflow/example_dags/example_task_group_decorator.py took 0.093 seconds
[2023-10-18T16:35:25.317+0000] {processor.py:157} INFO - Started process (PID=609) to work on /home/airflow/.local/lib/python3.8/site-packages/airflow/example_dags/example_task_group_decorator.py
[2023-10-18T16:35:25.318+0000] {processor.py:829} INFO - Processing file /home/airflow/.local/lib/python3.8/site-packages/airflow/example_dags/example_task_group_decorator.py for tasks to queue
[2023-10-18T16:35:25.320+0000] {logging_mixin.py:151} INFO - [2023-10-18T16:35:25.320+0000] {dagbag.py:536} INFO - Filling up the DagBag from /home/airflow/.local/lib/python3.8/site-packages/airflow/example_dags/example_task_group_decorator.py
[2023-10-18T16:35:25.329+0000] {processor.py:839} INFO - DAG(s) dict_keys(['example_task_group_decorator']) retrieved from /home/airflow/.local/lib/python3.8/site-packages/airflow/example_dags/example_task_group_decorator.py
[2023-10-18T16:35:25.348+0000] {logging_mixin.py:151} INFO - [2023-10-18T16:35:25.348+0000] {dag.py:2941} INFO - Sync 1 DAGs
[2023-10-18T16:35:25.361+0000] {logging_mixin.py:151} INFO - [2023-10-18T16:35:25.361+0000] {dag.py:3722} INFO - Setting next_dagrun for example_task_group_decorator to 2023-10-17T16:35:25.360995+00:00, run_after=2023-10-18T16:35:25.360995+00:00
[2023-10-18T16:35:25.371+0000] {processor.py:179} INFO - Processing /home/airflow/.local/lib/python3.8/site-packages/airflow/example_dags/example_task_group_decorator.py took 0.057 seconds
[2023-10-18T16:35:56.355+0000] {processor.py:157} INFO - Started process (PID=663) to work on /home/airflow/.local/lib/python3.8/site-packages/airflow/example_dags/example_task_group_decorator.py
[2023-10-18T16:35:56.363+0000] {processor.py:829} INFO - Processing file /home/airflow/.local/lib/python3.8/site-packages/airflow/example_dags/example_task_group_decorator.py for tasks to queue
[2023-10-18T16:35:56.370+0000] {logging_mixin.py:151} INFO - [2023-10-18T16:35:56.369+0000] {dagbag.py:536} INFO - Filling up the DagBag from /home/airflow/.local/lib/python3.8/site-packages/airflow/example_dags/example_task_group_decorator.py
[2023-10-18T16:35:56.389+0000] {processor.py:839} INFO - DAG(s) dict_keys(['example_task_group_decorator']) retrieved from /home/airflow/.local/lib/python3.8/site-packages/airflow/example_dags/example_task_group_decorator.py
[2023-10-18T16:35:56.421+0000] {logging_mixin.py:151} INFO - [2023-10-18T16:35:56.420+0000] {dag.py:2941} INFO - Sync 1 DAGs
[2023-10-18T16:35:56.437+0000] {logging_mixin.py:151} INFO - [2023-10-18T16:35:56.437+0000] {dag.py:3722} INFO - Setting next_dagrun for example_task_group_decorator to 2023-10-17T16:35:56.436509+00:00, run_after=2023-10-18T16:35:56.436509+00:00
[2023-10-18T16:35:56.577+0000] {processor.py:179} INFO - Processing /home/airflow/.local/lib/python3.8/site-packages/airflow/example_dags/example_task_group_decorator.py took 0.231 seconds
