[2023-10-18T16:30:19.006+0000] {processor.py:157} INFO - Started process (PID=56) to work on /home/airflow/.local/lib/python3.8/site-packages/airflow/example_dags/example_short_circuit_operator.py
[2023-10-18T16:30:19.008+0000] {processor.py:829} INFO - Processing file /home/airflow/.local/lib/python3.8/site-packages/airflow/example_dags/example_short_circuit_operator.py for tasks to queue
[2023-10-18T16:30:19.011+0000] {logging_mixin.py:151} INFO - [2023-10-18T16:30:19.011+0000] {dagbag.py:536} INFO - Filling up the DagBag from /home/airflow/.local/lib/python3.8/site-packages/airflow/example_dags/example_short_circuit_operator.py
[2023-10-18T16:30:19.022+0000] {processor.py:839} INFO - DAG(s) dict_keys(['example_short_circuit_operator']) retrieved from /home/airflow/.local/lib/python3.8/site-packages/airflow/example_dags/example_short_circuit_operator.py
[2023-10-18T16:30:19.056+0000] {logging_mixin.py:151} INFO - [2023-10-18T16:30:19.056+0000] {dag.py:2941} INFO - Sync 1 DAGs
[2023-10-18T16:30:19.083+0000] {logging_mixin.py:151} INFO - [2023-10-18T16:30:19.083+0000] {dag.py:3722} INFO - Setting next_dagrun for example_short_circuit_operator to 2023-10-17T16:30:19.082834+00:00, run_after=2023-10-18T16:30:19.082834+00:00
[2023-10-18T16:30:19.105+0000] {processor.py:179} INFO - Processing /home/airflow/.local/lib/python3.8/site-packages/airflow/example_dags/example_short_circuit_operator.py took 0.102 seconds
[2023-10-18T16:30:50.107+0000] {processor.py:157} INFO - Started process (PID=110) to work on /home/airflow/.local/lib/python3.8/site-packages/airflow/example_dags/example_short_circuit_operator.py
[2023-10-18T16:30:50.108+0000] {processor.py:829} INFO - Processing file /home/airflow/.local/lib/python3.8/site-packages/airflow/example_dags/example_short_circuit_operator.py for tasks to queue
[2023-10-18T16:30:50.111+0000] {logging_mixin.py:151} INFO - [2023-10-18T16:30:50.111+0000] {dagbag.py:536} INFO - Filling up the DagBag from /home/airflow/.local/lib/python3.8/site-packages/airflow/example_dags/example_short_circuit_operator.py
[2023-10-18T16:30:50.117+0000] {processor.py:839} INFO - DAG(s) dict_keys(['example_short_circuit_operator']) retrieved from /home/airflow/.local/lib/python3.8/site-packages/airflow/example_dags/example_short_circuit_operator.py
[2023-10-18T16:30:50.135+0000] {logging_mixin.py:151} INFO - [2023-10-18T16:30:50.135+0000] {dag.py:2941} INFO - Sync 1 DAGs
[2023-10-18T16:30:50.149+0000] {logging_mixin.py:151} INFO - [2023-10-18T16:30:50.148+0000] {dag.py:3722} INFO - Setting next_dagrun for example_short_circuit_operator to 2023-10-17T16:30:50.148718+00:00, run_after=2023-10-18T16:30:50.148718+00:00
[2023-10-18T16:30:50.159+0000] {processor.py:179} INFO - Processing /home/airflow/.local/lib/python3.8/site-packages/airflow/example_dags/example_short_circuit_operator.py took 0.055 seconds
[2023-10-18T16:31:20.209+0000] {processor.py:157} INFO - Started process (PID=164) to work on /home/airflow/.local/lib/python3.8/site-packages/airflow/example_dags/example_short_circuit_operator.py
[2023-10-18T16:31:20.210+0000] {processor.py:829} INFO - Processing file /home/airflow/.local/lib/python3.8/site-packages/airflow/example_dags/example_short_circuit_operator.py for tasks to queue
[2023-10-18T16:31:20.212+0000] {logging_mixin.py:151} INFO - [2023-10-18T16:31:20.212+0000] {dagbag.py:536} INFO - Filling up the DagBag from /home/airflow/.local/lib/python3.8/site-packages/airflow/example_dags/example_short_circuit_operator.py
[2023-10-18T16:31:20.218+0000] {processor.py:839} INFO - DAG(s) dict_keys(['example_short_circuit_operator']) retrieved from /home/airflow/.local/lib/python3.8/site-packages/airflow/example_dags/example_short_circuit_operator.py
[2023-10-18T16:31:20.239+0000] {logging_mixin.py:151} INFO - [2023-10-18T16:31:20.239+0000] {dag.py:2941} INFO - Sync 1 DAGs
[2023-10-18T16:31:20.258+0000] {logging_mixin.py:151} INFO - [2023-10-18T16:31:20.258+0000] {dag.py:3722} INFO - Setting next_dagrun for example_short_circuit_operator to 2023-10-17T16:31:20.258023+00:00, run_after=2023-10-18T16:31:20.258023+00:00
[2023-10-18T16:31:20.271+0000] {processor.py:179} INFO - Processing /home/airflow/.local/lib/python3.8/site-packages/airflow/example_dags/example_short_circuit_operator.py took 0.065 seconds
[2023-10-18T16:31:50.752+0000] {processor.py:157} INFO - Started process (PID=218) to work on /home/airflow/.local/lib/python3.8/site-packages/airflow/example_dags/example_short_circuit_operator.py
[2023-10-18T16:31:50.753+0000] {processor.py:829} INFO - Processing file /home/airflow/.local/lib/python3.8/site-packages/airflow/example_dags/example_short_circuit_operator.py for tasks to queue
[2023-10-18T16:31:50.755+0000] {logging_mixin.py:151} INFO - [2023-10-18T16:31:50.755+0000] {dagbag.py:536} INFO - Filling up the DagBag from /home/airflow/.local/lib/python3.8/site-packages/airflow/example_dags/example_short_circuit_operator.py
[2023-10-18T16:31:50.761+0000] {processor.py:839} INFO - DAG(s) dict_keys(['example_short_circuit_operator']) retrieved from /home/airflow/.local/lib/python3.8/site-packages/airflow/example_dags/example_short_circuit_operator.py
[2023-10-18T16:31:50.780+0000] {logging_mixin.py:151} INFO - [2023-10-18T16:31:50.780+0000] {dag.py:2941} INFO - Sync 1 DAGs
[2023-10-18T16:31:50.794+0000] {logging_mixin.py:151} INFO - [2023-10-18T16:31:50.794+0000] {dag.py:3722} INFO - Setting next_dagrun for example_short_circuit_operator to 2023-10-17T16:31:50.794065+00:00, run_after=2023-10-18T16:31:50.794065+00:00
[2023-10-18T16:31:50.806+0000] {processor.py:179} INFO - Processing /home/airflow/.local/lib/python3.8/site-packages/airflow/example_dags/example_short_circuit_operator.py took 0.057 seconds
[2023-10-18T16:32:21.139+0000] {processor.py:157} INFO - Started process (PID=272) to work on /home/airflow/.local/lib/python3.8/site-packages/airflow/example_dags/example_short_circuit_operator.py
[2023-10-18T16:32:21.141+0000] {processor.py:829} INFO - Processing file /home/airflow/.local/lib/python3.8/site-packages/airflow/example_dags/example_short_circuit_operator.py for tasks to queue
[2023-10-18T16:32:21.143+0000] {logging_mixin.py:151} INFO - [2023-10-18T16:32:21.143+0000] {dagbag.py:536} INFO - Filling up the DagBag from /home/airflow/.local/lib/python3.8/site-packages/airflow/example_dags/example_short_circuit_operator.py
[2023-10-18T16:32:21.151+0000] {processor.py:839} INFO - DAG(s) dict_keys(['example_short_circuit_operator']) retrieved from /home/airflow/.local/lib/python3.8/site-packages/airflow/example_dags/example_short_circuit_operator.py
[2023-10-18T16:32:21.172+0000] {logging_mixin.py:151} INFO - [2023-10-18T16:32:21.172+0000] {dag.py:2941} INFO - Sync 1 DAGs
[2023-10-18T16:32:21.188+0000] {logging_mixin.py:151} INFO - [2023-10-18T16:32:21.188+0000] {dag.py:3722} INFO - Setting next_dagrun for example_short_circuit_operator to 2023-10-17T16:32:21.188123+00:00, run_after=2023-10-18T16:32:21.188123+00:00
[2023-10-18T16:32:21.203+0000] {processor.py:179} INFO - Processing /home/airflow/.local/lib/python3.8/site-packages/airflow/example_dags/example_short_circuit_operator.py took 0.067 seconds
[2023-10-18T16:32:51.361+0000] {processor.py:157} INFO - Started process (PID=326) to work on /home/airflow/.local/lib/python3.8/site-packages/airflow/example_dags/example_short_circuit_operator.py
[2023-10-18T16:32:51.362+0000] {processor.py:829} INFO - Processing file /home/airflow/.local/lib/python3.8/site-packages/airflow/example_dags/example_short_circuit_operator.py for tasks to queue
[2023-10-18T16:32:51.364+0000] {logging_mixin.py:151} INFO - [2023-10-18T16:32:51.364+0000] {dagbag.py:536} INFO - Filling up the DagBag from /home/airflow/.local/lib/python3.8/site-packages/airflow/example_dags/example_short_circuit_operator.py
[2023-10-18T16:32:51.369+0000] {processor.py:839} INFO - DAG(s) dict_keys(['example_short_circuit_operator']) retrieved from /home/airflow/.local/lib/python3.8/site-packages/airflow/example_dags/example_short_circuit_operator.py
[2023-10-18T16:32:51.388+0000] {logging_mixin.py:151} INFO - [2023-10-18T16:32:51.388+0000] {dag.py:2941} INFO - Sync 1 DAGs
[2023-10-18T16:32:51.403+0000] {logging_mixin.py:151} INFO - [2023-10-18T16:32:51.403+0000] {dag.py:3722} INFO - Setting next_dagrun for example_short_circuit_operator to 2023-10-17T16:32:51.402983+00:00, run_after=2023-10-18T16:32:51.402983+00:00
[2023-10-18T16:32:51.417+0000] {processor.py:179} INFO - Processing /home/airflow/.local/lib/python3.8/site-packages/airflow/example_dags/example_short_circuit_operator.py took 0.060 seconds
[2023-10-18T16:33:22.121+0000] {processor.py:157} INFO - Started process (PID=380) to work on /home/airflow/.local/lib/python3.8/site-packages/airflow/example_dags/example_short_circuit_operator.py
[2023-10-18T16:33:22.122+0000] {processor.py:829} INFO - Processing file /home/airflow/.local/lib/python3.8/site-packages/airflow/example_dags/example_short_circuit_operator.py for tasks to queue
[2023-10-18T16:33:22.124+0000] {logging_mixin.py:151} INFO - [2023-10-18T16:33:22.124+0000] {dagbag.py:536} INFO - Filling up the DagBag from /home/airflow/.local/lib/python3.8/site-packages/airflow/example_dags/example_short_circuit_operator.py
[2023-10-18T16:33:22.130+0000] {processor.py:839} INFO - DAG(s) dict_keys(['example_short_circuit_operator']) retrieved from /home/airflow/.local/lib/python3.8/site-packages/airflow/example_dags/example_short_circuit_operator.py
[2023-10-18T16:33:22.154+0000] {logging_mixin.py:151} INFO - [2023-10-18T16:33:22.154+0000] {dag.py:2941} INFO - Sync 1 DAGs
[2023-10-18T16:33:22.173+0000] {logging_mixin.py:151} INFO - [2023-10-18T16:33:22.173+0000] {dag.py:3722} INFO - Setting next_dagrun for example_short_circuit_operator to 2023-10-17T16:33:22.172990+00:00, run_after=2023-10-18T16:33:22.172990+00:00
[2023-10-18T16:33:22.192+0000] {processor.py:179} INFO - Processing /home/airflow/.local/lib/python3.8/site-packages/airflow/example_dags/example_short_circuit_operator.py took 0.074 seconds
[2023-10-18T16:33:52.439+0000] {processor.py:157} INFO - Started process (PID=434) to work on /home/airflow/.local/lib/python3.8/site-packages/airflow/example_dags/example_short_circuit_operator.py
[2023-10-18T16:33:52.441+0000] {processor.py:829} INFO - Processing file /home/airflow/.local/lib/python3.8/site-packages/airflow/example_dags/example_short_circuit_operator.py for tasks to queue
[2023-10-18T16:33:52.443+0000] {logging_mixin.py:151} INFO - [2023-10-18T16:33:52.443+0000] {dagbag.py:536} INFO - Filling up the DagBag from /home/airflow/.local/lib/python3.8/site-packages/airflow/example_dags/example_short_circuit_operator.py
[2023-10-18T16:33:52.449+0000] {processor.py:839} INFO - DAG(s) dict_keys(['example_short_circuit_operator']) retrieved from /home/airflow/.local/lib/python3.8/site-packages/airflow/example_dags/example_short_circuit_operator.py
[2023-10-18T16:33:52.474+0000] {logging_mixin.py:151} INFO - [2023-10-18T16:33:52.474+0000] {dag.py:2941} INFO - Sync 1 DAGs
[2023-10-18T16:33:52.490+0000] {logging_mixin.py:151} INFO - [2023-10-18T16:33:52.489+0000] {dag.py:3722} INFO - Setting next_dagrun for example_short_circuit_operator to 2023-10-17T16:33:52.489713+00:00, run_after=2023-10-18T16:33:52.489713+00:00
[2023-10-18T16:33:52.504+0000] {processor.py:179} INFO - Processing /home/airflow/.local/lib/python3.8/site-packages/airflow/example_dags/example_short_circuit_operator.py took 0.069 seconds
[2023-10-18T16:34:22.729+0000] {processor.py:157} INFO - Started process (PID=489) to work on /home/airflow/.local/lib/python3.8/site-packages/airflow/example_dags/example_short_circuit_operator.py
[2023-10-18T16:34:22.730+0000] {processor.py:829} INFO - Processing file /home/airflow/.local/lib/python3.8/site-packages/airflow/example_dags/example_short_circuit_operator.py for tasks to queue
[2023-10-18T16:34:22.733+0000] {logging_mixin.py:151} INFO - [2023-10-18T16:34:22.732+0000] {dagbag.py:536} INFO - Filling up the DagBag from /home/airflow/.local/lib/python3.8/site-packages/airflow/example_dags/example_short_circuit_operator.py
[2023-10-18T16:34:22.738+0000] {processor.py:839} INFO - DAG(s) dict_keys(['example_short_circuit_operator']) retrieved from /home/airflow/.local/lib/python3.8/site-packages/airflow/example_dags/example_short_circuit_operator.py
[2023-10-18T16:34:22.755+0000] {logging_mixin.py:151} INFO - [2023-10-18T16:34:22.755+0000] {dag.py:2941} INFO - Sync 1 DAGs
[2023-10-18T16:34:22.770+0000] {logging_mixin.py:151} INFO - [2023-10-18T16:34:22.770+0000] {dag.py:3722} INFO - Setting next_dagrun for example_short_circuit_operator to 2023-10-17T16:34:22.770169+00:00, run_after=2023-10-18T16:34:22.770169+00:00
[2023-10-18T16:34:22.785+0000] {processor.py:179} INFO - Processing /home/airflow/.local/lib/python3.8/site-packages/airflow/example_dags/example_short_circuit_operator.py took 0.059 seconds
[2023-10-18T16:34:53.955+0000] {processor.py:157} INFO - Started process (PID=543) to work on /home/airflow/.local/lib/python3.8/site-packages/airflow/example_dags/example_short_circuit_operator.py
[2023-10-18T16:34:53.956+0000] {processor.py:829} INFO - Processing file /home/airflow/.local/lib/python3.8/site-packages/airflow/example_dags/example_short_circuit_operator.py for tasks to queue
[2023-10-18T16:34:53.958+0000] {logging_mixin.py:151} INFO - [2023-10-18T16:34:53.958+0000] {dagbag.py:536} INFO - Filling up the DagBag from /home/airflow/.local/lib/python3.8/site-packages/airflow/example_dags/example_short_circuit_operator.py
[2023-10-18T16:34:53.964+0000] {processor.py:839} INFO - DAG(s) dict_keys(['example_short_circuit_operator']) retrieved from /home/airflow/.local/lib/python3.8/site-packages/airflow/example_dags/example_short_circuit_operator.py
[2023-10-18T16:34:53.994+0000] {logging_mixin.py:151} INFO - [2023-10-18T16:34:53.993+0000] {dag.py:2941} INFO - Sync 1 DAGs
[2023-10-18T16:34:54.031+0000] {logging_mixin.py:151} INFO - [2023-10-18T16:34:54.031+0000] {dag.py:3722} INFO - Setting next_dagrun for example_short_circuit_operator to 2023-10-17T16:34:54.030868+00:00, run_after=2023-10-18T16:34:54.030868+00:00
[2023-10-18T16:34:54.049+0000] {processor.py:179} INFO - Processing /home/airflow/.local/lib/python3.8/site-packages/airflow/example_dags/example_short_circuit_operator.py took 0.097 seconds
[2023-10-18T16:35:24.637+0000] {processor.py:157} INFO - Started process (PID=596) to work on /home/airflow/.local/lib/python3.8/site-packages/airflow/example_dags/example_short_circuit_operator.py
[2023-10-18T16:35:24.638+0000] {processor.py:829} INFO - Processing file /home/airflow/.local/lib/python3.8/site-packages/airflow/example_dags/example_short_circuit_operator.py for tasks to queue
[2023-10-18T16:35:24.640+0000] {logging_mixin.py:151} INFO - [2023-10-18T16:35:24.640+0000] {dagbag.py:536} INFO - Filling up the DagBag from /home/airflow/.local/lib/python3.8/site-packages/airflow/example_dags/example_short_circuit_operator.py
[2023-10-18T16:35:24.646+0000] {processor.py:839} INFO - DAG(s) dict_keys(['example_short_circuit_operator']) retrieved from /home/airflow/.local/lib/python3.8/site-packages/airflow/example_dags/example_short_circuit_operator.py
[2023-10-18T16:35:24.666+0000] {logging_mixin.py:151} INFO - [2023-10-18T16:35:24.666+0000] {dag.py:2941} INFO - Sync 1 DAGs
[2023-10-18T16:35:24.681+0000] {logging_mixin.py:151} INFO - [2023-10-18T16:35:24.681+0000] {dag.py:3722} INFO - Setting next_dagrun for example_short_circuit_operator to 2023-10-17T16:35:24.680914+00:00, run_after=2023-10-18T16:35:24.680914+00:00
[2023-10-18T16:35:24.695+0000] {processor.py:179} INFO - Processing /home/airflow/.local/lib/python3.8/site-packages/airflow/example_dags/example_short_circuit_operator.py took 0.062 seconds
[2023-10-18T16:35:55.210+0000] {processor.py:157} INFO - Started process (PID=650) to work on /home/airflow/.local/lib/python3.8/site-packages/airflow/example_dags/example_short_circuit_operator.py
[2023-10-18T16:35:55.211+0000] {processor.py:829} INFO - Processing file /home/airflow/.local/lib/python3.8/site-packages/airflow/example_dags/example_short_circuit_operator.py for tasks to queue
[2023-10-18T16:35:55.214+0000] {logging_mixin.py:151} INFO - [2023-10-18T16:35:55.213+0000] {dagbag.py:536} INFO - Filling up the DagBag from /home/airflow/.local/lib/python3.8/site-packages/airflow/example_dags/example_short_circuit_operator.py
[2023-10-18T16:35:55.220+0000] {processor.py:839} INFO - DAG(s) dict_keys(['example_short_circuit_operator']) retrieved from /home/airflow/.local/lib/python3.8/site-packages/airflow/example_dags/example_short_circuit_operator.py
[2023-10-18T16:35:55.242+0000] {logging_mixin.py:151} INFO - [2023-10-18T16:35:55.242+0000] {dag.py:2941} INFO - Sync 1 DAGs
[2023-10-18T16:35:55.263+0000] {logging_mixin.py:151} INFO - [2023-10-18T16:35:55.263+0000] {dag.py:3722} INFO - Setting next_dagrun for example_short_circuit_operator to 2023-10-17T16:35:55.262890+00:00, run_after=2023-10-18T16:35:55.262890+00:00
[2023-10-18T16:35:55.275+0000] {processor.py:179} INFO - Processing /home/airflow/.local/lib/python3.8/site-packages/airflow/example_dags/example_short_circuit_operator.py took 0.068 seconds
