[2023-10-18T16:30:17.496+0000] {processor.py:157} INFO - Started process (PID=39) to work on /home/airflow/.local/lib/python3.8/site-packages/airflow/example_dags/example_setup_teardown_taskflow.py
[2023-10-18T16:30:17.497+0000] {processor.py:829} INFO - Processing file /home/airflow/.local/lib/python3.8/site-packages/airflow/example_dags/example_setup_teardown_taskflow.py for tasks to queue
[2023-10-18T16:30:17.504+0000] {logging_mixin.py:151} INFO - [2023-10-18T16:30:17.504+0000] {dagbag.py:536} INFO - Filling up the DagBag from /home/airflow/.local/lib/python3.8/site-packages/airflow/example_dags/example_setup_teardown_taskflow.py
[2023-10-18T16:30:17.518+0000] {processor.py:839} INFO - DAG(s) dict_keys(['example_setup_teardown_taskflow']) retrieved from /home/airflow/.local/lib/python3.8/site-packages/airflow/example_dags/example_setup_teardown_taskflow.py
[2023-10-18T16:30:17.534+0000] {logging_mixin.py:151} INFO - [2023-10-18T16:30:17.534+0000] {dag.py:2941} INFO - Sync 1 DAGs
[2023-10-18T16:30:17.559+0000] {logging_mixin.py:151} INFO - [2023-10-18T16:30:17.558+0000] {dag.py:3722} INFO - Setting next_dagrun for example_setup_teardown_taskflow to 2023-10-17T16:30:17.558485+00:00, run_after=2023-10-18T16:30:17.558485+00:00
[2023-10-18T16:30:17.587+0000] {processor.py:179} INFO - Processing /home/airflow/.local/lib/python3.8/site-packages/airflow/example_dags/example_setup_teardown_taskflow.py took 0.095 seconds
[2023-10-18T16:30:48.082+0000] {processor.py:157} INFO - Started process (PID=93) to work on /home/airflow/.local/lib/python3.8/site-packages/airflow/example_dags/example_setup_teardown_taskflow.py
[2023-10-18T16:30:48.083+0000] {processor.py:829} INFO - Processing file /home/airflow/.local/lib/python3.8/site-packages/airflow/example_dags/example_setup_teardown_taskflow.py for tasks to queue
[2023-10-18T16:30:48.085+0000] {logging_mixin.py:151} INFO - [2023-10-18T16:30:48.085+0000] {dagbag.py:536} INFO - Filling up the DagBag from /home/airflow/.local/lib/python3.8/site-packages/airflow/example_dags/example_setup_teardown_taskflow.py
[2023-10-18T16:30:48.092+0000] {processor.py:839} INFO - DAG(s) dict_keys(['example_setup_teardown_taskflow']) retrieved from /home/airflow/.local/lib/python3.8/site-packages/airflow/example_dags/example_setup_teardown_taskflow.py
[2023-10-18T16:30:48.108+0000] {logging_mixin.py:151} INFO - [2023-10-18T16:30:48.108+0000] {dag.py:2941} INFO - Sync 1 DAGs
[2023-10-18T16:30:48.121+0000] {logging_mixin.py:151} INFO - [2023-10-18T16:30:48.121+0000] {dag.py:3722} INFO - Setting next_dagrun for example_setup_teardown_taskflow to 2023-10-17T16:30:48.121332+00:00, run_after=2023-10-18T16:30:48.121332+00:00
[2023-10-18T16:30:48.133+0000] {processor.py:179} INFO - Processing /home/airflow/.local/lib/python3.8/site-packages/airflow/example_dags/example_setup_teardown_taskflow.py took 0.054 seconds
[2023-10-18T16:31:18.372+0000] {processor.py:157} INFO - Started process (PID=147) to work on /home/airflow/.local/lib/python3.8/site-packages/airflow/example_dags/example_setup_teardown_taskflow.py
[2023-10-18T16:31:18.375+0000] {processor.py:829} INFO - Processing file /home/airflow/.local/lib/python3.8/site-packages/airflow/example_dags/example_setup_teardown_taskflow.py for tasks to queue
[2023-10-18T16:31:18.378+0000] {logging_mixin.py:151} INFO - [2023-10-18T16:31:18.377+0000] {dagbag.py:536} INFO - Filling up the DagBag from /home/airflow/.local/lib/python3.8/site-packages/airflow/example_dags/example_setup_teardown_taskflow.py
[2023-10-18T16:31:18.384+0000] {processor.py:839} INFO - DAG(s) dict_keys(['example_setup_teardown_taskflow']) retrieved from /home/airflow/.local/lib/python3.8/site-packages/airflow/example_dags/example_setup_teardown_taskflow.py
[2023-10-18T16:31:18.403+0000] {logging_mixin.py:151} INFO - [2023-10-18T16:31:18.403+0000] {dag.py:2941} INFO - Sync 1 DAGs
[2023-10-18T16:31:18.418+0000] {logging_mixin.py:151} INFO - [2023-10-18T16:31:18.418+0000] {dag.py:3722} INFO - Setting next_dagrun for example_setup_teardown_taskflow to 2023-10-17T16:31:18.418385+00:00, run_after=2023-10-18T16:31:18.418385+00:00
[2023-10-18T16:31:18.431+0000] {processor.py:179} INFO - Processing /home/airflow/.local/lib/python3.8/site-packages/airflow/example_dags/example_setup_teardown_taskflow.py took 0.062 seconds
[2023-10-18T16:31:48.678+0000] {processor.py:157} INFO - Started process (PID=201) to work on /home/airflow/.local/lib/python3.8/site-packages/airflow/example_dags/example_setup_teardown_taskflow.py
[2023-10-18T16:31:48.679+0000] {processor.py:829} INFO - Processing file /home/airflow/.local/lib/python3.8/site-packages/airflow/example_dags/example_setup_teardown_taskflow.py for tasks to queue
[2023-10-18T16:31:48.681+0000] {logging_mixin.py:151} INFO - [2023-10-18T16:31:48.681+0000] {dagbag.py:536} INFO - Filling up the DagBag from /home/airflow/.local/lib/python3.8/site-packages/airflow/example_dags/example_setup_teardown_taskflow.py
[2023-10-18T16:31:48.689+0000] {processor.py:839} INFO - DAG(s) dict_keys(['example_setup_teardown_taskflow']) retrieved from /home/airflow/.local/lib/python3.8/site-packages/airflow/example_dags/example_setup_teardown_taskflow.py
[2023-10-18T16:31:48.709+0000] {logging_mixin.py:151} INFO - [2023-10-18T16:31:48.709+0000] {dag.py:2941} INFO - Sync 1 DAGs
[2023-10-18T16:31:48.724+0000] {logging_mixin.py:151} INFO - [2023-10-18T16:31:48.724+0000] {dag.py:3722} INFO - Setting next_dagrun for example_setup_teardown_taskflow to 2023-10-17T16:31:48.724619+00:00, run_after=2023-10-18T16:31:48.724619+00:00
[2023-10-18T16:31:48.735+0000] {processor.py:179} INFO - Processing /home/airflow/.local/lib/python3.8/site-packages/airflow/example_dags/example_setup_teardown_taskflow.py took 0.061 seconds
[2023-10-18T16:32:19.122+0000] {processor.py:157} INFO - Started process (PID=255) to work on /home/airflow/.local/lib/python3.8/site-packages/airflow/example_dags/example_setup_teardown_taskflow.py
[2023-10-18T16:32:19.123+0000] {processor.py:829} INFO - Processing file /home/airflow/.local/lib/python3.8/site-packages/airflow/example_dags/example_setup_teardown_taskflow.py for tasks to queue
[2023-10-18T16:32:19.125+0000] {logging_mixin.py:151} INFO - [2023-10-18T16:32:19.125+0000] {dagbag.py:536} INFO - Filling up the DagBag from /home/airflow/.local/lib/python3.8/site-packages/airflow/example_dags/example_setup_teardown_taskflow.py
[2023-10-18T16:32:19.132+0000] {processor.py:839} INFO - DAG(s) dict_keys(['example_setup_teardown_taskflow']) retrieved from /home/airflow/.local/lib/python3.8/site-packages/airflow/example_dags/example_setup_teardown_taskflow.py
[2023-10-18T16:32:19.150+0000] {logging_mixin.py:151} INFO - [2023-10-18T16:32:19.150+0000] {dag.py:2941} INFO - Sync 1 DAGs
[2023-10-18T16:32:19.168+0000] {logging_mixin.py:151} INFO - [2023-10-18T16:32:19.167+0000] {dag.py:3722} INFO - Setting next_dagrun for example_setup_teardown_taskflow to 2023-10-17T16:32:19.167732+00:00, run_after=2023-10-18T16:32:19.167732+00:00
[2023-10-18T16:32:19.178+0000] {processor.py:179} INFO - Processing /home/airflow/.local/lib/python3.8/site-packages/airflow/example_dags/example_setup_teardown_taskflow.py took 0.059 seconds
[2023-10-18T16:32:49.466+0000] {processor.py:157} INFO - Started process (PID=309) to work on /home/airflow/.local/lib/python3.8/site-packages/airflow/example_dags/example_setup_teardown_taskflow.py
[2023-10-18T16:32:49.468+0000] {processor.py:829} INFO - Processing file /home/airflow/.local/lib/python3.8/site-packages/airflow/example_dags/example_setup_teardown_taskflow.py for tasks to queue
[2023-10-18T16:32:49.470+0000] {logging_mixin.py:151} INFO - [2023-10-18T16:32:49.470+0000] {dagbag.py:536} INFO - Filling up the DagBag from /home/airflow/.local/lib/python3.8/site-packages/airflow/example_dags/example_setup_teardown_taskflow.py
[2023-10-18T16:32:49.477+0000] {processor.py:839} INFO - DAG(s) dict_keys(['example_setup_teardown_taskflow']) retrieved from /home/airflow/.local/lib/python3.8/site-packages/airflow/example_dags/example_setup_teardown_taskflow.py
[2023-10-18T16:32:49.493+0000] {logging_mixin.py:151} INFO - [2023-10-18T16:32:49.493+0000] {dag.py:2941} INFO - Sync 1 DAGs
[2023-10-18T16:32:49.508+0000] {logging_mixin.py:151} INFO - [2023-10-18T16:32:49.508+0000] {dag.py:3722} INFO - Setting next_dagrun for example_setup_teardown_taskflow to 2023-10-17T16:32:49.508041+00:00, run_after=2023-10-18T16:32:49.508041+00:00
[2023-10-18T16:32:49.518+0000] {processor.py:179} INFO - Processing /home/airflow/.local/lib/python3.8/site-packages/airflow/example_dags/example_setup_teardown_taskflow.py took 0.055 seconds
[2023-10-18T16:33:20.020+0000] {processor.py:157} INFO - Started process (PID=363) to work on /home/airflow/.local/lib/python3.8/site-packages/airflow/example_dags/example_setup_teardown_taskflow.py
[2023-10-18T16:33:20.022+0000] {processor.py:829} INFO - Processing file /home/airflow/.local/lib/python3.8/site-packages/airflow/example_dags/example_setup_teardown_taskflow.py for tasks to queue
[2023-10-18T16:33:20.026+0000] {logging_mixin.py:151} INFO - [2023-10-18T16:33:20.025+0000] {dagbag.py:536} INFO - Filling up the DagBag from /home/airflow/.local/lib/python3.8/site-packages/airflow/example_dags/example_setup_teardown_taskflow.py
[2023-10-18T16:33:20.040+0000] {processor.py:839} INFO - DAG(s) dict_keys(['example_setup_teardown_taskflow']) retrieved from /home/airflow/.local/lib/python3.8/site-packages/airflow/example_dags/example_setup_teardown_taskflow.py
[2023-10-18T16:33:20.065+0000] {logging_mixin.py:151} INFO - [2023-10-18T16:33:20.065+0000] {dag.py:2941} INFO - Sync 1 DAGs
[2023-10-18T16:33:20.093+0000] {logging_mixin.py:151} INFO - [2023-10-18T16:33:20.093+0000] {dag.py:3722} INFO - Setting next_dagrun for example_setup_teardown_taskflow to 2023-10-17T16:33:20.092683+00:00, run_after=2023-10-18T16:33:20.092683+00:00
[2023-10-18T16:33:20.117+0000] {processor.py:179} INFO - Processing /home/airflow/.local/lib/python3.8/site-packages/airflow/example_dags/example_setup_teardown_taskflow.py took 0.101 seconds
[2023-10-18T16:33:50.389+0000] {processor.py:157} INFO - Started process (PID=417) to work on /home/airflow/.local/lib/python3.8/site-packages/airflow/example_dags/example_setup_teardown_taskflow.py
[2023-10-18T16:33:50.390+0000] {processor.py:829} INFO - Processing file /home/airflow/.local/lib/python3.8/site-packages/airflow/example_dags/example_setup_teardown_taskflow.py for tasks to queue
[2023-10-18T16:33:50.392+0000] {logging_mixin.py:151} INFO - [2023-10-18T16:33:50.392+0000] {dagbag.py:536} INFO - Filling up the DagBag from /home/airflow/.local/lib/python3.8/site-packages/airflow/example_dags/example_setup_teardown_taskflow.py
[2023-10-18T16:33:50.399+0000] {processor.py:839} INFO - DAG(s) dict_keys(['example_setup_teardown_taskflow']) retrieved from /home/airflow/.local/lib/python3.8/site-packages/airflow/example_dags/example_setup_teardown_taskflow.py
[2023-10-18T16:33:50.416+0000] {logging_mixin.py:151} INFO - [2023-10-18T16:33:50.416+0000] {dag.py:2941} INFO - Sync 1 DAGs
[2023-10-18T16:33:50.430+0000] {logging_mixin.py:151} INFO - [2023-10-18T16:33:50.430+0000] {dag.py:3722} INFO - Setting next_dagrun for example_setup_teardown_taskflow to 2023-10-17T16:33:50.430242+00:00, run_after=2023-10-18T16:33:50.430242+00:00
[2023-10-18T16:33:50.441+0000] {processor.py:179} INFO - Processing /home/airflow/.local/lib/python3.8/site-packages/airflow/example_dags/example_setup_teardown_taskflow.py took 0.055 seconds
[2023-10-18T16:34:20.689+0000] {processor.py:157} INFO - Started process (PID=472) to work on /home/airflow/.local/lib/python3.8/site-packages/airflow/example_dags/example_setup_teardown_taskflow.py
[2023-10-18T16:34:20.691+0000] {processor.py:829} INFO - Processing file /home/airflow/.local/lib/python3.8/site-packages/airflow/example_dags/example_setup_teardown_taskflow.py for tasks to queue
[2023-10-18T16:34:20.693+0000] {logging_mixin.py:151} INFO - [2023-10-18T16:34:20.693+0000] {dagbag.py:536} INFO - Filling up the DagBag from /home/airflow/.local/lib/python3.8/site-packages/airflow/example_dags/example_setup_teardown_taskflow.py
[2023-10-18T16:34:20.700+0000] {processor.py:839} INFO - DAG(s) dict_keys(['example_setup_teardown_taskflow']) retrieved from /home/airflow/.local/lib/python3.8/site-packages/airflow/example_dags/example_setup_teardown_taskflow.py
[2023-10-18T16:34:20.723+0000] {logging_mixin.py:151} INFO - [2023-10-18T16:34:20.722+0000] {dag.py:2941} INFO - Sync 1 DAGs
[2023-10-18T16:34:20.738+0000] {logging_mixin.py:151} INFO - [2023-10-18T16:34:20.738+0000] {dag.py:3722} INFO - Setting next_dagrun for example_setup_teardown_taskflow to 2023-10-17T16:34:20.737855+00:00, run_after=2023-10-18T16:34:20.737855+00:00
[2023-10-18T16:34:20.748+0000] {processor.py:179} INFO - Processing /home/airflow/.local/lib/python3.8/site-packages/airflow/example_dags/example_setup_teardown_taskflow.py took 0.062 seconds
[2023-10-18T16:34:51.105+0000] {processor.py:157} INFO - Started process (PID=526) to work on /home/airflow/.local/lib/python3.8/site-packages/airflow/example_dags/example_setup_teardown_taskflow.py
[2023-10-18T16:34:51.107+0000] {processor.py:829} INFO - Processing file /home/airflow/.local/lib/python3.8/site-packages/airflow/example_dags/example_setup_teardown_taskflow.py for tasks to queue
[2023-10-18T16:34:51.109+0000] {logging_mixin.py:151} INFO - [2023-10-18T16:34:51.109+0000] {dagbag.py:536} INFO - Filling up the DagBag from /home/airflow/.local/lib/python3.8/site-packages/airflow/example_dags/example_setup_teardown_taskflow.py
[2023-10-18T16:34:51.117+0000] {processor.py:839} INFO - DAG(s) dict_keys(['example_setup_teardown_taskflow']) retrieved from /home/airflow/.local/lib/python3.8/site-packages/airflow/example_dags/example_setup_teardown_taskflow.py
[2023-10-18T16:34:51.165+0000] {logging_mixin.py:151} INFO - [2023-10-18T16:34:51.164+0000] {dag.py:2941} INFO - Sync 1 DAGs
[2023-10-18T16:34:51.184+0000] {logging_mixin.py:151} INFO - [2023-10-18T16:34:51.184+0000] {dag.py:3722} INFO - Setting next_dagrun for example_setup_teardown_taskflow to 2023-10-17T16:34:51.183908+00:00, run_after=2023-10-18T16:34:51.183908+00:00
[2023-10-18T16:34:51.199+0000] {processor.py:179} INFO - Processing /home/airflow/.local/lib/python3.8/site-packages/airflow/example_dags/example_setup_teardown_taskflow.py took 0.098 seconds
[2023-10-18T16:35:21.534+0000] {processor.py:157} INFO - Started process (PID=579) to work on /home/airflow/.local/lib/python3.8/site-packages/airflow/example_dags/example_setup_teardown_taskflow.py
[2023-10-18T16:35:21.535+0000] {processor.py:829} INFO - Processing file /home/airflow/.local/lib/python3.8/site-packages/airflow/example_dags/example_setup_teardown_taskflow.py for tasks to queue
[2023-10-18T16:35:21.537+0000] {logging_mixin.py:151} INFO - [2023-10-18T16:35:21.537+0000] {dagbag.py:536} INFO - Filling up the DagBag from /home/airflow/.local/lib/python3.8/site-packages/airflow/example_dags/example_setup_teardown_taskflow.py
[2023-10-18T16:35:21.544+0000] {processor.py:839} INFO - DAG(s) dict_keys(['example_setup_teardown_taskflow']) retrieved from /home/airflow/.local/lib/python3.8/site-packages/airflow/example_dags/example_setup_teardown_taskflow.py
[2023-10-18T16:35:21.561+0000] {logging_mixin.py:151} INFO - [2023-10-18T16:35:21.561+0000] {dag.py:2941} INFO - Sync 1 DAGs
[2023-10-18T16:35:21.574+0000] {logging_mixin.py:151} INFO - [2023-10-18T16:35:21.574+0000] {dag.py:3722} INFO - Setting next_dagrun for example_setup_teardown_taskflow to 2023-10-17T16:35:21.573986+00:00, run_after=2023-10-18T16:35:21.573986+00:00
[2023-10-18T16:35:21.584+0000] {processor.py:179} INFO - Processing /home/airflow/.local/lib/python3.8/site-packages/airflow/example_dags/example_setup_teardown_taskflow.py took 0.053 seconds
[2023-10-18T16:35:52.010+0000] {processor.py:157} INFO - Started process (PID=633) to work on /home/airflow/.local/lib/python3.8/site-packages/airflow/example_dags/example_setup_teardown_taskflow.py
[2023-10-18T16:35:52.011+0000] {processor.py:829} INFO - Processing file /home/airflow/.local/lib/python3.8/site-packages/airflow/example_dags/example_setup_teardown_taskflow.py for tasks to queue
[2023-10-18T16:35:52.013+0000] {logging_mixin.py:151} INFO - [2023-10-18T16:35:52.013+0000] {dagbag.py:536} INFO - Filling up the DagBag from /home/airflow/.local/lib/python3.8/site-packages/airflow/example_dags/example_setup_teardown_taskflow.py
[2023-10-18T16:35:52.020+0000] {processor.py:839} INFO - DAG(s) dict_keys(['example_setup_teardown_taskflow']) retrieved from /home/airflow/.local/lib/python3.8/site-packages/airflow/example_dags/example_setup_teardown_taskflow.py
[2023-10-18T16:35:52.039+0000] {logging_mixin.py:151} INFO - [2023-10-18T16:35:52.039+0000] {dag.py:2941} INFO - Sync 1 DAGs
[2023-10-18T16:35:52.053+0000] {logging_mixin.py:151} INFO - [2023-10-18T16:35:52.053+0000] {dag.py:3722} INFO - Setting next_dagrun for example_setup_teardown_taskflow to 2023-10-17T16:35:52.052896+00:00, run_after=2023-10-18T16:35:52.052896+00:00
[2023-10-18T16:35:52.063+0000] {processor.py:179} INFO - Processing /home/airflow/.local/lib/python3.8/site-packages/airflow/example_dags/example_setup_teardown_taskflow.py took 0.056 seconds
